1055 46.8981 235.006 44.5342 231.962 3.82003 1 -1.68045
1071 46.8981 235.006 45.0617 232.843 3.83149 1 -2.0722
1074 46.8981 235.006 45.1731 231.994 3.79129 1 -0.66269
1086 46.8981 235.006 45.4995 233.732 3.7077 1 -0.45703
1088 46.8981 235.006 45.6865 232.875 3.75136 1 -0.35243
1090 46.8981 235.006 45.8635 232.015 3.78912 1 -0.396
1106 46.8981 235.006 46.6645 231.211 3.78437 1 -0.29339
1111 46.8981 235.006 47.1295 229.349 3.75134 1 -0.43493
1121 46.8981 235.006 47.3358 231.189 3.79625 1 -0.89053
1123 46.8981 235.006 47.5315 230.292 3.74173 1 -0.18079
1129 46.8981 235.006 47.8728 231.803 3.71183 1 0.18482
1136 46.8981 235.006 48.151 232.913 3.66502 1 0.47113
1138 46.8981 235.006 48.4811 232.171 3.67113 1 0.37661
1143 46.8981 235.006 49.1504 233.278 3.5845 1 2.29689
1146 46.8981 235.006 47.8884 233.895 3.51413 1 1.98674
1182 46.8205 234.955 44.8438 230.319 3.85729 1 -2.13341
1195 46.8205 234.955 45.0617 232.843 3.88941 1 -3.19054
1198 46.8205 234.955 45.1731 231.994 3.84043 1 -1.63148
1214 46.8205 234.955 45.8635 232.015 3.873 1 -1.74407
1218 46.8205 234.955 46.1761 230.356 3.83464 1 -1.93596
1230 46.8205 234.955 46.6645 231.211 3.88446 1 -2.24962
1235 46.8205 234.955 47.1295 229.349 3.82599 1 -2.64261
1260 46.8205 234.955 48.151 232.913 3.89408 1 -2.90593
1262 46.8205 234.955 48.4811 232.171 3.76143 1 -1.38402
1263 46.8205 234.955 48.627 231.261 3.82057 1 -3.01425
1424 46.8887 234.881 44.5342 231.962 3.82298 1 -1.68529
1427 46.8887 234.881 44.8438 230.319 3.81651 1 -0.84402
1440 46.8887 234.881 45.0617 232.843 3.85574 1 -2.41735
1443 46.8887 234.881 45.1731 231.994 3.79802 1 -0.65413
1461 46.8887 234.881 46.0389 231.146 3.86267 1 -1.77846
1467 46.8887 234.881 45.9323 234.701 3.23327 1 4.00027
1469 46.8887 234.881 46.137 233.827 3.04563 1 6.81982
1473 46.8887 234.881 46.5209 232.095 3.85112 1 -1.3288
1475 46.8887 234.881 46.6645 231.211 3.8405 1 -1.3491
1477 46.8887 234.881 46.844 230.286 3.80214 1 -1.29728
1488 46.8887 234.881 47.1643 232.078 3.87231 1 -1.6688
1490 46.8887 234.881 47.3358 231.189 3.80694 1 -1.01919
1492 46.8887 234.881 47.5315 230.292 3.81622 1 -1.99386
1507 46.8887 234.881 48.4811 232.171 3.73511 1 -0.83801
1545 47.0004 234.699 44.5342 231.962 3.82028 1 -1.30113
1561 47.0004 234.699 45.0617 232.843 3.77541 1 -0.75268
1564 47.0004 234.699 45.1731 231.994 3.78663 1 -0.2438
1566 47.0004 234.699 45.4261 231.09 3.80602 1 -0.21971
1569 47.0004 234.699 45.7145 229.397 3.7133 1 0.93973
1582 47.0004 234.699 46.0389 231.146 3.75839 1 0.46314
1584 47.0004 234.699 46.1761 230.356 3.73315 1 0.66036
1590 47.0004 234.699 46.137 233.827 3.71768 1 -0.00501
1592 47.0004 234.699 46.324 232.959 3.72728 1 0.18773
1598 47.0004 234.699 46.844 230.286 3.75553 1 -0.12381
1601 47.0004 234.699 47.1295 229.349 3.74685 1 -0.34916
1609 47.0004 234.699 47.1643 232.078 3.78464 1 -0.35398
1611 47.0004 234.699 47.3358 231.189 3.75121 1 0.10259
1613 47.0004 234.699 47.5315 230.292 3.76713 1 -0.79551
1626 47.0004 234.699 48.151 232.913 3.64271 1 0.74317
1628 47.0004 234.699 48.4811 232.171 3.68188 1 0.16846
1629 47.0004 234.699 48.627 231.261 3.71234 1 -0.42361
1636 47.0004 234.699 47.8884 233.895 3.62128 1 0.66287
1679 46.0248 235.035 45.0636 232.844 3.41123 1 4.06724
1683 46.0248 235.035 45.1757 231.992 3.67347 1 0.78858
1697 46.0248 235.035 45.6855 232.877 3.73582 1 -0.7549
1703 46.0248 235.035 46.176 230.356 3.60031 1 3.86917
1715 46.0248 235.035 46.6639 231.212 3.84329 1 -1.80921
1738 46.0248 235.035 47.8725 231.803 3.75478 1 -0.56722
1916 46.7996 234.484 45.0636 232.844 3.73326 1 -0.33565
1920 46.7996 234.484 45.1757 231.992 3.76098 1 0.28907
1975 46.7996 234.484 47.8725 231.803 3.7511 1 -0.27345
2921 44.1777 233.728 44.8459 230.318 3.8756 1 -1.74098
2974 44.1777 233.728 47.1282 229.362 3.79217 1 -1.09184
2995 44.1777 233.728 48.2054 229.998 3.77224 1 -0.28326
3031 44.179 233.729 44.8274 230.32 3.8787 1 -1.80751
3136 44.3542 232.905 44.8459 230.318 3.83799 1 -0.63599
3189 44.3542 232.905 47.1282 229.362 3.78242 1 -0.84782
3210 44.3542 232.905 48.2054 229.998 3.76528 1 -0.1001
3236 44.3542 232.905 44.2497 234.941 3.809 1 -0.71868
3244 44.3604 232.892 44.8274 230.32 3.8452 1 -0.73589
3348 44.5342 231.962 44.8438 230.319 3.8181 1 -0.22229
3366 44.5342 231.962 45.4261 231.09 3.86068 1 -0.35199
3369 44.5342 231.962 45.7145 229.397 3.80292 1 -0.82926
3376 44.5342 231.962 45.4995 233.732 3.86292 1 -0.97406
3384 44.5342 231.962 46.1761 230.356 3.81371 1 -0.62884
3390 44.5342 231.962 46.137 233.827 3.8249 1 -0.83135
3392 44.5342 231.962 46.324 232.959 3.80104 1 0.42275
3396 44.5342 231.962 46.6645 231.211 3.86064 1 -0.73977
3398 44.5342 231.962 46.844 230.286 3.73905 1 0.4302
3401 44.5342 231.962 47.1295 229.349 3.76343 1 -0.75526
3403 44.5342 231.962 46.6411 234.701 3.7927 1 -1.21194
3407 44.5342 231.962 46.992 232.984 3.8294 1 -0.04423
3409 44.5342 231.962 47.1643 232.078 3.83331 1 0.02123
3411 44.5342 231.962 47.3358 231.189 3.81468 1 -0.30648
3413 44.5342 231.962 47.5315 230.292 3.7503 1 0.10048
3415 44.5342 231.962 47.3178 234.465 3.77288 1 0.12231
3419 44.5342 231.962 47.8728 231.803 3.8257 1 -0.34934
3429 44.5342 231.962 48.627 231.261 3.77967 1 -0.22774
3433 44.5342 231.962 49.1504 233.278 3.70909 1 2.37668
3436 44.5342 231.962 47.8884 233.895 3.79454 1 -0.12012
3440 44.5342 231.962 46.1735 235.065 3.79478 1 -1.76202
3442 44.5342 231.962 45.5287 235.074 3.78264 1 -1.05305
3463 44.844 230.317 45.0636 232.844 3.83273 1 -0.3246
3467 44.844 230.317 45.1757 231.992 3.89353 1 -0.88957
3479 44.844 230.317 45.4989 233.733 3.81209 1 -0.36507
3481 44.844 230.317 45.6855 232.877 3.82521 1 -0.13295
3483 44.844 230.317 45.8642 232.015 3.7623 1 0.47723
3485 44.844 230.317 46.0395 231.147 3.70931 1 0.43962
3487 44.844 230.317 46.176 230.356 3.67723 1 0.22448
3491 44.844 230.317 45.9331 234.7 3.81497 1 -1.55255
3493 44.844 230.317 46.1378 233.828 3.83586 1 -0.81349
3495 44.844 230.317 46.323 232.961 3.79243 1 0.29211
3499 44.844 230.317 46.6639 231.212 3.68459 1 0.72331
3501 44.844 230.317 46.8433 230.286 3.61057 1 1.21198
3506 44.844 230.317 46.6402 234.701 3.79742 1 -0.42935
3508 44.844 230.317 46.797 233.836 3.79182 1 0.19403
3510 44.844 230.317 46.992 232.984 3.80351 1 0.01682
3512 44.844 230.317 47.1642 232.078 3.75463 1 0.34905
3514 44.844 230.317 47.3358 231.188 3.66408 1 0.9926
3516 44.844 230.317 47.5305 230.292 3.66716 1 0.27306
3518 44.844 230.317 47.3188 234.466 3.76176 1 0.7156
3520 44.844 230.317 47.5096 233.585 3.80878 1 -0.38012
3522 44.844 230.317 47.8725 231.803 3.72977 1 0.00517
3524 44.844 230.317 48.2065 229.997 3.6679 1 0.41233
3529 44.844 230.317 48.15 232.916 3.79071 1 -0.78672
3531 44.844 230.317 48.481 232.171 3.77316 1 -1.54475
3536 44.844 230.317 49.1504 233.278 3.73258 1 -0.11663
3539 44.844 230.317 47.8883 233.896 3.77474 1 0.24307
3547 44.844 230.317 44.8987 234.883 3.80002 1 -0.73885
3564 44.8459 230.318 44.8476 233.693 3.84071 1 -0.80413
3567 44.8459 230.318 45.0631 232.845 3.85065 1 -0.56921
3607 44.8459 230.318 47.1282 229.362 3.61342 1 1.39571
3628 44.8459 230.318 48.2054 229.998 3.66366 1 0.52799
3670 44.8438 230.319 45.0617 232.843 3.83874 1 -0.40477
3673 44.8438 230.319 45.1731 231.994 3.87057 1 -0.67867
3678 44.8438 230.319 45.7145 229.397 3.67 1 0.34481
3685 44.8438 230.319 45.4995 233.732 3.82192 1 -0.55107
3687 44.8438 230.319 45.6865 232.875 3.82076 1 -0.06373
3689 44.8438 230.319 45.8635 232.015 3.76772 1 0.41133
3691 44.8438 230.319 46.0389 231.146 3.724 1 0.28269
3693 44.8438 230.319 46.1761 230.356 3.66544 1 0.35459
3697 44.8438 230.319 45.9323 234.701 3.82703 1 -1.85445
3699 44.8438 230.319 46.137 233.827 3.82287 1 -0.53707
3701 44.8438 230.319 46.324 232.959 3.80166 1 0.12521
3703 44.8438 230.319 46.5209 232.095 3.75362 1 0.64861
3705 44.8438 230.319 46.6645 231.211 3.70495 1 0.40487
3707 44.8438 230.319 46.844 230.286 3.59904 1 1.4107
3710 44.8438 230.319 47.1295 229.349 3.61783 1 1.31024
3716 44.8438 230.319 46.992 232.984 3.79634 1 0.17538
3718 44.8438 230.319 47.1643 232.078 3.76487 1 0.13981
3720 44.8438 230.319 47.3358 231.189 3.66488 1 0.97928
3722 44.8438 230.319 47.5315 230.292 3.67167 1 0.1739
3724 44.8438 230.319 47.3178 234.465 3.76471 1 0.62949
3728 44.8438 230.319 47.8728 231.803 3.73724 1 -0.18201
3731 44.8438 230.319 48.2047 229.995 3.66482 1 0.49878
3735 44.8438 230.319 48.151 232.913 3.79656 1 -0.95696
3737 44.8438 230.319 48.4811 232.171 3.76776 1 -1.37787
3738 44.8438 230.319 48.627 231.261 3.64255 1 1.51647
3745 44.8438 230.319 47.8884 233.895 3.78186 1 0.02679
3749 44.8438 230.319 46.1735 235.065 3.72701 1 0.79237
3751 44.8438 230.319 45.5287 235.074 3.81718 1 -1.96942
3766 44.8274 230.32 44.6577 234.533 3.81392 1 -0.81606
3768 44.8274 230.32 44.8489 233.692 3.84201 1 -0.82557
3772 44.8274 230.32 45.0301 232.844 3.83305 1 -0.32465
4363 44.6534 234.535 45.5519 230.328 3.7811 1 -0.1143
4379 44.6534 234.535 46.1761 230.356 3.76759 1 0.15728
4389 44.6534 234.535 46.5209 232.095 3.74434 1 0.24758
4396 44.6534 234.535 47.1295 229.349 3.77177 1 -0.93733
4402 44.6534 234.535 46.992 232.984 3.66657 1 0.71899
4404 44.6534 234.535 47.1643 232.078 3.7349 1 0.09128
4414 44.6534 234.535 47.8728 231.803 3.73342 1 -0.12185
4424 44.6534 234.535 48.627 231.261 3.73648 1 -0.70956
4451 44.6577 234.533 45.0301 232.844 3.81509 1 -0.72891
4582 44.8476 233.693 47.1282 229.362 3.79883 1 -1.16985
4603 44.8476 233.693 48.2054 229.998 3.78666 1 -1.01599
4730 45.0636 232.844 45.4242 231.093 3.83652 1 -0.09044
4732 45.0636 232.844 45.5531 230.327 3.80165 1 0.00853
4744 45.0636 232.844 45.8642 232.015 3.88421 1 -0.26321
4746 45.0636 232.844 46.0395 231.147 3.94986 1 -1.32393
4748 45.0636 232.844 46.176 230.356 3.80301 1 -0.15771
4754 45.0636 232.844 46.1378 233.828 3.80696 1 -0.70699
4756 45.0636 232.844 46.323 232.961 3.98186 1 -1.74126
4758 45.0636 232.844 46.5209 232.095 3.79922 1 0.46569
4760 45.0636 232.844 46.6639 231.212 3.87276 1 -0.68442
4762 45.0636 232.844 46.8433 230.286 3.84162 1 -1.20619
4767 45.0636 232.844 46.6402 234.701 3.75437 1 -0.67069
4773 45.0636 232.844 47.1642 232.078 3.8417 1 -0.25304
4775 45.0636 232.844 47.3358 231.188 3.79152 1 0.43948
4777 45.0636 232.844 47.5305 230.292 3.76612 1 0.20585
4779 45.0636 232.844 47.3188 234.466 3.77249 1 -0.74951
4783 45.0636 232.844 47.8725 231.803 3.80475 1 0.05257
4785 45.0636 232.844 48.2065 229.997 3.75264 1 0.3753
4790 45.0636 232.844 48.15 232.916 3.78534 1 -0.16427
4792 45.0636 232.844 48.481 232.171 3.84206 1 -1.62347
4800 45.0636 232.844 47.8883 233.896 3.73137 1 0.51659
4808 45.0636 232.844 44.8987 234.883 3.73087 1 -0.11432
4855 45.0631 232.845 47.1282 229.362 3.79457 1 -0.9723
4876 45.0631 232.845 48.2054 229.998 3.7495 1 0.46792
4910 45.0617 232.843 45.4261 231.09 3.8292 1 -0.01971
4912 45.0617 232.843 45.5519 230.328 3.81496 1 -0.17914
4913 45.0617 232.843 45.7145 229.397 3.75707 1 0.22775
4922 45.0617 232.843 45.6865 232.875 3.95669 1 -0.66385
4924 45.0617 232.843 45.8635 232.015 3.88349 1 -0.25889
4926 45.0617 232.843 46.0389 231.146 3.92664 1 -1.06805
4928 45.0617 232.843 46.1761 230.356 3.80804 1 -0.23895
4934 45.0617 232.843 46.137 233.827 3.79745 1 -0.60895
4936 45.0617 232.843 46.324 232.959 3.94047 1 -1.36905
4938 45.0617 232.843 46.5209 232.095 3.79256 1 0.54916
4940 45.0617 232.843 46.6645 231.211 3.87285 1 -0.68815
4942 45.0617 232.843 46.844 230.286 3.84185 1 -1.21296
4945 45.0617 232.843 47.1295 229.349 3.79649 1 -1.02577
4947 45.0617 232.843 46.6411 234.701 3.73413 1 -0.33686
4951 45.0617 232.843 46.992 232.984 3.8072 1 -0.13844
4953 45.0617 232.843 47.1643 232.078 3.83539 1 -0.14701
4955 45.0617 232.843 47.3358 231.189 3.8053 1 0.17087
4957 45.0617 232.843 47.5315 230.292 3.7712 1 0.08343
4959 45.0617 232.843 47.3178 234.465 3.76547 1 -0.60377
4963 45.0617 232.843 47.8728 231.803 3.80568 1 0.03475
4966 45.0617 232.843 48.2047 229.995 3.75273 1 0.3694
4970 45.0617 232.843 48.151 232.913 3.7834 1 -0.11046
4972 45.0617 232.843 48.4811 232.171 3.84149 1 -1.60634
4973 45.0617 232.843 48.627 231.261 3.76757 1 0.20362
4977 45.0617 232.843 49.1504 233.278 3.64962 1 3.06169
4980 45.0617 232.843 47.8884 233.895 3.73634 1 0.40498
4984 45.0617 232.843 46.1735 235.065 3.75927 1 -1.13711
4986 45.0617 232.843 45.5287 235.074 3.73864 1 -0.7326
5086 45.1757 231.992 45.5531 230.327 3.83491 1 -0.3993
5094 45.1757 231.992 45.4989 233.733 3.85148 1 -0.61422
5100 45.1757 231.992 46.0395 231.147 3.90931 1 -0.56408
5102 45.1757 231.992 46.176 230.356 3.85063 1 -0.8869
5108 45.1757 231.992 46.1378 233.828 3.78251 1 0.16557
5114 45.1757 231.992 46.6639 231.212 3.85368 1 -0.44994
5116 45.1757 231.992 46.8433 230.286 3.76275 1 -0.00082
5121 45.1757 231.992 46.6402 234.701 3.78664 1 -0.42002
5129 45.1757 231.992 47.3358 231.188 3.82815 1 -0.55471
5131 45.1757 231.992 47.5305 230.292 3.74087 1 0.30986
5133 45.1757 231.992 47.3188 234.466 3.7586 1 0.57362
5137 45.1757 231.992 47.8725 231.803 3.8352 1 -0.59396
5139 45.1757 231.992 48.2065 229.997 3.74845 1 -0.10923
5146 45.1757 231.992 48.481 232.171 3.75982 1 0.7372
5154 45.1757 231.992 47.8883 233.896 3.8219 1 -0.75078
5162 45.1757 231.992 44.8987 234.883 3.79733 1 -0.77629
5173 45.1731 231.994 45.5519 230.328 3.84986 1 -0.53752
5174 45.1731 231.994 45.7145 229.397 3.72286 1 0.46354
5187 45.1731 231.994 46.0389 231.146 3.95345 1 -0.90103
5189 45.1731 231.994 46.1761 230.356 3.85156 1 -0.90044
5193 45.1731 231.994 45.9323 234.701 3.79736 1 -1.13629
5195 45.1731 231.994 46.137 233.827 3.7924 1 0.03964
5197 45.1731 231.994 46.324 232.959 3.72119 1 1.17739
5199 45.1731 231.994 46.5209 232.095 3.86915 1 -0.3071
5201 45.1731 231.994 46.6645 231.211 3.87112 1 -0.65473
5203 45.1731 231.994 46.844 230.286 3.7593 1 0.05633
5206 45.1731 231.994 47.1295 229.349 3.76165 1 -0.57256
5212 45.1731 231.994 46.992 232.984 3.83623 1 -0.07207
5216 45.1731 231.994 47.3358 231.189 3.81107 1 -0.26051
5218 45.1731 231.994 47.5315 230.292 3.74098 1 0.31109
5220 45.1731 231.994 47.3178 234.465 3.75459 1 0.66187
5224 45.1731 231.994 47.8728 231.803 3.83272 1 -0.54095
5227 45.1731 231.994 48.2047 229.995 3.75932 1 -0.38965
5233 45.1731 231.994 48.4811 232.171 3.75661 1 0.82652
5234 45.1731 231.994 48.627 231.261 3.76367 1 0.0282
5245 45.1731 231.994 46.1735 235.065 3.75994 1 -0.82185
5265 45.4242 231.093 45.4989 233.733 3.93486 1 -1.72049
5273 45.4242 231.093 46.176 230.356 3.76672 1 -0.30727
5277 45.4242 231.093 45.9331 234.7 3.82692 1 -1.37347
5279 45.4242 231.093 46.1378 233.828 3.84169 1 -0.50869
5281 45.4242 231.093 46.323 232.961 3.82682 1 0.15116
5285 45.4242 231.093 46.6639 231.212 3.83537 1 -0.6263
5292 45.4242 231.093 46.6402 234.701 3.85109 1 -1.13912
5294 45.4242 231.093 46.797 233.836 3.7968 1 0.33269
5296 45.4242 231.093 46.992 232.984 3.82543 1 -0.0227
5298 45.4242 231.093 47.1642 232.078 3.77663 1 0.43863
5300 45.4242 231.093 47.3358 231.188 3.81869 1 -1.03592
5302 45.4242 231.093 47.5305 230.292 3.6821 1 0.31068
5306 45.4242 231.093 47.5096 233.585 3.79436 1 0.28615
5308 45.4242 231.093 47.8725 231.803 3.78948 1 -0.44447
5310 45.4242 231.093 48.2065 229.997 3.68817 1 0.2
5317 45.4242 231.093 48.481 232.171 3.76324 1 -0.23846
5325 45.4242 231.093 47.8883 233.896 3.78119 1 0.3285
5343 45.4261 231.09 45.7145 229.397 3.7053 1 0.03155
5348 45.4261 231.09 45.307 234.585 3.90997 1 -2.61518
5350 45.4261 231.09 45.4995 233.732 3.94817 1 -1.8979
5362 45.4261 231.09 45.9323 234.701 3.83925 1 -1.61441
5364 45.4261 231.09 46.137 233.827 3.80524 1 0.05853
5366 45.4261 231.09 46.324 232.959 3.81649 1 0.27262
5370 45.4261 231.09 46.6645 231.211 3.83312 1 -0.60671
5372 45.4261 231.09 46.844 230.286 3.74134 1 -0.41794
5375 45.4261 231.09 47.1295 229.349 3.69904 1 -0.1127
5377 45.4261 231.09 46.6411 234.701 3.82446 1 -0.5767
5381 45.4261 231.09 46.992 232.984 3.81688 1 0.10956
5383 45.4261 231.09 47.1643 232.078 3.79396 1 0.18513
5385 45.4261 231.09 47.3358 231.189 3.79317 1 -0.66225
5387 45.4261 231.09 47.5315 230.292 3.67834 1 0.37451
5389 45.4261 231.09 47.3178 234.465 3.7835 1 0.1986
5391 45.4261 231.09 47.5111 233.583 3.86055 1 -1.07257
5393 45.4261 231.09 47.8728 231.803 3.79031 1 -0.46441
5396 45.4261 231.09 48.2047 229.995 3.69499 1 0.03433
5400 45.4261 231.09 48.151 232.913 3.7828 1 0.03824
5402 45.4261 231.09 48.4811 232.171 3.78514 1 -0.78066
5403 45.4261 231.09 48.627 231.261 3.69456 1 0.64751
5407 45.4261 231.09 49.1504 233.278 3.68606 1 1.86436
5410 45.4261 231.09 47.8884 233.895 3.8037 1 -0.21764
5416 45.4261 231.09 45.5287 235.074 3.77681 1 -0.80978
5432 45.5531 230.327 45.4989 233.733 3.86113 1 -1.22557
5434 45.5531 230.327 45.6855 232.877 3.8534 1 -0.53409
5436 45.5531 230.327 45.8642 232.015 3.93128 1 -1.26434
5446 45.5531 230.327 46.1378 233.828 3.79174 1 0.03133
5448 45.5531 230.327 46.323 232.961 3.85783 1 -0.81555
5450 45.5531 230.327 46.5209 232.095 3.72152 1 0.52755
5454 45.5531 230.327 46.8433 230.286 3.57149 1 0.96158
5459 45.5531 230.327 46.6402 234.701 3.82062 1 -0.9965
5461 45.5531 230.327 46.797 233.836 3.81999 1 -0.59888
5463 45.5531 230.327 46.992 232.984 3.77197 1 0.07308
5467 45.5531 230.327 47.3358 231.188 3.629 1 0.89293
5469 45.5531 230.327 47.5305 230.292 3.61237 1 0.80882
5471 45.5531 230.327 47.3188 234.466 3.7779 1 -0.20119
5473 45.5531 230.327 47.5096 233.585 3.79422 1 -0.53156
5475 45.5531 230.327 47.8725 231.803 3.66723 1 0.8265
5477 45.5531 230.327 48.2065 229.997 3.66142 1 0.1765
5482 45.5531 230.327 48.15 232.916 3.77384 1 -0.83149
5500 45.5531 230.327 44.8987 234.883 3.78263 1 -0.36362
5515 45.5519 230.328 45.4995 233.732 3.85476 1 -1.109
5517 45.5519 230.328 45.6865 232.875 3.83144 1 -0.23643
5527 45.5519 230.328 45.9323 234.701 3.86006 1 -2.45517
5529 45.5519 230.328 46.137 233.827 3.78623 1 0.13952
5531 45.5519 230.328 46.324 232.959 3.83898 1 -0.5322
5533 45.5519 230.328 46.5209 232.095 3.71509 1 0.61045
5535 45.5519 230.328 46.6645 231.211 3.67387 1 0.35123
5537 45.5519 230.328 46.844 230.286 3.56929 1 0.9893
5540 45.5519 230.328 47.1295 229.349 3.59514 1 1.01364
5546 45.5519 230.328 46.992 232.984 3.77774 1 -0.02951
5548 45.5519 230.328 47.1643 232.078 3.7339 1 0.2928
5550 45.5519 230.328 47.3358 231.189 3.63289 1 0.83526
5552 45.5519 230.328 47.5315 230.292 3.59982 1 1.02377
5554 45.5519 230.328 47.3178 234.465 3.77365 1 -0.08572
5556 45.5519 230.328 47.5111 233.583 3.8183 1 -1.08111
5558 45.5519 230.328 47.8728 231.803 3.66676 1 0.83984
5561 45.5519 230.328 48.2047 229.995 3.64897 1 0.4522
5565 45.5519 230.328 48.151 232.913 3.77047 1 -0.74881
5568 45.5519 230.328 48.627 231.261 3.58124 1 2.39028
5581 45.5519 230.328 45.5287 235.074 3.76901 1 -0.79246
5596 45.7145 229.397 45.4995 233.732 3.81429 1 -1.13794
5600 45.7145 229.397 45.8635 232.015 3.76017 1 -0.27516
5602 45.7145 229.397 46.0389 231.146 3.64725 1 0.32727
5608 45.7145 229.397 45.9323 234.701 3.76914 1 -0.89486
5610 45.7145 229.397 46.137 233.827 3.76288 1 -0.16796
5612 45.7145 229.397 46.324 232.959 3.76609 1 -0.35337
5616 45.7145 229.397 46.6645 231.211 3.58456 1 1.14076
5621 45.7145 229.397 47.1295 229.349 3.68578 1 -0.04763
5627 45.7145 229.397 46.992 232.984 3.70551 1 0.69589
5629 45.7145 229.397 47.1643 232.078 3.65637 1 0.9184
5631 45.7145 229.397 47.3358 231.189 3.56464 1 1.67707
5633 45.7145 229.397 47.5315 230.292 3.57229 1 1.50085
5635 45.7145 229.397 47.3178 234.465 3.70833 1 0.75445
5637 45.7145 229.397 47.5111 233.583 3.76441 1 -0.67069
5639 45.7145 229.397 47.8728 231.803 3.6121 1 1.40316
5642 45.7145 229.397 48.2047 229.995 3.66003 1 0.41701
5646 45.7145 229.397 48.151 232.913 3.65473 1 1.07345
5648 45.7145 229.397 48.4811 232.171 3.6332 1 0.9983
5649 45.7145 229.397 48.627 231.261 3.59386 1 1.91132
5662 45.7145 229.397 45.5287 235.074 3.73823 1 -0.46756
5917 45.3057 234.585 46.176 230.356 3.9269 1 -4.18071
5929 45.3057 234.585 46.6639 231.212 3.89935 1 -3.28813
5931 45.3057 234.585 46.8433 230.286 3.90582 1 -4.52186
5940 45.3057 234.585 46.992 232.984 3.83591 1 -2.14193
5950 45.3057 234.585 47.5096 233.585 3.76568 1 -1.56241
5992 45.307 234.585 46.0389 231.146 3.90221 1 -2.74039
6066 45.4989 233.733 46.0395 231.147 3.84779 1 -0.69974
6068 45.4989 233.733 46.176 230.356 3.80864 1 -0.62998
6078 45.4989 233.733 46.5209 232.095 3.89597 1 -1.29884
6080 45.4989 233.733 46.6639 231.212 3.79108 1 -0.04017
6082 45.4989 233.733 46.8433 230.286 3.77334 1 -0.27839
6087 45.4989 233.733 46.6402 234.701 3.37533 1 3.13636
6091 45.4989 233.733 46.992 232.984 3.78435 1 -0.71148
6093 45.4989 233.733 47.1642 232.078 3.82654 1 -0.87416
6095 45.4989 233.733 47.3358 231.188 3.83294 1 -1.12432
6097 45.4989 233.733 47.5305 230.292 3.80187 1 -1.12158
6103 45.4989 233.733 47.8725 231.803 3.78738 1 -0.63242
6105 45.4989 233.733 48.2065 229.997 3.77264 1 -0.7251
6120 45.4989 233.733 47.8883 233.896 3.70887 1 -0.28597
6139 45.4995 233.732 45.8635 232.015 3.85399 1 -0.55483
6141 45.4995 233.732 46.0389 231.146 3.86422 1 -0.93002
6143 45.4995 233.732 46.1761 230.356 3.81166 1 -0.68699
6153 45.4995 233.732 46.5209 232.095 3.8765 1 -1.07762
6155 45.4995 233.732 46.6645 231.211 3.79121 1 -0.04124
6157 45.4995 233.732 46.844 230.286 3.78171 1 -0.45586
6160 45.4995 233.732 47.1295 229.349 3.78201 1 -1.03237
6168 45.4995 233.732 47.1643 232.078 3.84474 1 -1.15122
6170 45.4995 233.732 47.3358 231.189 3.82941 1 -1.05423
6172 45.4995 233.732 47.5315 230.292 3.79336 1 -0.91687
6174 45.4995 233.732 47.3178 234.465 3.73456 1 -0.92755
6178 45.4995 233.732 47.8728 231.803 3.78488 1 -0.57845
6181 45.4995 233.732 48.2047 229.995 3.79831 1 -1.46679
6187 45.4995 233.732 48.4811 232.171 3.77952 1 -1.25949
6188 45.4995 233.732 48.627 231.261 3.76142 1 -0.71199
6199 45.4995 233.732 46.1735 235.065 3.59677 1 0.12234
6201 45.4995 233.732 45.5287 235.074 3.65396 1 -0.38514
6213 45.6855 232.877 46.0395 231.147 3.85578 1 -0.30464
6215 45.6855 232.877 46.176 230.356 3.8251 1 -0.58951
6219 45.6855 232.877 45.9331 234.7 3.79385 1 -1.18224
6225 45.6855 232.877 46.5209 232.095 3.86488 1 -0.30934
6227 45.6855 232.877 46.6639 231.212 3.89503 1 -0.94372
6229 45.6855 232.877 46.8433 230.286 3.7674 1 0.04586
6236 45.6855 232.877 46.797 233.836 3.73001 1 0.32467
6240 45.6855 232.877 47.1642 232.078 3.80912 1 0.1299
6242 45.6855 232.877 47.3358 231.188 3.83804 1 -0.63593
6244 45.6855 232.877 47.5305 230.292 3.80005 1 -0.80235
6246 45.6855 232.877 47.3188 234.466 3.75858 1 -0.24115
6252 45.6855 232.877 48.2065 229.997 3.78183 1 -0.69208
6257 45.6855 232.877 48.15 232.916 3.75628 1 0.29947
6259 45.6855 232.877 48.481 232.171 3.82428 1 -1.13881
6267 45.6855 232.877 47.8883 233.896 3.7431 1 0.19195
6275 45.6855 232.877 44.8987 234.883 3.58432 1 1.59036
6286 45.6865 232.875 46.0389 231.146 3.86545 1 -0.39481
6288 45.6865 232.875 46.1761 230.356 3.82329 1 -0.56553
6300 45.6865 232.875 46.6645 231.211 3.87731 1 -0.74675
6302 45.6865 232.875 46.844 230.286 3.77687 1 -0.11359
6305 45.6865 232.875 47.1295 229.349 3.7783 1 -0.69659
6313 45.6865 232.875 47.1643 232.078 3.84065 1 -0.24584
6315 45.6865 232.875 47.3358 231.189 3.85256 1 -0.85414
6317 45.6865 232.875 47.5315 230.292 3.80132 1 -0.82943
6319 45.6865 232.875 47.3178 234.465 3.74023 1 0.04727
6326 45.6865 232.875 48.2047 229.995 3.76833 1 -0.35566
6330 45.6865 232.875 48.151 232.913 3.75588 1 0.31035
6333 45.6865 232.875 48.627 231.261 3.73278 1 0.76874
6337 45.6865 232.875 49.1504 233.278 3.67217 1 1.71303
6340 45.6865 232.875 47.8884 233.895 3.74382 1 0.18157
6358 45.8642 232.015 46.176 230.356 3.73787 1 0.16088
6364 45.8642 232.015 46.1378 233.828 3.85192 1 -0.5969
6370 45.8642 232.015 46.6639 231.212 3.87958 1 -0.56353
6372 45.8642 232.015 46.8433 230.286 3.78299 1 -0.47875
6377 45.8642 232.015 46.6402 234.701 3.82964 1 -0.94175
6379 45.8642 232.015 46.797 233.836 3.78886 1 0.15404
6385 45.8642 232.015 47.3358 231.188 3.79273 1 -0.06436
6387 45.8642 232.015 47.5305 230.292 3.76458 1 -0.414
6389 45.8642 232.015 47.3188 234.466 3.7565 1 0.35138
6391 45.8642 232.015 47.5096 233.585 3.81364 1 -0.24489
6393 45.8642 232.015 47.8725 231.803 3.83 1 -0.51073
6395 45.8642 232.015 48.2065 229.997 3.72313 1 0.1827
6418 45.8642 232.015 44.8987 234.883 3.73436 1 0.20206
6429 45.8635 232.015 46.1761 230.356 3.76811 1 -0.12461
6435 45.8635 232.015 46.137 233.827 3.79855 1 -0.07267
6441 45.8635 232.015 46.6645 231.211 3.90017 1 -0.71245
6443 45.8635 232.015 46.844 230.286 3.77486 1 -0.38064
6446 45.8635 232.015 47.1295 229.349 3.75719 1 -0.58711
6454 45.8635 232.015 47.1643 232.078 3.89874 1 -0.6759
6456 45.8635 232.015 47.3358 231.189 3.81644 1 -0.35116
6458 45.8635 232.015 47.5315 230.292 3.77901 1 -0.64539
6460 45.8635 232.015 47.3178 234.465 3.75574 1 0.36514
6464 45.8635 232.015 47.8728 231.803 3.8181 1 -0.32772
6467 45.8635 232.015 48.2047 229.995 3.7302 1 0.02707
6473 45.8635 232.015 48.4811 232.171 3.72116 1 1.05856
6474 45.8635 232.015 48.627 231.261 3.76375 1 -0.19168
6478 45.8635 232.015 49.1504 233.278 3.73837 1 0.26052
6481 45.8635 232.015 47.8884 233.895 3.78101 1 -0.01837
6487 45.8635 232.015 45.5287 235.074 3.70624 1 -0.46895
6503 46.0395 231.147 46.1378 233.828 3.84967 1 -0.66107
6505 46.0395 231.147 46.323 232.961 3.84779 1 -0.25752
6511 46.0395 231.147 46.8433 230.286 3.78323 1 -0.75474
6516 46.0395 231.147 46.6402 234.701 3.84096 1 -1.14632
6518 46.0395 231.147 46.797 233.836 3.86667 1 -1.0461
6520 46.0395 231.147 46.992 232.984 3.80127 1 0.16923
6528 46.0395 231.147 47.3188 234.466 3.76686 1 0.19902
6532 46.0395 231.147 47.8725 231.803 3.72458 1 0.35493
6534 46.0395 231.147 48.2065 229.997 3.68749 1 0.08771
6539 46.0395 231.147 48.15 232.916 3.78353 1 -0.31543
6541 46.0395 231.147 48.481 232.171 3.75692 1 -0.47161
6557 46.0395 231.147 44.8987 234.883 3.76957 1 -0.09503
6570 46.0389 231.146 45.9323 234.701 3.85591 1 -1.83399
6572 46.0389 231.146 46.137 233.827 3.84156 1 -0.54733
6583 46.0389 231.146 47.1295 229.349 3.73257 1 -0.66014
6589 46.0389 231.146 46.992 232.984 3.78365 1 0.3842
6591 46.0389 231.146 47.1643 232.078 3.74343 1 0.52612
6593 46.0389 231.146 47.3358 231.189 3.74338 1 -0.10508
6595 46.0389 231.146 47.5315 230.292 3.68678 1 0.05833
6597 46.0389 231.146 47.3178 234.465 3.77936 1 -0.05741
6599 46.0389 231.146 47.5111 233.583 3.82921 1 -0.48736
6601 46.0389 231.146 47.8728 231.803 3.71459 1 0.50632
6604 46.0389 231.146 48.2047 229.995 3.70959 1 -0.32869
6608 46.0389 231.146 48.151 232.913 3.79452 1 -0.5248
6610 46.0389 231.146 48.4811 232.171 3.75336 1 -0.40114
6611 46.0389 231.146 48.627 231.261 3.68777 1 0.35435
6615 46.0389 231.146 49.1504 233.278 3.62909 1 2.73607
6624 46.0389 231.146 45.5287 235.074 3.73888 1 -0.90349
6636 46.176 230.356 45.9331 234.7 3.82615 1 -1.77586
6638 46.176 230.356 46.1378 233.828 3.78621 1 -0.18464
6640 46.176 230.356 46.323 232.961 3.80961 1 -0.48315
6642 46.176 230.356 46.5209 232.095 3.7223 1 0.22393
6651 46.176 230.356 46.6402 234.701 3.78269 1 -0.49315
6653 46.176 230.356 46.797 233.836 3.79149 1 -0.43133
6655 46.176 230.356 46.992 232.984 3.73057 1 0.57148
6657 46.176 230.356 47.1642 232.078 3.70485 1 0.39837
6663 46.176 230.356 47.3188 234.466 3.73351 1 0.48092
6665 46.176 230.356 47.5096 233.585 3.76503 1 0.03547
6667 46.176 230.356 47.8725 231.803 3.63925 1 0.89672
6669 46.176 230.356 48.2065 229.997 3.6529 1 0.33453
6674 46.176 230.356 48.15 232.916 3.70264 1 0.38709
6676 46.176 230.356 48.481 232.171 3.65037 1 0.73854
6684 46.176 230.356 47.8883 233.896 3.70519 1 0.97211
6692 46.176 230.356 44.8987 234.883 3.74281 1 0.4064
6703 46.1761 230.356 45.9323 234.701 3.82307 1 -1.7066
6705 46.1761 230.356 46.137 233.827 3.79053 1 -0.26495
6707 46.1761 230.356 46.324 232.959 3.79238 1 -0.24327
6709 46.1761 230.356 46.5209 232.095 3.73877 1 0.05906
6722 46.1761 230.356 46.992 232.984 3.73602 1 0.48508
6724 46.1761 230.356 47.1643 232.078 3.68505 1 0.64738
6726 46.1761 230.356 47.3358 231.189 3.57359 1 1.19357
6728 46.1761 230.356 47.5315 230.292 3.60964 1 0.58499
6730 46.1761 230.356 47.3178 234.465 3.73911 1 0.3453
6732 46.1761 230.356 47.5111 233.583 3.80944 1 -0.85756
6734 46.1761 230.356 47.8728 231.803 3.65594 1 0.62244
6737 46.1761 230.356 48.2047 229.995 3.64757 1 0.42511
6741 46.1761 230.356 48.151 232.913 3.69377 1 0.57434
6743 46.1761 230.356 48.4811 232.171 3.62971 1 1.19204
6744 46.1761 230.356 48.627 231.261 3.5986 1 1.51207
6751 46.1761 230.356 47.8884 233.895 3.73368 1 0.29273
6757 46.1761 230.356 45.5287 235.074 3.73845 1 -1.05139
6900 45.9331 234.7 46.5209 232.095 3.80436 1 -0.78504
6904 45.9331 234.7 46.8433 230.286 3.74241 1 0.23767
6913 45.9331 234.7 46.992 232.984 3.76919 1 -0.55456
6915 45.9331 234.7 47.1642 232.078 3.91168 1 -2.61825
6917 45.9331 234.7 47.3358 231.188 3.79949 1 -1.02839
6927 45.9331 234.7 48.2065 229.997 3.77765 1 -1.32728
6932 45.9331 234.7 48.15 232.916 3.66378 1 0.77069
6950 45.9331 234.7 44.8987 234.883 3.70662 1 -0.56448
6961 45.9323 234.701 46.324 232.959 3.47501 1 2.60013
6963 45.9323 234.701 46.5209 232.095 3.81483 1 -0.93892
6976 45.9323 234.701 46.992 232.984 3.79544 1 -0.881
6978 45.9323 234.701 47.1643 232.078 3.87511 1 -2.03386
6980 45.9323 234.701 47.3358 231.189 3.80896 1 -1.23342
6988 45.9323 234.701 47.8728 231.803 3.78361 1 -0.94721
6991 45.9323 234.701 48.2047 229.995 3.80078 1 -2.03255
6995 45.9323 234.701 48.151 232.913 3.64228 1 1.22613
7025 46.1378 233.828 46.6639 231.212 3.89195 1 -1.19222
7027 46.1378 233.828 46.8433 230.286 3.83085 1 -1.04288
7032 46.1378 233.828 46.6402 234.701 3.30667 1 2.78812
7042 46.1378 233.828 47.5305 230.292 3.76426 1 -0.29026
7044 46.1378 233.828 47.3188 234.466 3.6816 1 0.41141
7046 46.1378 233.828 47.5096 233.585 3.86145 1 -1.27278
7048 46.1378 233.828 47.8725 231.803 3.7714 1 -0.00612
7050 46.1378 233.828 48.2065 229.997 3.75677 1 -0.18178
7055 46.1378 233.828 48.15 232.916 3.78311 1 -0.74457
7065 46.1378 233.828 47.8883 233.896 3.69802 1 0.39095
7073 46.1378 233.828 44.8987 234.883 3.64741 1 0.03082
7084 46.137 233.827 46.5209 232.095 3.83792 1 -0.37267
7086 46.137 233.827 46.6645 231.211 3.91156 1 -1.46211
7088 46.137 233.827 46.844 230.286 3.81969 1 -0.82602
7091 46.137 233.827 47.1295 229.349 3.81831 1 -1.55608
7099 46.137 233.827 47.1643 232.078 3.86649 1 -0.88975
7101 46.137 233.827 47.3358 231.189 3.76114 1 0.32795
7103 46.137 233.827 47.5315 230.292 3.77208 1 -0.46116
7105 46.137 233.827 47.3178 234.465 3.66853 1 0.54687
7109 46.137 233.827 47.8728 231.803 3.7804 1 -0.16238
7112 46.137 233.827 48.2047 229.995 3.75897 1 -0.23921
7116 46.137 233.827 48.151 232.913 3.77311 1 -0.58065
7118 46.137 233.827 48.4811 232.171 3.74681 1 -0.20406
7119 46.137 233.827 48.627 231.261 3.72826 1 0.23789
7126 46.137 233.827 47.8884 233.895 3.71441 1 0.15841
7130 46.137 233.827 46.1735 235.065 3.56495 1 0.72964
7132 46.137 233.827 45.5287 235.074 3.72398 1 -0.71002
7144 46.323 232.961 46.6639 231.212 3.86281 1 -0.33484
7146 46.323 232.961 46.8433 230.286 3.86354 1 -1.19885
7151 46.323 232.961 46.6402 234.701 3.77267 1 -0.28391
7159 46.323 232.961 47.3358 231.188 3.90512 1 -1.35379
7161 46.323 232.961 47.5305 230.292 3.78959 1 -0.66698
7169 46.323 232.961 48.2065 229.997 3.77694 1 -0.59719
7192 46.323 232.961 44.8987 234.883 3.70565 1 -0.4622
7203 46.324 232.959 46.6645 231.211 3.8713 1 -0.41494
7205 46.324 232.959 46.844 230.286 3.83501 1 -0.78897
7208 46.324 232.959 47.1295 229.349 3.80461 1 -0.99424
7216 46.324 232.959 47.1643 232.078 3.86524 1 -0.38379
7218 46.324 232.959 47.3358 231.189 3.85684 1 -0.78778
7220 46.324 232.959 47.5315 230.292 3.77732 1 -0.45797
7222 46.324 232.959 47.3178 234.465 3.72215 1 0.26549
7226 46.324 232.959 47.8728 231.803 3.75882 1 0.38861
7229 46.324 232.959 48.2047 229.995 3.76585 1 -0.3585
7247 46.324 232.959 46.1735 235.065 3.3438 1 4.81092
7249 46.324 232.959 45.5287 235.074 3.68092 1 0.09317
7261 46.5209 232.095 46.8433 230.286 3.76109 1 -0.09113
7266 46.5209 232.095 46.6402 234.701 3.80317 1 -0.54152
7268 46.5209 232.095 46.797 233.836 3.87327 1 -0.79877
7276 46.5209 232.095 47.5305 230.292 3.76582 1 -0.48271
7282 46.5209 232.095 47.8725 231.803 3.80517 1 -0.30933
7284 46.5209 232.095 48.2065 229.997 3.73312 1 -0.13272
7299 46.5209 232.095 47.8883 233.896 3.7316 1 0.48309
7307 46.5209 232.095 44.8987 234.883 3.79058 1 -1.31164
7318 46.5209 232.095 46.844 230.286 3.77287 1 -0.20996
7321 46.5209 232.095 47.1295 229.349 3.74116 1 -0.22566
7333 46.5209 232.095 47.5315 230.292 3.75288 1 -0.32115
7339 46.5209 232.095 47.8728 231.803 3.82575 1 -0.52445
7342 46.5209 232.095 48.2047 229.995 3.74359 1 -0.31779
7349 46.5209 232.095 48.627 231.261 3.72357 1 0.14372
7356 46.5209 232.095 47.8884 233.895 3.75675 1 0.11661
7377 46.6639 231.212 46.6402 234.701 3.7777 1 -0.14225
7381 46.6639 231.212 46.992 232.984 3.81456 1 -0.07007
7393 46.6639 231.212 47.8725 231.803 3.61812 1 1.16774
7395 46.6639 231.212 48.2065 229.997 3.66923 1 0.234
7400 46.6639 231.212 48.15 232.916 3.75148 1 -0.1208
7402 46.6639 231.212 48.481 232.171 3.71883 1 -0.08212
7407 46.6639 231.212 49.1504 233.278 3.68304 1 0.49187
7418 46.6639 231.212 44.8987 234.883 3.75294 1 -0.0917
7430 46.6645 231.211 47.1295 229.349 3.7636 1 -0.82028
7436 46.6645 231.211 46.992 232.984 3.83522 1 -0.26864
7442 46.6645 231.211 47.5315 230.292 3.7837 1 -0.86135
7444 46.6645 231.211 47.3178 234.465 3.7456 1 0.47251
7448 46.6645 231.211 47.8728 231.803 3.66538 1 0.66157
7451 46.6645 231.211 48.2047 229.995 3.72232 1 -0.52281
7455 46.6645 231.211 48.151 232.913 3.75073 1 -0.11206
7457 46.6645 231.211 48.4811 232.171 3.69147 1 0.3443
7458 46.6645 231.211 48.627 231.261 3.62835 1 1.07535
7471 46.6645 231.211 45.5287 235.074 3.78022 1 -0.87407
7486 46.8433 230.286 46.797 233.836 3.75794 1 0.10488
7488 46.8433 230.286 46.992 232.984 3.76348 1 -0.05483
7490 46.8433 230.286 47.1642 232.078 3.67602 1 0.47089
7496 46.8433 230.286 47.3188 234.466 3.70991 1 0.83967
7500 46.8433 230.286 47.8725 231.803 3.56822 1 1.38318
7502 46.8433 230.286 48.2065 229.997 3.70384 1 -0.24605
7507 46.8433 230.286 48.15 232.916 3.70381 1 -0.14874
7509 46.8433 230.286 48.481 232.171 3.63456 1 0.65654
7514 46.8433 230.286 49.1504 233.278 3.5936 1 1.87439
7517 46.8433 230.286 47.8883 233.896 3.7266 1 -0.07612
7525 46.8433 230.286 44.8987 234.883 3.7453 1 -0.19055
7535 46.844 230.286 47.1295 229.349 3.85459 1 -0.91616
7541 46.844 230.286 46.992 232.984 3.7684 1 -0.1271
7543 46.844 230.286 47.1643 232.078 3.69282 1 0.29599
7545 46.844 230.286 47.3358 231.189 3.54505 1 0.82448
7549 46.844 230.286 47.3178 234.465 3.71296 1 0.76811
7553 46.844 230.286 47.8728 231.803 3.58297 1 1.19614
7556 46.844 230.286 48.2047 229.995 3.68968 1 -0.08725
7560 46.844 230.286 48.151 232.913 3.68079 1 0.26323
7562 46.844 230.286 48.4811 232.171 3.65268 1 0.34149
7563 46.844 230.286 48.627 231.261 3.56533 1 1.72003
7567 46.844 230.286 49.1504 233.278 3.58507 1 2.09928
7570 46.844 230.286 47.8884 233.895 3.73551 1 -0.26744
7572 46.844 230.286 45.5584 234.808 3.7092 1 0.61986
7576 46.844 230.286 45.5287 235.074 3.7669 1 -1.04023
7691 47.1295 229.349 46.992 232.984 3.80201 1 -1.26757
7693 47.1295 229.349 47.1643 232.078 3.70528 1 0.03935
7695 47.1295 229.349 47.3358 231.189 3.68267 1 -0.00641
7699 47.1295 229.349 47.3178 234.465 3.75413 1 -0.72827
7703 47.1295 229.349 47.8728 231.803 3.68565 1 -0.07089
7710 47.1295 229.349 48.151 232.913 3.70732 1 -0.49563
7712 47.1295 229.349 48.4811 232.171 3.66893 1 0.08573
7713 47.1295 229.349 48.627 231.261 3.63432 1 0.82864
7717 47.1295 229.349 49.1504 233.278 3.63318 1 1.04665
7720 47.1295 229.349 47.8884 233.895 3.70499 1 -0.0627
7724 47.1295 229.349 46.1735 235.065 3.74837 1 -0.56035
7726 47.1295 229.349 45.5287 235.074 3.74449 1 -0.58515
7744 46.6402 234.701 47.5305 230.292 3.73393 1 0.2574
7750 46.6402 234.701 47.8725 231.803 3.77145 1 -0.6991
7752 46.6402 234.701 48.2065 229.997 3.75379 1 -0.83208
7764 46.6402 234.701 49.1504 233.278 3.50895 1 4.15107
7767 46.6402 234.701 47.8883 233.896 3.68378 1 0.19737
7775 46.6402 234.701 44.8987 234.883 3.6369 1 0.26207
7792 46.6411 234.701 47.5315 230.292 3.73921 1 0.12422
7798 46.6411 234.701 47.8728 231.803 3.75331 1 -0.36872
7805 46.6411 234.701 48.151 232.913 3.60624 1 1.57024
7843 46.797 233.836 47.8725 231.803 3.77631 1 -0.3537
7845 46.797 233.836 48.2065 229.997 3.7415 1 -0.2006
7852 46.797 233.836 48.481 232.171 3.72772 1 -0.22618
7857 46.797 233.836 49.1504 233.278 3.52046 1 3.50396
7924 46.992 232.984 47.3358 231.188 3.84527 1 -0.51766
7932 46.992 232.984 47.8725 231.803 3.8325 1 -0.59414
7934 46.992 232.984 48.2065 229.997 3.76197 1 -0.52441
7939 46.992 232.984 48.15 232.916 3.82589 1 -0.74786
7941 46.992 232.984 48.481 232.171 3.73902 1 -0.10055
7957 46.992 232.984 44.8987 234.883 3.70439 1 -0.1533
7968 46.992 232.984 47.3358 231.189 3.87848 1 -0.83195
7970 46.992 232.984 47.5315 230.292 3.7639 1 -0.20131
7972 46.992 232.984 47.3178 234.465 3.6738 1 0.46148
7976 46.992 232.984 47.8728 231.803 3.83043 1 -0.5758
7979 46.992 232.984 48.2047 229.995 3.74643 1 -0.23401
7986 46.992 232.984 48.627 231.261 3.73383 1 -0.17871
7993 46.992 232.984 47.8884 233.895 3.70022 1 0.30695
7997 46.992 232.984 46.1735 235.065 3.70733 1 0.15029
7999 46.992 232.984 45.5287 235.074 3.68336 1 0.36489
8019 47.1642 232.078 48.2065 229.997 3.74523 1 -0.48032
8026 47.1642 232.078 48.481 232.171 3.80442 1 -0.90034
8031 47.1642 232.078 49.1504 233.278 3.56599 1 2.30612
8042 47.1642 232.078 44.8987 234.883 3.7508 1 -0.62612
8053 47.1643 232.078 47.5315 230.292 3.77603 1 -0.61693
8062 47.1643 232.078 48.2047 229.995 3.7283 1 -0.24389
8066 47.1643 232.078 48.151 232.913 3.76736 1 -0.25437
8068 47.1643 232.078 48.4811 232.171 3.80257 1 -0.88174
8069 47.1643 232.078 48.627 231.261 3.70028 1 0.11281
8073 47.1643 232.078 49.1504 233.278 3.52708 1 3.04324
8080 47.1643 232.078 46.1735 235.065 3.71938 1 0.62617
8082 47.1643 232.078 45.5287 235.074 3.74202 1 -0.11036
8094 47.3358 231.188 47.3188 234.466 3.77056 1 -0.41935
8100 47.3358 231.188 48.2065 229.997 3.66893 1 0.1944
8105 47.3358 231.188 48.15 232.916 3.74029 1 -0.32243
8112 47.3358 231.188 49.1504 233.278 3.63539 1 0.85532
8134 47.3358 231.189 47.3178 234.465 3.76303 1 -0.28613
8141 47.3358 231.189 48.2047 229.995 3.66712 1 0.212
8145 47.3358 231.189 48.151 232.913 3.71922 1 -0.08286
8147 47.3358 231.189 48.4811 232.171 3.72666 1 -0.40068
8148 47.3358 231.189 48.627 231.261 3.69202 1 -0.11516
8152 47.3358 231.189 49.1504 233.278 3.62171 1 1.11983
8155 47.3358 231.189 47.8884 233.895 3.75933 1 -0.52177
8157 47.3358 231.189 45.5584 234.808 3.60236 1 3.45206
8159 47.3358 231.189 46.1735 235.065 3.76999 1 -0.32553
8161 47.3358 231.189 45.5287 235.074 3.71539 1 0.5479
8171 47.5305 230.292 47.3188 234.466 3.75686 1 -0.74713
8173 47.5305 230.292 47.5096 233.585 3.73207 1 -0.19369
8175 47.5305 230.292 47.8725 231.803 3.59781 1 0.74262
8182 47.5305 230.292 48.15 232.916 3.70156 1 -0.28142
8184 47.5305 230.292 48.481 232.171 3.68522 1 -0.20392
8189 47.5305 230.292 49.1504 233.278 3.56838 1 2.10154
8192 47.5305 230.292 47.8883 233.896 3.70766 1 -0.18537
8200 47.5305 230.292 44.8987 234.883 3.73002 1 -0.05097
8209 47.5315 230.292 47.3178 234.465 3.7306 1 -0.15422
8213 47.5315 230.292 47.8728 231.803 3.59504 1 0.76809
8220 47.5315 230.292 48.151 232.913 3.7031 1 -0.30551
8222 47.5315 230.292 48.4811 232.171 3.65148 1 0.23636
8223 47.5315 230.292 48.627 231.261 3.58396 1 1.00809
8227 47.5315 230.292 49.1504 233.278 3.58305 1 1.77366
8230 47.5315 230.292 47.8884 233.895 3.69992 1 -0.03168
8232 47.5315 230.292 45.5584 234.808 3.62238 1 3.03565
8234 47.5315 230.292 46.1735 235.065 3.76332 1 -0.67279
8250 47.3188 234.466 48.2065 229.997 3.70233 1 0.06019
8284 47.3178 234.465 47.8728 231.803 3.72594 1 -0.13094
8291 47.3178 234.465 48.151 232.913 3.7111 1 -0.2093
8293 47.3178 234.465 48.4811 232.171 3.72976 1 -0.71765
8307 47.3178 234.465 45.5287 235.074 3.59242 1 1.25413
8319 47.5096 233.585 48.2065 229.997 3.77816 1 -1.46212
8342 47.5096 233.585 44.8987 234.883 3.68602 1 0.03683
8389 47.8725 231.803 48.15 232.916 3.73131 1 -0.27484
8396 47.8725 231.803 49.1504 233.278 3.5688 1 1.24387
8407 47.8725 231.803 44.8987 234.883 3.71923 1 -0.04367
8417 47.8728 231.803 48.2047 229.995 3.71655 1 -0.30191
8428 47.8728 231.803 49.1504 233.278 3.56207 1 1.33834
8435 47.8728 231.803 46.1735 235.065 3.73077 1 -0.02572
8437 47.8728 231.803 45.5287 235.074 3.73232 1 -0.32034
8450 48.2065 229.997 48.15 232.916 3.7075 1 -0.45858
8468 48.2065 229.997 44.8987 234.883 3.74492 1 -0.88804
8508 48.2047 229.995 48.151 232.913 3.6985 1 -0.31536
8515 48.2047 229.995 49.1504 233.278 3.59436 1 1.71625
8518 48.2047 229.995 47.8884 233.895 3.71306 1 -0.61875
8522 48.2047 229.995 46.1735 235.065 3.71178 1 0.49502
8524 48.2047 229.995 45.5287 235.074 3.71983 1 0.09929
8595 48.15 232.916 47.8883 233.896 3.36235 1 2.00733
8603 48.15 232.916 44.8987 234.883 3.69517 1 -0.28301
8626 48.151 232.913 45.5287 235.074 3.65136 1 0.93748
8650 48.481 232.171 44.8987 234.883 3.70756 1 -0.32089
8662 48.4811 232.171 49.1504 233.278 3.44274 1 1.84092
8671 48.4811 232.171 45.5287 235.074 3.65751 1 1.03591
8692 48.627 231.261 45.5287 235.074 3.7176 1 -0.42487
8798 47.8883 233.896 44.8987 234.883 3.67983 1 -0.12278
8811 47.8884 233.895 45.5287 235.074 3.64503 1 0.75169
