1055 46.8981 235.006 44.5342 231.962 3.29882 1 3.84447
1071 46.8981 235.006 45.0617 232.843 3.39488 1 -1.32732
1074 46.8981 235.006 45.1731 231.994 3.27114 1 4.31155
1086 46.8981 235.006 45.4995 233.732 3.22054 1 0.60738
1088 46.8981 235.006 45.6865 232.875 3.35917 1 -0.24459
1090 46.8981 235.006 45.8635 232.015 3.43971 1 -0.39599
1102 46.8981 235.006 46.324 232.959 3.31464 1 0.47166
1106 46.8981 235.006 46.6645 231.211 3.52333 1 -1.18897
1117 46.8981 235.006 46.992 232.984 3.28114 1 1.20818
1121 46.8981 235.006 47.3358 231.189 3.47357 1 0.08258
1123 46.8981 235.006 47.5315 230.292 3.46458 1 0.95896
1129 46.8981 235.006 47.8728 231.803 3.46687 1 -0.85786
1136 46.8981 235.006 48.151 232.913 3.35824 1 -0.1687
1138 46.8981 235.006 48.4811 232.171 3.42709 1 -1.68955
1182 46.8205 234.955 44.8438 230.319 3.51402 1 0.20118
1195 46.8205 234.955 45.0617 232.843 3.34906 1 -0.3536
1198 46.8205 234.955 45.1731 231.994 3.35707 1 1.76783
1214 46.8205 234.955 45.8635 232.015 3.41587 1 0.05639
1218 46.8205 234.955 46.1761 230.356 3.4902 1 -0.30815
1224 46.8205 234.955 46.137 233.827 3.13057 1 1.44097
1228 46.8205 234.955 46.5209 232.095 3.4105 1 -0.03203
1230 46.8205 234.955 46.6645 231.211 3.49152 1 -0.59771
1235 46.8205 234.955 47.1295 229.349 3.54201 1 -1.4894
1241 46.8205 234.955 46.992 232.984 3.30109 1 0.76056
1260 46.8205 234.955 48.151 232.913 3.31647 1 0.50775
1262 46.8205 234.955 48.4811 232.171 3.39865 1 -1.1241
1263 46.8205 234.955 48.627 231.261 3.50045 1 -2.88584
1270 46.8205 234.955 47.8884 233.895 3.00178 1 4.87148
1424 46.8887 234.881 44.5342 231.962 3.53949 1 -3.40129
1427 46.8887 234.881 44.8438 230.319 3.58609 1 -2.03948
1440 46.8887 234.881 45.0617 232.843 3.49402 1 -3.48921
1443 46.8887 234.881 45.1731 231.994 3.50444 1 -1.77737
1453 46.8887 234.881 45.307 234.585 3.04381 1 2.86618
1461 46.8887 234.881 46.0389 231.146 3.59146 1 -2.85584
1473 46.8887 234.881 46.5209 232.095 3.57514 1 -2.78666
1475 46.8887 234.881 46.6645 231.211 3.56247 1 -1.93069
1477 46.8887 234.881 46.844 230.286 3.57911 1 -2.1872
1486 46.8887 234.881 46.992 232.984 3.42146 1 -0.65926
1488 46.8887 234.881 47.1643 232.078 3.51685 1 -1.13164
1490 46.8887 234.881 47.3358 231.189 3.54419 1 -1.38443
1492 46.8887 234.881 47.5315 230.292 3.55575 1 -1.53548
1507 46.8887 234.881 48.4811 232.171 3.47306 1 -2.6125
1515 46.8887 234.881 47.8884 233.895 3.385 1 -0.36708
1545 47.0004 234.699 44.5342 231.962 3.58233 1 -3.84568
1561 47.0004 234.699 45.0617 232.843 3.55137 1 -4.16633
1564 47.0004 234.699 45.1731 231.994 3.5619 1 -2.59325
1569 47.0004 234.699 45.7145 229.397 3.52388 1 -0.488
1582 47.0004 234.699 46.0389 231.146 3.58956 1 -2.43132
1584 47.0004 234.699 46.1761 230.356 3.4933 1 0.33322
1590 47.0004 234.699 46.137 233.827 3.40858 1 -1.36843
1592 47.0004 234.699 46.324 232.959 3.52702 1 -2.11956
1598 47.0004 234.699 46.844 230.286 3.59487 1 -1.9518
1601 47.0004 234.699 47.1295 229.349 3.58978 1 -2.48169
1609 47.0004 234.699 47.1643 232.078 3.55002 1 -1.27164
1611 47.0004 234.699 47.3358 231.189 3.54184 1 -0.92145
1613 47.0004 234.699 47.5315 230.292 3.55066 1 -0.97482
1626 47.0004 234.699 48.151 232.913 3.3906 1 -0.44534
1628 47.0004 234.699 48.4811 232.171 3.4491 1 -1.7113
1629 47.0004 234.699 48.627 231.261 3.55677 1 -3.69429
1636 47.0004 234.699 47.8884 233.895 2.9826 1 4.33941
1697 46.0248 235.035 45.6855 232.877 3.0411 1 4.62238
1701 46.0248 235.035 46.0395 231.147 3.2782 1 4.99504
1703 46.0248 235.035 46.176 230.356 3.3888 1 2.86467
1715 46.0248 235.035 46.6639 231.212 3.46032 1 -0.40906
1916 46.7996 234.484 45.0636 232.844 3.54509 1 -2.93007
1920 46.7996 234.484 45.1757 231.992 3.55497 1 -1.63619
1934 46.7996 234.484 45.6855 232.877 3.51239 1 -1.80458
1944 46.7996 234.484 45.9331 234.7 2.91959 1 3.37612
1975 46.7996 234.484 47.8725 231.803 3.59675 1 -2.60378
1977 46.7996 234.484 48.2065 229.997 3.60262 1 -2.16745
2921 44.1777 233.728 44.8459 230.318 3.70268 1 -2.20214
2931 44.1777 233.728 44.8476 233.693 3.55587 1 -0.58448
2974 44.1777 233.728 47.1282 229.362 3.64307 1 -1.71397
2995 44.1777 233.728 48.2054 229.998 3.64326 1 -2.05381
3026 44.179 233.729 44.3604 232.892 3.66431 1 -0.76328
3031 44.179 233.729 44.8274 230.32 3.7114 1 -2.40854
3044 44.179 233.729 45.0301 232.844 3.60361 1 -0.83891
3136 44.3542 232.905 44.8459 230.318 3.7083 1 -1.33495
3146 44.3542 232.905 44.8476 233.693 3.73756 1 -1.53847
3189 44.3542 232.905 47.1282 229.362 3.64706 1 -1.06198
3210 44.3542 232.905 48.2054 229.998 3.63653 1 -0.6989
3236 44.3542 232.905 44.2497 234.941 3.45438 1 0.54217
3244 44.3604 232.892 44.8274 230.32 3.7274 1 -1.63853
3251 44.3604 232.892 44.6577 234.533 3.50931 1 -0.61793
3348 44.5342 231.962 44.8438 230.319 3.70726 1 -0.66713
3361 44.5342 231.962 45.0617 232.843 3.70972 1 -0.61779
3366 44.5342 231.962 45.4261 231.09 3.68002 1 0.09166
3369 44.5342 231.962 45.7145 229.397 3.65054 1 -0.35764
3376 44.5342 231.962 45.4995 233.732 3.69472 1 -2.19153
3382 44.5342 231.962 46.0389 231.146 3.68906 1 0.06647
3384 44.5342 231.962 46.1761 230.356 3.68545 1 -0.37631
3390 44.5342 231.962 46.137 233.827 3.60278 1 -1.51506
3392 44.5342 231.962 46.324 232.959 3.63345 1 -0.32895
3394 44.5342 231.962 46.5209 232.095 3.65553 1 -0.05945
3396 44.5342 231.962 46.6645 231.211 3.70203 1 -0.56841
3398 44.5342 231.962 46.844 230.286 3.65475 1 -0.17049
3401 44.5342 231.962 47.1295 229.349 3.65753 1 -1.19271
3403 44.5342 231.962 46.6411 234.701 3.57783 1 -3.45958
3407 44.5342 231.962 46.992 232.984 3.65432 1 -1.1251
3409 44.5342 231.962 47.1643 232.078 3.68068 1 -0.67964
3411 44.5342 231.962 47.3358 231.189 3.66399 1 -0.24664
3413 44.5342 231.962 47.5315 230.292 3.64275 1 -0.36199
3415 44.5342 231.962 47.3178 234.465 3.55255 1 -2.09046
3419 44.5342 231.962 47.8728 231.803 3.6737 1 -0.63861
3429 44.5342 231.962 48.627 231.261 3.64199 1 -0.21333
3433 44.5342 231.962 49.1504 233.278 3.49893 1 0.31269
3436 44.5342 231.962 47.8884 233.895 3.58379 1 -1.57815
3440 44.5342 231.962 46.1735 235.065 3.55205 1 -3.80585
3442 44.5342 231.962 45.5287 235.074 3.55208 1 -2.96354
3463 44.844 230.317 45.0636 232.844 3.69647 1 -0.41605
3467 44.844 230.317 45.1757 231.992 3.70239 1 -0.10221
3471 44.844 230.317 45.5531 230.327 3.57768 1 0.24967
3479 44.844 230.317 45.4989 233.733 3.68445 1 -1.38335
3481 44.844 230.317 45.6855 232.877 3.64763 1 0.50352
3483 44.844 230.317 45.8642 232.015 3.67422 1 0.2491
3485 44.844 230.317 46.0395 231.147 3.60667 1 0.61523
3487 44.844 230.317 46.176 230.356 3.5349 1 0.75081
3491 44.844 230.317 45.9331 234.7 3.65611 1 -3.57028
3493 44.844 230.317 46.1378 233.828 3.64191 1 -0.85228
3495 44.844 230.317 46.323 232.961 3.67604 1 -0.43805
3499 44.844 230.317 46.6639 231.212 3.62757 1 0.11613
3501 44.844 230.317 46.8433 230.286 3.53087 1 0.86524
3506 44.844 230.317 46.6402 234.701 3.62821 1 -2.58672
3508 44.844 230.317 46.797 233.836 3.67112 1 -1.85839
3510 44.844 230.317 46.992 232.984 3.68626 1 -0.48995
3512 44.844 230.317 47.1642 232.078 3.65036 1 0.03706
3514 44.844 230.317 47.3358 231.188 3.61725 1 -0.13596
3516 44.844 230.317 47.5305 230.292 3.55028 1 0.39418
3518 44.844 230.317 47.3188 234.466 3.63834 1 -2.36478
3520 44.844 230.317 47.5096 233.585 3.66723 1 -1.05812
3522 44.844 230.317 47.8725 231.803 3.63238 1 -0.04293
3524 44.844 230.317 48.2065 229.997 3.56315 1 -0.03137
3529 44.844 230.317 48.15 232.916 3.66322 1 -1.70572
3531 44.844 230.317 48.481 232.171 3.65253 1 -1.34694
3536 44.844 230.317 49.1504 233.278 3.51324 1 0.98848
3539 44.844 230.317 47.8883 233.896 3.65949 1 -1.74782
3547 44.844 230.317 44.8987 234.883 3.60583 1 -2.13334
3564 44.8459 230.318 44.8476 233.693 3.6945 1 -1.67825
3567 44.8459 230.318 45.0631 232.845 3.68968 1 -0.31482
3607 44.8459 230.318 47.1282 229.362 3.52595 1 0.54935
3628 44.8459 230.318 48.2054 229.998 3.56429 1 -0.06492
3670 44.8438 230.319 45.0617 232.843 3.68701 1 -0.27677
3673 44.8438 230.319 45.1731 231.994 3.70414 1 -0.12089
3675 44.8438 230.319 45.4261 231.09 3.57591 1 0.63923
3677 44.8438 230.319 45.5519 230.328 3.62651 1 -0.04593
3678 44.8438 230.319 45.7145 229.397 3.55624 1 0.146
3685 44.8438 230.319 45.4995 233.732 3.68154 1 -1.31951
3687 44.8438 230.319 45.6865 232.875 3.64367 1 0.57101
3689 44.8438 230.319 45.8635 232.015 3.6755 1 0.23334
3691 44.8438 230.319 46.0389 231.146 3.61933 1 0.47223
3693 44.8438 230.319 46.1761 230.356 3.51677 1 0.96826
3697 44.8438 230.319 45.9323 234.701 3.66819 1 -3.90041
3699 44.8438 230.319 46.137 233.827 3.64179 1 -0.84779
3701 44.8438 230.319 46.324 232.959 3.67663 1 -0.44528
3703 44.8438 230.319 46.5209 232.095 3.66524 1 0.30864
3705 44.8438 230.319 46.6645 231.211 3.61878 1 0.26072
3707 44.8438 230.319 46.844 230.286 3.52839 1 0.91145
3710 44.8438 230.319 47.1295 229.349 3.51761 1 0.72384
3716 44.8438 230.319 46.992 232.984 3.6826 1 -0.40223
3718 44.8438 230.319 47.1643 232.078 3.65345 1 -0.02868
3720 44.8438 230.319 47.3358 231.189 3.6039 1 0.16007
3722 44.8438 230.319 47.5315 230.292 3.55185 1 0.35922
3724 44.8438 230.319 47.3178 234.465 3.61583 1 -1.63942
3728 44.8438 230.319 47.8728 231.803 3.63389 1 -0.08013
3731 44.8438 230.319 48.2047 229.995 3.56334 1 -0.03659
3735 44.8438 230.319 48.151 232.913 3.66733 1 -1.83123
3737 44.8438 230.319 48.4811 232.171 3.65716 1 -1.49217
3738 44.8438 230.319 48.627 231.261 3.52991 1 2.20707
3745 44.8438 230.319 47.8884 233.895 3.65911 1 -1.73233
3749 44.8438 230.319 46.1735 235.065 3.55042 1 -1.63452
3751 44.8438 230.319 45.5287 235.074 3.58872 1 -2.68715
3766 44.8274 230.32 44.6577 234.533 3.6056 1 -1.48155
3768 44.8274 230.32 44.8489 233.692 3.69593 1 -1.74083
3772 44.8274 230.32 45.0301 232.844 3.69471 1 -0.44279
4363 44.6534 234.535 45.5519 230.328 3.62766 1 -1.59927
4379 44.6534 234.535 46.1761 230.356 3.61122 1 -1.74556
4385 44.6534 234.535 46.137 233.827 3.36889 1 -1.48807
4389 44.6534 234.535 46.5209 232.095 3.57579 1 -3.43336
4396 44.6534 234.535 47.1295 229.349 3.49786 1 0.97857
4402 44.6534 234.535 46.992 232.984 3.51106 1 -3.63443
4404 44.6534 234.535 47.1643 232.078 3.54267 1 -2.98129
4414 44.6534 234.535 47.8728 231.803 3.55158 1 -3.04338
4424 44.6534 234.535 48.627 231.261 3.57045 1 -4.11392
4451 44.6577 234.533 45.0301 232.844 3.48217 1 -0.82255
4582 44.8476 233.693 47.1282 229.362 3.67604 1 -3.02134
4603 44.8476 233.693 48.2054 229.998 3.65642 1 -3.2201
4636 44.8489 233.692 45.0301 232.844 3.68204 1 -1.01069
4730 45.0636 232.844 45.4242 231.093 3.68945 1 -0.02614
4732 45.0636 232.844 45.5531 230.327 3.68513 1 -0.05439
4742 45.0636 232.844 45.6855 232.877 3.65823 1 -0.44925
4744 45.0636 232.844 45.8642 232.015 3.68614 1 -0.30307
4746 45.0636 232.844 46.0395 231.147 3.74888 1 -0.78229
4748 45.0636 232.844 46.176 230.356 3.70061 1 -0.63398
4754 45.0636 232.844 46.1378 233.828 3.65814 1 -2.47637
4756 45.0636 232.844 46.323 232.961 3.6621 1 -1.34213
4758 45.0636 232.844 46.5209 232.095 3.61008 1 0.05208
4760 45.0636 232.844 46.6639 231.212 3.67566 1 -0.32327
4762 45.0636 232.844 46.8433 230.286 3.69501 1 -1.08526
4767 45.0636 232.844 46.6402 234.701 3.52709 1 -2.95842
4773 45.0636 232.844 47.1642 232.078 3.64602 1 -0.82133
4775 45.0636 232.844 47.3358 231.188 3.65862 1 -0.55607
4777 45.0636 232.844 47.5305 230.292 3.65609 1 -0.86326
4779 45.0636 232.844 47.3188 234.466 3.51766 1 -2.60964
4783 45.0636 232.844 47.8725 231.803 3.6392 1 -0.84967
4785 45.0636 232.844 48.2065 229.997 3.63273 1 -0.37871
4790 45.0636 232.844 48.15 232.916 3.60809 1 -2.46919
4792 45.0636 232.844 48.481 232.171 3.6449 1 -2.58635
4800 45.0636 232.844 47.8883 233.896 3.52282 1 -1.70847
4808 45.0636 232.844 44.8987 234.883 3.50342 1 -1.66307
4855 45.0631 232.845 47.1282 229.362 3.66714 1 -1.35365
4876 45.0631 232.845 48.2054 229.998 3.63285 1 -0.38179
4902 45.0631 232.845 44.2497 234.941 3.32864 1 2.0757
4910 45.0617 232.843 45.4261 231.09 3.68821 1 -0.01152
4912 45.0617 232.843 45.5519 230.328 3.69289 1 -0.1699
4913 45.0617 232.843 45.7145 229.397 3.65884 1 -0.22887
4918 45.0617 232.843 45.307 234.585 3.64575 1 -3.0921
4920 45.0617 232.843 45.4995 233.732 3.67147 1 -1.50234
4922 45.0617 232.843 45.6865 232.875 3.62613 1 -0.28064
4924 45.0617 232.843 45.8635 232.015 3.66848 1 -0.15716
4926 45.0617 232.843 46.0389 231.146 3.74342 1 -0.71634
4928 45.0617 232.843 46.1761 230.356 3.69796 1 -0.591
4934 45.0617 232.843 46.137 233.827 3.63025 1 -2.17862
4936 45.0617 232.843 46.324 232.959 3.65708 1 -1.2864
4938 45.0617 232.843 46.5209 232.095 3.62836 1 -0.18101
4940 45.0617 232.843 46.6645 231.211 3.68108 1 -0.40806
4942 45.0617 232.843 46.844 230.286 3.69365 1 -1.05822
4945 45.0617 232.843 47.1295 229.349 3.69897 1 -2.19237
4947 45.0617 232.843 46.6411 234.701 3.55826 1 -3.52601
4953 45.0617 232.843 47.1643 232.078 3.63228 1 -0.56728
4955 45.0617 232.843 47.3358 231.189 3.65235 1 -0.41736
4957 45.0617 232.843 47.5315 230.292 3.64724 1 -0.63574
4959 45.0617 232.843 47.3178 234.465 3.51593 1 -2.5714
4963 45.0617 232.843 47.8728 231.803 3.65854 1 -1.31551
4966 45.0617 232.843 48.2047 229.995 3.63522 1 -0.45608
4970 45.0617 232.843 48.151 232.913 3.65585 1 -3.70373
4972 45.0617 232.843 48.4811 232.171 3.67503 1 -3.44575
4973 45.0617 232.843 48.627 231.261 3.6288 1 -0.92974
4980 45.0617 232.843 47.8884 233.895 3.54534 1 -2.28952
4984 45.0617 232.843 46.1735 235.065 3.48977 1 -3.3304
4986 45.0617 232.843 45.5287 235.074 3.48276 1 -2.31966
5086 45.1757 231.992 45.5531 230.327 3.69923 1 -0.03607
5094 45.1757 231.992 45.4989 233.733 3.61437 1 -0.79973
5098 45.1757 231.992 45.8642 232.015 3.68892 1 -0.03232
5100 45.1757 231.992 46.0395 231.147 3.70403 1 0.1043
5102 45.1757 231.992 46.176 230.356 3.75027 1 -1.03871
5108 45.1757 231.992 46.1378 233.828 3.62625 1 -1.41146
5110 45.1757 231.992 46.323 232.961 3.58516 1 0.23908
5112 45.1757 231.992 46.5209 232.095 3.6544 1 -0.06179
5114 45.1757 231.992 46.6639 231.212 3.68622 1 -0.18117
5116 45.1757 231.992 46.8433 230.286 3.64893 1 0.01628
5121 45.1757 231.992 46.6402 234.701 3.57689 1 -2.74219
5129 45.1757 231.992 47.3358 231.188 3.6484 1 0.06109
5131 45.1757 231.992 47.5305 230.292 3.64546 1 -0.40597
5133 45.1757 231.992 47.3188 234.466 3.46955 1 0.34366
5137 45.1757 231.992 47.8725 231.803 3.6867 1 -0.89952
5139 45.1757 231.992 48.2065 229.997 3.6324 1 -0.33296
5146 45.1757 231.992 48.481 232.171 3.62889 1 -0.62398
5154 45.1757 231.992 47.8883 233.896 3.57851 1 -1.42245
5162 45.1757 231.992 44.8987 234.883 3.5661 1 -2.07149
5173 45.1731 231.994 45.5519 230.328 3.70733 1 -0.11613
5174 45.1731 231.994 45.7145 229.397 3.64316 1 0.05792
5181 45.1731 231.994 45.4995 233.732 3.62748 1 -0.93951
5185 45.1731 231.994 45.8635 232.015 3.72437 1 -0.23155
5187 45.1731 231.994 46.0389 231.146 3.71007 1 0.05174
5189 45.1731 231.994 46.1761 230.356 3.76518 1 -1.22274
5193 45.1731 231.994 45.9323 234.701 3.60839 1 -3.23082
5195 45.1731 231.994 46.137 233.827 3.61781 1 -1.29576
5197 45.1731 231.994 46.324 232.959 3.58648 1 0.22486
5199 45.1731 231.994 46.5209 232.095 3.63997 1 0.0989
5201 45.1731 231.994 46.6645 231.211 3.70906 1 -0.47969
5203 45.1731 231.994 46.844 230.286 3.65175 1 -0.03226
5206 45.1731 231.994 47.1295 229.349 3.64007 1 -0.59872
5212 45.1731 231.994 46.992 232.984 3.64267 1 -0.71511
5216 45.1731 231.994 47.3358 231.189 3.64754 1 0.07555
5218 45.1731 231.994 47.5315 230.292 3.64671 1 -0.43711
5220 45.1731 231.994 47.3178 234.465 3.52238 1 -0.97785
5224 45.1731 231.994 47.8728 231.803 3.6965 1 -1.11817
5227 45.1731 231.994 48.2047 229.995 3.62801 1 -0.21625
5233 45.1731 231.994 48.4811 232.171 3.63635 1 -0.83659
5234 45.1731 231.994 48.627 231.261 3.6324 1 -0.06503
5241 45.1731 231.994 47.8884 233.895 3.56951 1 -1.18942
5265 45.4242 231.093 45.4989 233.733 3.70036 1 -1.55937
5267 45.4242 231.093 45.6855 232.877 3.64101 1 0.50462
5273 45.4242 231.093 46.176 230.356 3.64361 1 -0.07543
5277 45.4242 231.093 45.9331 234.7 3.6463 1 -3.23373
5279 45.4242 231.093 46.1378 233.828 3.63798 1 -0.9984
5281 45.4242 231.093 46.323 232.961 3.68481 1 -0.42584
5283 45.4242 231.093 46.5209 232.095 3.68361 1 -0.08058
5285 45.4242 231.093 46.6639 231.212 3.67541 1 -0.25592
5287 45.4242 231.093 46.8433 230.286 3.60061 1 0.17314
5292 45.4242 231.093 46.6402 234.701 3.61819 1 -2.40445
5294 45.4242 231.093 46.797 233.836 3.63286 1 -0.99952
5296 45.4242 231.093 46.992 232.984 3.67433 1 -0.56112
5298 45.4242 231.093 47.1642 232.078 3.65973 1 -0.10574
5300 45.4242 231.093 47.3358 231.188 3.67103 1 -0.70912
5302 45.4242 231.093 47.5305 230.292 3.58795 1 0.12618
5306 45.4242 231.093 47.5096 233.585 3.68135 1 -1.78627
5308 45.4242 231.093 47.8725 231.803 3.65303 1 -0.35435
5310 45.4242 231.093 48.2065 229.997 3.59792 1 -0.23709
5317 45.4242 231.093 48.481 232.171 3.66477 1 -1.49622
5325 45.4242 231.093 47.8883 233.896 3.6521 1 -2.12533
5343 45.4261 231.09 45.7145 229.397 3.60176 1 0.02775
5348 45.4261 231.09 45.307 234.585 3.67517 1 -3.36506
5350 45.4261 231.09 45.4995 233.732 3.69668 1 -1.50038
5358 45.4261 231.09 46.1761 230.356 3.6189 1 0.11286
5362 45.4261 231.09 45.9323 234.701 3.67685 1 -3.88759
5364 45.4261 231.09 46.137 233.827 3.62502 1 -0.77275
5366 45.4261 231.09 46.324 232.959 3.68589 1 -0.44074
5370 45.4261 231.09 46.6645 231.211 3.69336 1 -0.43916
5372 45.4261 231.09 46.844 230.286 3.59637 1 0.22527
5375 45.4261 231.09 47.1295 229.349 3.59757 1 -0.43612
5377 45.4261 231.09 46.6411 234.701 3.60127 1 -2.0012
5381 45.4261 231.09 46.992 232.984 3.68774 1 -0.78473
5383 45.4261 231.09 47.1643 232.078 3.65634 1 -0.05242
5385 45.4261 231.09 47.3358 231.189 3.67936 1 -0.84007
5387 45.4261 231.09 47.5315 230.292 3.59713 1 -0.05178
5389 45.4261 231.09 47.3178 234.465 3.5164 1 0.50143
5391 45.4261 231.09 47.5111 233.583 3.70759 1 -2.36007
5393 45.4261 231.09 47.8728 231.803 3.64884 1 -0.26852
5396 45.4261 231.09 48.2047 229.995 3.59461 1 -0.16306
5400 45.4261 231.09 48.151 232.913 3.67415 1 -1.83959
5402 45.4261 231.09 48.4811 232.171 3.65748 1 -1.30597
5403 45.4261 231.09 48.627 231.261 3.59494 1 0.42399
5407 45.4261 231.09 49.1504 233.278 3.48085 1 1.15584
5410 45.4261 231.09 47.8884 233.895 3.64783 1 -2.01401
5416 45.4261 231.09 45.5287 235.074 3.55896 1 -2.43476
5432 45.5531 230.327 45.4989 233.733 3.68951 1 -1.54146
5434 45.5531 230.327 45.6855 232.877 3.69858 1 -0.43709
5436 45.5531 230.327 45.8642 232.015 3.70625 1 -0.17622
5446 45.5531 230.327 46.1378 233.828 3.65855 1 -1.3009
5448 45.5531 230.327 46.323 232.961 3.67614 1 -0.34655
5450 45.5531 230.327 46.5209 232.095 3.61338 1 0.39769
5454 45.5531 230.327 46.8433 230.286 3.51133 1 0.60544
5459 45.5531 230.327 46.6402 234.701 3.63567 1 -2.5982
5461 45.5531 230.327 46.797 233.836 3.66632 1 -1.55795
5463 45.5531 230.327 46.992 232.984 3.64923 1 -0.33306
5465 45.5531 230.327 47.1642 232.078 3.65369 1 -0.61353
5467 45.5531 230.327 47.3358 231.188 3.57312 1 0.21575
5469 45.5531 230.327 47.5305 230.292 3.52501 1 0.41062
5471 45.5531 230.327 47.3188 234.466 3.55636 1 0.00057
5473 45.5531 230.327 47.5096 233.585 3.63732 1 -0.91417
5475 45.5531 230.327 47.8725 231.803 3.60579 1 -0.08072
5477 45.5531 230.327 48.2065 229.997 3.55711 1 -0.12072
5482 45.5531 230.327 48.15 232.916 3.64195 1 -1.69453
5500 45.5531 230.327 44.8987 234.883 3.61647 1 -2.3326
5515 45.5519 230.328 45.4995 233.732 3.70722 1 -1.88191
5517 45.5519 230.328 45.6865 232.875 3.71783 1 -0.71415
5519 45.5519 230.328 45.8635 232.015 3.70902 1 -0.20345
5523 45.5519 230.328 46.1761 230.356 3.57523 1 0.00284
5527 45.5519 230.328 45.9323 234.701 3.65508 1 -3.6902
5529 45.5519 230.328 46.137 233.827 3.65934 1 -1.31682
5531 45.5519 230.328 46.324 232.959 3.68544 1 -0.49608
5533 45.5519 230.328 46.5209 232.095 3.61635 1 0.36085
5535 45.5519 230.328 46.6645 231.211 3.62339 1 -0.17799
5537 45.5519 230.328 46.844 230.286 3.51141 1 0.60781
5540 45.5519 230.328 47.1295 229.349 3.52025 1 0.28543
5546 45.5519 230.328 46.992 232.984 3.64326 1 -0.21303
5548 45.5519 230.328 47.1643 232.078 3.62514 1 -0.12693
5550 45.5519 230.328 47.3358 231.189 3.56559 1 0.34282
5552 45.5519 230.328 47.5315 230.292 3.51645 1 0.56608
5554 45.5519 230.328 47.3178 234.465 3.59327 1 -1.0754
5556 45.5519 230.328 47.5111 233.583 3.67459 1 -1.83425
5558 45.5519 230.328 47.8728 231.803 3.6063 1 -0.08875
5561 45.5519 230.328 48.2047 229.995 3.5568 1 -0.11517
5565 45.5519 230.328 48.151 232.913 3.64286 1 -1.71383
5568 45.5519 230.328 48.627 231.261 3.49838 1 2.23334
5581 45.5519 230.328 45.5287 235.074 3.57668 1 -2.50254
5596 45.7145 229.397 45.4995 233.732 3.67407 1 -2.01944
5600 45.7145 229.397 45.8635 232.015 3.69025 1 -0.87835
5602 45.7145 229.397 46.0389 231.146 3.58019 1 -0.09847
5608 45.7145 229.397 45.9323 234.701 3.6407 1 -3.92756
5610 45.7145 229.397 46.137 233.827 3.61783 1 -0.96929
5612 45.7145 229.397 46.324 232.959 3.63116 1 -0.69553
5616 45.7145 229.397 46.6645 231.211 3.51139 1 0.66428
5618 45.7145 229.397 46.844 230.286 3.52184 1 0.03932
5621 45.7145 229.397 47.1295 229.349 3.55845 1 -0.53929
5627 45.7145 229.397 46.992 232.984 3.59132 1 -0.09655
5629 45.7145 229.397 47.1643 232.078 3.55459 1 0.49435
5631 45.7145 229.397 47.3358 231.189 3.47518 1 1.25343
5633 45.7145 229.397 47.5315 230.292 3.53471 1 -0.2477
5635 45.7145 229.397 47.3178 234.465 3.56283 1 -0.85749
5637 45.7145 229.397 47.5111 233.583 3.62086 1 -1.29578
5639 45.7145 229.397 47.8728 231.803 3.51352 1 1.26917
5642 45.7145 229.397 48.2047 229.995 3.57497 1 -0.94903
5646 45.7145 229.397 48.151 232.913 3.56013 1 -0.31452
5648 45.7145 229.397 48.4811 232.171 3.52164 1 0.85768
5649 45.7145 229.397 48.627 231.261 3.52335 1 0.65564
5662 45.7145 229.397 45.5287 235.074 3.58056 1 -2.9377
5917 45.3057 234.585 46.176 230.356 3.67665 1 -4.23198
5931 45.3057 234.585 46.8433 230.286 3.64549 1 -4.41398
5940 45.3057 234.585 46.992 232.984 3.35218 1 -0.05832
5950 45.3057 234.585 47.5096 233.585 3.36897 1 -1.55435
5992 45.307 234.585 46.0389 231.146 3.6324 1 -3.02656
6006 45.307 234.585 46.6645 231.211 3.28501 1 4.80301
6017 45.307 234.585 46.992 232.984 3.30256 1 0.94653
6066 45.4989 233.733 46.0395 231.147 3.68034 1 -1.65024
6068 45.4989 233.733 46.176 230.356 3.66759 1 -1.69745
6072 45.4989 233.733 45.9331 234.7 3.48393 1 -1.82763
6074 45.4989 233.733 46.1378 233.828 3.5703 1 -1.42905
6078 45.4989 233.733 46.5209 232.095 3.69892 1 -2.68701
6080 45.4989 233.733 46.6639 231.212 3.68992 1 -2.5405
6082 45.4989 233.733 46.8433 230.286 3.67157 1 -2.54362
6091 45.4989 233.733 46.992 232.984 3.61259 1 -2.43454
6093 45.4989 233.733 47.1642 232.078 3.6342 1 -2.04861
6095 45.4989 233.733 47.3358 231.188 3.67211 1 -2.98349
6097 45.4989 233.733 47.5305 230.292 3.66816 1 -3.27158
6103 45.4989 233.733 47.8725 231.803 3.60862 1 -1.62178
6105 45.4989 233.733 48.2065 229.997 3.64458 1 -2.75893
6120 45.4989 233.733 47.8883 233.896 3.4876 1 -2.78844
6128 45.4989 233.733 44.8987 234.883 3.37648 1 -0.8012
6139 45.4995 233.732 45.8635 232.015 3.6345 1 -1.21619
6141 45.4995 233.732 46.0389 231.146 3.68688 1 -1.74793
6143 45.4995 233.732 46.1761 230.356 3.67691 1 -1.88481
6147 45.4995 233.732 45.9323 234.701 3.49326 1 -1.89615
6149 45.4995 233.732 46.137 233.827 3.58828 1 -1.52555
6153 45.4995 233.732 46.5209 232.095 3.69743 1 -2.66458
6155 45.4995 233.732 46.6645 231.211 3.67517 1 -2.28346
6157 45.4995 233.732 46.844 230.286 3.66503 1 -2.39366
6160 45.4995 233.732 47.1295 229.349 3.67374 1 -3.489
6168 45.4995 233.732 47.1643 232.078 3.64339 1 -2.19951
6170 45.4995 233.732 47.3358 231.189 3.67539 1 -3.04772
6172 45.4995 233.732 47.5315 230.292 3.6534 1 -2.88538
6174 45.4995 233.732 47.3178 234.465 3.44674 1 -2.47246
6178 45.4995 233.732 47.8728 231.803 3.64599 1 -2.47707
6181 45.4995 233.732 48.2047 229.995 3.64019 1 -2.61881
6187 45.4995 233.732 48.4811 232.171 3.63805 1 -4.57571
6188 45.4995 233.732 48.627 231.261 3.64097 1 -3.15199
6199 45.4995 233.732 46.1735 235.065 3.22255 1 0.11855
6201 45.4995 233.732 45.5287 235.074 3.34202 1 -1.11554
6213 45.6855 232.877 46.0395 231.147 3.67427 1 -0.20444
6215 45.6855 232.877 46.176 230.356 3.68009 1 -0.586
6219 45.6855 232.877 45.9331 234.7 3.5752 1 -2.9434
6223 45.6855 232.877 46.323 232.961 3.63747 1 -0.59472
6225 45.6855 232.877 46.5209 232.095 3.6116 1 -0.38433
6227 45.6855 232.877 46.6639 231.212 3.7131 1 -1.09295
6229 45.6855 232.877 46.8433 230.286 3.65832 1 -0.68146
6234 45.6855 232.877 46.6402 234.701 3.55314 1 -2.57918
6236 45.6855 232.877 46.797 233.836 3.52775 1 -0.86139
6238 45.6855 232.877 46.992 232.984 3.65235 1 -1.31788
6240 45.6855 232.877 47.1642 232.078 3.63047 1 -0.65542
6242 45.6855 232.877 47.3358 231.188 3.66895 1 -1.32065
6244 45.6855 232.877 47.5305 230.292 3.65874 1 -1.49075
6246 45.6855 232.877 47.3188 234.466 3.48534 1 -1.42044
6252 45.6855 232.877 48.2065 229.997 3.64225 1 -1.25737
6257 45.6855 232.877 48.15 232.916 3.65027 1 -3.00229
6259 45.6855 232.877 48.481 232.171 3.66896 1 -2.76937
6267 45.6855 232.877 47.8883 233.896 3.50923 1 -1.1571
6286 45.6865 232.875 46.0389 231.146 3.68551 1 -0.31861
6288 45.6865 232.875 46.1761 230.356 3.67314 1 -0.48107
6294 45.6865 232.875 46.137 233.827 3.59305 1 -1.16948
6298 45.6865 232.875 46.5209 232.095 3.62048 1 -0.45637
6300 45.6865 232.875 46.6645 231.211 3.71124 1 -1.07104
6302 45.6865 232.875 46.844 230.286 3.65714 1 -0.65672
6305 45.6865 232.875 47.1295 229.349 3.65708 1 -1.48221
6307 45.6865 232.875 46.6411 234.701 3.528 1 -2.22354
6311 45.6865 232.875 46.992 232.984 3.64381 1 -1.221
6313 45.6865 232.875 47.1643 232.078 3.64392 1 -0.828
6315 45.6865 232.875 47.3358 231.189 3.66954 1 -1.3264
6317 45.6865 232.875 47.5315 230.292 3.67155 1 -1.76352
6319 45.6865 232.875 47.3178 234.465 3.46235 1 -0.9987
6326 45.6865 232.875 48.2047 229.995 3.6485 1 -1.42436
6330 45.6865 232.875 48.151 232.913 3.64485 1 -2.88306
6333 45.6865 232.875 48.627 231.261 3.63535 1 -1.29818
6344 45.6865 232.875 46.1735 235.065 3.09071 1 3.86894
6358 45.8642 232.015 46.176 230.356 3.6967 1 -0.39138
6364 45.8642 232.015 46.1378 233.828 3.64117 1 -1.42304
6366 45.8642 232.015 46.323 232.961 3.69837 1 -0.67203
6368 45.8642 232.015 46.5209 232.095 3.6778 1 0.06577
6370 45.8642 232.015 46.6639 231.212 3.69178 1 -0.21168
6372 45.8642 232.015 46.8433 230.286 3.68909 1 -0.76058
6377 45.8642 232.015 46.6402 234.701 3.6006 1 -2.6435
6379 45.8642 232.015 46.797 233.836 3.6166 1 -1.22327
6381 45.8642 232.015 46.992 232.984 3.72087 1 -1.11604
6385 45.8642 232.015 47.3358 231.188 3.63179 1 0.11299
6387 45.8642 232.015 47.5305 230.292 3.64428 1 -0.57802
6389 45.8642 232.015 47.3188 234.466 3.51585 1 -0.70278
6391 45.8642 232.015 47.5096 233.585 3.65513 1 -1.51521
6393 45.8642 232.015 47.8725 231.803 3.68903 1 -0.67243
6395 45.8642 232.015 48.2065 229.997 3.61547 1 -0.06611
6418 45.8642 232.015 44.8987 234.883 3.52371 1 -1.95543
6429 45.8635 232.015 46.1761 230.356 3.68678 1 -0.29434
6435 45.8635 232.015 46.137 233.827 3.60826 1 -1.063
6437 45.8635 232.015 46.324 232.959 3.67883 1 -0.54273
6441 45.8635 232.015 46.6645 231.211 3.69083 1 -0.20445
6443 45.8635 232.015 46.844 230.286 3.69129 1 -0.78879
6446 45.8635 232.015 47.1295 229.349 3.65383 1 -1.11884
6452 45.8635 232.015 46.992 232.984 3.72066 1 -1.11588
6454 45.8635 232.015 47.1643 232.078 3.69828 1 -0.35347
6456 45.8635 232.015 47.3358 231.189 3.62678 1 0.18019
6458 45.8635 232.015 47.5315 230.292 3.64634 1 -0.6131
6460 45.8635 232.015 47.3178 234.465 3.52451 1 -0.87609
6464 45.8635 232.015 47.8728 231.803 3.70393 1 -0.91644
6467 45.8635 232.015 48.2047 229.995 3.60543 1 0.16582
6473 45.8635 232.015 48.4811 232.171 3.6266 1 -0.40413
6474 45.8635 232.015 48.627 231.261 3.63237 1 -0.25251
6478 45.8635 232.015 49.1504 233.278 3.43445 1 1.77898
6481 45.8635 232.015 47.8884 233.895 3.61319 1 -1.65111
6485 45.8635 232.015 46.1735 235.065 3.43575 1 -0.75698
6487 45.8635 232.015 45.5287 235.074 3.50214 1 -2.63797
6503 46.0395 231.147 46.1378 233.828 3.72695 1 -2.23042
6505 46.0395 231.147 46.323 232.961 3.71986 1 -0.99981
6507 46.0395 231.147 46.5209 232.095 3.62936 1 0.01008
6509 46.0395 231.147 46.6639 231.212 3.75016 1 -0.66948
6511 46.0395 231.147 46.8433 230.286 3.60237 1 -0.17362
6516 46.0395 231.147 46.6402 234.701 3.62551 1 -2.78436
6518 46.0395 231.147 46.797 233.836 3.63647 1 -1.44952
6520 46.0395 231.147 46.992 232.984 3.64279 1 -0.42475
6524 46.0395 231.147 47.3358 231.188 3.64569 1 -0.41477
6526 46.0395 231.147 47.5305 230.292 3.58502 1 -0.19677
6528 46.0395 231.147 47.3188 234.466 3.56139 1 -0.9924
6532 46.0395 231.147 47.8725 231.803 3.6131 1 0.11054
6534 46.0395 231.147 48.2065 229.997 3.59519 1 -0.4009
6539 46.0395 231.147 48.15 232.916 3.66277 1 -1.74829
6541 46.0395 231.147 48.481 232.171 3.64569 1 -1.20021
6557 46.0395 231.147 44.8987 234.883 3.57621 1 -2.15262
6570 46.0389 231.146 45.9323 234.701 3.64848 1 -3.53028
6572 46.0389 231.146 46.137 233.827 3.71421 1 -2.03705
6574 46.0389 231.146 46.324 232.959 3.73033 1 -1.10737
6580 46.0389 231.146 46.844 230.286 3.59808 1 -0.13691
6583 46.0389 231.146 47.1295 229.349 3.65225 1 -1.37787
6589 46.0389 231.146 46.992 232.984 3.64107 1 -0.40134
6591 46.0389 231.146 47.1643 232.078 3.65789 1 -0.262
6593 46.0389 231.146 47.3358 231.189 3.63096 1 -0.25484
6595 46.0389 231.146 47.5315 230.292 3.56612 1 0.06611
6597 46.0389 231.146 47.3178 234.465 3.56511 1 -1.07588
6599 46.0389 231.146 47.5111 233.583 3.69535 1 -2.13152
6601 46.0389 231.146 47.8728 231.803 3.60269 1 0.27811
6604 46.0389 231.146 48.2047 229.995 3.59201 1 -0.34199
6608 46.0389 231.146 48.151 232.913 3.66325 1 -1.75723
6610 46.0389 231.146 48.4811 232.171 3.64329 1 -1.15079
6611 46.0389 231.146 48.627 231.261 3.59138 1 0.12351
6624 46.0389 231.146 45.5287 235.074 3.55503 1 -2.96049
6636 46.176 230.356 45.9331 234.7 3.63848 1 -3.37626
6638 46.176 230.356 46.1378 233.828 3.69389 1 -2.3754
6640 46.176 230.356 46.323 232.961 3.6893 1 -1.41729
6642 46.176 230.356 46.5209 232.095 3.60287 1 0.05072
6646 46.176 230.356 46.8433 230.286 3.44255 1 0.63661
6651 46.176 230.356 46.6402 234.701 3.61176 1 -2.88213
6653 46.176 230.356 46.797 233.836 3.63584 1 -1.59668
6655 46.176 230.356 46.992 232.984 3.62727 1 -0.1533
6657 46.176 230.356 47.1642 232.078 3.61211 1 -0.11903
6659 46.176 230.356 47.3358 231.188 3.52755 1 0.53326
6663 46.176 230.356 47.3188 234.466 3.58108 1 -1.04351
6665 46.176 230.356 47.5096 233.585 3.61663 1 -0.60333
6667 46.176 230.356 47.8725 231.803 3.55522 1 0.64799
6669 46.176 230.356 48.2065 229.997 3.55031 1 -0.03757
6674 46.176 230.356 48.15 232.916 3.60724 1 -1.04742
6676 46.176 230.356 48.481 232.171 3.54799 1 0.52427
6684 46.176 230.356 47.8883 233.896 3.55363 1 -0.03149
6692 46.176 230.356 44.8987 234.883 3.58616 1 -2.10095
6703 46.1761 230.356 45.9323 234.701 3.6303 1 -3.17195
6705 46.1761 230.356 46.137 233.827 3.6733 1 -1.96502
6707 46.1761 230.356 46.324 232.959 3.68466 1 -1.34915
6709 46.1761 230.356 46.5209 232.095 3.61815 1 -0.11268
6711 46.1761 230.356 46.6645 231.211 3.56948 1 0.14987
6722 46.1761 230.356 46.992 232.984 3.61783 1 0.00572
6724 46.1761 230.356 47.1643 232.078 3.60038 1 0.0357
6726 46.1761 230.356 47.3358 231.189 3.5218 1 0.60031
6728 46.1761 230.356 47.5315 230.292 3.48856 1 0.57696
6730 46.1761 230.356 47.3178 234.465 3.57822 1 -0.96703
6732 46.1761 230.356 47.5111 233.583 3.64964 1 -1.32456
6734 46.1761 230.356 47.8728 231.803 3.57173 1 0.36378
6737 46.1761 230.356 48.2047 229.995 3.54786 1 0.00484
6741 46.1761 230.356 48.151 232.913 3.60211 1 -0.93024
6743 46.1761 230.356 48.4811 232.171 3.52295 1 1.10673
6744 46.1761 230.356 48.627 231.261 3.46732 1 2.28019
6751 46.1761 230.356 47.8884 233.895 3.54091 1 0.30197
6757 46.1761 230.356 45.5287 235.074 3.55817 1 -2.78978
6900 45.9331 234.7 46.5209 232.095 3.61688 1 -3.30794
6904 45.9331 234.7 46.8433 230.286 3.62284 1 -3.67845
6909 45.9331 234.7 46.6402 234.701 3.143 1 0.6614
6913 45.9331 234.7 46.992 232.984 3.50731 1 -2.186
6915 45.9331 234.7 47.1642 232.078 3.6023 1 -3.12844
6917 45.9331 234.7 47.3358 231.188 3.6302 1 -3.97953
6927 45.9331 234.7 48.2065 229.997 3.59028 1 -2.52155
6932 45.9331 234.7 48.15 232.916 3.32309 1 0.41147
6950 45.9331 234.7 44.8987 234.883 3.228 1 0.35038
6976 45.9323 234.701 46.992 232.984 3.50892 1 -2.21305
6978 45.9323 234.701 47.1643 232.078 3.6625 1 -4.24445
6988 45.9323 234.701 47.8728 231.803 3.58152 1 -3.11928
6991 45.9323 234.701 48.2047 229.995 3.60812 1 -3.12991
7021 46.1378 233.828 46.323 232.961 3.69839 1 -1.37993
7025 46.1378 233.828 46.6639 231.212 3.6739 1 -2.08267
7027 46.1378 233.828 46.8433 230.286 3.66507 1 -2.41615
7034 46.1378 233.828 46.797 233.836 3.42058 1 -0.29588
7042 46.1378 233.828 47.5305 230.292 3.66551 1 -2.77135
7046 46.1378 233.828 47.5096 233.585 3.24769 1 2.08091
7048 46.1378 233.828 47.8725 231.803 3.63368 1 -1.68593
7050 46.1378 233.828 48.2065 229.997 3.64742 1 -1.99999
7065 46.1378 233.828 47.8883 233.896 3.49642 1 -2.03601
7073 46.1378 233.828 44.8987 234.883 3.28762 1 -0.27167
7084 46.137 233.827 46.5209 232.095 3.65276 1 -1.58686
7086 46.137 233.827 46.6645 231.211 3.64281 1 -1.59485
7088 46.137 233.827 46.844 230.286 3.6491 1 -2.07774
7091 46.137 233.827 47.1295 229.349 3.67268 1 -3.44237
7099 46.137 233.827 47.1643 232.078 3.66065 1 -1.64701
7101 46.137 233.827 47.3358 231.189 3.65786 1 -2.15747
7103 46.137 233.827 47.5315 230.292 3.6501 1 -2.41236
7107 46.137 233.827 47.5111 233.583 3.22442 1 2.42961
7109 46.137 233.827 47.8728 231.803 3.64873 1 -1.96535
7112 46.137 233.827 48.2047 229.995 3.64782 1 -2.01184
7116 46.137 233.827 48.151 232.913 3.39358 1 0.47751
7118 46.137 233.827 48.4811 232.171 3.61661 1 -3.63179
7119 46.137 233.827 48.627 231.261 3.61942 1 -2.41687
7126 46.137 233.827 47.8884 233.895 3.48379 1 -1.83329
7130 46.137 233.827 46.1735 235.065 3.21648 1 0.2588
7132 46.137 233.827 45.5287 235.074 3.23423 1 0.21032
7144 46.323 232.961 46.6639 231.212 3.70421 1 -1.15542
7146 46.323 232.961 46.8433 230.286 3.66176 1 -1.20139
7151 46.323 232.961 46.6402 234.701 3.56452 1 -2.14386
7157 46.323 232.961 47.1642 232.078 3.65976 1 -0.46734
7159 46.323 232.961 47.3358 231.188 3.70679 1 -1.49953
7161 46.323 232.961 47.5305 230.292 3.63813 1 -0.96335
7163 46.323 232.961 47.3188 234.466 3.4625 1 -0.75022
7169 46.323 232.961 48.2065 229.997 3.64698 1 -1.02689
7184 46.323 232.961 47.8883 233.896 3.578 1 -1.94373
7192 46.323 232.961 44.8987 234.883 3.44791 1 -2.0519
7203 46.324 232.959 46.6645 231.211 3.69492 1 -1.05864
7205 46.324 232.959 46.844 230.286 3.66359 1 -1.22826
7208 46.324 232.959 47.1295 229.349 3.67611 1 -2.32688
7216 46.324 232.959 47.1643 232.078 3.65264 1 -0.40121
7218 46.324 232.959 47.3358 231.189 3.69816 1 -1.38436
7220 46.324 232.959 47.5315 230.292 3.62931 1 -0.79969
7222 46.324 232.959 47.3178 234.465 3.42314 1 -0.21712
7226 46.324 232.959 47.8728 231.803 3.64929 1 -0.42383
7249 46.324 232.959 45.5287 235.074 3.39848 1 -1.31634
7261 46.5209 232.095 46.8433 230.286 3.63095 1 -0.35488
7266 46.5209 232.095 46.6402 234.701 3.62436 1 -2.9981
7268 46.5209 232.095 46.797 233.836 3.66613 1 -1.56997
7276 46.5209 232.095 47.5305 230.292 3.62736 1 -0.4265
7282 46.5209 232.095 47.8725 231.803 3.67434 1 -0.55963
7284 46.5209 232.095 48.2065 229.997 3.61635 1 -0.15119
7299 46.5209 232.095 47.8883 233.896 3.5632 1 -0.6735
7307 46.5209 232.095 44.8987 234.883 3.55447 1 -3.43015
7316 46.5209 232.095 46.6645 231.211 3.73659 1 -0.59146
7318 46.5209 232.095 46.844 230.286 3.62044 1 -0.24042
7321 46.5209 232.095 47.1295 229.349 3.66404 1 -1.5934
7333 46.5209 232.095 47.5315 230.292 3.61723 1 -0.28969
7339 46.5209 232.095 47.8728 231.803 3.67678 1 -0.58722
7342 46.5209 232.095 48.2047 229.995 3.61248 1 -0.08043
7349 46.5209 232.095 48.627 231.261 3.59707 1 0.06937
7356 46.5209 232.095 47.8884 233.895 3.56707 1 -0.73464
7372 46.6639 231.212 46.8433 230.286 3.59989 1 -0.12878
7377 46.6639 231.212 46.6402 234.701 3.60384 1 -2.44665
7381 46.6639 231.212 46.992 232.984 3.65532 1 -0.2778
7387 46.6639 231.212 47.5305 230.292 3.56977 1 -0.05654
7393 46.6639 231.212 47.8725 231.803 3.57272 1 0.54835
7395 46.6639 231.212 48.2065 229.997 3.57971 1 0.00855
7400 46.6639 231.212 48.15 232.916 3.62833 1 -1.1314
7402 46.6639 231.212 48.481 232.171 3.62089 1 -0.56486
7407 46.6639 231.212 49.1504 233.278 3.45648 1 0.32147
7418 46.6639 231.212 44.8987 234.883 3.51889 1 -1.68622
7427 46.6645 231.211 46.844 230.286 3.59745 1 -0.11492
7430 46.6645 231.211 47.1295 229.349 3.64552 1 -1.17001
7436 46.6645 231.211 46.992 232.984 3.66192 1 -0.34669
7438 46.6645 231.211 47.1643 232.078 3.6101 1 0.13822
7442 46.6645 231.211 47.5315 230.292 3.56254 1 0.01044
7444 46.6645 231.211 47.3178 234.465 3.56689 1 -0.66585
7448 46.6645 231.211 47.8728 231.803 3.57645 1 0.50701
7451 46.6645 231.211 48.2047 229.995 3.57536 1 0.07126
7455 46.6645 231.211 48.151 232.913 3.63255 1 -1.19639
7457 46.6645 231.211 48.4811 232.171 3.60668 1 -0.33131
7458 46.6645 231.211 48.627 231.261 3.56676 1 0.49736
7471 46.6645 231.211 45.5287 235.074 3.51215 1 -2.48391
7486 46.8433 230.286 46.797 233.836 3.63482 1 -1.4012
7488 46.8433 230.286 46.992 232.984 3.65608 1 -0.67781
7490 46.8433 230.286 47.1642 232.078 3.63015 1 -0.51537
7496 46.8433 230.286 47.3188 234.466 3.57537 1 -0.98003
7500 46.8433 230.286 47.8725 231.803 3.50896 1 0.89109
7502 46.8433 230.286 48.2065 229.997 3.59018 1 -0.51932
7507 46.8433 230.286 48.15 232.916 3.59529 1 -0.96631
7509 46.8433 230.286 48.481 232.171 3.51086 1 0.84968
7514 46.8433 230.286 49.1504 233.278 3.40491 1 1.718
7517 46.8433 230.286 47.8883 233.896 3.59498 1 -1.62437
7525 46.8433 230.286 44.8987 234.883 3.57057 1 -2.63532
7535 46.844 230.286 47.1295 229.349 3.70491 1 -1.11259
7541 46.844 230.286 46.992 232.984 3.6493 1 -0.57329
7543 46.844 230.286 47.1643 232.078 3.62302 1 -0.43967
7545 46.844 230.286 47.3358 231.189 3.48092 1 0.46937
7549 46.844 230.286 47.3178 234.465 3.58182 1 -1.14081
7553 46.844 230.286 47.8728 231.803 3.49889 1 1.02441
7556 46.844 230.286 48.2047 229.995 3.59178 1 -0.53922
7560 46.844 230.286 48.151 232.913 3.58972 1 -0.85971
7562 46.844 230.286 48.4811 232.171 3.52117 1 0.65741
7563 46.844 230.286 48.627 231.261 3.49125 1 1.26769
7567 46.844 230.286 49.1504 233.278 3.3886 1 2.19835
7570 46.844 230.286 47.8884 233.895 3.58369 1 -1.36337
7576 46.844 230.286 45.5287 235.074 3.54417 1 -3.23772
7656 47.1282 229.362 48.2054 229.998 3.56365 1 -0.17967
7691 47.1295 229.349 46.992 232.984 3.67556 1 -2.02967
7693 47.1295 229.349 47.1643 232.078 3.62445 1 -1.22131
7695 47.1295 229.349 47.3358 231.189 3.59994 1 -0.75798
7697 47.1295 229.349 47.5315 230.292 3.63969 1 -0.75178
7699 47.1295 229.349 47.3178 234.465 3.58353 1 -2.01977
7703 47.1295 229.349 47.8728 231.803 3.5915 1 -0.33304
7706 47.1295 229.349 48.2047 229.995 3.54979 1 -0.04133
7710 47.1295 229.349 48.151 232.913 3.62268 1 -1.84226
7712 47.1295 229.349 48.4811 232.171 3.58765 1 -0.83224
7713 47.1295 229.349 48.627 231.261 3.53623 1 0.39452
7717 47.1295 229.349 49.1504 233.278 3.40888 1 2.17478
7720 47.1295 229.349 47.8884 233.895 3.6192 1 -2.70585
7724 47.1295 229.349 46.1735 235.065 3.61871 1 -4.7274
7726 47.1295 229.349 45.5287 235.074 3.57275 1 -4.36176
7744 46.6402 234.701 47.5305 230.292 3.56601 1 -1.63282
7746 46.6402 234.701 47.3188 234.466 3.14732 1 0.97915
7750 46.6402 234.701 47.8725 231.803 3.59225 1 -3.2241
7752 46.6402 234.701 48.2065 229.997 3.58631 1 -2.29302
7767 46.6402 234.701 47.8883 233.896 3.29629 1 0.301
7790 46.6411 234.701 47.3358 231.189 3.57642 1 -1.8333
7792 46.6411 234.701 47.5315 230.292 3.55679 1 -1.38015
7798 46.6411 234.701 47.8728 231.803 3.59324 1 -3.24432
7805 46.6411 234.701 48.151 232.913 3.47253 1 -2.67658
7833 46.797 233.836 47.1642 232.078 3.59421 1 -0.40263
7843 46.797 233.836 47.8725 231.803 3.64644 1 -1.73677
7845 46.797 233.836 48.2065 229.997 3.56755 1 0.37695
7852 46.797 233.836 48.481 232.171 3.55184 1 -2.28959
7922 46.992 232.984 47.1642 232.078 3.86415 1 -1.07923
7924 46.992 232.984 47.3358 231.188 3.69601 1 -0.78071
7932 46.992 232.984 47.8725 231.803 3.63389 1 -0.25967
7934 46.992 232.984 48.2065 229.997 3.64195 1 -0.37066
7939 46.992 232.984 48.15 232.916 3.59738 1 -1.35441
7941 46.992 232.984 48.481 232.171 3.63729 1 -1.8932
7957 46.992 232.984 44.8987 234.883 3.41738 1 -1.74142
7968 46.992 232.984 47.3358 231.189 3.70328 1 -0.85519
7970 46.992 232.984 47.5315 230.292 3.61382 1 -0.16879
7972 46.992 232.984 47.3178 234.465 3.45096 1 -0.3043
7976 46.992 232.984 47.8728 231.803 3.63574 1 -0.27858
7979 46.992 232.984 48.2047 229.995 3.63623 1 -0.25651
7986 46.992 232.984 48.627 231.261 3.62288 1 -1.00239
7993 46.992 232.984 47.8884 233.895 3.48902 1 -0.49595
7997 46.992 232.984 46.1735 235.065 3.43558 1 -1.18453
7999 46.992 232.984 45.5287 235.074 3.38641 1 -0.85109
8011 47.1642 232.078 47.5305 230.292 3.62857 1 -0.51012
8017 47.1642 232.078 47.8725 231.803 3.5797 1 0.33796
8019 47.1642 232.078 48.2065 229.997 3.61748 1 -0.03038
8026 47.1642 232.078 48.481 232.171 3.61267 1 -0.69213
8042 47.1642 232.078 44.8987 234.883 3.52496 1 -2.84541
8053 47.1643 232.078 47.5315 230.292 3.62252 1 -0.44404
8062 47.1643 232.078 48.2047 229.995 3.61272 1 0.04058
8066 47.1643 232.078 48.151 232.913 3.63725 1 -1.21491
8068 47.1643 232.078 48.4811 232.171 3.64097 1 -1.00781
8069 47.1643 232.078 48.627 231.261 3.58358 1 0.19972
8073 47.1643 232.078 49.1504 233.278 3.25814 1 2.98384
8080 47.1643 232.078 46.1735 235.065 3.52947 1 -1.83403
8082 47.1643 232.078 45.5287 235.074 3.49367 1 -1.68449
8092 47.3358 231.188 47.5305 230.292 3.61586 1 -0.29354
8094 47.3358 231.188 47.3188 234.466 3.56458 1 -1.18384
8100 47.3358 231.188 48.2065 229.997 3.5738 1 0.33679
8105 47.3358 231.188 48.15 232.916 3.64117 1 -1.15481
8112 47.3358 231.188 49.1504 233.278 3.38914 1 1.39463
8132 47.3358 231.189 47.5315 230.292 3.55796 1 0.02678
8134 47.3358 231.189 47.3178 234.465 3.5493 1 -0.88321
8141 47.3358 231.189 48.2047 229.995 3.57384 1 0.33539
8145 47.3358 231.189 48.151 232.913 3.63258 1 -1.04868
8147 47.3358 231.189 48.4811 232.171 3.6047 1 -0.36974
8148 47.3358 231.189 48.627 231.261 3.54159 1 0.57723
8152 47.3358 231.189 49.1504 233.278 3.38185 1 1.55526
8155 47.3358 231.189 47.8884 233.895 3.65143 1 -2.21389
8159 47.3358 231.189 46.1735 235.065 3.4672 1 0.09148
8161 47.3358 231.189 45.5287 235.074 3.51578 1 -1.88956
8171 47.5305 230.292 47.3188 234.466 3.55599 1 -0.77834
8173 47.5305 230.292 47.5096 233.585 3.59807 1 -0.5907
8175 47.5305 230.292 47.8725 231.803 3.55811 1 0.44754
8177 47.5305 230.292 48.2065 229.997 3.66954 1 -0.5327
8182 47.5305 230.292 48.15 232.916 3.58978 1 -0.72492
8184 47.5305 230.292 48.481 232.171 3.56057 1 0.0285
8189 47.5305 230.292 49.1504 233.278 3.3827 1 1.94999
8192 47.5305 230.292 47.8883 233.896 3.5916 1 -1.57001
8200 47.5305 230.292 44.8987 234.883 3.57952 1 -3.78161
8209 47.5315 230.292 47.3178 234.465 3.55808 1 -0.82774
8213 47.5315 230.292 47.8728 231.803 3.5505 1 0.51996
8216 47.5315 230.292 48.2047 229.995 3.6218 1 -0.2505
8220 47.5315 230.292 48.151 232.913 3.59366 1 -0.78436
8222 47.5315 230.292 48.4811 232.171 3.54454 1 0.2516
8223 47.5315 230.292 48.627 231.261 3.49965 1 0.9663
8227 47.5315 230.292 49.1504 233.278 3.36353 1 2.43045
8230 47.5315 230.292 47.8884 233.895 3.58694 1 -1.47096
8232 47.5315 230.292 45.5584 234.808 3.58869 1 -3.8582
8234 47.5315 230.292 46.1735 235.065 3.61871 1 -4.23225
8250 47.3188 234.466 48.2065 229.997 3.58612 1 -2.18508
8255 47.3188 234.466 48.15 232.916 3.40743 1 -0.52915
8284 47.3178 234.465 47.8728 231.803 3.56398 1 -2.03425
8291 47.3178 234.465 48.151 232.913 3.41449 1 -0.6211
8293 47.3178 234.465 48.4811 232.171 3.46963 1 -1.81848
8301 47.3178 234.465 47.8884 233.895 3.14209 1 1.70187
8307 47.3178 234.465 45.5287 235.074 3.21209 1 0.69595
8319 47.5096 233.585 48.2065 229.997 3.66093 1 -2.45483
8360 47.5111 233.583 48.4811 232.171 3.48991 1 -1.30217
8389 47.8725 231.803 48.15 232.916 3.682 1 -1.46595
8396 47.8725 231.803 49.1504 233.278 3.30769 1 0.97707
8407 47.8725 231.803 44.8987 234.883 3.55782 1 -3.99811
8417 47.8728 231.803 48.2047 229.995 3.63633 1 -0.32076
8435 47.8728 231.803 46.1735 235.065 3.52679 1 -2.38617
8437 47.8728 231.803 45.5287 235.074 3.48279 1 -1.77133
8450 48.2065 229.997 48.15 232.916 3.62829 1 -1.75317
8452 48.2065 229.997 48.481 232.171 3.62344 1 -0.97545
8468 48.2065 229.997 44.8987 234.883 3.58395 1 -3.93307
8508 48.2047 229.995 48.151 232.913 3.62543 1 -1.7002
8510 48.2047 229.995 48.4811 232.171 3.63327 1 -1.09746
8515 48.2047 229.995 49.1504 233.278 3.36346 1 2.12192
8518 48.2047 229.995 47.8884 233.895 3.59084 1 -2.35618
8522 48.2047 229.995 46.1735 235.065 3.55809 1 -1.81858
8524 48.2047 229.995 45.5287 235.074 3.53704 1 -1.94091
8612 48.151 232.913 48.4811 232.171 3.61158 1 -1.39753
8620 48.151 232.913 47.8884 233.895 3.38608 1 -0.37315
8626 48.151 232.913 45.5287 235.074 3.3693 1 -1.40794
8650 48.481 232.171 44.8987 234.883 3.50157 1 -4.75534
8662 48.4811 232.171 49.1504 233.278 3.10097 1 2.13468
8671 48.4811 232.171 45.5287 235.074 3.43398 1 -2.62168
8692 48.627 231.261 45.5287 235.074 3.4874 1 -2.40482
8798 47.8883 233.896 44.8987 234.883 3.30889 1 -0.62168
8811 47.8884 233.895 45.5287 235.074 3.23077 1 1.42485
