1074 46.8981 235.006 45.1731 231.994 3.85487 1 -0.24491
1088 46.8981 235.006 45.6865 232.875 3.94045 1 -1.63234
1106 46.8981 235.006 46.6645 231.211 3.88841 1 -1.13036
1111 46.8981 235.006 47.1295 229.349 3.82094 1 -1.02576
1121 46.8981 235.006 47.3358 231.189 3.79473 1 0.06051
1123 46.8981 235.006 47.5315 230.292 3.80922 1 -0.6525
1129 46.8981 235.006 47.8728 231.803 3.76214 1 0.64339
1136 46.8981 235.006 48.151 232.913 3.8273 1 -0.40089
1138 46.8981 235.006 48.4811 232.171 3.84565 1 -1.10696
1218 46.8205 234.955 46.1761 230.356 3.83944 1 -0.34501
1235 46.8205 234.955 47.1295 229.349 3.81321 1 -0.79248
1278 46.8205 234.955 44.8988 234.883 3.7837 1 -0.13007
1443 46.8887 234.881 45.1731 231.994 3.92828 1 -1.56425
1461 46.8887 234.881 46.0389 231.146 3.87852 1 -0.75586
1475 46.8887 234.881 46.6645 231.211 3.92424 1 -1.76367
1477 46.8887 234.881 46.844 230.286 3.86559 1 -1.4501
1492 46.8887 234.881 47.5315 230.292 3.80732 1 -0.62305
1507 46.8887 234.881 48.4811 232.171 3.81234 1 -0.46746
1545 47.0004 234.699 44.5342 231.962 3.86125 1 -0.21889
1561 47.0004 234.699 45.0617 232.843 3.86125 1 -0.39985
1564 47.0004 234.699 45.1731 231.994 3.88203 1 -0.57482
1566 47.0004 234.699 45.4261 231.09 3.88438 1 -0.65208
1569 47.0004 234.699 45.7145 229.397 3.78961 1 0.65265
1582 47.0004 234.699 46.0389 231.146 3.86433 1 -0.4181
1584 47.0004 234.699 46.1761 230.356 3.79081 1 0.7723
1598 47.0004 234.699 46.844 230.286 3.83967 1 -0.83321
1601 47.0004 234.699 47.1295 229.349 3.8067 1 -0.68305
1609 47.0004 234.699 47.1643 232.078 3.85393 1 -0.56501
1611 47.0004 234.699 47.3358 231.189 3.82752 1 -0.54891
1613 47.0004 234.699 47.5315 230.292 3.78142 1 0.01373
1626 47.0004 234.699 48.151 232.913 3.74 1 0.77618
1628 47.0004 234.699 48.4811 232.171 3.80656 1 -0.35537
1629 47.0004 234.699 48.627 231.261 3.80502 1 -0.60404
1636 47.0004 234.699 47.8884 233.895 3.84826 1 -0.2906
1683 46.0248 235.035 45.1757 231.992 4.14893 1 -5.06639
1695 46.0248 235.035 45.4989 233.733 3.86089 1 -0.74265
1703 46.0248 235.035 46.176 230.356 3.68915 1 3.42857
1715 46.0248 235.035 46.6639 231.212 3.92033 1 -1.70835
1738 46.0248 235.035 47.8725 231.803 3.54538 1 5.91959
2921 44.1777 233.728 44.8459 230.318 3.84037 1 -0.32484
2974 44.1777 233.728 47.1282 229.362 3.8531 1 -1.37101
2995 44.1777 233.728 48.2054 229.998 3.79889 1 0.47431
3031 44.179 233.729 44.8274 230.32 3.86508 1 -0.79762
3136 44.3542 232.905 44.8459 230.318 3.83496 1 -0.09388
3189 44.3542 232.905 47.1282 229.362 3.83876 1 -1.05386
3210 44.3542 232.905 48.2054 229.998 3.7946 1 0.39015
3244 44.3604 232.892 44.8274 230.32 3.85722 1 -0.41011
3366 44.5342 231.962 45.4261 231.09 3.99168 1 -1.20129
3369 44.5342 231.962 45.7145 229.397 3.78994 1 0.15324
3376 44.5342 231.962 45.4995 233.732 3.94327 1 -0.9883
3390 44.5342 231.962 46.137 233.827 3.89729 1 -0.53994
3396 44.5342 231.962 46.6645 231.211 3.95259 1 -1.692
3398 44.5342 231.962 46.844 230.286 3.68487 1 2.42237
3401 44.5342 231.962 47.1295 229.349 3.73484 1 1.14429
3403 44.5342 231.962 46.6411 234.701 3.83968 1 0.04411
3407 44.5342 231.962 46.992 232.984 3.94607 1 -1.3742
3409 44.5342 231.962 47.1643 232.078 3.76886 1 1.76533
3411 44.5342 231.962 47.3358 231.189 3.95891 1 -2.60471
3413 44.5342 231.962 47.5315 230.292 3.76586 1 0.76995
3419 44.5342 231.962 47.8728 231.803 3.84027 1 -0.16102
3433 44.5342 231.962 49.1504 233.278 3.74461 1 2.83195
3436 44.5342 231.962 47.8884 233.895 3.89217 1 -0.97876
3438 44.5342 231.962 45.5584 234.808 3.61514 1 3.83267
3440 44.5342 231.962 46.1735 235.065 3.85783 1 -0.71653
3442 44.5342 231.962 45.5287 235.074 3.89003 1 -1.24174
3463 44.844 230.317 45.0636 232.844 3.86934 1 -0.31708
3479 44.844 230.317 45.4989 233.733 3.82342 1 0.52618
3481 44.844 230.317 45.6855 232.877 3.89584 1 -0.66506
3483 44.844 230.317 45.8642 232.015 3.86178 1 -0.33892
3487 44.844 230.317 46.176 230.356 3.885 1 -1.22603
3491 44.844 230.317 45.9331 234.7 3.87481 1 -1.0028
3493 44.844 230.317 46.1378 233.828 3.9208 1 -1.43289
3495 44.844 230.317 46.323 232.961 3.83158 1 0.18252
3499 44.844 230.317 46.6639 231.212 3.82927 1 -0.64606
3501 44.844 230.317 46.8433 230.286 3.5971 1 2.48073
3506 44.844 230.317 46.6402 234.701 3.90856 1 -1.68288
3508 44.844 230.317 46.797 233.836 3.84567 1 -0.00392
3510 44.844 230.317 46.992 232.984 3.80593 1 0.60908
3512 44.844 230.317 47.1642 232.078 3.83532 1 -0.51257
3514 44.844 230.317 47.3358 231.188 3.81514 1 -0.91265
3518 44.844 230.317 47.3188 234.466 3.79382 1 1.34226
3520 44.844 230.317 47.5096 233.585 3.79765 1 0.79842
3522 44.844 230.317 47.8725 231.803 3.79704 1 -0.43116
3524 44.844 230.317 48.2065 229.997 3.65739 1 2.30518
3529 44.844 230.317 48.15 232.916 3.79138 1 0.17604
3531 44.844 230.317 48.481 232.171 3.83231 1 -1.70296
3536 44.844 230.317 49.1504 233.278 3.82499 1 -1.53818
3539 44.844 230.317 47.8883 233.896 3.79923 1 0.64244
3547 44.844 230.317 44.8987 234.883 3.8841 1 -1.18579
3564 44.8459 230.318 44.8476 233.693 3.90247 1 -1.02507
3567 44.8459 230.318 45.0631 232.845 3.89924 1 -0.71574
3607 44.8459 230.318 47.1282 229.362 3.64822 1 1.89183
3628 44.8459 230.318 48.2054 229.998 3.69481 1 1.26458
3670 44.8438 230.319 45.0617 232.843 3.88149 1 -0.47898
3673 44.8438 230.319 45.1731 231.994 3.92875 1 -0.93804
3685 44.8438 230.319 45.4995 233.732 3.82684 1 0.46208
3687 44.8438 230.319 45.6865 232.875 3.86008 1 -0.13665
3689 44.8438 230.319 45.8635 232.015 3.84786 1 -0.17406
3693 44.8438 230.319 46.1761 230.356 3.88337 1 -1.21
3697 44.8438 230.319 45.9323 234.701 3.8536 1 -0.48564
3699 44.8438 230.319 46.137 233.827 3.88037 1 -0.60715
3701 44.8438 230.319 46.324 232.959 3.86517 1 -0.41556
3703 44.8438 230.319 46.5209 232.095 3.81926 1 0.07286
3705 44.8438 230.319 46.6645 231.211 3.80705 1 -0.31956
3710 44.8438 230.319 47.1295 229.349 3.6425 1 2.01206
3716 44.8438 230.319 46.992 232.984 3.80991 1 0.52301
3718 44.8438 230.319 47.1643 232.078 3.80743 1 0.04586
3720 44.8438 230.319 47.3358 231.189 3.78776 1 -0.36976
3722 44.8438 230.319 47.5315 230.292 3.69478 1 0.9943
3724 44.8438 230.319 47.3178 234.465 3.83331 1 0.19589
3728 44.8438 230.319 47.8728 231.803 3.77932 1 0.01006
3735 44.8438 230.319 48.151 232.913 3.80327 1 -0.16986
3737 44.8438 230.319 48.4811 232.171 3.82166 1 -1.3888
3738 44.8438 230.319 48.627 231.261 3.62705 1 3.86926
3745 44.8438 230.319 47.8884 233.895 3.80445 1 0.4851
3749 44.8438 230.319 46.1735 235.065 3.84054 1 -0.21195
3751 44.8438 230.319 45.5287 235.074 3.80626 1 0.57876
3766 44.8274 230.32 44.6577 234.533 3.88399 1 -1.11303
3768 44.8274 230.32 44.8489 233.692 3.88532 1 -0.72175
3772 44.8274 230.32 45.0301 232.844 3.8512 1 -0.0639
4389 44.6534 234.535 46.5209 232.095 3.75286 1 1.87134
4396 44.6534 234.535 47.1295 229.349 3.7784 1 1.00745
4414 44.6534 234.535 47.8728 231.803 3.83353 1 -0.57612
4582 44.8476 233.693 47.1282 229.362 3.81537 1 -0.11855
4603 44.8476 233.693 48.2054 229.998 3.79933 1 0.34745
4730 45.0636 232.844 45.4242 231.093 3.8703 1 -0.01662
4732 45.0636 232.844 45.5531 230.327 3.83643 1 0.13584
4746 45.0636 232.844 46.0395 231.147 3.93183 1 -0.70523
4748 45.0636 232.844 46.176 230.356 3.81997 1 0.33874
4756 45.0636 232.844 46.323 232.961 4.17733 1 -2.63639
4758 45.0636 232.844 46.5209 232.095 3.85865 1 0.21343
4760 45.0636 232.844 46.6639 231.212 3.91027 1 -0.74485
4762 45.0636 232.844 46.8433 230.286 3.86407 1 -0.80307
4767 45.0636 232.844 46.6402 234.701 3.85218 1 -0.41198
4775 45.0636 232.844 47.3358 231.188 3.86049 1 -0.23042
4777 45.0636 232.844 47.5305 230.292 3.77549 1 0.92861
4779 45.0636 232.844 47.3188 234.466 3.89742 1 -1.04209
4783 45.0636 232.844 47.8725 231.803 3.79219 1 0.97969
4785 45.0636 232.844 48.2065 229.997 3.79435 1 0.32186
4790 45.0636 232.844 48.15 232.916 3.83866 1 -0.02944
4792 45.0636 232.844 48.481 232.171 3.82953 1 -0.15139
4800 45.0636 232.844 47.8883 233.896 3.94024 1 -1.97024
4855 45.0631 232.845 47.1282 229.362 3.84976 1 -1.11073
4876 45.0631 232.845 48.2054 229.998 3.77016 1 1.0188
4910 45.0617 232.843 45.4261 231.09 3.93615 1 -0.63822
4912 45.0617 232.843 45.5519 230.328 3.85664 1 -0.14425
4913 45.0617 232.843 45.7145 229.397 3.78982 1 0.58588
4928 45.0617 232.843 46.1761 230.356 3.83104 1 0.16403
4940 45.0617 232.843 46.6645 231.211 3.89887 1 -0.58364
4942 45.0617 232.843 46.844 230.286 3.84738 1 -0.4888
4945 45.0617 232.843 47.1295 229.349 3.83823 1 -0.83933
4947 45.0617 232.843 46.6411 234.701 3.85804 1 -0.49973
4951 45.0617 232.843 46.992 232.984 4.00783 1 -1.89319
4953 45.0617 232.843 47.1643 232.078 3.9014 1 -0.64245
4955 45.0617 232.843 47.3358 231.189 3.80322 1 0.87576
4957 45.0617 232.843 47.5315 230.292 3.76503 1 1.17665
4959 45.0617 232.843 47.3178 234.465 3.85572 1 -0.26114
4963 45.0617 232.843 47.8728 231.803 3.83209 1 0.09718
4966 45.0617 232.843 48.2047 229.995 3.76649 1 1.12199
4970 45.0617 232.843 48.151 232.913 3.83843 1 -0.02208
4972 45.0617 232.843 48.4811 232.171 3.83169 1 -0.20678
4973 45.0617 232.843 48.627 231.261 3.78323 1 0.89478
4977 45.0617 232.843 49.1504 233.278 3.80554 1 0.44651
4980 45.0617 232.843 47.8884 233.895 3.92207 1 -1.58718
4984 45.0617 232.843 46.1735 235.065 3.87189 1 -0.88756
4986 45.0617 232.843 45.5287 235.074 3.88138 1 -0.84136
5102 45.1757 231.992 46.176 230.356 3.87316 1 -0.62309
5114 45.1757 231.992 46.6639 231.212 3.87644 1 -0.39184
5116 45.1757 231.992 46.8433 230.286 3.79398 1 0.1758
5121 45.1757 231.992 46.6402 234.701 3.86507 1 -0.14138
5129 45.1757 231.992 47.3358 231.188 3.91475 1 -1.43881
5131 45.1757 231.992 47.5305 230.292 3.75393 1 0.87595
5137 45.1757 231.992 47.8725 231.803 3.78668 1 0.80459
5139 45.1757 231.992 48.2065 229.997 3.78243 1 0.11278
5146 45.1757 231.992 48.481 232.171 3.80419 1 0.24268
5162 45.1757 231.992 44.8987 234.883 3.8946 1 -0.80634
5173 45.1731 231.994 45.5519 230.328 3.91686 1 -0.82373
5174 45.1731 231.994 45.7145 229.397 3.76961 1 0.45622
5189 45.1731 231.994 46.1761 230.356 3.86754 1 -0.55999
5193 45.1731 231.994 45.9323 234.701 3.92321 1 -1.30224
5195 45.1731 231.994 46.137 233.827 3.93276 1 -0.66383
5203 45.1731 231.994 46.844 230.286 3.80603 1 -0.01232
5206 45.1731 231.994 47.1295 229.349 3.82321 1 -0.84888
5216 45.1731 231.994 47.3358 231.189 3.93722 1 -1.79874
5218 45.1731 231.994 47.5315 230.292 3.73062 1 1.36821
5220 45.1731 231.994 47.3178 234.465 3.86499 1 -0.09312
5224 45.1731 231.994 47.8728 231.803 3.80601 1 0.40492
5227 45.1731 231.994 48.2047 229.995 3.82141 1 -0.88053
5233 45.1731 231.994 48.4811 232.171 3.81952 1 -0.14238
5245 45.1731 231.994 46.1735 235.065 3.86801 1 -0.69916
5277 45.4242 231.093 45.9331 234.7 3.85969 1 -0.34431
5279 45.4242 231.093 46.1378 233.828 3.92449 1 -0.95437
5281 45.4242 231.093 46.323 232.961 3.93563 1 -0.82121
5292 45.4242 231.093 46.6402 234.701 3.9429 1 -1.76881
5294 45.4242 231.093 46.797 233.836 3.86941 1 -0.14358
5296 45.4242 231.093 46.992 232.984 3.84758 1 -0.01457
5298 45.4242 231.093 47.1642 232.078 3.8528 1 -0.30372
5302 45.4242 231.093 47.5305 230.292 3.80267 1 -0.80781
5306 45.4242 231.093 47.5096 233.585 3.83258 1 0.06988
5308 45.4242 231.093 47.8725 231.803 3.89645 1 -1.74022
5310 45.4242 231.093 48.2065 229.997 3.74949 1 0.04434
5317 45.4242 231.093 48.481 232.171 3.87731 1 -1.95001
5325 45.4242 231.093 47.8883 233.896 3.81067 1 0.44469
5343 45.4261 231.09 45.7145 229.397 3.72145 1 0.48496
5350 45.4261 231.09 45.4995 233.732 3.90746 1 -0.49273
5362 45.4261 231.09 45.9323 234.701 3.87409 1 -0.62213
5364 45.4261 231.09 46.137 233.827 3.87133 1 -0.15979
5366 45.4261 231.09 46.324 232.959 3.92719 1 -0.72819
5375 45.4261 231.09 47.1295 229.349 3.69189 1 0.97833
5381 45.4261 231.09 46.992 232.984 3.82732 1 0.29761
5383 45.4261 231.09 47.1643 232.078 3.85157 1 -0.28671
5389 45.4261 231.09 47.3178 234.465 3.8544 1 -0.16406
5393 45.4261 231.09 47.8728 231.803 3.8509 1 -0.89912
5396 45.4261 231.09 48.2047 229.995 3.74029 1 0.25121
5400 45.4261 231.09 48.151 232.913 3.82837 1 -0.42543
5402 45.4261 231.09 48.4811 232.171 3.84584 1 -1.2135
5403 45.4261 231.09 48.627 231.261 3.75368 1 0.47342
5407 45.4261 231.09 49.1504 233.278 3.78852 1 0.17138
5410 45.4261 231.09 47.8884 233.895 3.79899 1 0.72405
5416 45.4261 231.09 45.5287 235.074 3.87609 1 -0.82676
5432 45.5531 230.327 45.4989 233.733 3.89088 1 -0.62841
5434 45.5531 230.327 45.6855 232.877 3.81803 1 0.46412
5446 45.5531 230.327 46.1378 233.828 3.79235 1 0.99598
5448 45.5531 230.327 46.323 232.961 3.92644 1 -1.35501
5459 45.5531 230.327 46.6402 234.701 3.86403 1 -0.63403
5461 45.5531 230.327 46.797 233.836 3.89163 1 -1.07276
5463 45.5531 230.327 46.992 232.984 3.80168 1 0.28991
5467 45.5531 230.327 47.3358 231.188 3.72838 1 0.38582
5471 45.5531 230.327 47.3188 234.466 3.87514 1 -1.16878
5473 45.5531 230.327 47.5096 233.585 3.7937 1 0.39656
5475 45.5531 230.327 47.8725 231.803 3.75822 1 0.10808
5477 45.5531 230.327 48.2065 229.997 3.74054 1 -0.15242
5482 45.5531 230.327 48.15 232.916 3.75523 1 0.66772
5500 45.5531 230.327 44.8987 234.883 3.83939 1 -0.00986
5515 45.5519 230.328 45.4995 233.732 3.89781 1 -0.7489
5517 45.5519 230.328 45.6865 232.875 3.85112 1 0.01444
5527 45.5519 230.328 45.9323 234.701 3.84335 1 -0.27859
5529 45.5519 230.328 46.137 233.827 3.81523 1 0.55445
5531 45.5519 230.328 46.324 232.959 3.89396 1 -0.88381
5533 45.5519 230.328 46.5209 232.095 3.81971 1 -0.13068
5546 45.5519 230.328 46.992 232.984 3.81752 1 0.00752
5548 45.5519 230.328 47.1643 232.078 3.76469 1 0.49215
5550 45.5519 230.328 47.3358 231.189 3.74144 1 0.19211
5552 45.5519 230.328 47.5315 230.292 3.59729 1 2.16385
5554 45.5519 230.328 47.3178 234.465 3.85272 1 -0.60477
5556 45.5519 230.328 47.5111 233.583 3.87249 1 -1.38181
5558 45.5519 230.328 47.8728 231.803 3.74607 1 0.35308
5561 45.5519 230.328 48.2047 229.995 3.73965 1 -0.13354
5565 45.5519 230.328 48.151 232.913 3.77144 1 0.26711
5577 45.5519 230.328 45.5584 234.808 3.80298 1 0.74566
5581 45.5519 230.328 45.5287 235.074 3.85636 1 -0.64925
5596 45.7145 229.397 45.4995 233.732 3.84785 1 -0.34561
5602 45.7145 229.397 46.0389 231.146 3.74506 1 0.1045
5608 45.7145 229.397 45.9323 234.701 3.82298 1 -0.38542
5610 45.7145 229.397 46.137 233.827 3.78728 1 0.68225
5612 45.7145 229.397 46.324 232.959 3.74132 1 1.19872
5627 45.7145 229.397 46.992 232.984 3.78744 1 -0.00526
5629 45.7145 229.397 47.1643 232.078 3.68452 1 1.45956
5631 45.7145 229.397 47.3358 231.189 3.66322 1 1.0995
5633 45.7145 229.397 47.5315 230.292 3.65676 1 1.10359
5635 45.7145 229.397 47.3178 234.465 3.78936 1 0.31364
5639 45.7145 229.397 47.8728 231.803 3.65149 1 1.86174
5642 45.7145 229.397 48.2047 229.995 3.66205 1 1.57632
5646 45.7145 229.397 48.151 232.913 3.69699 1 1.38173
5648 45.7145 229.397 48.4811 232.171 3.68446 1 1.32415
5649 45.7145 229.397 48.627 231.261 3.65815 1 1.80003
6068 45.4989 233.733 46.176 230.356 3.85262 1 -0.38658
6080 45.4989 233.733 46.6639 231.212 3.86204 1 -0.15174
6082 45.4989 233.733 46.8433 230.286 3.81839 1 0.10985
6091 45.4989 233.733 46.992 232.984 3.80819 1 0.37298
6093 45.4989 233.733 47.1642 232.078 3.9036 1 -0.86889
6095 45.4989 233.733 47.3358 231.188 3.9036 1 -1.20262
6097 45.4989 233.733 47.5305 230.292 3.88583 1 -1.54572
6103 45.4989 233.733 47.8725 231.803 3.78239 1 0.79885
6105 45.4989 233.733 48.2065 229.997 3.82122 1 -0.41169
6120 45.4989 233.733 47.8883 233.896 3.78274 1 0.63423
6139 45.4995 233.732 45.8635 232.015 3.94753 1 -0.68279
6141 45.4995 233.732 46.0389 231.146 3.93847 1 -1.17254
6143 45.4995 233.732 46.1761 230.356 3.87192 1 -0.74054
6153 45.4995 233.732 46.5209 232.095 3.95432 1 -0.98274
6155 45.4995 233.732 46.6645 231.211 3.8493 1 0.04859
6157 45.4995 233.732 46.844 230.286 3.82175 1 0.0393
6160 45.4995 233.732 47.1295 229.349 3.81728 1 -0.35309
6168 45.4995 233.732 47.1643 232.078 3.89561 1 -0.75096
6170 45.4995 233.732 47.3358 231.189 3.9066 1 -1.25737
6172 45.4995 233.732 47.5315 230.292 3.85162 1 -0.75194
6178 45.4995 233.732 47.8728 231.803 3.79244 1 0.58656
6181 45.4995 233.732 48.2047 229.995 3.90874 1 -2.84061
6187 45.4995 233.732 48.4811 232.171 3.82765 1 -0.57801
6188 45.4995 233.732 48.627 231.261 3.7945 1 0.17282
6199 45.4995 233.732 46.1735 235.065 3.83089 1 -0.51993
6219 45.6855 232.877 45.9331 234.7 4.05092 1 -2.22558
6229 45.6855 232.877 46.8433 230.286 3.8183 1 -0.14763
6240 45.6855 232.877 47.1642 232.078 3.82418 1 0.36199
6242 45.6855 232.877 47.3358 231.188 3.85398 1 -0.29826
6244 45.6855 232.877 47.5305 230.292 3.82187 1 -0.40541
6252 45.6855 232.877 48.2065 229.997 3.78034 1 0.40409
6259 45.6855 232.877 48.481 232.171 3.8051 1 0.22054
6267 45.6855 232.877 47.8883 233.896 3.89773 1 -1.00616
6286 45.6865 232.875 46.0389 231.146 3.93934 1 -0.88376
6288 45.6865 232.875 46.1761 230.356 3.86395 1 -0.65119
6300 45.6865 232.875 46.6645 231.211 3.91437 1 -0.80771
6302 45.6865 232.875 46.844 230.286 3.82016 1 -0.17969
6305 45.6865 232.875 47.1295 229.349 3.78965 1 -0.00326
6315 45.6865 232.875 47.3358 231.189 3.85503 1 -0.31292
6317 45.6865 232.875 47.5315 230.292 3.8437 1 -0.8308
6319 45.6865 232.875 47.3178 234.465 3.91313 1 -0.97204
6326 45.6865 232.875 48.2047 229.995 3.78623 1 0.25699
6330 45.6865 232.875 48.151 232.913 3.77721 1 0.93211
6333 45.6865 232.875 48.627 231.261 3.82302 1 -0.45957
6337 45.6865 232.875 49.1504 233.278 3.70337 1 2.90188
6340 45.6865 232.875 47.8884 233.895 3.90058 1 -1.0538
6358 45.8642 232.015 46.176 230.356 3.77565 1 0.13451
6364 45.8642 232.015 46.1378 233.828 3.96157 1 -1.00284
6370 45.8642 232.015 46.6639 231.212 3.89304 1 -0.49071
6372 45.8642 232.015 46.8433 230.286 3.83615 1 -0.63383
6377 45.8642 232.015 46.6402 234.701 3.94773 1 -1.4933
6385 45.8642 232.015 47.3358 231.188 3.80893 1 0.05617
6387 45.8642 232.015 47.5305 230.292 3.72129 1 0.92795
6393 45.8642 232.015 47.8725 231.803 3.73908 1 1.17921
6395 45.8642 232.015 48.2065 229.997 3.73706 1 0.74019
6418 45.8642 232.015 44.8987 234.883 3.82481 1 0.27589
6429 45.8635 232.015 46.1761 230.356 3.81603 1 -0.23833
6443 45.8635 232.015 46.844 230.286 3.80803 1 -0.30293
6446 45.8635 232.015 47.1295 229.349 3.81406 1 -0.80771
6456 45.8635 232.015 47.3358 231.189 3.8508 1 -0.44512
6458 45.8635 232.015 47.5315 230.292 3.77849 1 0.00229
6460 45.8635 232.015 47.3178 234.465 3.87057 1 -0.34269
6467 45.8635 232.015 48.2047 229.995 3.70944 1 1.34194
6473 45.8635 232.015 48.4811 232.171 3.79878 1 0.01757
6474 45.8635 232.015 48.627 231.261 3.76235 1 0.57996
6478 45.8635 232.015 49.1504 233.278 3.81837 1 -0.60139
6481 45.8635 232.015 47.8884 233.895 3.84214 1 -0.17781
6487 45.8635 232.015 45.5287 235.074 3.86771 1 -1.06612
6503 46.0395 231.147 46.1378 233.828 3.84974 1 0.03541
6518 46.0395 231.147 46.797 233.836 3.92167 1 -1.02942
6528 46.0395 231.147 47.3188 234.466 3.89883 1 -1.20333
6534 46.0395 231.147 48.2065 229.997 3.76524 1 -0.30368
6539 46.0395 231.147 48.15 232.916 3.81367 1 -0.24734
6541 46.0395 231.147 48.481 232.171 3.79599 1 -0.32933
6557 46.0395 231.147 44.8987 234.883 3.85283 1 -0.27974
6570 46.0389 231.146 45.9323 234.701 3.91105 1 -1.44602
6572 46.0389 231.146 46.137 233.827 3.87369 1 -0.29944
6583 46.0389 231.146 47.1295 229.349 3.76981 1 -0.35075
6589 46.0389 231.146 46.992 232.984 3.86674 1 -0.27077
6595 46.0389 231.146 47.5315 230.292 3.83648 1 -1.07527
6597 46.0389 231.146 47.3178 234.465 3.88977 1 -1.02974
6604 46.0389 231.146 48.2047 229.995 3.7616 1 -0.23937
6608 46.0389 231.146 48.151 232.913 3.80685 1 -0.12161
6610 46.0389 231.146 48.4811 232.171 3.77787 1 0.02748
6615 46.0389 231.146 49.1504 233.278 3.75188 1 0.85582
6624 46.0389 231.146 45.5287 235.074 3.84138 1 -0.93858
6636 46.176 230.356 45.9331 234.7 3.83819 1 -0.31072
6638 46.176 230.356 46.1378 233.828 3.8649 1 -0.57628
6640 46.176 230.356 46.323 232.961 3.79102 1 0.492
6651 46.176 230.356 46.6402 234.701 3.84843 1 -0.44526
6653 46.176 230.356 46.797 233.836 3.80997 1 0.29829
6655 46.176 230.356 46.992 232.984 3.85311 1 -0.63032
6665 46.176 230.356 47.5096 233.585 3.83501 1 -0.70562
6667 46.176 230.356 47.8725 231.803 3.73802 1 0.1589
6669 46.176 230.356 48.2065 229.997 3.75015 1 -0.34092
6674 46.176 230.356 48.15 232.916 3.74948 1 0.35137
6676 46.176 230.356 48.481 232.171 3.74168 1 0.05345
6684 46.176 230.356 47.8883 233.896 3.79349 1 -0.1143
6692 46.176 230.356 44.8987 234.883 3.81495 1 0.36147
6703 46.1761 230.356 45.9323 234.701 3.85841 1 -0.77231
6705 46.1761 230.356 46.137 233.827 3.87489 1 -0.755
6707 46.1761 230.356 46.324 232.959 3.80566 1 0.28681
6709 46.1761 230.356 46.5209 232.095 3.86716 1 -0.64835
6722 46.1761 230.356 46.992 232.984 3.83463 1 -0.35391
6724 46.1761 230.356 47.1643 232.078 3.77062 1 0.13032
6726 46.1761 230.356 47.3358 231.189 3.76822 1 -0.24288
6730 46.1761 230.356 47.3178 234.465 3.8079 1 0.22092
6734 46.1761 230.356 47.8728 231.803 3.72578 1 0.35071
6737 46.1761 230.356 48.2047 229.995 3.75034 1 -0.34377
6741 46.1761 230.356 48.151 232.913 3.7669 1 -0.01166
6743 46.1761 230.356 48.4811 232.171 3.73456 1 0.20156
6751 46.1761 230.356 47.8884 233.895 3.81212 1 -0.53955
6757 46.1761 230.356 45.5287 235.074 3.82699 1 -0.87554
6900 45.9331 234.7 46.5209 232.095 3.82337 1 0.24011
6904 45.9331 234.7 46.8433 230.286 3.80915 1 0.23522
6913 45.9331 234.7 46.992 232.984 3.84906 1 -0.27403
6915 45.9331 234.7 47.1642 232.078 3.87531 1 -0.73266
6917 45.9331 234.7 47.3358 231.188 3.8426 1 -0.4338
6927 45.9331 234.7 48.2065 229.997 3.83467 1 -1.25593
6932 45.9331 234.7 48.15 232.916 3.76686 1 0.59628
6961 45.9323 234.701 46.324 232.959 3.8732 1 -0.47532
6976 45.9323 234.701 46.992 232.984 3.87161 1 -0.54236
6978 45.9323 234.701 47.1643 232.078 3.87102 1 -0.66389
6980 45.9323 234.701 47.3358 231.189 3.83472 1 -0.26762
6988 45.9323 234.701 47.8728 231.803 3.83276 1 -0.63714
7025 46.1378 233.828 46.6639 231.212 3.88085 1 -0.34917
7027 46.1378 233.828 46.8433 230.286 3.84835 1 -0.40488
7042 46.1378 233.828 47.5305 230.292 3.82917 1 -0.52947
7044 46.1378 233.828 47.3188 234.466 3.86374 1 -0.39441
7048 46.1378 233.828 47.8725 231.803 3.86642 1 -0.84228
7050 46.1378 233.828 48.2065 229.997 3.84454 1 -1.24074
7055 46.1378 233.828 48.15 232.916 3.83796 1 -0.44951
7065 46.1378 233.828 47.8883 233.896 3.80848 1 0.13849
7073 46.1378 233.828 44.8987 234.883 3.79073 1 -0.10388
7084 46.137 233.827 46.5209 232.095 3.91883 1 -0.48482
7086 46.137 233.827 46.6645 231.211 3.86912 1 -0.18567
7088 46.137 233.827 46.844 230.286 3.8241 1 0.06178
7091 46.137 233.827 47.1295 229.349 3.79236 1 0.36558
7099 46.137 233.827 47.1643 232.078 3.92614 1 -0.92906
7101 46.137 233.827 47.3358 231.189 3.85408 1 -0.39016
7103 46.137 233.827 47.5315 230.292 3.80701 1 -0.05667
7105 46.137 233.827 47.3178 234.465 3.93307 1 -1.03371
7109 46.137 233.827 47.8728 231.803 3.8842 1 -1.13464
7112 46.137 233.827 48.2047 229.995 3.82466 1 -0.73939
7116 46.137 233.827 48.151 232.913 3.77423 1 0.58216
7118 46.137 233.827 48.4811 232.171 3.76655 1 0.6669
7119 46.137 233.827 48.627 231.261 3.7468 1 1.09593
7132 46.137 233.827 45.5287 235.074 3.84221 1 -0.59647
7146 46.323 232.961 46.8433 230.286 3.82761 1 -0.16033
7159 46.323 232.961 47.3358 231.188 3.92576 1 -1.21046
7161 46.323 232.961 47.5305 230.292 3.82148 1 -0.43259
7169 46.323 232.961 48.2065 229.997 3.86774 1 -1.704
7192 46.323 232.961 44.8987 234.883 3.84588 1 -0.45717
7203 46.324 232.959 46.6645 231.211 3.86733 1 -0.12959
7208 46.324 232.959 47.1295 229.349 3.80562 1 -0.21055
7218 46.324 232.959 47.3358 231.189 3.90441 1 -0.96463
7220 46.324 232.959 47.5315 230.292 3.81956 1 -0.40239
7222 46.324 232.959 47.3178 234.465 3.93488 1 -1.02705
7229 46.324 232.959 48.2047 229.995 3.8564 1 -1.47139
7249 46.324 232.959 45.5287 235.074 3.74351 1 0.77031
7261 46.5209 232.095 46.8433 230.286 3.75461 1 0.34567
7266 46.5209 232.095 46.6402 234.701 3.84292 1 -0.00589
7276 46.5209 232.095 47.5305 230.292 3.78709 1 -0.13884
7284 46.5209 232.095 48.2065 229.997 3.7697 1 -0.00177
7307 46.5209 232.095 44.8987 234.883 3.87857 1 -0.85057
7318 46.5209 232.095 46.844 230.286 3.77199 1 0.17024
7321 46.5209 232.095 47.1295 229.349 3.76469 1 0.05747
7333 46.5209 232.095 47.5315 230.292 3.80421 1 -0.3502
7342 46.5209 232.095 48.2047 229.995 3.80195 1 -0.55496
7349 46.5209 232.095 48.627 231.261 3.78568 1 -0.23981
7356 46.5209 232.095 47.8884 233.895 3.84527 1 -0.50148
7377 46.6639 231.212 46.6402 234.701 3.85016 1 -0.24475
7395 46.6639 231.212 48.2065 229.997 3.63314 1 1.5118
7400 46.6639 231.212 48.15 232.916 3.8176 1 -0.59083
7402 46.6639 231.212 48.481 232.171 3.78983 1 -0.42537
7407 46.6639 231.212 49.1504 233.278 3.72278 1 0.97513
7418 46.6639 231.212 44.8987 234.883 3.84845 1 -0.29335
7430 46.6645 231.211 47.1295 229.349 3.77236 1 -0.36686
7436 46.6645 231.211 46.992 232.984 3.96814 1 -1.26554
7444 46.6645 231.211 47.3178 234.465 3.81315 1 0.18937
7455 46.6645 231.211 48.151 232.913 3.79175 1 -0.21866
7457 46.6645 231.211 48.4811 232.171 3.81171 1 -0.75111
7471 46.6645 231.211 45.5287 235.074 3.80699 1 0.3453
7486 46.8433 230.286 46.797 233.836 3.83816 1 -0.51494
7488 46.8433 230.286 46.992 232.984 3.7953 1 -0.05521
7490 46.8433 230.286 47.1642 232.078 3.84208 1 -0.74634
7502 46.8433 230.286 48.2065 229.997 3.74301 1 -0.10514
7507 46.8433 230.286 48.15 232.916 3.7319 1 0.23274
7509 46.8433 230.286 48.481 232.171 3.72758 1 0.0725
7517 46.8433 230.286 47.8883 233.896 3.80588 1 -0.77085
7525 46.8433 230.286 44.8987 234.883 3.83136 1 -0.38575
7541 46.844 230.286 46.992 232.984 3.80705 1 -0.22345
7549 46.844 230.286 47.3178 234.465 3.78051 1 0.31331
7553 46.844 230.286 47.8728 231.803 3.71808 1 0.14848
7556 46.844 230.286 48.2047 229.995 3.73719 1 -0.04139
7560 46.844 230.286 48.151 232.913 3.77581 1 -0.53494
7562 46.844 230.286 48.4811 232.171 3.72265 1 0.1546
7567 46.844 230.286 49.1504 233.278 3.65193 1 2.20574
7570 46.844 230.286 47.8884 233.895 3.7901 1 -0.44735
7576 46.844 230.286 45.5287 235.074 3.79271 1 0.42603
7691 47.1295 229.349 46.992 232.984 3.80174 1 -0.61995
7693 47.1295 229.349 47.1643 232.078 3.76559 1 -0.24063
7695 47.1295 229.349 47.3358 231.189 3.78622 1 -0.57155
7699 47.1295 229.349 47.3178 234.465 3.82375 1 -1.3674
7703 47.1295 229.349 47.8728 231.803 3.70438 1 0.40409
7710 47.1295 229.349 48.151 232.913 3.75481 1 -0.34139
7712 47.1295 229.349 48.4811 232.171 3.74192 1 -0.17492
7713 47.1295 229.349 48.627 231.261 3.73205 1 0.15867
7717 47.1295 229.349 49.1504 233.278 3.69036 1 1.41395
7720 47.1295 229.349 47.8884 233.895 3.7437 1 0.20261
7724 47.1295 229.349 46.1735 235.065 3.77914 1 0.61704
7726 47.1295 229.349 45.5287 235.074 3.80698 1 -0.33453
7744 46.6402 234.701 47.5305 230.292 3.78375 1 -0.07012
7750 46.6402 234.701 47.8725 231.803 3.80965 1 -0.2955
7752 46.6402 234.701 48.2065 229.997 3.76003 1 0.44069
7764 46.6402 234.701 49.1504 233.278 3.6756 1 2.54499
7767 46.6402 234.701 47.8883 233.896 3.82854 1 -0.18497
7843 46.797 233.836 47.8725 231.803 3.81307 1 -0.30887
7845 46.797 233.836 48.2065 229.997 3.77052 1 0.02981
7852 46.797 233.836 48.481 232.171 3.81858 1 -0.60368
7857 46.797 233.836 49.1504 233.278 3.78639 1 0.05171
7934 46.992 232.984 48.2065 229.997 3.7969 1 -0.60428
7941 46.992 232.984 48.481 232.171 3.77827 1 -0.11343
7957 46.992 232.984 44.8987 234.883 3.75876 1 0.99768
7968 46.992 232.984 47.3358 231.189 3.80074 1 -0.10641
7970 46.992 232.984 47.5315 230.292 3.75458 1 0.13997
7972 46.992 232.984 47.3178 234.465 3.94528 1 -0.97137
7976 46.992 232.984 47.8728 231.803 3.92829 1 -1.33105
7979 46.992 232.984 48.2047 229.995 3.75453 1 0.17515
7986 46.992 232.984 48.627 231.261 3.77972 1 -0.27492
7997 46.992 232.984 46.1735 235.065 3.8007 1 0.1507
7999 46.992 232.984 45.5287 235.074 3.81298 1 -0.04099
8019 47.1642 232.078 48.2065 229.997 3.81703 1 -0.91245
8031 47.1642 232.078 49.1504 233.278 3.75674 1 0.10553
8042 47.1642 232.078 44.8987 234.883 3.79463 1 0.63946
8053 47.1643 232.078 47.5315 230.292 3.73381 1 0.07862
8062 47.1643 232.078 48.2047 229.995 3.7863 1 -0.49885
8073 47.1643 232.078 49.1504 233.278 3.72179 1 0.70133
8080 47.1643 232.078 46.1735 235.065 3.78558 1 0.60339
8082 47.1643 232.078 45.5287 235.074 3.83923 1 -0.44217
8094 47.3358 231.188 47.3188 234.466 3.82457 1 -0.54086
8100 47.3358 231.188 48.2065 229.997 3.71511 1 0.22014
8134 47.3358 231.189 47.3178 234.465 3.84041 1 -0.80692
8145 47.3358 231.189 48.151 232.913 3.83781 1 -0.89299
8148 47.3358 231.189 48.627 231.261 3.77391 1 -0.36288
8152 47.3358 231.189 49.1504 233.278 3.69293 1 1.13788
8157 47.3358 231.189 45.5584 234.808 3.47543 1 8.59853
8159 47.3358 231.189 46.1735 235.065 3.79933 1 0.31875
8161 47.3358 231.189 45.5287 235.074 3.81827 1 -0.24285
8173 47.5305 230.292 47.5096 233.585 3.77236 1 -0.18349
8182 47.5305 230.292 48.15 232.916 3.79049 1 -0.70657
8189 47.5305 230.292 49.1504 233.278 3.63064 1 2.35495
8192 47.5305 230.292 47.8883 233.896 3.79234 1 -0.68435
8200 47.5305 230.292 44.8987 234.883 3.83959 1 -0.88688
8209 47.5315 230.292 47.3178 234.465 3.79711 1 -0.45361
8220 47.5315 230.292 48.151 232.913 3.75524 1 -0.19102
8222 47.5315 230.292 48.4811 232.171 3.74097 1 -0.10913
8227 47.5315 230.292 49.1504 233.278 3.6883 1 1.12511
8230 47.5315 230.292 47.8884 233.895 3.77574 1 -0.36732
8232 47.5315 230.292 45.5584 234.808 3.57835 1 6.49479
8234 47.5315 230.292 46.1735 235.065 3.76175 1 0.95132
8250 47.3188 234.466 48.2065 229.997 3.77387 1 -0.18124
8284 47.3178 234.465 47.8728 231.803 3.7915 1 -0.11383
8291 47.3178 234.465 48.151 232.913 3.75984 1 0.34078
8293 47.3178 234.465 48.4811 232.171 3.7782 1 0.01855
8319 47.5096 233.585 48.2065 229.997 3.75848 1 -0.05663
8407 47.8725 231.803 44.8987 234.883 3.80913 1 -0.22843
8417 47.8728 231.803 48.2047 229.995 3.74594 1 -0.04034
8428 47.8728 231.803 49.1504 233.278 3.71602 1 0.47385
8435 47.8728 231.803 46.1735 235.065 3.83654 1 -0.93745
8437 47.8728 231.803 45.5287 235.074 3.80395 1 -0.14779
8450 48.2065 229.997 48.15 232.916 3.73216 1 0.20718
8468 48.2065 229.997 44.8987 234.883 3.78548 1 0.46019
8508 48.2047 229.995 48.151 232.913 3.76488 1 -0.29906
8515 48.2047 229.995 49.1504 233.278 3.7043 1 1.07962
8518 48.2047 229.995 47.8884 233.895 3.77562 1 -0.46378
8522 48.2047 229.995 46.1735 235.065 3.76477 1 0.54638
8524 48.2047 229.995 45.5287 235.074 3.79441 1 -0.13565
8603 48.15 232.916 44.8987 234.883 3.78429 1 0.09877
8626 48.151 232.913 45.5287 235.074 3.71783 1 1.73567
8650 48.481 232.171 44.8987 234.883 3.77869 1 0.23712
8662 48.4811 232.171 49.1504 233.278 3.63751 1 0.97083
8671 48.4811 232.171 45.5287 235.074 3.69206 1 2.63271
8798 47.8883 233.896 44.8987 234.883 3.79619 1 -0.06568
8811 47.8884 233.895 45.5287 235.074 3.78378 1 0.21205
