1055 46.8981 235.006 44.5342 231.962 3.70047 1 -1.07738
1071 46.8981 235.006 45.0617 232.843 3.6741 1 -1.28933
1074 46.8981 235.006 45.1731 231.994 3.69432 1 -0.48062
1086 46.8981 235.006 45.4995 233.732 3.50653 1 0.79971
1088 46.8981 235.006 45.6865 232.875 3.63776 1 -0.08573
1090 46.8981 235.006 45.8635 232.015 3.65795 1 0.31394
1102 46.8981 235.006 46.324 232.959 3.58225 1 0.59225
1104 46.8981 235.006 46.5209 232.095 3.42372 1 4.36865
1106 46.8981 235.006 46.6645 231.211 3.72185 1 -0.77305
1111 46.8981 235.006 47.1295 229.349 3.54467 1 3.95802
1121 46.8981 235.006 47.3358 231.189 3.6751 1 -0.07623
1123 46.8981 235.006 47.5315 230.292 3.66835 1 -0.18661
1129 46.8981 235.006 47.8728 231.803 3.62941 1 0.14082
1136 46.8981 235.006 48.151 232.913 3.57336 1 0.22557
1138 46.8981 235.006 48.4811 232.171 3.60289 1 -0.17906
1182 46.8205 234.955 44.8438 230.319 3.76676 1 -1.67405
1195 46.8205 234.955 45.0617 232.843 3.70857 1 -2.00446
1198 46.8205 234.955 45.1731 231.994 3.72808 1 -1.19379
1214 46.8205 234.955 45.8635 232.015 3.73747 1 -1.06625
1218 46.8205 234.955 46.1761 230.356 3.75854 1 -2.04028
1222 46.8205 234.955 45.9323 234.701 3.57981 1 -0.21356
1228 46.8205 234.955 46.5209 232.095 3.73825 1 -1.20403
1230 46.8205 234.955 46.6645 231.211 3.75009 1 -1.36629
1235 46.8205 234.955 47.1295 229.349 3.72304 1 -1.81192
1241 46.8205 234.955 46.992 232.984 3.69403 1 -0.77713
1260 46.8205 234.955 48.151 232.913 3.64963 1 -0.97579
1262 46.8205 234.955 48.4811 232.171 3.64825 1 -1.07809
1263 46.8205 234.955 48.627 231.261 3.70882 1 -2.39439
1424 46.8887 234.881 44.5342 231.962 3.72128 1 -1.53187
1427 46.8887 234.881 44.8438 230.319 3.73617 1 -0.63028
1440 46.8887 234.881 45.0617 232.843 3.71397 1 -1.96857
1443 46.8887 234.881 45.1731 231.994 3.69186 1 -0.31041
1453 46.8887 234.881 45.307 234.585 3.31373 1 3.14932
1461 46.8887 234.881 46.0389 231.146 3.77836 1 -1.91657
1473 46.8887 234.881 46.5209 232.095 3.76748 1 -1.56752
1475 46.8887 234.881 46.6645 231.211 3.74716 1 -1.18777
1477 46.8887 234.881 46.844 230.286 3.72943 1 -1.38388
1488 46.8887 234.881 47.1643 232.078 3.77739 1 -1.67528
1490 46.8887 234.881 47.3358 231.189 3.70936 1 -0.67178
1492 46.8887 234.881 47.5315 230.292 3.74853 1 -2.1496
1507 46.8887 234.881 48.4811 232.171 3.66043 1 -1.24973
1545 47.0004 234.699 44.5342 231.962 3.74959 1 -1.81658
1561 47.0004 234.699 45.0617 232.843 3.71241 1 -1.64902
1564 47.0004 234.699 45.1731 231.994 3.71275 1 -0.54211
1566 47.0004 234.699 45.4261 231.09 3.71408 1 0.18758
1569 47.0004 234.699 45.7145 229.397 3.66667 1 0.3338
1582 47.0004 234.699 46.0389 231.146 3.6939 1 0.00915
1584 47.0004 234.699 46.1761 230.356 3.68789 1 0.00714
1590 47.0004 234.699 46.137 233.827 3.64435 1 -0.41974
1592 47.0004 234.699 46.324 232.959 3.7012 1 -0.72365
1598 47.0004 234.699 46.844 230.286 3.71031 1 -0.787
1601 47.0004 234.699 47.1295 229.349 3.69682 1 -0.95128
1609 47.0004 234.699 47.1643 232.078 3.75059 1 -1.13659
1611 47.0004 234.699 47.3358 231.189 3.6861 1 -0.10947
1613 47.0004 234.699 47.5315 230.292 3.69393 1 -0.69679
1626 47.0004 234.699 48.151 232.913 3.58539 1 0.12305
1628 47.0004 234.699 48.4811 232.171 3.60021 1 0.03503
1629 47.0004 234.699 48.627 231.261 3.66817 1 -1.16135
1636 47.0004 234.699 47.8884 233.895 3.4878 1 0.77577
1683 46.0248 235.035 45.1757 231.992 3.45597 1 3.27985
1685 46.0248 235.035 45.4242 231.093 3.64112 1 0.75652
1697 46.0248 235.035 45.6855 232.877 3.41161 1 2.31309
1703 46.0248 235.035 46.176 230.356 3.53713 1 4.01448
1715 46.0248 235.035 46.6639 231.212 3.80972 1 -2.69094
1738 46.0248 235.035 47.8725 231.803 3.81708 1 -3.66774
1916 46.7996 234.484 45.0636 232.844 3.68234 1 -0.95162
1920 46.7996 234.484 45.1757 231.992 3.69361 1 0.10166
1934 46.7996 234.484 45.6855 232.877 3.65897 1 -0.08221
1975 46.7996 234.484 47.8725 231.803 3.70468 1 -0.71031
1977 46.7996 234.484 48.2065 229.997 3.72172 1 -1.49842
1992 46.7996 234.484 47.8883 233.896 3.25401 1 3.58356
2921 44.1777 233.728 44.8459 230.318 3.83903 1 -2.09124
2974 44.1777 233.728 47.1282 229.362 3.76706 1 -1.90966
2995 44.1777 233.728 48.2054 229.998 3.7374 1 -1.14845
3026 44.179 233.729 44.3604 232.892 3.96652 1 -1.28529
3031 44.179 233.729 44.8274 230.32 3.84688 1 -2.25012
3044 44.179 233.729 45.0301 232.844 3.76087 1 -0.53842
3136 44.3542 232.905 44.8459 230.318 3.81548 1 -1.06107
3189 44.3542 232.905 47.1282 229.362 3.72676 1 -0.53558
3210 44.3542 232.905 48.2054 229.998 3.73175 1 -0.80514
3236 44.3542 232.905 44.2497 234.941 3.72655 1 -0.56471
3244 44.3604 232.892 44.8274 230.32 3.83596 1 -1.35196
3251 44.3604 232.892 44.6577 234.533 3.74926 1 -0.8482
3348 44.5342 231.962 44.8438 230.319 3.81914 1 -0.68131
3366 44.5342 231.962 45.4261 231.09 3.79295 1 -0.26027
3369 44.5342 231.962 45.7145 229.397 3.75885 1 -0.80153
3376 44.5342 231.962 45.4995 233.732 3.8236 1 -1.539
3382 44.5342 231.962 46.0389 231.146 3.80771 1 -0.49212
3384 44.5342 231.962 46.1761 230.356 3.76536 1 -0.52594
3390 44.5342 231.962 46.137 233.827 3.7595 1 -0.98163
3392 44.5342 231.962 46.324 232.959 3.75561 1 0.21844
3394 44.5342 231.962 46.5209 232.095 3.79929 1 -0.27112
3396 44.5342 231.962 46.6645 231.211 3.79535 1 -0.55468
3398 44.5342 231.962 46.844 230.286 3.72724 1 -0.18248
3401 44.5342 231.962 47.1295 229.349 3.7396 1 -1.16156
3403 44.5342 231.962 46.6411 234.701 3.72578 1 -1.5564
3407 44.5342 231.962 46.992 232.984 3.79186 1 -0.55989
3409 44.5342 231.962 47.1643 232.078 3.79645 1 -0.38333
3411 44.5342 231.962 47.3358 231.189 3.74806 1 -0.0067
3413 44.5342 231.962 47.5315 230.292 3.71461 1 -0.2428
3415 44.5342 231.962 47.3178 234.465 3.70385 1 -0.2614
3419 44.5342 231.962 47.8728 231.803 3.79769 1 -0.87315
3429 44.5342 231.962 48.627 231.261 3.73598 1 -0.23042
3433 44.5342 231.962 49.1504 233.278 3.68125 1 1.02718
3436 44.5342 231.962 47.8884 233.895 3.72876 1 -0.27508
3440 44.5342 231.962 46.1735 235.065 3.7169 1 -2.23841
3442 44.5342 231.962 45.5287 235.074 3.69206 1 -1.26599
3463 44.844 230.317 45.0636 232.844 3.79747 1 -0.57359
3467 44.844 230.317 45.1757 231.992 3.85396 1 -1.00528
3471 44.844 230.317 45.5531 230.327 3.56111 1 0.77889
3479 44.844 230.317 45.4989 233.733 3.79857 1 -1.43028
3481 44.844 230.317 45.6855 232.877 3.77665 1 -0.28288
3483 44.844 230.317 45.8642 232.015 3.73686 1 0.31184
3485 44.844 230.317 46.0395 231.147 3.70915 1 0.13528
3487 44.844 230.317 46.176 230.356 3.60381 1 0.74719
3491 44.844 230.317 45.9331 234.7 3.77739 1 -2.70446
3493 44.844 230.317 46.1378 233.828 3.75831 1 -0.40955
3495 44.844 230.317 46.323 232.961 3.75074 1 0.12657
3499 44.844 230.317 46.6639 231.212 3.66059 1 0.6491
3501 44.844 230.317 46.8433 230.286 3.58847 1 1.11547
3506 44.844 230.317 46.6402 234.701 3.73969 1 -0.65602
3508 44.844 230.317 46.797 233.836 3.7493 1 -0.21391
3510 44.844 230.317 46.992 232.984 3.80117 1 -0.79528
3512 44.844 230.317 47.1642 232.078 3.7252 1 0.16887
3514 44.844 230.317 47.3358 231.188 3.64061 1 0.75745
3516 44.844 230.317 47.5305 230.292 3.63759 1 0.15725
3518 44.844 230.317 47.3188 234.466 3.7097 1 0.26929
3520 44.844 230.317 47.5096 233.585 3.77867 1 -0.81089
3522 44.844 230.317 47.8725 231.803 3.68854 1 0.22769
3524 44.844 230.317 48.2065 229.997 3.64092 1 0.02448
3529 44.844 230.317 48.15 232.916 3.76032 1 -1.0562
3531 44.844 230.317 48.481 232.171 3.73631 1 -1.44179
3536 44.844 230.317 49.1504 233.278 3.67189 1 0.48528
3539 44.844 230.317 47.8883 233.896 3.73992 1 -0.18897
3547 44.844 230.317 44.8987 234.883 3.74111 1 -1.24534
3564 44.8459 230.318 44.8476 233.693 3.79498 1 -1.0739
3567 44.8459 230.318 45.0631 232.845 3.80772 1 -0.7166
3607 44.8459 230.318 47.1282 229.362 3.58352 1 1.28092
3628 44.8459 230.318 48.2054 229.998 3.64047 1 0.03544
3670 44.8438 230.319 45.0617 232.843 3.79906 1 -0.59403
3673 44.8438 230.319 45.1731 231.994 3.85695 1 -1.03094
3675 44.8438 230.319 45.4261 231.09 3.55406 1 1.14083
3678 44.8438 230.319 45.7145 229.397 3.61861 1 0.44614
3685 44.8438 230.319 45.4995 233.732 3.80169 1 -1.48727
3687 44.8438 230.319 45.6865 232.875 3.78711 1 -0.44256
3689 44.8438 230.319 45.8635 232.015 3.73108 1 0.38504
3691 44.8438 230.319 46.0389 231.146 3.70493 1 0.18125
3693 44.8438 230.319 46.1761 230.356 3.58875 1 0.92052
3697 44.8438 230.319 45.9323 234.701 3.78042 1 -2.78433
3699 44.8438 230.319 46.137 233.827 3.7712 1 -0.69082
3701 44.8438 230.319 46.324 232.959 3.75263 1 0.09371
3703 44.8438 230.319 46.5209 232.095 3.74265 1 0.23037
3705 44.8438 230.319 46.6645 231.211 3.66845 1 0.5245
3707 44.8438 230.319 46.844 230.286 3.5779 1 1.30007
3710 44.8438 230.319 47.1295 229.349 3.58066 1 1.34108
3716 44.8438 230.319 46.992 232.984 3.77561 1 -0.23011
3718 44.8438 230.319 47.1643 232.078 3.73082 1 0.05267
3720 44.8438 230.319 47.3358 231.189 3.6419 1 0.73326
3722 44.8438 230.319 47.5315 230.292 3.64429 1 0.00712
3724 44.8438 230.319 47.3178 234.465 3.71289 1 0.17391
3728 44.8438 230.319 47.8728 231.803 3.69624 1 0.03009
3731 44.8438 230.319 48.2047 229.995 3.6435 1 -0.04716
3735 44.8438 230.319 48.151 232.913 3.77262 1 -1.4188
3737 44.8438 230.319 48.4811 232.171 3.73698 1 -1.45857
3738 44.8438 230.319 48.627 231.261 3.61167 1 1.4348
3745 44.8438 230.319 47.8884 233.895 3.75599 1 -0.68595
3749 44.8438 230.319 46.1735 235.065 3.65496 1 0.56812
3751 44.8438 230.319 45.5287 235.074 3.77051 1 -3.11497
3766 44.8274 230.32 44.6577 234.533 3.75221 1 -0.99599
3768 44.8274 230.32 44.8489 233.692 3.79446 1 -1.06102
3772 44.8274 230.32 45.0301 232.844 3.79606 1 -0.54655
4363 44.6534 234.535 45.5519 230.328 3.73545 1 -0.68326
4379 44.6534 234.535 46.1761 230.356 3.73094 1 -0.73008
4383 44.6534 234.535 45.9323 234.701 3.30078 1 2.76536
4389 44.6534 234.535 46.5209 232.095 3.71002 1 -1.35913
4396 44.6534 234.535 47.1295 229.349 3.7658 1 -3.18924
4402 44.6534 234.535 46.992 232.984 3.65886 1 -1.24905
4404 44.6534 234.535 47.1643 232.078 3.69722 1 -1.2196
4414 44.6534 234.535 47.8728 231.803 3.69868 1 -1.39129
4424 44.6534 234.535 48.627 231.261 3.69002 1 -1.56025
4451 44.6577 234.533 45.0301 232.844 3.70703 1 -0.68291
4582 44.8476 233.693 47.1282 229.362 3.78773 1 -2.44107
4603 44.8476 233.693 48.2054 229.998 3.74869 1 -2.07017
4636 44.8489 233.692 45.0301 232.844 3.86464 1 -0.88026
4730 45.0636 232.844 45.4242 231.093 3.79488 1 -0.25971
4732 45.0636 232.844 45.5531 230.327 3.77589 1 -0.28558
4742 45.0636 232.844 45.6855 232.877 3.82647 1 -0.42193
4744 45.0636 232.844 45.8642 232.015 3.80462 1 -0.08007
4746 45.0636 232.844 46.0395 231.147 3.89949 1 -1.3358
4748 45.0636 232.844 46.176 230.356 3.78786 1 -0.62284
4754 45.0636 232.844 46.1378 233.828 3.80798 1 -1.62859
4756 45.0636 232.844 46.323 232.961 3.90295 1 -1.70262
4758 45.0636 232.844 46.5209 232.095 3.72339 1 0.58294
4760 45.0636 232.844 46.6639 231.212 3.81055 1 -0.51319
4762 45.0636 232.844 46.8433 230.286 3.80332 1 -1.35092
4767 45.0636 232.844 46.6402 234.701 3.6871 1 -1.17424
4773 45.0636 232.844 47.1642 232.078 3.7708 1 -0.18604
4775 45.0636 232.844 47.3358 231.188 3.74827 1 0.1942
4777 45.0636 232.844 47.5305 230.292 3.74474 1 -0.4836
4779 45.0636 232.844 47.3188 234.466 3.68124 1 -0.86702
4783 45.0636 232.844 47.8725 231.803 3.76919 1 -0.38702
4785 45.0636 232.844 48.2065 229.997 3.71961 1 -0.14848
4790 45.0636 232.844 48.15 232.916 3.74793 1 -0.74794
4792 45.0636 232.844 48.481 232.171 3.79583 1 -1.88634
4800 45.0636 232.844 47.8883 233.896 3.63953 1 0.80232
4808 45.0636 232.844 44.8987 234.883 3.68806 1 -0.93843
4855 45.0631 232.845 47.1282 229.362 3.76265 1 -1.25758
4876 45.0631 232.845 48.2054 229.998 3.71803 1 -0.10055
4910 45.0617 232.843 45.4261 231.09 3.79592 1 -0.2705
4912 45.0617 232.843 45.5519 230.328 3.77907 1 -0.33082
4913 45.0617 232.843 45.7145 229.397 3.72862 1 -0.04048
4918 45.0617 232.843 45.307 234.585 3.93493 1 -3.38598
4920 45.0617 232.843 45.4995 233.732 3.86858 1 -1.35728
4922 45.0617 232.843 45.6865 232.875 3.8384 1 -0.47791
4924 45.0617 232.843 45.8635 232.015 3.80723 1 -0.10031
4926 45.0617 232.843 46.0389 231.146 3.87771 1 -1.09005
4928 45.0617 232.843 46.1761 230.356 3.78852 1 -0.63546
4934 45.0617 232.843 46.137 233.827 3.76885 1 -1.23961
4936 45.0617 232.843 46.324 232.959 3.89676 1 -1.64329
4938 45.0617 232.843 46.5209 232.095 3.73076 1 0.49808
4940 45.0617 232.843 46.6645 231.211 3.80856 1 -0.48505
4942 45.0617 232.843 46.844 230.286 3.80595 1 -1.40469
4945 45.0617 232.843 47.1295 229.349 3.77318 1 -1.52695
4947 45.0617 232.843 46.6411 234.701 3.70397 1 -1.45271
4951 45.0617 232.843 46.992 232.984 3.57554 1 2.55343
4953 45.0617 232.843 47.1643 232.078 3.76179 1 -0.02987
4955 45.0617 232.843 47.3358 231.189 3.75596 1 0.04341
4957 45.0617 232.843 47.5315 230.292 3.74159 1 -0.40918
4959 45.0617 232.843 47.3178 234.465 3.682 1 -0.87772
4963 45.0617 232.843 47.8728 231.803 3.77537 1 -0.52441
4966 45.0617 232.843 48.2047 229.995 3.7198 1 -0.15637
4970 45.0617 232.843 48.151 232.913 3.75916 1 -1.01531
4972 45.0617 232.843 48.4811 232.171 3.80675 1 -2.17302
4973 45.0617 232.843 48.627 231.261 3.73299 1 -0.1897
4977 45.0617 232.843 49.1504 233.278 3.54849 1 4.29955
4980 45.0617 232.843 47.8884 233.895 3.64482 1 0.67753
4984 45.0617 232.843 46.1735 235.065 3.68814 1 -1.93298
4986 45.0617 232.843 45.5287 235.074 3.65131 1 -1.24334
5086 45.1757 231.992 45.5531 230.327 3.78548 1 -0.35956
5094 45.1757 231.992 45.4989 233.733 3.78894 1 -0.89687
5098 45.1757 231.992 45.8642 232.015 3.79771 1 0.00785
5100 45.1757 231.992 46.0395 231.147 3.8316 1 -0.35568
5102 45.1757 231.992 46.176 230.356 3.83304 1 -1.16329
5108 45.1757 231.992 46.1378 233.828 3.75176 1 -0.38708
5110 45.1757 231.992 46.323 232.961 3.72114 1 0.44266
5112 45.1757 231.992 46.5209 232.095 3.78643 1 -0.17988
5114 45.1757 231.992 46.6639 231.212 3.80253 1 -0.44898
5116 45.1757 231.992 46.8433 230.286 3.72438 1 -0.05937
5121 45.1757 231.992 46.6402 234.701 3.72195 1 -0.74918
5129 45.1757 231.992 47.3358 231.188 3.74744 1 -0.09202
5131 45.1757 231.992 47.5305 230.292 3.71209 1 -0.10152
5133 45.1757 231.992 47.3188 234.466 3.68454 1 0.30869
5137 45.1757 231.992 47.8725 231.803 3.80984 1 -1.13789
5139 45.1757 231.992 48.2065 229.997 3.70167 1 -0.2258
5146 45.1757 231.992 48.481 232.171 3.70979 1 0.7078
5154 45.1757 231.992 47.8883 233.896 3.77835 1 -1.57207
5162 45.1757 231.992 44.8987 234.883 3.71781 1 -1.08373
5173 45.1731 231.994 45.5519 230.328 3.80116 1 -0.5097
5174 45.1731 231.994 45.7145 229.397 3.70392 1 0.14216
5187 45.1731 231.994 46.0389 231.146 3.83424 1 -0.38078
5189 45.1731 231.994 46.1761 230.356 3.85874 1 -1.46264
5193 45.1731 231.994 45.9323 234.701 3.72834 1 -1.63493
5195 45.1731 231.994 46.137 233.827 3.74324 1 -0.28027
5197 45.1731 231.994 46.324 232.959 3.69442 1 0.73339
5199 45.1731 231.994 46.5209 232.095 3.77751 1 -0.0838
5201 45.1731 231.994 46.6645 231.211 3.8077 1 -0.51156
5203 45.1731 231.994 46.844 230.286 3.71708 1 0.06131
5206 45.1731 231.994 47.1295 229.349 3.69941 1 -0.08784
5212 45.1731 231.994 46.992 232.984 3.79836 1 -0.55901
5216 45.1731 231.994 47.3358 231.189 3.73225 1 0.18199
5218 45.1731 231.994 47.5315 230.292 3.71584 1 -0.17988
5220 45.1731 231.994 47.3178 234.465 3.68547 1 0.28902
5224 45.1731 231.994 47.8728 231.803 3.8238 1 -1.42512
5227 45.1731 231.994 48.2047 229.995 3.70753 1 -0.38309
5233 45.1731 231.994 48.4811 232.171 3.7091 1 0.73094
5234 45.1731 231.994 48.627 231.261 3.71886 1 0.04724
5241 45.1731 231.994 47.8884 233.895 3.76319 1 -1.21378
5245 45.1731 231.994 46.1735 235.065 3.63498 1 -0.1839
5265 45.4242 231.093 45.4989 233.733 3.89987 1 -2.44479
5273 45.4242 231.093 46.176 230.356 3.70011 1 0.01488
5277 45.4242 231.093 45.9331 234.7 3.8009 1 -2.38834
5279 45.4242 231.093 46.1378 233.828 3.77517 1 -0.36109
5281 45.4242 231.093 46.323 232.961 3.77138 1 0.19176
5283 45.4242 231.093 46.5209 232.095 3.8045 1 -0.33447
5285 45.4242 231.093 46.6639 231.212 3.77834 1 -0.42255
5287 45.4242 231.093 46.8433 230.286 3.6698 1 0.13099
5292 45.4242 231.093 46.6402 234.701 3.78608 1 -1.21676
5294 45.4242 231.093 46.797 233.836 3.73335 1 0.3404
5296 45.4242 231.093 46.992 232.984 3.81141 1 -0.66711
5298 45.4242 231.093 47.1642 232.078 3.74809 1 0.1724
5300 45.4242 231.093 47.3358 231.188 3.77744 1 -1.06047
5302 45.4242 231.093 47.5305 230.292 3.64422 1 0.3335
5306 45.4242 231.093 47.5096 233.585 3.78318 1 -0.74288
5308 45.4242 231.093 47.8725 231.803 3.75005 1 -0.40301
5310 45.4242 231.093 48.2065 229.997 3.65927 1 -0.1591
5317 45.4242 231.093 48.481 232.171 3.7404 1 -0.59342
5325 45.4242 231.093 47.8883 233.896 3.74007 1 -0.22506
5343 45.4261 231.09 45.7145 229.397 3.66513 1 0.16053
5348 45.4261 231.09 45.307 234.585 3.8529 1 -3.43811
5350 45.4261 231.09 45.4995 233.732 3.88532 1 -2.2443
5358 45.4261 231.09 46.1761 230.356 3.68208 1 0.14819
5362 45.4261 231.09 45.9323 234.701 3.81746 1 -2.71439
5364 45.4261 231.09 46.137 233.827 3.76357 1 -0.17369
5366 45.4261 231.09 46.324 232.959 3.76214 1 0.30309
5370 45.4261 231.09 46.6645 231.211 3.77065 1 -0.34957
5372 45.4261 231.09 46.844 230.286 3.67836 1 0.01971
5375 45.4261 231.09 47.1295 229.349 3.66979 1 -0.13489
5377 45.4261 231.09 46.6411 234.701 3.74926 1 -0.4106
5381 45.4261 231.09 46.992 232.984 3.79458 1 -0.40191
5383 45.4261 231.09 47.1643 232.078 3.75569 1 0.05898
5385 45.4261 231.09 47.3358 231.189 3.8196 1 -1.68174
5387 45.4261 231.09 47.5315 230.292 3.63779 1 0.44724
5389 45.4261 231.09 47.3178 234.465 3.71224 1 0.03758
5391 45.4261 231.09 47.5111 233.583 3.81681 1 -1.44105
5393 45.4261 231.09 47.8728 231.803 3.74791 1 -0.36373
5396 45.4261 231.09 48.2047 229.995 3.65789 1 -0.1312
5400 45.4261 231.09 48.151 232.913 3.75768 1 -0.46852
5402 45.4261 231.09 48.4811 232.171 3.75883 1 -1.05507
5403 45.4261 231.09 48.627 231.261 3.66929 1 0.37787
5407 45.4261 231.09 49.1504 233.278 3.62353 1 2.23505
5410 45.4261 231.09 47.8884 233.895 3.77613 1 -1.11369
5416 45.4261 231.09 45.5287 235.074 3.71231 1 -1.66317
5432 45.5531 230.327 45.4989 233.733 3.82423 1 -1.76646
5434 45.5531 230.327 45.6855 232.877 3.83294 1 -0.79554
5436 45.5531 230.327 45.8642 232.015 3.86369 1 -0.92192
5446 45.5531 230.327 46.1378 233.828 3.7485 1 -0.02398
5448 45.5531 230.327 46.323 232.961 3.79042 1 -0.47693
5450 45.5531 230.327 46.5209 232.095 3.69004 1 0.49207
5454 45.5531 230.327 46.8433 230.286 3.53833 1 1.03977
5459 45.5531 230.327 46.6402 234.701 3.77374 1 -1.40268
5461 45.5531 230.327 46.797 233.836 3.76575 1 -0.60176
5463 45.5531 230.327 46.992 232.984 3.73643 1 0.05377
5465 45.5531 230.327 47.1642 232.078 3.80523 1 -1.4893
5467 45.5531 230.327 47.3358 231.188 3.60744 1 0.67466
5469 45.5531 230.327 47.5305 230.292 3.59769 1 0.49369
5471 45.5531 230.327 47.3188 234.466 3.71568 1 -0.1865
5473 45.5531 230.327 47.5096 233.585 3.74697 1 -0.49795
5475 45.5531 230.327 47.8725 231.803 3.63985 1 0.72935
5477 45.5531 230.327 48.2065 229.997 3.62847 1 0.03071
5482 45.5531 230.327 48.15 232.916 3.7425 1 -1.05625
5500 45.5531 230.327 44.8987 234.883 3.7376 1 -1.27647
5515 45.5519 230.328 45.4995 233.732 3.81859 1 -1.66075
5517 45.5519 230.328 45.6865 232.875 3.80997 1 -0.4806
5527 45.5519 230.328 45.9323 234.701 3.81178 1 -2.83137
5529 45.5519 230.328 46.137 233.827 3.75 1 -0.05304
5531 45.5519 230.328 46.324 232.959 3.78995 1 -0.46832
5533 45.5519 230.328 46.5209 232.095 3.68763 1 0.52512
5535 45.5519 230.328 46.6645 231.211 3.67748 1 0.00031
5537 45.5519 230.328 46.844 230.286 3.54327 1 0.98624
5540 45.5519 230.328 47.1295 229.349 3.59799 1 0.49806
5546 45.5519 230.328 46.992 232.984 3.74186 1 -0.04433
5548 45.5519 230.328 47.1643 232.078 3.69979 1 0.19228
5550 45.5519 230.328 47.3358 231.189 3.60787 1 0.6717
5552 45.5519 230.328 47.5315 230.292 3.58452 1 0.72043
5554 45.5519 230.328 47.3178 234.465 3.7146 1 -0.15299
5556 45.5519 230.328 47.5111 233.583 3.77245 1 -1.09337
5558 45.5519 230.328 47.8728 231.803 3.63776 1 0.77727
5561 45.5519 230.328 48.2047 229.995 3.62509 1 0.10602
5565 45.5519 230.328 48.151 232.913 3.74237 1 -1.0524
5568 45.5519 230.328 48.627 231.261 3.55507 1 2.25306
5581 45.5519 230.328 45.5287 235.074 3.71521 1 -1.60668
5596 45.7145 229.397 45.4995 233.732 3.77547 1 -1.56805
5600 45.7145 229.397 45.8635 232.015 3.80269 1 -1.32285
5602 45.7145 229.397 46.0389 231.146 3.62195 1 0.283
5608 45.7145 229.397 45.9323 234.701 3.73423 1 -1.57524
5610 45.7145 229.397 46.137 233.827 3.71464 1 -0.054
5612 45.7145 229.397 46.324 232.959 3.72423 1 -0.41549
5616 45.7145 229.397 46.6645 231.211 3.55877 1 1.08189
5621 45.7145 229.397 47.1295 229.349 3.63546 1 0.00266
5627 45.7145 229.397 46.992 232.984 3.66315 1 0.76075
5629 45.7145 229.397 47.1643 232.078 3.62961 1 0.70131
5631 45.7145 229.397 47.3358 231.189 3.53035 1 1.60941
5633 45.7145 229.397 47.5315 230.292 3.56162 1 1.01724
5635 45.7145 229.397 47.3178 234.465 3.65514 1 0.72372
5637 45.7145 229.397 47.5111 233.583 3.70684 1 -0.38001
5639 45.7145 229.397 47.8728 231.803 3.58142 1 1.30721
5642 45.7145 229.397 48.2047 229.995 3.62066 1 0.25469
5646 45.7145 229.397 48.151 232.913 3.62227 1 0.95596
5648 45.7145 229.397 48.4811 232.171 3.5897 1 1.24615
5649 45.7145 229.397 48.627 231.261 3.5772 1 1.36966
5662 45.7145 229.397 45.5287 235.074 3.68383 1 -0.97501
5917 45.3057 234.585 46.176 230.356 3.83745 1 -4.15094
5923 45.3057 234.585 46.1378 233.828 3.4583 1 0.55766
5929 45.3057 234.585 46.6639 231.212 3.83662 1 -3.9069
5931 45.3057 234.585 46.8433 230.286 3.83059 1 -4.64542
5940 45.3057 234.585 46.992 232.984 3.72959 1 -2.0295
5950 45.3057 234.585 47.5096 233.585 3.60807 1 -0.67833
5992 45.307 234.585 46.0389 231.146 3.83679 1 -3.39251
6066 45.4989 233.733 46.0395 231.147 3.79029 1 -1.02331
6068 45.4989 233.733 46.176 230.356 3.76765 1 -1.12946
6078 45.4989 233.733 46.5209 232.095 3.84438 1 -1.77596
6080 45.4989 233.733 46.6639 231.212 3.75657 1 -0.75639
6082 45.4989 233.733 46.8433 230.286 3.74768 1 -1.10283
6091 45.4989 233.733 46.992 232.984 3.7344 1 -0.97801
6093 45.4989 233.733 47.1642 232.078 3.75684 1 -0.78805
6095 45.4989 233.733 47.3358 231.188 3.79971 1 -1.82881
6097 45.4989 233.733 47.5305 230.292 3.74319 1 -1.4888
6103 45.4989 233.733 47.8725 231.803 3.74819 1 -0.92964
6105 45.4989 233.733 48.2065 229.997 3.73741 1 -1.46313
6120 45.4989 233.733 47.8883 233.896 3.63126 1 -0.61094
6139 45.4995 233.732 45.8635 232.015 3.77776 1 -0.76433
6141 45.4995 233.732 46.0389 231.146 3.80373 1 -1.21646
6143 45.4995 233.732 46.1761 230.356 3.76691 1 -1.11514
6153 45.4995 233.732 46.5209 232.095 3.82139 1 -1.50648
6155 45.4995 233.732 46.6645 231.211 3.75374 1 -0.70785
6157 45.4995 233.732 46.844 230.286 3.74839 1 -1.11659
6160 45.4995 233.732 47.1295 229.349 3.75332 1 -1.86482
6168 45.4995 233.732 47.1643 232.078 3.76311 1 -0.88534
6170 45.4995 233.732 47.3358 231.189 3.78929 1 -1.62028
6172 45.4995 233.732 47.5315 230.292 3.74129 1 -1.43978
6174 45.4995 233.732 47.3178 234.465 3.63576 1 -1.02427
6178 45.4995 233.732 47.8728 231.803 3.75966 1 -1.17313
6181 45.4995 233.732 48.2047 229.995 3.74508 1 -1.69026
6187 45.4995 233.732 48.4811 232.171 3.73564 1 -1.63126
6188 45.4995 233.732 48.627 231.261 3.73179 1 -1.22546
6199 45.4995 233.732 46.1735 235.065 3.45564 1 0.47282
6201 45.4995 233.732 45.5287 235.074 3.57447 1 -0.79082
6213 45.6855 232.877 46.0395 231.147 3.79885 1 -0.27713
6215 45.6855 232.877 46.176 230.356 3.77651 1 -0.55257
6219 45.6855 232.877 45.9331 234.7 3.6981 1 -1.27588
6223 45.6855 232.877 46.323 232.961 3.79956 1 -0.30903
6225 45.6855 232.877 46.5209 232.095 3.75976 1 -0.1282
6227 45.6855 232.877 46.6639 231.212 3.8329 1 -0.92185
6229 45.6855 232.877 46.8433 230.286 3.73366 1 -0.17301
6234 45.6855 232.877 46.6402 234.701 3.83931 1 -2.46614
6236 45.6855 232.877 46.797 233.836 3.68036 1 0.11255
6238 45.6855 232.877 46.992 232.984 3.90467 1 -1.6355
6240 45.6855 232.877 47.1642 232.078 3.74417 1 0.15169
6242 45.6855 232.877 47.3358 231.188 3.7835 1 -0.82759
6244 45.6855 232.877 47.5305 230.292 3.7582 1 -1.2067
6246 45.6855 232.877 47.3188 234.466 3.68367 1 -0.51767
6252 45.6855 232.877 48.2065 229.997 3.74461 1 -1.27598
6257 45.6855 232.877 48.15 232.916 3.75331 1 -0.73918
6259 45.6855 232.877 48.481 232.171 3.79174 1 -1.51105
6267 45.6855 232.877 47.8883 233.896 3.6453 1 0.61217
6286 45.6865 232.875 46.0389 231.146 3.81257 1 -0.40863
6288 45.6865 232.875 46.1761 230.356 3.76822 1 -0.43552
6294 45.6865 232.875 46.137 233.827 3.70365 1 -0.22807
6298 45.6865 232.875 46.5209 232.095 3.76593 1 -0.17423
6300 45.6865 232.875 46.6645 231.211 3.81936 1 -0.76706
6302 45.6865 232.875 46.844 230.286 3.7394 1 -0.27087
6305 45.6865 232.875 47.1295 229.349 3.7501 1 -1.0862
6307 45.6865 232.875 46.6411 234.701 3.80584 1 -2.06067
6311 45.6865 232.875 46.992 232.984 3.83889 1 -0.99432
6313 45.6865 232.875 47.1643 232.078 3.7695 1 -0.1602
6315 45.6865 232.875 47.3358 231.189 3.78907 1 -0.91137
6317 45.6865 232.875 47.5315 230.292 3.75272 1 -1.09767
6319 45.6865 232.875 47.3178 234.465 3.66302 1 -0.17899
6326 45.6865 232.875 48.2047 229.995 3.74189 1 -1.20777
6330 45.6865 232.875 48.151 232.913 3.73983 1 -0.47171
6333 45.6865 232.875 48.627 231.261 3.70618 1 0.34227
6337 45.6865 232.875 49.1504 233.278 3.68257 1 -0.46143
6340 45.6865 232.875 47.8884 233.895 3.63837 1 0.75055
6344 45.6865 232.875 46.1735 235.065 3.69758 1 -1.44332
6358 45.8642 232.015 46.176 230.356 3.72957 1 -0.09687
6364 45.8642 232.015 46.1378 233.828 3.83003 1 -1.05935
6370 45.8642 232.015 46.6639 231.212 3.80759 1 -0.3755
6372 45.8642 232.015 46.8433 230.286 3.76665 1 -0.76309
6377 45.8642 232.015 46.6402 234.701 3.78204 1 -1.43709
6379 45.8642 232.015 46.797 233.836 3.73926 1 -0.09427
6381 45.8642 232.015 46.992 232.984 3.89815 1 -1.23665
6385 45.8642 232.015 47.3358 231.188 3.72979 1 0.05781
6387 45.8642 232.015 47.5305 230.292 3.73575 1 -0.73587
6389 45.8642 232.015 47.3188 234.466 3.69898 1 -0.11911
6391 45.8642 232.015 47.5096 233.585 3.81724 1 -1.18171
6393 45.8642 232.015 47.8725 231.803 3.81581 1 -0.93052
6395 45.8642 232.015 48.2065 229.997 3.68824 1 -0.1106
6418 45.8642 232.015 44.8987 234.883 3.67544 1 -0.69948
6429 45.8635 232.015 46.1761 230.356 3.75501 1 -0.33824
6435 45.8635 232.015 46.137 233.827 3.7881 1 -0.6447
6437 45.8635 232.015 46.324 232.959 3.76116 1 0.02247
6441 45.8635 232.015 46.6645 231.211 3.8069 1 -0.37131
6443 45.8635 232.015 46.844 230.286 3.74989 1 -0.55909
6446 45.8635 232.015 47.1295 229.349 3.7301 1 -0.81826
6452 45.8635 232.015 46.992 232.984 3.87376 1 -1.0021
6454 45.8635 232.015 47.1643 232.078 3.86146 1 -0.80538
6456 45.8635 232.015 47.3358 231.189 3.7377 1 -0.04117
6458 45.8635 232.015 47.5315 230.292 3.74261 1 -0.84829
6460 45.8635 232.015 47.3178 234.465 3.69604 1 -0.06551
6464 45.8635 232.015 47.8728 231.803 3.82666 1 -1.09723
6467 45.8635 232.015 48.2047 229.995 3.68734 1 -0.09219
6473 45.8635 232.015 48.4811 232.171 3.67433 1 1.26377
6474 45.8635 232.015 48.627 231.261 3.7373 1 -0.47415
6478 45.8635 232.015 49.1504 233.278 3.65668 1 0.99282
6481 45.8635 232.015 47.8884 233.895 3.7514 1 -0.65503
6483 45.8635 232.015 45.5584 234.808 3.51363 1 1.44428
6485 45.8635 232.015 46.1735 235.065 3.80853 1 -2.62501
6487 45.8635 232.015 45.5287 235.074 3.63012 1 -0.79263
6503 46.0395 231.147 46.1378 233.828 3.82836 1 -1.09756
6505 46.0395 231.147 46.323 232.961 3.82059 1 -0.58152
6511 46.0395 231.147 46.8433 230.286 3.69879 1 -0.37815
6516 46.0395 231.147 46.6402 234.701 3.80471 1 -1.94738
6518 46.0395 231.147 46.797 233.836 3.80627 1 -1.21282
6520 46.0395 231.147 46.992 232.984 3.75296 1 0.066
6524 46.0395 231.147 47.3358 231.188 3.72396 1 -0.37529
6526 46.0395 231.147 47.5305 230.292 3.62309 1 0.31768
6528 46.0395 231.147 47.3188 234.466 3.6832 1 0.3843
6532 46.0395 231.147 47.8725 231.803 3.68448 1 0.40619
6534 46.0395 231.147 48.2065 229.997 3.64836 1 -0.1055
6539 46.0395 231.147 48.15 232.916 3.77068 1 -0.94274
6541 46.0395 231.147 48.481 232.171 3.72753 1 -0.62774
6557 46.0395 231.147 44.8987 234.883 3.71002 1 -0.8637
6570 46.0389 231.146 45.9323 234.701 3.73835 1 -1.00004
6572 46.0389 231.146 46.137 233.827 3.82174 1 -1.00377
6574 46.0389 231.146 46.324 232.959 3.86651 1 -1.02828
6580 46.0389 231.146 46.844 230.286 3.67923 1 -0.21873
6583 46.0389 231.146 47.1295 229.349 3.72303 1 -1.0317
6589 46.0389 231.146 46.992 232.984 3.73956 1 0.23398
6591 46.0389 231.146 47.1643 232.078 3.72045 1 0.24691
6593 46.0389 231.146 47.3358 231.189 3.68749 1 0.00784
6595 46.0389 231.146 47.5315 230.292 3.62064 1 0.34999
6597 46.0389 231.146 47.3178 234.465 3.70557 1 -0.09276
6599 46.0389 231.146 47.5111 233.583 3.77644 1 -0.67539
6601 46.0389 231.146 47.8728 231.803 3.6658 1 0.69666
6604 46.0389 231.146 48.2047 229.995 3.65255 1 -0.18904
6608 46.0389 231.146 48.151 232.913 3.78536 1 -1.2227
6610 46.0389 231.146 48.4811 232.171 3.72329 1 -0.54233
6611 46.0389 231.146 48.627 231.261 3.66693 1 0.04938
6615 46.0389 231.146 49.1504 233.278 3.48546 1 5.61486
6624 46.0389 231.146 45.5287 235.074 3.69963 1 -1.85925
6636 46.176 230.356 45.9331 234.7 3.7544 1 -1.55996
6638 46.176 230.356 46.1378 233.828 3.75405 1 -0.51638
6640 46.176 230.356 46.323 232.961 3.77561 1 -0.76689
6642 46.176 230.356 46.5209 232.095 3.68536 1 0.17608
6646 46.176 230.356 46.8433 230.286 3.49176 1 0.79444
6651 46.176 230.356 46.6402 234.701 3.70668 1 -0.38817
6653 46.176 230.356 46.797 233.836 3.75631 1 -0.88617
6655 46.176 230.356 46.992 232.984 3.68171 1 0.66889
6657 46.176 230.356 47.1642 232.078 3.67447 1 0.22985
6659 46.176 230.356 47.3358 231.188 3.55367 1 0.98494
6663 46.176 230.356 47.3188 234.466 3.66248 1 0.66515
6665 46.176 230.356 47.5096 233.585 3.71136 1 0.05092
6667 46.176 230.356 47.8725 231.803 3.61075 1 0.84252
6669 46.176 230.356 48.2065 229.997 3.614 1 0.26343
6674 46.176 230.356 48.15 232.916 3.67942 1 0.05513
6676 46.176 230.356 48.481 232.171 3.60901 1 0.94599
6684 46.176 230.356 47.8883 233.896 3.62641 1 1.63761
6692 46.176 230.356 44.8987 234.883 3.69897 1 -0.60845
6703 46.1761 230.356 45.9323 234.701 3.75478 1 -1.57214
6705 46.1761 230.356 46.137 233.827 3.75703 1 -0.57189
6707 46.1761 230.356 46.324 232.959 3.75839 1 -0.52303
6709 46.1761 230.356 46.5209 232.095 3.70751 1 -0.04981
6711 46.1761 230.356 46.6645 231.211 3.58453 1 0.49054
6722 46.1761 230.356 46.992 232.984 3.69045 1 0.52673
6724 46.1761 230.356 47.1643 232.078 3.65541 1 0.47351
6726 46.1761 230.356 47.3358 231.189 3.55962 1 0.91793
6728 46.1761 230.356 47.5315 230.292 3.55795 1 0.75327
6730 46.1761 230.356 47.3178 234.465 3.66248 1 0.66594
6732 46.1761 230.356 47.5111 233.583 3.74307 1 -0.60722
6734 46.1761 230.356 47.8728 231.803 3.62698 1 0.57158
6737 46.1761 230.356 48.2047 229.995 3.61155 1 0.30579
6741 46.1761 230.356 48.151 232.913 3.6702 1 0.25335
6743 46.1761 230.356 48.4811 232.171 3.58013 1 1.59605
6744 46.1761 230.356 48.627 231.261 3.54682 1 1.93111
6751 46.1761 230.356 47.8884 233.895 3.63595 1 1.39909
6757 46.1761 230.356 45.5287 235.074 3.67659 1 -1.32903
6900 45.9331 234.7 46.5209 232.095 3.75085 1 -1.07769
6904 45.9331 234.7 46.8433 230.286 3.70712 1 -0.49092
6909 45.9331 234.7 46.6402 234.701 3.30328 1 1.71284
6913 45.9331 234.7 46.992 232.984 3.68252 1 -0.64343
6915 45.9331 234.7 47.1642 232.078 3.85783 1 -3.13343
6917 45.9331 234.7 47.3358 231.188 3.75914 1 -1.72638
6927 45.9331 234.7 48.2065 229.997 3.73804 1 -1.98909
6932 45.9331 234.7 48.15 232.916 3.59114 1 0.39894
6950 45.9331 234.7 44.8987 234.883 3.49337 1 0.26514
6963 45.9323 234.701 46.5209 232.095 3.76159 1 -1.24069
6976 45.9323 234.701 46.992 232.984 3.69999 1 -0.87269
6978 45.9323 234.701 47.1643 232.078 3.85511 1 -3.09266
6980 45.9323 234.701 47.3358 231.189 3.79165 1 -2.43813
6988 45.9323 234.701 47.8728 231.803 3.73011 1 -1.30921
6991 45.9323 234.701 48.2047 229.995 3.74644 1 -2.25475
6995 45.9323 234.701 48.151 232.913 3.58454 1 0.54492
7021 46.1378 233.828 46.323 232.961 3.94656 1 -1.13857
7025 46.1378 233.828 46.6639 231.212 3.82275 1 -1.13278
7027 46.1378 233.828 46.8433 230.286 3.77746 1 -1.12724
7042 46.1378 233.828 47.5305 230.292 3.74609 1 -1.04553
7044 46.1378 233.828 47.3188 234.466 3.46816 1 1.53184
7046 46.1378 233.828 47.5096 233.585 3.73863 1 -0.98778
7048 46.1378 233.828 47.8725 231.803 3.73544 1 -0.28586
7050 46.1378 233.828 48.2065 229.997 3.71999 1 -0.50972
7055 46.1378 233.828 48.15 232.916 3.69567 1 -0.54445
7065 46.1378 233.828 47.8883 233.896 3.64395 1 -0.26446
7073 46.1378 233.828 44.8987 234.883 3.49474 1 0.53317
7084 46.137 233.827 46.5209 232.095 3.76853 1 -0.27426
7086 46.137 233.827 46.6645 231.211 3.82592 1 -1.17828
7088 46.137 233.827 46.844 230.286 3.78285 1 -1.23362
7091 46.137 233.827 47.1295 229.349 3.77313 1 -1.7841
7099 46.137 233.827 47.1643 232.078 3.79035 1 -0.72624
7101 46.137 233.827 47.3358 231.189 3.72395 1 0.02524
7103 46.137 233.827 47.5315 230.292 3.75331 1 -1.20447
7105 46.137 233.827 47.3178 234.465 3.42014 1 2.10015
7109 46.137 233.827 47.8728 231.803 3.73933 1 -0.3542
7112 46.137 233.827 48.2047 229.995 3.72462 1 -0.63472
7116 46.137 233.827 48.151 232.913 3.68705 1 -0.39461
7118 46.137 233.827 48.4811 232.171 3.70019 1 -0.50203
7119 46.137 233.827 48.627 231.261 3.69886 1 -0.19912
7126 46.137 233.827 47.8884 233.895 3.63028 1 -0.06207
7130 46.137 233.827 46.1735 235.065 3.49435 1 0.58918
7132 46.137 233.827 45.5287 235.074 3.52986 1 0.06127
7144 46.323 232.961 46.6639 231.212 3.84757 1 -0.83257
7146 46.323 232.961 46.8433 230.286 3.81121 1 -1.30499
7151 46.323 232.961 46.6402 234.701 3.71696 1 -0.66929
7157 46.323 232.961 47.1642 232.078 3.75947 1 0.0452
7159 46.323 232.961 47.3358 231.188 3.84912 1 -1.27742
7161 46.323 232.961 47.5305 230.292 3.73491 1 -0.5829
7169 46.323 232.961 48.2065 229.997 3.72659 1 -0.50547
7184 46.323 232.961 47.8883 233.896 3.74307 1 -1.06942
7192 46.323 232.961 44.8987 234.883 3.59995 1 -0.35741
7203 46.324 232.959 46.6645 231.211 3.8338 1 -0.70232
7205 46.324 232.959 46.844 230.286 3.80652 1 -1.23566
7208 46.324 232.959 47.1295 229.349 3.76366 1 -1.29687
7216 46.324 232.959 47.1643 232.078 3.76329 1 0.01481
7218 46.324 232.959 47.3358 231.189 3.81649 1 -0.88434
7220 46.324 232.959 47.5315 230.292 3.72934 1 -0.48513
7222 46.324 232.959 47.3178 234.465 3.62594 1 0.23281
7226 46.324 232.959 47.8728 231.803 3.73421 1 0.18255
7229 46.324 232.959 48.2047 229.995 3.71872 1 -0.3329
7249 46.324 232.959 45.5287 235.074 3.60186 1 -0.05667
7261 46.5209 232.095 46.8433 230.286 3.72863 1 -0.29208
7266 46.5209 232.095 46.6402 234.701 3.77277 1 -1.36693
7268 46.5209 232.095 46.797 233.836 3.8223 1 -0.96643
7276 46.5209 232.095 47.5305 230.292 3.71642 1 -0.55885
7282 46.5209 232.095 47.8725 231.803 3.76352 1 -0.23619
7284 46.5209 232.095 48.2065 229.997 3.69452 1 -0.32011
7299 46.5209 232.095 47.8883 233.896 3.65736 1 0.70643
7307 46.5209 232.095 44.8987 234.883 3.71878 1 -1.961
7318 46.5209 232.095 46.844 230.286 3.72675 1 -0.2728
7321 46.5209 232.095 47.1295 229.349 3.72672 1 -0.81103
7333 46.5209 232.095 47.5315 230.292 3.70351 1 -0.3931
7339 46.5209 232.095 47.8728 231.803 3.78751 1 -0.49218
7342 46.5209 232.095 48.2047 229.995 3.69186 1 -0.27349
7349 46.5209 232.095 48.627 231.261 3.68621 1 0.22761
7356 46.5209 232.095 47.8884 233.895 3.68872 1 0.23184
7377 46.6639 231.212 46.6402 234.701 3.71068 1 -0.34184
7381 46.6639 231.212 46.992 232.984 3.74939 1 0.03974
7387 46.6639 231.212 47.5305 230.292 3.64543 1 -0.1162
7393 46.6639 231.212 47.8725 231.803 3.59466 1 1.04835
7395 46.6639 231.212 48.2065 229.997 3.643 1 -0.10042
7400 46.6639 231.212 48.15 232.916 3.72951 1 -0.43376
7402 46.6639 231.212 48.481 232.171 3.69826 1 -0.30754
7407 46.6639 231.212 49.1504 233.278 3.60606 1 1.10434
7418 46.6639 231.212 44.8987 234.883 3.70012 1 -1.22219
7427 46.6645 231.211 46.844 230.286 3.72294 1 -0.39101
7430 46.6645 231.211 47.1295 229.349 3.7116 1 -0.74468
7436 46.6645 231.211 46.992 232.984 3.76423 1 -0.10811
7438 46.6645 231.211 47.1643 232.078 3.66988 1 0.35111
7442 46.6645 231.211 47.5315 230.292 3.65441 1 -0.19724
7444 46.6645 231.211 47.3178 234.465 3.6693 1 0.51739
7448 46.6645 231.211 47.8728 231.803 3.62631 1 0.70321
7451 46.6645 231.211 48.2047 229.995 3.66349 1 -0.4001
7455 46.6645 231.211 48.151 232.913 3.71751 1 -0.25417
7457 46.6645 231.211 48.4811 232.171 3.65674 1 0.35017
7458 46.6645 231.211 48.627 231.261 3.60501 1 0.87519
7471 46.6645 231.211 45.5287 235.074 3.69509 1 -0.96255
7486 46.8433 230.286 46.797 233.836 3.71737 1 -0.20502
7488 46.8433 230.286 46.992 232.984 3.73846 1 -0.4462
7490 46.8433 230.286 47.1642 232.078 3.64797 1 0.23827
7496 46.8433 230.286 47.3188 234.466 3.66487 1 0.23603
7500 46.8433 230.286 47.8725 231.803 3.58591 1 0.72724
7502 46.8433 230.286 48.2065 229.997 3.66597 1 -0.49633
7507 46.8433 230.286 48.15 232.916 3.67857 1 -0.37557
7509 46.8433 230.286 48.481 232.171 3.58765 1 0.85708
7514 46.8433 230.286 49.1504 233.278 3.5264 1 2.41074
7517 46.8433 230.286 47.8883 233.896 3.69735 1 -0.53044
7525 46.8433 230.286 44.8987 234.883 3.69002 1 -1.05641
7535 46.844 230.286 47.1295 229.349 3.79381 1 -0.84875
7541 46.844 230.286 46.992 232.984 3.73341 1 -0.37258
7543 46.844 230.286 47.1643 232.078 3.66177 1 0.09205
7545 46.844 230.286 47.3358 231.189 3.56015 1 0.37797
7549 46.844 230.286 47.3178 234.465 3.67768 1 -0.06947
7553 46.844 230.286 47.8728 231.803 3.56121 1 1.0402
7556 46.844 230.286 48.2047 229.995 3.64788 1 -0.28886
7560 46.844 230.286 48.151 232.913 3.65706 1 0.01483
7562 46.844 230.286 48.4811 232.171 3.60383 1 0.56797
7563 46.844 230.286 48.627 231.261 3.53251 1 1.60032
7567 46.844 230.286 49.1504 233.278 3.52812 1 2.36293
7570 46.844 230.286 47.8884 233.895 3.70904 1 -0.7841
7572 46.844 230.286 45.5584 234.808 3.57623 1 2.29515
7576 46.844 230.286 45.5287 235.074 3.69404 1 -1.26494
7656 47.1282 229.362 48.2054 229.998 3.60734 1 0.3551
7691 47.1295 229.349 46.992 232.984 3.76738 1 -1.67958
7693 47.1295 229.349 47.1643 232.078 3.68011 1 -0.38449
7695 47.1295 229.349 47.3358 231.189 3.64703 1 -0.16507
7697 47.1295 229.349 47.5315 230.292 3.71263 1 -0.50789
7699 47.1295 229.349 47.3178 234.465 3.68809 1 -0.75206
7703 47.1295 229.349 47.8728 231.803 3.66911 1 -0.4034
7706 47.1295 229.349 48.2047 229.995 3.60968 1 0.3346
7710 47.1295 229.349 48.151 232.913 3.68241 1 -0.78492
7712 47.1295 229.349 48.4811 232.171 3.63913 1 -0.16114
7713 47.1295 229.349 48.627 231.261 3.59857 1 0.63617
7717 47.1295 229.349 49.1504 233.278 3.57266 1 1.29283
7720 47.1295 229.349 47.8884 233.895 3.69985 1 -1.10403
7724 47.1295 229.349 46.1735 235.065 3.71014 1 -1.4555
7726 47.1295 229.349 45.5287 235.074 3.6913 1 -1.29323
7744 46.6402 234.701 47.5305 230.292 3.67923 1 0.00015
7750 46.6402 234.701 47.8725 231.803 3.74915 1 -1.73578
7752 46.6402 234.701 48.2065 229.997 3.72378 1 -1.70275
7764 46.6402 234.701 49.1504 233.278 3.34879 1 5.6972
7767 46.6402 234.701 47.8883 233.896 3.53579 1 0.42694
7775 46.6402 234.701 44.8987 234.883 3.43497 1 1.70425
7790 46.6411 234.701 47.3358 231.189 3.78523 1 -1.83862
7792 46.6411 234.701 47.5315 230.292 3.69111 1 -0.30701
7798 46.6411 234.701 47.8728 231.803 3.69221 1 -0.6728
7805 46.6411 234.701 48.151 232.913 3.61244 1 -0.27483
7821 46.6411 234.701 45.5287 235.074 3.39136 1 1.67153
7843 46.797 233.836 47.8725 231.803 3.75971 1 -0.82334
7845 46.797 233.836 48.2065 229.997 3.71218 1 -0.52676
7852 46.797 233.836 48.481 232.171 3.66009 1 -0.16896
7857 46.797 233.836 49.1504 233.278 3.34463 1 5.6677
7924 46.992 232.984 47.3358 231.188 3.81022 1 -0.63893
7932 46.992 232.984 47.8725 231.803 3.73141 1 0.02364
7934 46.992 232.984 48.2065 229.997 3.7262 1 -0.54533
7939 46.992 232.984 48.15 232.916 3.73162 1 -0.44682
7941 46.992 232.984 48.481 232.171 3.69419 1 -0.1286
7957 46.992 232.984 44.8987 234.883 3.60836 1 -0.18375
7968 46.992 232.984 47.3358 231.189 3.82793 1 -0.8099
7970 46.992 232.984 47.5315 230.292 3.7247 1 -0.28589
7972 46.992 232.984 47.3178 234.465 3.5719 1 0.49709
7976 46.992 232.984 47.8728 231.803 3.73588 1 -0.01904
7979 46.992 232.984 48.2047 229.995 3.71989 1 -0.42624
7986 46.992 232.984 48.627 231.261 3.68994 1 -0.02471
7993 46.992 232.984 47.8884 233.895 3.62049 1 0.30446
7997 46.992 232.984 46.1735 235.065 3.63268 1 -0.05726
7999 46.992 232.984 45.5287 235.074 3.59188 1 0.32801
8011 47.1642 232.078 47.5305 230.292 3.75937 1 -0.87976
8017 47.1642 232.078 47.8725 231.803 3.68471 1 0.25067
8019 47.1642 232.078 48.2065 229.997 3.68887 1 -0.22302
8026 47.1642 232.078 48.481 232.171 3.72636 1 -0.43454
8031 47.1642 232.078 49.1504 233.278 3.45186 1 3.47956
8042 47.1642 232.078 44.8987 234.883 3.68032 1 -1.01613
8053 47.1643 232.078 47.5315 230.292 3.75751 1 -0.86135
8062 47.1643 232.078 48.2047 229.995 3.6812 1 -0.11389
8066 47.1643 232.078 48.151 232.913 3.71496 1 -0.15784
8068 47.1643 232.078 48.4811 232.171 3.74448 1 -0.62518
8069 47.1643 232.078 48.627 231.261 3.64766 1 0.47289
8073 47.1643 232.078 49.1504 233.278 3.41435 1 4.23784
8080 47.1643 232.078 46.1735 235.065 3.69734 1 -0.45867
8082 47.1643 232.078 45.5287 235.074 3.67445 1 -0.39656
8094 47.3358 231.188 47.3188 234.466 3.69699 1 -0.37329
8100 47.3358 231.188 48.2065 229.997 3.62022 1 0.21496
8105 47.3358 231.188 48.15 232.916 3.7403 1 -0.68107
8112 47.3358 231.188 49.1504 233.278 3.55297 1 1.56193
8132 47.3358 231.189 47.5315 230.292 3.72995 1 -0.52937
8134 47.3358 231.189 47.3178 234.465 3.685 1 -0.15381
8141 47.3358 231.189 48.2047 229.995 3.62077 1 0.20932
8145 47.3358 231.189 48.151 232.913 3.70546 1 -0.28294
8147 47.3358 231.189 48.4811 232.171 3.72408 1 -0.67901
8148 47.3358 231.189 48.627 231.261 3.6616 1 -0.1131
8152 47.3358 231.189 49.1504 233.278 3.55337 1 1.55363
8155 47.3358 231.189 47.8884 233.895 3.76179 1 -1.22001
8157 47.3358 231.189 45.5584 234.808 3.64892 1 0.57388
8159 47.3358 231.189 46.1735 235.065 3.74557 1 -1.50339
8161 47.3358 231.189 45.5287 235.074 3.64846 1 0.49701
8171 47.5305 230.292 47.3188 234.466 3.68611 1 -0.53699
8173 47.5305 230.292 47.5096 233.585 3.68663 1 -0.08142
8175 47.5305 230.292 47.8725 231.803 3.60174 1 0.42652
8182 47.5305 230.292 48.15 232.916 3.66566 1 -0.26806
8184 47.5305 230.292 48.481 232.171 3.67391 1 -0.52268
8189 47.5305 230.292 49.1504 233.278 3.51704 1 2.16908
8192 47.5305 230.292 47.8883 233.896 3.68403 1 -0.566
8200 47.5305 230.292 44.8987 234.883 3.67038 1 -0.7938
8209 47.5315 230.292 47.3178 234.465 3.67119 1 -0.18787
8213 47.5315 230.292 47.8728 231.803 3.59442 1 0.49425
8220 47.5315 230.292 48.151 232.913 3.67503 1 -0.41316
8222 47.5315 230.292 48.4811 232.171 3.61822 1 0.21321
8223 47.5315 230.292 48.627 231.261 3.55937 1 0.87066
8227 47.5315 230.292 49.1504 233.278 3.52466 1 1.99325
8230 47.5315 230.292 47.8884 233.895 3.68204 1 -0.52638
8232 47.5315 230.292 45.5584 234.808 3.6572 1 0.06738
8234 47.5315 230.292 46.1735 235.065 3.74869 1 -2.2673
8250 47.3188 234.466 48.2065 229.997 3.67223 1 -0.53521
8255 47.3188 234.466 48.15 232.916 3.6263 1 -0.30108
8284 47.3178 234.465 47.8728 231.803 3.66946 1 -0.32194
8291 47.3178 234.465 48.151 232.913 3.62857 1 -0.32691
8293 47.3178 234.465 48.4811 232.171 3.64733 1 -0.71711
8301 47.3178 234.465 47.8884 233.895 3.4183 1 1.04245
8305 47.3178 234.465 46.1735 235.065 3.20489 1 4.21764
8307 47.3178 234.465 45.5287 235.074 3.44308 1 1.72944
8319 47.5096 233.585 48.2065 229.997 3.75615 1 -1.76173
8342 47.5096 233.585 44.8987 234.883 3.601 1 -0.54849
8389 47.8725 231.803 48.15 232.916 3.7573 1 -0.69198
8396 47.8725 231.803 49.1504 233.278 3.49471 1 1.48761
8407 47.8725 231.803 44.8987 234.883 3.66848 1 -0.68055
8417 47.8728 231.803 48.2047 229.995 3.71261 1 -0.56073
8435 47.8728 231.803 46.1735 235.065 3.65349 1 0.06632
8437 47.8728 231.803 45.5287 235.074 3.65086 1 -0.08835
8450 48.2065 229.997 48.15 232.916 3.68954 1 -0.78196
8452 48.2065 229.997 48.481 232.171 3.6907 1 -0.62599
8468 48.2065 229.997 44.8987 234.883 3.68648 1 -1.29586
8508 48.2047 229.995 48.151 232.913 3.68012 1 -0.62991
8510 48.2047 229.995 48.4811 232.171 3.7265 1 -1.05402
8515 48.2047 229.995 49.1504 233.278 3.49894 1 2.58324
8518 48.2047 229.995 47.8884 233.895 3.68137 1 -0.93328
8522 48.2047 229.995 46.1735 235.065 3.6881 1 -0.66474
8524 48.2047 229.995 45.5287 235.074 3.65684 1 0.01558
8603 48.15 232.916 44.8987 234.883 3.62082 1 -0.90183
8626 48.151 232.913 45.5287 235.074 3.56409 1 0.74337
8650 48.481 232.171 44.8987 234.883 3.63726 1 -0.68863
8662 48.4811 232.171 49.1504 233.278 3.35836 1 2.0042
8671 48.4811 232.171 45.5287 235.074 3.59829 1 0.35707
8692 48.627 231.261 45.5287 235.074 3.6369 1 -0.04837
8798 47.8883 233.896 44.8987 234.883 3.53135 1 0.74688
8811 47.8884 233.895 45.5287 235.074 3.49208 1 1.5136
