FC03D
FN07A
FN07C
FN08A
FN08C
FN09A
FN09C
FN10A
FN10C
FN11C
FN12A
FN12C
FN13C
FN14A
FN14C
FN16A
FN16C
FN17C
FN18A
FN18C
J17B
J17D
J18B
J18D
J19B
J19D
J20B
J20D
J21C
J23A
J23B
J23C
J23D
J25A
J25B
J25C
J25D
J26A
J26C
J26D
J27B
J27D
J28A
J28B
J28C
J28D
J29A
J29C
J30A
J30C
J31A
J31C
J32C
J33A
J33B
J33C
J34A
J34C
J35A
J35C
J36A
J36C
J37A
J37C
J38A
J38C
J39A
J39C
J41A
J41C
J42A
J42C
J43A
J43C
J44A
J44C
J45A
J45C
J46A
J46C
J47A
J47C
J48A
J48B
J48C
J50A
J50C
J51A
J51C
J52A
J52C
J53A
J53C
J54A
J54C
J55A
J55C
J58A
J58C
J59A
J59C
J61A
J61C
J63A
J63B
J63C
J65A
J65C
J67A
J67C
J68A
J68C
J69C
J73A
J73C
M01A
M01C
M02A
M03A
M03C
M04A
M04C
M05A
M05C
M06A
M06C
M07A
M07C
M08A
M08C
M09B
M10B
M13D
M18B
