FC03D 235.261700 44.813300 7D
FN01A 235.666300 46.882000 7D
FN01C 235.666700 46.882300 7D
FN02C 235.572000 46.949700 7D
FN03A 235.474900 46.886800 7D
FN03C 235.474900 46.887200 7D
FN04C 235.398700 46.917500 7D
FN05A 235.344700 46.857800 7D
FN05C 235.344400 46.857500 7D
FN06A 235.268400 46.922300 7D
FN06C 235.268700 46.922000 7D
FN07A 235.213500 46.855500 7D
FN07C 235.214000 46.855400 7D
FN08A 235.123100 46.888800 7D
FN08C 235.124000 46.888700 7D
FN09A 235.112300 46.840100 7D
FN09C 235.112800 46.840200 7D
FN10A 235.006400 46.897800 7D
FN10C 235.006500 46.898100 7D
FN11C 234.954600 46.820500 7D
FN12A 234.880800 46.888500 7D
FN12C 234.881000 46.888700 7D
FN13C 234.698900 47.000400 7D
FN14A 235.035300 46.024800 7D
FN14C 235.035800 47.024900 7D
FN16A 234.483900 46.799600 7D
FN16C 234.499900 46.800500 7D
FN17C 234.999500 46.681600 7D
FN18A 235.275200 46.699800 7D
FN18C 235.275200 46.700100 7D
FN19A 235.632900 46.729800 7D
FN19C 235.633200 46.730100 7D
FS01B 235.050800 40.326800 7D
FS02B 235.202000 40.351100 7D
FS02D 235.199800 40.326000 7D
FS03B 235.347400 40.273200 7D
FS04B 235.490300 40.244700 7D
FS04D 235.494800 40.252800 7D
FS05B 235.100400 40.386600 7D
FS06B 235.214700 40.381200 7D
FS06D 235.193300 40.370000 7D
FS07B 235.340400 40.339200 7D
FS07D 235.342300 40.337900 7D
FS08B 235.540200 40.336600 7D
FS08D 235.534700 40.334700 7D
FS09B 235.191500 40.438700 7D
FS09D 235.196300 40.437700 7D
FS10B 235.318100 40.433000 7D
FS10D 235.306000 40.432800 7D
FS11B 235.422200 40.429200 7D
FS11D 235.422500 40.428500 7D
FS12B 235.494100 40.437100 7D
FS12D 235.489500 40.445600 7D
FS13B 235.193500 40.493100 7D
FS13D 235.196600 40.493700 7D
FS14B 235.408200 40.495500 7D
FS14D 235.396100 40.492300 7D
FS15B 235.487400 40.492600 7D
FS15D 235.475300 40.496400 7D
FS16B 235.260500 40.538100 7D
FS16D 235.253200 40.537800 7D
FS17B 235.403500 40.559800 7D
FS17D 235.403000 40.559800 7D
FS18B 235.498400 40.568200 7D
FS19B 235.533300 40.627900 7D
FS20B 234.968900 40.389500 7D
FS41D 235.269000 40.612400 7D
FS42D 235.536900 40.715100 7D
FS43D 235.416100 40.711900 7D
FS44D 235.297200 40.760900 7D
FS45D 235.479700 40.800000 7D
G01D 235.399200 39.999900 7D
G02B 234.703100 40.048600 7D
G02D 234.702300 40.160300 7D
G03A 233.837500 40.059100 7D
G03B 233.836600 40.058000 7D
G03D 233.838800 40.058700 7D
G04B 233.071500 40.058500 7D
G04D 233.215300 40.157700 7D
G05B 232.252200 40.070600 7D
G05D 232.174300 40.143000 7D
G09B 235.281300 40.656800 7D
G09D 235.273100 40.666500 7D
G10B 234.446700 40.677900 7D
G10D 234.445600 40.788800 7D
G11B 233.623600 40.687500 7D
G11D 233.531700 40.784500 7D
G12B 232.771100 40.686900 7D
G13B 231.971700 40.684000 7D
G13D 232.062900 40.748200 7D
G17B 235.655400 41.283900 7D
G17D 235.566800 41.399600 7D
G18B 235.063700 41.301600 7D
G18D 234.744200 41.304700 7D
G19B 234.226400 41.307400 7D
G19D 233.972100 41.331600 7D
G20B 233.386700 41.298700 7D
G20D 233.136200 41.451600 7D
G21B 232.546300 41.316000 7D
G21D 232.552000 41.122700 7D
G22B 231.726000 41.309200 7D
G22D 231.983400 41.433600 7D
G25B 235.413900 41.919900 7D
G25D 235.273300 41.981100 7D
G26B 234.822500 41.924900 7D
G26D 234.691700 41.983800 7D
G27B 233.983300 41.916600 7D
G27D 234.018300 42.001300 7D
G28B 233.266100 41.942800 7D
G29B 232.516600 41.977200 7D
G29D 232.394800 42.217400 7D
G30A 231.680700 41.955000 7D
G30B 231.680200 41.956500 7D
G33B 235.283800 42.548300 7D
G33D 235.198000 42.665300 7D
G34B 234.799000 42.555400 7D
G34D 234.551400 42.572300 7D
G35B 233.944200 42.565800 7D
G35D 233.601000 42.555700 7D
G36B2 233.096200 42.599400 7D
G36D 233.103500 42.461800 7D
G37B 232.278700 42.591300 7D
G37D 232.699100 42.628500 7D
J06A 231.199000 43.251500 7D
J06B 231.200300 43.265200 7D
J06D 231.195900 43.252600 7D
J09B 235.273000 43.151000 7D
J09D 235.272900 43.151400 7D
J10B 234.456500 43.349400 7D
J10D 234.454900 43.348500 7D
J11B 233.632700 43.541400 7D
J11D 233.631400 43.541600 7D
J17B 235.385200 43.790000 7D
J17D 235.386600 43.787300 7D
J18B 234.534000 44.008300 7D
J18D 234.518600 43.977200 7D
J19B 233.728300 44.177700 7D
J19D 233.728800 44.179000 7D
J20B 232.904800 44.354200 7D
J20D 232.891500 44.360400 7D
J21C 231.962400 44.534200 7D
J23A 230.317500 44.844000 7D
J23B 230.317900 44.845900 7D
J23C 230.319000 44.843800 7D
J23D 230.319500 44.827400 7D
J25A 235.378400 44.472900 7D
J25B 235.378300 44.471300 7D
J25C 235.378300 44.473000 7D
J25D 235.369000 44.456700 7D
J26A 234.533600 44.654700 7D
J26C 234.534700 44.653400 7D
J26D 234.533000 44.657700 7D
J27B 233.693100 44.847600 7D
J27D 233.691700 44.848900 7D
J28A 232.843600 45.063600 7D
J28B 232.844800 45.063100 7D
J28C 232.843300 45.061700 7D
J28D 232.844000 45.030100 7D
J29A 231.991600 45.175700 7D
J29C 231.994200 45.173100 7D
J30A 231.093100 45.424200 7D
J30C 231.090000 45.426100 7D
J31A 230.327300 45.553100 7D
J31C 230.327600 45.551900 7D
J32C 229.397000 45.714500 7D
J33A 235.429200 45.106600 7D
J33B 235.429400 45.106600 7D
J33C 235.429200 45.106800 7D
J34A 234.585500 45.305700 7D
J34C 234.584800 45.307000 7D
J35A 233.733200 45.498900 7D
J35C 233.731700 45.499500 7D
J36A 232.877500 45.685500 7D
J36C 232.874800 45.686500 7D
J37A 232.014700 45.864200 7D
J37C 232.014700 45.863500 7D
J38A 231.146900 46.039500 7D
J38C 231.146400 46.038900 7D
J39A 230.355900 46.176000 7D
J39C 230.356200 46.176100 7D
J41A 235.462800 45.811900 7D
J41C 235.462400 45.811700 7D
J42A 234.700300 45.933100 7D
J42C 234.700900 45.932300 7D
J43A 233.827900 46.137800 7D
J43C 233.827500 46.137000 7D
J44A 232.961000 46.323000 7D
J44C 232.959300 46.324000 7D
J45A 232.095100 46.520900 7D
J45C 232.095300 46.520900 7D
J46A 231.211700 46.663900 7D
J46C 231.210600 46.664500 7D
J47A 230.286500 46.843300 7D
J47C 230.286100 46.844000 7D
J48A 229.348700 47.130400 7D
J48B 229.361500 47.128200 7D
J48C 229.349300 47.129500 7D
J49A 235.572500 46.437800 7D
J49C 235.572200 46.438000 7D
J50A 234.700900 46.640200 7D
J50C 234.701300 46.641100 7D
J51A 233.835900 46.797000 7D
J51C 233.836900 46.795700 7D
J52A 232.984100 46.992000 7D
J52C 232.984200 46.992000 7D
J53A 232.077900 47.164200 7D
J53C 232.077700 47.164300 7D
J54A 231.188400 47.335800 7D
J54C 231.188700 47.335800 7D
J55A 230.292400 47.530500 7D
J55C 230.292200 47.531500 7D
J57A 235.549500 47.080100 7D
J57C 235.549400 47.080400 7D
J58A 234.465600 47.318800 7D
J58C 234.465400 47.317800 7D
J59A 233.584700 47.509600 7D
J59C 233.583200 47.511100 7D
J61A 231.802800 47.872500 7D
J61C 231.802800 47.872800 7D
J63A 229.996700 48.206500 7D
J63B 229.998100 48.205400 7D
J63C 229.994700 48.204700 7D
J65A 234.860400 47.891300 7D
J65C 234.860200 47.891300 7D
J67A 232.915800 48.150000 7D
J67C 232.913200 48.151000 7D
J68A 232.170800 48.481000 7D
J68C 232.170700 48.481100 7D
J69C 231.261400 48.627000 7D
J73A 233.807500 48.767700 7D
J73C 233.807400 48.767900 7D
M01A 233.277900 49.150400 7D
M01C 233.277800 49.150400 7D
M02A 234.399600 48.307000 7D
M03A 233.896000 47.888300 7D
M03C 233.895400 47.888400 7D
M04A 234.807800 47.558100 7D
M04C 234.807700 45.558400 7D
M05A 235.065400 46.173500 7D
M05C 235.065500 46.173500 7D
M06A 235.073200 45.529500 7D
M06C 235.073900 45.528700 7D
M07A 234.883200 44.898700 7D
M07C 234.883200 44.898800 7D
M08A 235.104700 44.118700 7D
M08C 235.104600 44.118500 7D
M09B 234.941100 44.249700 7D
M10B 235.027200 43.624800 7D
M11B 234.982900 42.932000 7D
M12B 235.053900 42.184000 7D
M13B 235.140400 41.671500 7D
M13D 234.955400 43.597300 7D
M14B 235.410300 40.985000 7D
M14D 235.022100 42.913600 7D
M15D 235.092600 42.210700 7D
M16D 235.192900 41.661800 7D
M17D 235.370200 41.037000 7D
M18B 235.028800 44.887100 7D
