1058 46.8981 235.006 44.8438 230.319 2.69337 1 1.66207
1084 46.8981 235.006 45.307 234.585 2.27189 1 3.36664
1086 46.8981 235.006 45.4995 233.732 2.23498 1 3.41555
1090 46.8981 235.006 45.8635 232.015 2.48833 1 2.55612
1100 46.8981 235.006 46.137 233.827 2.25745 1 2.63015
1102 46.8981 235.006 46.324 232.959 2.36877 1 1.63336
1106 46.8981 235.006 46.6645 231.211 2.54665 1 3.57081
1129 46.8981 235.006 47.8728 231.803 2.60159 1 -0.47736
1136 46.8981 235.006 48.151 232.913 2.57375 1 -0.77814
1138 46.8981 235.006 48.4811 232.171 2.58097 1 -1.11321
1182 46.8205 234.955 44.8438 230.319 2.75077 1 -2.08538
1195 46.8205 234.955 45.0617 232.843 2.44007 1 -1.26242
1210 46.8205 234.955 45.4995 233.732 2.32384 1 0.43071
1214 46.8205 234.955 45.8635 232.015 2.55024 1 -0.04507
1228 46.8205 234.955 46.5209 232.095 2.53184 1 -0.99267
1230 46.8205 234.955 46.6645 231.211 2.58261 1 1.8939
1235 46.8205 234.955 47.1295 229.349 2.80675 1 -3.37929
1241 46.8205 234.955 46.992 232.984 2.32519 1 2.67955
1453 46.8887 234.881 45.307 234.585 2.43183 1 -2.45846
1457 46.8887 234.881 45.6865 232.875 2.42574 1 0.05146
1486 46.8887 234.881 46.992 232.984 2.61149 1 -3.82735
1488 46.8887 234.881 47.1643 232.078 2.59048 1 -1.0767
1490 46.8887 234.881 47.3358 231.189 2.72035 1 -2.46882
1492 46.8887 234.881 47.5315 230.292 2.81134 1 -2.49027
1498 46.8887 234.881 47.8728 231.803 2.54395 1 1.93742
1515 46.8887 234.881 47.8884 233.895 2.53134 1 0.13946
1578 47.0004 234.699 45.6865 232.875 2.39976 1 1.70795
1584 47.0004 234.699 46.1761 230.356 2.69187 1 3.03931
1588 47.0004 234.699 45.9323 234.701 2.39477 1 -0.82401
1596 47.0004 234.699 46.6645 231.211 2.58213 1 3.3018
1609 47.0004 234.699 47.1643 232.078 2.71822 1 -3.52633
1619 47.0004 234.699 47.8728 231.803 2.61265 1 -0.01545
1703 46.0248 235.035 46.176 230.356 2.77776 1 -2.40578
1711 46.0248 235.035 46.323 232.961 2.34475 1 2.88288
1715 46.0248 235.035 46.6639 231.212 2.63539 1 0.71123
1752 46.0248 235.035 49.1504 233.278 2.49324 1 -2.91636
1920 46.7996 234.484 45.1757 231.992 2.69716 1 -3.25356
1932 46.7996 234.484 45.4989 233.733 2.27501 1 3.25366
1965 46.7996 234.484 47.1642 232.078 2.50795 1 1.93059
1969 46.7996 234.484 47.5305 230.292 2.77674 1 0.06103
1984 46.7996 234.484 48.481 232.171 2.44744 1 3.11956
2000 46.7996 234.484 44.8987 234.883 2.32366 1 1.44987
2823 43.9772 234.519 44.8489 233.692 2.26766 1 3.4423
2931 44.1777 233.728 44.8476 233.693 2.68354 1 -2.75822
2934 44.1777 233.728 45.0631 232.845 2.37302 1 3.65576
3026 44.179 233.729 44.3604 232.892 2.76071 1 -1.42854
3146 44.3542 232.905 44.8476 233.693 2.79088 1 -3.19241
3251 44.3604 232.892 44.6577 234.533 2.40462 1 0.85267
3253 44.3604 232.892 44.8489 233.692 2.7702 1 -2.9665
3348 44.5342 231.962 44.8438 230.319 3.08589 1 -1.53528
3361 44.5342 231.962 45.0617 232.843 2.95715 1 -1.55976
3366 44.5342 231.962 45.4261 231.09 3.04924 1 -0.5294
3382 44.5342 231.962 46.0389 231.146 3.15037 1 -2.2212
3392 44.5342 231.962 46.324 232.959 2.88195 1 -1.29328
3394 44.5342 231.962 46.5209 232.095 2.96649 1 -0.04514
3396 44.5342 231.962 46.6645 231.211 3.1338 1 -1.21881
3398 44.5342 231.962 46.844 230.286 3.18862 1 -3.40662
3407 44.5342 231.962 46.992 232.984 2.79343 1 0.28569
3409 44.5342 231.962 47.1643 232.078 2.99293 1 -0.82184
3411 44.5342 231.962 47.3358 231.189 3.1789 1 -3.40147
3413 44.5342 231.962 47.5315 230.292 3.19978 1 -3.84527
3419 44.5342 231.962 47.8728 231.803 3.01423 1 0.05314
3433 44.5342 231.962 49.1504 233.278 2.7269 1 -3.43657
3436 44.5342 231.962 47.8884 233.895 2.74261 1 -2.34243
3463 44.844 230.317 45.0636 232.844 3.12951 1 -3.55455
3467 44.844 230.317 45.1757 231.992 3.16169 1 -1.93149
3481 44.844 230.317 45.6855 232.877 3.04432 1 -1.94881
3508 44.844 230.317 46.797 233.836 2.87368 1 -1.61197
3512 44.844 230.317 47.1642 232.078 3.1102 1 -0.68339
3529 44.844 230.317 48.15 232.916 3.04364 1 -3.77259
3567 44.8459 230.318 45.0631 232.845 3.02183 1 -1.26927
3670 44.8438 230.319 45.0617 232.843 3.03476 1 -1.54196
3673 44.8438 230.319 45.1731 231.994 3.13855 1 -1.60672
3687 44.8438 230.319 45.6865 232.875 3.05481 1 -2.1838
3697 44.8438 230.319 45.9323 234.701 2.76112 1 -3.90029
3718 44.8438 230.319 47.1643 232.078 3.17775 1 -2.67711
3737 44.8438 230.319 48.4811 232.171 3.1252 1 -2.42881
3772 44.8274 230.32 45.0301 232.844 3.12091 1 -3.35694
4293 44.6547 234.534 46.5209 232.095 2.5255 1 -2.36754
4373 44.6534 234.535 45.6865 232.875 2.31435 1 0.37859
4389 44.6534 234.535 46.5209 232.095 2.55698 1 -3.75534
4396 44.6534 234.535 47.1295 229.349 2.74373 1 -0.63566
4398 44.6534 234.535 46.6411 234.701 2.31039 1 -0.04761
4414 44.6534 234.535 47.8728 231.803 2.59507 1 -2.73808
4417 44.6534 234.535 48.2047 229.995 2.72699 1 0.55333
4451 44.6577 234.533 45.0301 232.844 2.37302 1 -1.68568
4636 44.8489 233.692 45.0301 232.844 2.76262 1 -2.94196
4730 45.0636 232.844 45.4242 231.093 3.03342 1 -1.91979
4732 45.0636 232.844 45.5531 230.327 3.09732 1 -3.04866
4742 45.0636 232.844 45.6855 232.877 2.7504 1 -0.33084
4744 45.0636 232.844 45.8642 232.015 2.86621 1 0.18037
4746 45.0636 232.844 46.0395 231.147 3.00635 1 -0.36999
4748 45.0636 232.844 46.176 230.356 3.08923 1 -1.70449
4752 45.0636 232.844 45.9331 234.7 2.36886 1 -0.71992
4756 45.0636 232.844 46.323 232.961 2.73495 1 -1.14456
4758 45.0636 232.844 46.5209 232.095 2.89265 1 -0.78623
4760 45.0636 232.844 46.6639 231.212 2.99414 1 0.55745
4762 45.0636 232.844 46.8433 230.286 3.13687 1 -2.65771
4775 45.0636 232.844 47.3358 231.188 3.04443 1 -1.71316
4777 45.0636 232.844 47.5305 230.292 3.13578 1 -2.94689
4779 45.0636 232.844 47.3188 234.466 2.52123 1 -0.92283
4781 45.0636 232.844 47.5096 233.585 2.52487 1 2.01066
4808 45.0636 232.844 44.8987 234.883 2.38251 1 -1.84774
4902 45.0631 232.845 44.2497 234.941 2.35067 1 2.62156
4910 45.0617 232.843 45.4261 231.09 3.02649 1 -1.8115
4918 45.0617 232.843 45.307 234.585 2.46131 1 -2.25539
4922 45.0617 232.843 45.6865 232.875 2.73907 1 -0.22054
4924 45.0617 232.843 45.8635 232.015 2.9138 1 -0.45244
4926 45.0617 232.843 46.0389 231.146 3.03156 1 -0.84454
4928 45.0617 232.843 46.1761 230.356 3.06402 1 -1.10015
4932 45.0617 232.843 45.9323 234.701 2.43435 1 -2.69394
4936 45.0617 232.843 46.324 232.959 2.7344 1 -1.11644
4938 45.0617 232.843 46.5209 232.095 2.92227 1 -1.37349
4940 45.0617 232.843 46.6645 231.211 2.99394 1 0.56127
4942 45.0617 232.843 46.844 230.286 3.12446 1 -2.3128
4947 45.0617 232.843 46.6411 234.701 2.44261 1 0.17427
4951 45.0617 232.843 46.992 232.984 2.56897 1 2.63165
4953 45.0617 232.843 47.1643 232.078 2.95468 1 -3.54414
4955 45.0617 232.843 47.3358 231.189 3.02363 1 -1.07412
4957 45.0617 232.843 47.5315 230.292 3.13694 1 -3.00008
4972 45.0617 232.843 48.4811 232.171 2.7691 1 -0.33729
5094 45.1757 231.992 45.4989 233.733 2.82136 1 -3.13408
5098 45.1757 231.992 45.8642 232.015 2.85663 1 1.2815
5100 45.1757 231.992 46.0395 231.147 3.12961 1 -0.17265
5110 45.1757 231.992 46.323 232.961 2.78781 1 0.8877
5112 45.1757 231.992 46.5209 232.095 2.90116 1 1.26696
5114 45.1757 231.992 46.6639 231.212 3.20441 1 -1.33211
5116 45.1757 231.992 46.8433 230.286 3.16501 1 -0.61333
5121 45.1757 231.992 46.6402 234.701 2.65167 1 -2.48232
5129 45.1757 231.992 47.3358 231.188 3.16263 1 -1.32693
5133 45.1757 231.992 47.3188 234.466 2.69496 1 -2.80831
5137 45.1757 231.992 47.8725 231.803 3.0917 1 -2.30377
5139 45.1757 231.992 48.2065 229.997 3.2128 1 -3.55391
5146 45.1757 231.992 48.481 232.171 2.97534 1 -2.0595
5181 45.1731 231.994 45.4995 233.732 2.8012 1 -2.77922
5185 45.1731 231.994 45.8635 232.015 2.85781 1 1.2762
5187 45.1731 231.994 46.0389 231.146 3.12288 1 -0.10744
5189 45.1731 231.994 46.1761 230.356 3.19522 1 -2.36633
5197 45.1731 231.994 46.324 232.959 2.79461 1 0.77034
5199 45.1731 231.994 46.5209 232.095 2.87848 1 1.67929
5212 45.1731 231.994 46.992 232.984 2.90161 1 -3.02632
5216 45.1731 231.994 47.3358 231.189 3.05519 1 1.41987
5218 45.1731 231.994 47.5315 230.292 3.1772 1 -1.71792
5220 45.1731 231.994 47.3178 234.465 2.71913 1 -3.82239
5222 45.1731 231.994 47.5111 233.583 2.63743 1 2.4328
5224 45.1731 231.994 47.8728 231.803 3.05622 1 -1.19055
5231 45.1731 231.994 48.151 232.913 2.77502 1 0.81163
5234 45.1731 231.994 48.627 231.261 3.07984 1 0.04894
5265 45.4242 231.093 45.4989 233.733 2.92464 1 -3.84439
5267 45.4242 231.093 45.6855 232.877 2.92251 1 0.49545
5279 45.4242 231.093 46.1378 233.828 2.87882 1 -2.54595
5281 45.4242 231.093 46.323 232.961 3.06693 1 -2.08405
5283 45.4242 231.093 46.5209 232.095 3.19584 1 -1.66128
5285 45.4242 231.093 46.6639 231.212 3.21562 1 -0.48638
5294 45.4242 231.093 46.797 233.836 2.88513 1 -3.17282
5296 45.4242 231.093 46.992 232.984 3.04017 1 -3.20232
5298 45.4242 231.093 47.1642 232.078 3.11541 1 -0.60644
5300 45.4242 231.093 47.3358 231.188 3.18366 1 -0.57787
5306 45.4242 231.093 47.5096 233.585 2.76971 1 1.9713
5317 45.4242 231.093 48.481 232.171 3.17688 1 -3.7401
5325 45.4242 231.093 47.8883 233.896 2.83762 1 -2.30627
5333 45.4242 231.093 44.8987 234.883 2.56408 1 0.60946
5348 45.4261 231.09 45.307 234.585 2.71572 1 -2.62652
5350 45.4261 231.09 45.4995 233.732 2.91037 1 -3.47849
5354 45.4261 231.09 45.8635 232.015 3.15389 1 -0.56027
5366 45.4261 231.09 46.324 232.959 3.03922 1 -1.55595
5383 45.4261 231.09 47.1643 232.078 3.20129 1 -2.37894
5385 45.4261 231.09 47.3358 231.189 3.20339 1 -0.9879
5389 45.4261 231.09 47.3178 234.465 2.8201 1 -3.80815
5391 45.4261 231.09 47.5111 233.583 2.86712 1 -1.70854
5393 45.4261 231.09 47.8728 231.803 3.19805 1 -1.50529
5402 45.4261 231.09 48.4811 232.171 3.17947 1 -3.81132
5434 45.5531 230.327 45.6855 232.877 3.03573 1 -1.01687
5448 45.5531 230.327 46.323 232.961 3.18083 1 -3.96109
5517 45.5519 230.328 45.6865 232.875 3.06903 1 -1.72285
5531 45.5519 230.328 46.324 232.959 3.14789 1 -3.22411
5546 45.5519 230.328 46.992 232.984 3.09262 1 -2.50967
5554 45.5519 230.328 47.3178 234.465 2.89995 1 -3.83404
5558 45.5519 230.328 47.8728 231.803 3.07802 1 1.15908
5911 45.3057 234.585 45.6855 232.877 2.25353 1 3.8224
5913 45.3057 234.585 45.8642 232.015 2.47339 1 2.05637
5915 45.3057 234.585 46.0395 231.147 2.63757 1 0.94633
5944 45.3057 234.585 47.3358 231.188 2.55934 1 3.46295
5946 45.3057 234.585 47.5305 230.292 2.65329 1 3.90967
5990 45.307 234.585 45.8635 232.015 2.44745 1 2.95373
6000 45.307 234.585 46.137 233.827 2.19181 1 1.6595
6008 45.307 234.585 46.844 230.286 2.70429 1 2.54169
6025 45.307 234.585 47.3178 234.465 2.42449 1 -3.2824
6066 45.4989 233.733 46.0395 231.147 2.94064 1 -3.3909
6072 45.4989 233.733 45.9331 234.7 2.41174 1 -2.02511
6074 45.4989 233.733 46.1378 233.828 2.60416 1 -2.76385
6089 45.4989 233.733 46.797 233.836 2.37207 1 1.02604
6139 45.4995 233.732 45.8635 232.015 2.8074 1 -2.48389
6141 45.4995 233.732 46.0389 231.146 2.93716 1 -3.29354
6143 45.4995 233.732 46.1761 230.356 2.96575 1 -2.62418
6147 45.4995 233.732 45.9323 234.701 2.42248 1 -2.18579
6149 45.4995 233.732 46.137 233.827 2.58143 1 -2.5161
6157 45.4995 233.732 46.844 230.286 2.96546 1 -2.44137
6162 45.4995 233.732 46.6411 234.701 2.27617 1 2.09611
6213 45.6855 232.877 46.0395 231.147 2.98845 1 -0.11528
6215 45.6855 232.877 46.176 230.356 3.11123 1 -1.62962
6223 45.6855 232.877 46.323 232.961 2.72501 1 -0.42571
6225 45.6855 232.877 46.5209 232.095 2.92544 1 -1.75438
6227 45.6855 232.877 46.6639 231.212 3.09629 1 -1.77894
6229 45.6855 232.877 46.8433 230.286 3.1678 1 -2.92932
6238 45.6855 232.877 46.992 232.984 2.80504 1 -3.26194
6240 45.6855 232.877 47.1642 232.078 2.94465 1 -3.51239
6242 45.6855 232.877 47.3358 231.188 3.09674 1 -3.87358
6252 45.6855 232.877 48.2065 229.997 3.10436 1 -2.57326
6275 45.6855 232.877 44.8987 234.883 2.38834 1 -0.211
6286 45.6865 232.875 46.0389 231.146 2.99172 1 -0.15745
6288 45.6865 232.875 46.1761 230.356 3.13348 1 -2.0857
6292 45.6865 232.875 45.9323 234.701 2.3086 1 1.25343
6294 45.6865 232.875 46.137 233.827 2.73541 1 -3.07576
6298 45.6865 232.875 46.5209 232.095 2.89103 1 -1.29057
6300 45.6865 232.875 46.6645 231.211 3.11829 1 -2.15087
6302 45.6865 232.875 46.844 230.286 3.11979 1 -1.77071
6311 45.6865 232.875 46.992 232.984 2.79955 1 -3.14924
6315 45.6865 232.875 47.3358 231.189 3.1013 1 -3.9625
6317 45.6865 232.875 47.5315 230.292 3.14717 1 -3.94529
6326 45.6865 232.875 48.2047 229.995 3.04275 1 -0.23106
6344 45.6865 232.875 46.1735 235.065 2.45811 1 -2.3414
6346 45.6865 232.875 45.5287 235.074 2.2838 1 2.2956
6364 45.8642 232.015 46.1378 233.828 2.80668 1 -2.31493
6366 45.8642 232.015 46.323 232.961 2.92074 1 -0.88341
6368 45.8642 232.015 46.5209 232.095 2.98586 1 0.24358
6370 45.8642 232.015 46.6639 231.212 3.11024 1 0.68659
6381 45.8642 232.015 46.992 232.984 2.99368 1 -3.11354
6385 45.8642 232.015 47.3358 231.188 3.14126 1 -0.53036
6387 45.8642 232.015 47.5305 230.292 3.19728 1 -1.28176
6389 45.8642 232.015 47.3188 234.466 2.67667 1 -1.95221
6393 45.8642 232.015 47.8725 231.803 3.05066 1 -0.15509
6418 45.8642 232.015 44.8987 234.883 2.51314 1 -0.71742
6435 45.8635 232.015 46.137 233.827 2.80349 1 -2.2588
6437 45.8635 232.015 46.324 232.959 2.91821 1 -0.85474
6441 45.8635 232.015 46.6645 231.211 3.11039 1 0.68701
6448 45.8635 232.015 46.6411 234.701 2.58001 1 0.98281
6452 45.8635 232.015 46.992 232.984 2.98937 1 -3.04915
6454 45.8635 232.015 47.1643 232.078 3.00065 1 0.02394
6456 45.8635 232.015 47.3358 231.189 3.10123 1 0.18825
6458 45.8635 232.015 47.5315 230.292 3.20037 1 -1.35416
6460 45.8635 232.015 47.3178 234.465 2.68191 1 -2.13674
6464 45.8635 232.015 47.8728 231.803 3.00683 1 0.91623
6474 45.8635 232.015 48.627 231.261 3.17931 1 -2.57583
6478 45.8635 232.015 49.1504 233.278 2.65463 1 0.17281
6503 46.0395 231.147 46.1378 233.828 2.98305 1 -3.36196
6505 46.0395 231.147 46.323 232.961 3.08972 1 -2.01529
6507 46.0395 231.147 46.5209 232.095 3.04358 1 0.77082
6509 46.0395 231.147 46.6639 231.212 3.20528 1 0.18661
6520 46.0395 231.147 46.992 232.984 3.04432 1 -2.35934
6524 46.0395 231.147 47.3358 231.188 3.18806 1 -0.61858
6530 46.0395 231.147 47.5096 233.585 2.72049 1 3.31082
6541 46.0395 231.147 48.481 232.171 3.18019 1 -3.8981
6572 46.0389 231.146 46.137 233.827 2.95088 1 -2.59636
6574 46.0389 231.146 46.324 232.959 3.05476 1 -1.47546
6589 46.0389 231.146 46.992 232.984 3.01791 1 -1.84515
6591 46.0389 231.146 47.1643 232.078 3.13721 1 -0.02898
6593 46.0389 231.146 47.3358 231.189 3.20924 1 -0.91846
6611 46.0389 231.146 48.627 231.261 3.18176 1 -1.51483
6640 46.176 230.356 46.323 232.961 3.1648 1 -2.7899
6642 46.176 230.356 46.5209 232.095 3.16145 1 0.11137
6646 46.176 230.356 46.8433 230.286 3.20886 1 -0.80724
6651 46.176 230.356 46.6402 234.701 2.86062 1 -3.90151
6653 46.176 230.356 46.797 233.836 2.97476 1 -3.53868
6655 46.176 230.356 46.992 232.984 3.19587 1 -3.22704
6665 46.176 230.356 47.5096 233.585 2.93662 1 -0.70348
6707 46.1761 230.356 46.324 232.959 3.17766 1 -3.03976
6709 46.1761 230.356 46.5209 232.095 3.2103 1 -0.55904
6722 46.1761 230.356 46.992 232.984 3.18988 1 -3.09694
6744 46.1761 230.356 48.627 231.261 3.19575 1 -1.74475
6898 45.9331 234.7 46.323 232.961 2.30252 1 2.9535
6909 45.9331 234.7 46.6402 234.701 2.26066 1 2.38241
6915 45.9331 234.7 47.1642 232.078 2.52628 1 -0.08203
6927 45.9331 234.7 48.2065 229.997 2.69688 1 3.56148
6932 45.9331 234.7 48.15 232.916 2.47891 1 0.19728
6965 45.9323 234.701 46.6645 231.211 2.66133 1 -0.11893
6972 45.9323 234.701 46.6411 234.701 2.67294 1 -2.99202
6978 45.9323 234.701 47.1643 232.078 2.55142 1 -1.04204
6991 45.9323 234.701 48.2047 229.995 2.82102 1 -3.58562
7021 46.1378 233.828 46.323 232.961 2.74563 1 -1.92119
7034 46.1378 233.828 46.797 233.836 2.35375 1 1.06576
7082 46.137 233.827 46.324 232.959 2.76311 1 -2.08223
7084 46.137 233.827 46.5209 232.095 2.85088 1 -3.59001
7101 46.137 233.827 47.3358 231.189 2.86153 1 -3.32119
7105 46.137 233.827 47.3178 234.465 2.27305 1 3.76485
7116 46.137 233.827 48.151 232.913 2.5745 1 -3.04669
7118 46.137 233.827 48.4811 232.171 2.58456 1 -1.20718
7130 46.137 233.827 46.1735 235.065 2.43325 1 -0.4379
7144 46.323 232.961 46.6639 231.212 3.04401 1 -1.54802
7151 46.323 232.961 46.6402 234.701 2.63271 1 -3.63282
7153 46.323 232.961 46.797 233.836 2.62196 1 -1.78253
7157 46.323 232.961 47.1642 232.078 2.99396 1 -2.90905
7159 46.323 232.961 47.3358 231.188 3.018 1 -2.34208
7161 46.323 232.961 47.5305 230.292 3.05814 1 -1.84605
7163 46.323 232.961 47.3188 234.466 2.5297 1 -0.81938
7181 46.323 232.961 49.1504 233.278 2.41532 1 3.75662
7190 46.323 232.961 45.5295 235.073 2.37119 1 1.1274
7203 46.324 232.959 46.6645 231.211 3.03638 1 -1.42477
7210 46.324 232.959 46.6411 234.701 2.42929 1 0.76336
7216 46.324 232.959 47.1643 232.078 2.97082 1 -2.59061
7218 46.324 232.959 47.3358 231.189 3.01617 1 -2.29959
7222 46.324 232.959 47.3178 234.465 2.517 1 -0.49949
7243 46.324 232.959 47.8884 233.895 2.48477 1 1.87865
7268 46.5209 232.095 46.797 233.836 2.77918 1 -2.93165
7276 46.5209 232.095 47.5305 230.292 3.15259 1 -0.62584
7282 46.5209 232.095 47.8725 231.803 3.14337 1 -2.53999
7291 46.5209 232.095 48.481 232.171 2.7993 1 2.11801
7316 46.5209 232.095 46.6645 231.211 3.07868 1 0.43003
7329 46.5209 232.095 47.1643 232.078 3.05005 1 -0.8153
7335 46.5209 232.095 47.3178 234.465 2.71997 1 -1.99888
7339 46.5209 232.095 47.8728 231.803 3.0982 1 -1.83527
7349 46.5209 232.095 48.627 231.261 3.14003 1 -2.51475
7381 46.6639 231.212 46.992 232.984 3.12865 1 -3.2258
7393 46.6639 231.212 47.8725 231.803 3.16497 1 -0.83996
7402 46.6639 231.212 48.481 232.171 3.20393 1 -3.99837
7407 46.6639 231.212 49.1504 233.278 2.74323 1 -0.40534
7418 46.6639 231.212 44.8987 234.883 2.64669 1 -0.67189
7432 46.6645 231.211 46.6411 234.701 2.67425 1 0.08494
7436 46.6645 231.211 46.992 232.984 3.13778 1 -3.35843
7438 46.6645 231.211 47.1643 232.078 3.15134 1 -0.57312
7448 46.6645 231.211 47.8728 231.803 3.19837 1 -1.30549
7484 46.8433 230.286 46.6402 234.701 2.6548 1 3.22757
7514 46.8433 230.286 49.1504 233.278 2.84443 1 -0.42676
7537 46.844 230.286 46.6411 234.701 2.67162 1 2.41637
7563 46.844 230.286 48.627 231.261 3.20495 1 -1.79398
7656 47.1282 229.362 48.2054 229.998 3.21679 1 -3.99395
7697 47.1295 229.349 47.5315 230.292 3.17614 1 -1.92224
7706 47.1295 229.349 48.2047 229.995 3.16918 1 -3.43605
7738 46.6402 234.701 46.992 232.984 2.42517 1 -0.15794
7744 46.6402 234.701 47.5305 230.292 2.81162 1 -3.26704
7764 46.6402 234.701 49.1504 233.278 2.48433 1 -1.52408
7767 46.6402 234.701 47.8883 233.896 2.44267 1 1.80147
7775 46.6402 234.701 44.8987 234.883 2.32093 1 1.62801
7790 46.6411 234.701 47.3358 231.189 2.73654 1 -3.37124
7821 46.6411 234.701 45.5287 235.074 2.22439 1 3.57608
7833 46.797 233.836 47.1642 232.078 2.82236 1 -3.2905
7868 46.797 233.836 44.8987 234.883 2.30964 1 1.84294
7922 46.992 232.984 47.1642 232.078 3.06749 1 -2.05639
7924 46.992 232.984 47.3358 231.188 3.0934 1 -2.74844
7930 46.992 232.984 47.5096 233.585 2.57177 1 -0.32919
7946 46.992 232.984 49.1504 233.278 2.4142 1 1.3144
7968 46.992 232.984 47.3358 231.189 3.16706 1 -3.81248
7970 46.992 232.984 47.5315 230.292 3.15261 1 -3.46228
8017 47.1642 232.078 47.8725 231.803 3.21487 1 -1.59451
8069 47.1643 232.078 48.627 231.261 3.21129 1 -2.74475
8073 47.1643 232.078 49.1504 233.278 2.66508 1 -3.13723
8112 47.3358 231.188 49.1504 233.278 2.85805 1 -3.70559
8148 47.3358 231.189 48.627 231.261 3.20201 1 -0.5197
8159 47.3358 231.189 46.1735 235.065 2.65283 1 -0.36501
8173 47.5305 230.292 47.5096 233.585 2.89099 1 -0.19937
8189 47.5305 230.292 49.1504 233.278 2.77895 1 1.88844
8211 47.5315 230.292 47.5111 233.583 2.77331 1 3.44498
8216 47.5315 230.292 48.2047 229.995 3.21707 1 -1.03878
8223 47.5315 230.292 48.627 231.261 3.16913 1 -0.48926
8234 47.5315 230.292 46.1735 235.065 2.73711 1 -0.4026
8246 47.3188 234.466 47.5096 233.585 2.5065 1 1.1332
8273 47.3188 234.466 44.8987 234.883 2.42605 1 -1.89067
8284 47.3178 234.465 47.8728 231.803 2.78468 1 -3.94566
8301 47.3178 234.465 47.8884 233.895 2.57247 1 0.18728
8307 47.3178 234.465 45.5287 235.074 2.50621 1 -2.51758
8360 47.5111 233.583 48.4811 232.171 2.45874 1 2.4767
8389 47.8725 231.803 48.15 232.916 3.09328 1 -3.51542
8421 47.8728 231.803 48.151 232.913 3.06644 1 -3.25294
8431 47.8728 231.803 47.8884 233.895 2.57333 1 2.28223
8612 48.151 232.913 48.4811 232.171 2.60627 1 -0.66377
8620 48.151 232.913 47.8884 233.895 2.62004 1 -1.80769
8624 48.151 232.913 46.1735 235.065 2.54057 1 -2.83385
8662 48.4811 232.171 49.1504 233.278 2.45795 1 0.02898
8857 46.1735 235.065 45.5287 235.074 2.20342 1 2.481
