1074 46.8981 235.006 45.1731 231.994 3.83048 1 0.19023
1111 46.8981 235.006 47.1295 229.349 3.78904 1 -0.03078
1123 46.8981 235.006 47.5315 230.292 3.80787 1 -0.4606
1129 46.8981 235.006 47.8728 231.803 3.80988 1 -0.00053
1443 46.8887 234.881 45.1731 231.994 3.97129 1 -2.46385
1475 46.8887 234.881 46.6645 231.211 3.88739 1 -1.17275
1477 46.8887 234.881 46.844 230.286 3.85676 1 -1.21886
1507 46.8887 234.881 48.4811 232.171 3.79572 1 0.14931
1545 47.0004 234.699 44.5342 231.962 3.87101 1 -0.53325
1561 47.0004 234.699 45.0617 232.843 3.92274 1 -1.63243
1564 47.0004 234.699 45.1731 231.994 3.90989 1 -1.19779
1566 47.0004 234.699 45.4261 231.09 3.89028 1 -0.70231
1569 47.0004 234.699 45.7145 229.397 3.80416 1 0.44717
1582 47.0004 234.699 46.0389 231.146 3.88419 1 -0.78502
1584 47.0004 234.699 46.1761 230.356 3.80285 1 0.55323
1598 47.0004 234.699 46.844 230.286 3.83796 1 -0.80407
1601 47.0004 234.699 47.1295 229.349 3.81016 1 -0.66079
1609 47.0004 234.699 47.1643 232.078 3.86037 1 -0.53067
1611 47.0004 234.699 47.3358 231.189 3.85263 1 -0.84338
1613 47.0004 234.699 47.5315 230.292 3.78601 1 0.0612
1626 47.0004 234.699 48.151 232.913 3.80064 1 0.16258
1628 47.0004 234.699 48.4811 232.171 3.80606 1 -0.03569
1629 47.0004 234.699 48.627 231.261 3.80409 1 -0.1802
1636 47.0004 234.699 47.8884 233.895 3.92472 1 -0.82723
1703 46.0248 235.035 46.176 230.356 3.69204 1 3.23383
1715 46.0248 235.035 46.6639 231.212 3.94443 1 -2.40741
1738 46.0248 235.035 47.8725 231.803 3.46036 1 8.30812
2201 46.6816 235 47.3358 231.189 3.54025 1 5.84753
2921 44.1777 233.728 44.8459 230.318 3.81659 1 0.25415
2974 44.1777 233.728 47.1282 229.362 3.87877 1 -1.71539
2995 44.1777 233.728 48.2054 229.998 3.79548 1 0.69931
3031 44.179 233.729 44.8274 230.32 3.88267 1 -1.00925
3136 44.3542 232.905 44.8459 230.318 3.85624 1 -0.27746
3189 44.3542 232.905 47.1282 229.362 3.83483 1 -0.43898
3210 44.3542 232.905 48.2054 229.998 3.80411 1 0.32319
3244 44.3604 232.892 44.8274 230.32 3.90745 1 -0.99253
3369 44.5342 231.962 45.7145 229.397 3.79114 1 0.3602
3396 44.5342 231.962 46.6645 231.211 3.95383 1 -1.47963
3398 44.5342 231.962 46.844 230.286 3.67366 1 3.02811
3401 44.5342 231.962 47.1295 229.349 3.75174 1 1.17869
3403 44.5342 231.962 46.6411 234.701 3.86109 1 -0.5709
3411 44.5342 231.962 47.3358 231.189 3.99734 1 -3.1522
3413 44.5342 231.962 47.5315 230.292 3.77467 1 0.91431
3419 44.5342 231.962 47.8728 231.803 3.83283 1 0.2216
3436 44.5342 231.962 47.8884 233.895 3.90144 1 -1.1101
3438 44.5342 231.962 45.5584 234.808 4.03276 1 -3.37012
3440 44.5342 231.962 46.1735 235.065 3.86055 1 -0.89002
3442 44.5342 231.962 45.5287 235.074 3.89201 1 -1.25929
3463 44.844 230.317 45.0636 232.844 3.89127 1 -0.45028
3479 44.844 230.317 45.4989 233.733 3.83396 1 0.40833
3481 44.844 230.317 45.6855 232.877 3.90181 1 -0.61114
3483 44.844 230.317 45.8642 232.015 3.898 1 -0.56994
3491 44.844 230.317 45.9331 234.7 3.87523 1 -1.1098
3495 44.844 230.317 46.323 232.961 3.82938 1 0.4161
3499 44.844 230.317 46.6639 231.212 3.86572 1 -0.9378
3506 44.844 230.317 46.6402 234.701 3.90864 1 -1.68072
3508 44.844 230.317 46.797 233.836 3.85375 1 -0.07461
3510 44.844 230.317 46.992 232.984 3.81043 1 0.61838
3512 44.844 230.317 47.1642 232.078 3.87727 1 -1.19572
3514 44.844 230.317 47.3358 231.188 3.81632 1 -0.67119
3520 44.844 230.317 47.5096 233.585 3.81097 1 0.57576
3522 44.844 230.317 47.8725 231.803 3.80453 1 -0.37584
3524 44.844 230.317 48.2065 229.997 3.66985 1 2.29078
3529 44.844 230.317 48.15 232.916 3.8046 1 0.15768
3531 44.844 230.317 48.481 232.171 3.85063 1 -1.87299
3547 44.844 230.317 44.8987 234.883 3.89995 1 -1.38481
3564 44.8459 230.318 44.8476 233.693 3.91348 1 -0.99475
3567 44.8459 230.318 45.0631 232.845 3.89665 1 -0.52192
3607 44.8459 230.318 47.1282 229.362 3.66554 1 1.85683
3628 44.8459 230.318 48.2054 229.998 3.73707 1 0.45258
3670 44.8438 230.319 45.0617 232.843 3.89803 1 -0.53849
3673 44.8438 230.319 45.1731 231.994 3.97746 1 -1.26635
3685 44.8438 230.319 45.4995 233.732 3.82818 1 0.51901
3687 44.8438 230.319 45.6865 232.875 3.84892 1 0.17071
3689 44.8438 230.319 45.8635 232.015 3.8815 1 -0.37806
3693 44.8438 230.319 46.1761 230.356 3.90953 1 -1.27865
3697 44.8438 230.319 45.9323 234.701 3.85675 1 -0.65951
3699 44.8438 230.319 46.137 233.827 3.89043 1 -0.79782
3701 44.8438 230.319 46.324 232.959 3.87171 1 -0.33695
3703 44.8438 230.319 46.5209 232.095 3.86126 1 -0.37379
3705 44.8438 230.319 46.6645 231.211 3.82053 1 -0.28254
3710 44.8438 230.319 47.1295 229.349 3.64467 1 2.2759
3716 44.8438 230.319 46.992 232.984 3.81519 1 0.51504
3718 44.8438 230.319 47.1643 232.078 3.81036 1 0.12712
3720 44.8438 230.319 47.3358 231.189 3.8034 1 -0.41512
3722 44.8438 230.319 47.5315 230.292 3.679 1 1.70662
3724 44.8438 230.319 47.3178 234.465 3.84832 1 -0.05019
3728 44.8438 230.319 47.8728 231.803 3.75445 1 0.87331
3735 44.8438 230.319 48.151 232.913 3.82854 1 -0.53081
3737 44.8438 230.319 48.4811 232.171 3.81452 1 -0.81671
3738 44.8438 230.319 48.627 231.261 3.58812 1 5.50899
3745 44.8438 230.319 47.8884 233.895 3.79347 1 0.99175
3749 44.8438 230.319 46.1735 235.065 3.86044 1 -0.85176
3751 44.8438 230.319 45.5287 235.074 3.80762 1 0.48674
3766 44.8274 230.32 44.6577 234.533 3.89165 1 -1.08974
3768 44.8274 230.32 44.8489 233.692 3.88638 1 -0.51917
3772 44.8274 230.32 45.0301 232.844 3.85277 1 0.08103
4389 44.6534 234.535 46.5209 232.095 3.75693 1 1.68908
4582 44.8476 233.693 47.1282 229.362 3.84587 1 -0.59459
4603 44.8476 233.693 48.2054 229.998 3.79537 1 0.45401
4732 45.0636 232.844 45.5531 230.327 3.85936 1 0.0037
4748 45.0636 232.844 46.176 230.356 3.84489 1 0.17554
4760 45.0636 232.844 46.6639 231.212 3.90131 1 -0.48069
4762 45.0636 232.844 46.8433 230.286 3.85581 1 -0.36472
4767 45.0636 232.844 46.6402 234.701 3.88822 1 -1.12119
4775 45.0636 232.844 47.3358 231.188 3.8667 1 -0.29129
4777 45.0636 232.844 47.5305 230.292 3.77981 1 1.03395
4783 45.0636 232.844 47.8725 231.803 3.81108 1 0.55392
4785 45.0636 232.844 48.2065 229.997 3.80275 1 0.15644
4790 45.0636 232.844 48.15 232.916 3.83489 1 0.11952
4792 45.0636 232.844 48.481 232.171 3.82182 1 0.20646
4800 45.0636 232.844 47.8883 233.896 3.94029 1 -2.01546
4855 45.0631 232.845 47.1282 229.362 3.85604 1 -0.86215
4876 45.0631 232.845 48.2054 229.998 3.77241 1 1.02802
4910 45.0617 232.843 45.4261 231.09 3.94612 1 -0.62715
4912 45.0617 232.843 45.5519 230.328 3.87216 1 -0.17147
4913 45.0617 232.843 45.7145 229.397 3.79444 1 0.77715
4928 45.0617 232.843 46.1761 230.356 3.84553 1 0.16526
4940 45.0617 232.843 46.6645 231.211 3.88691 1 -0.27467
4942 45.0617 232.843 46.844 230.286 3.83304 1 0.0673
4945 45.0617 232.843 47.1295 229.349 3.84665 1 -0.6425
4951 45.0617 232.843 46.992 232.984 3.99487 1 -1.85286
4953 45.0617 232.843 47.1643 232.078 3.8875 1 -0.54553
4955 45.0617 232.843 47.3358 231.189 3.79593 1 1.07616
4957 45.0617 232.843 47.5315 230.292 3.76255 1 1.44384
4959 45.0617 232.843 47.3178 234.465 3.86732 1 -0.60815
4963 45.0617 232.843 47.8728 231.803 3.85498 1 -0.40658
4966 45.0617 232.843 48.2047 229.995 3.75271 1 1.59955
4970 45.0617 232.843 48.151 232.913 3.86021 1 -0.46496
4972 45.0617 232.843 48.4811 232.171 3.8398 1 -0.26304
4973 45.0617 232.843 48.627 231.261 3.80095 1 0.48929
4977 45.0617 232.843 49.1504 233.278 3.81905 1 0.25802
4980 45.0617 232.843 47.8884 233.895 3.93366 1 -1.87574
4984 45.0617 232.843 46.1735 235.065 3.92146 1 -1.76245
4986 45.0617 232.843 45.5287 235.074 3.93435 1 -1.60443
5116 45.1757 231.992 46.8433 230.286 3.80492 1 0.28565
5129 45.1757 231.992 47.3358 231.188 3.8609 1 -0.43581
5137 45.1757 231.992 47.8725 231.803 3.75469 1 1.55639
5139 45.1757 231.992 48.2065 229.997 3.76301 1 0.81075
5162 45.1757 231.992 44.8987 234.883 3.88412 1 -0.64632
5173 45.1731 231.994 45.5519 230.328 3.95771 1 -1.03804
5174 45.1731 231.994 45.7145 229.397 3.79612 1 0.30222
5189 45.1731 231.994 46.1761 230.356 3.85368 1 -0.1887
5193 45.1731 231.994 45.9323 234.701 3.9499 1 -1.88101
5206 45.1731 231.994 47.1295 229.349 3.82479 1 -0.48473
5216 45.1731 231.994 47.3358 231.189 3.88693 1 -0.86387
5218 45.1731 231.994 47.5315 230.292 3.73422 1 1.55407
5220 45.1731 231.994 47.3178 234.465 3.89879 1 -0.87806
5224 45.1731 231.994 47.8728 231.803 3.78105 1 1.00224
5227 45.1731 231.994 48.2047 229.995 3.79445 1 0.00079
5245 45.1731 231.994 46.1735 235.065 3.89003 1 -1.27711
5277 45.4242 231.093 45.9331 234.7 3.90411 1 -1.28006
5281 45.4242 231.093 46.323 232.961 3.96432 1 -1.02023
5292 45.4242 231.093 46.6402 234.701 3.93665 1 -1.6475
5294 45.4242 231.093 46.797 233.836 3.89645 1 -0.52935
5296 45.4242 231.093 46.992 232.984 3.8525 1 0.02834
5298 45.4242 231.093 47.1642 232.078 3.88135 1 -0.61218
5302 45.4242 231.093 47.5305 230.292 3.81296 1 -0.68264
5306 45.4242 231.093 47.5096 233.585 3.85641 1 -0.21774
5308 45.4242 231.093 47.8725 231.803 3.90727 1 -1.77797
5310 45.4242 231.093 48.2065 229.997 3.76408 1 -0.02855
5325 45.4242 231.093 47.8883 233.896 3.8278 1 0.29815
5343 45.4261 231.09 45.7145 229.397 3.75555 1 0.32724
5350 45.4261 231.09 45.4995 233.732 3.92454 1 -0.65136
5362 45.4261 231.09 45.9323 234.701 3.90196 1 -1.24033
5366 45.4261 231.09 46.324 232.959 3.9626 1 -1.00384
5375 45.4261 231.09 47.1295 229.349 3.70294 1 1.13383
5383 45.4261 231.09 47.1643 232.078 3.86447 1 -0.37846
5389 45.4261 231.09 47.3178 234.465 3.86442 1 -0.26211
5393 45.4261 231.09 47.8728 231.803 3.862 1 -0.94681
5396 45.4261 231.09 48.2047 229.995 3.76182 1 0.02073
5400 45.4261 231.09 48.151 232.913 3.83827 1 -0.39252
5402 45.4261 231.09 48.4811 232.171 3.86756 1 -1.44421
5407 45.4261 231.09 49.1504 233.278 3.80194 1 0.24439
5410 45.4261 231.09 47.8884 233.895 3.78305 1 1.37212
5416 45.4261 231.09 45.5287 235.074 3.8807 1 -1.03397
5432 45.5531 230.327 45.4989 233.733 3.88138 1 -0.29351
5446 45.5531 230.327 46.1378 233.828 3.81348 1 0.64277
5459 45.5531 230.327 46.6402 234.701 3.88465 1 -1.04367
5461 45.5531 230.327 46.797 233.836 3.87909 1 -0.69446
5463 45.5531 230.327 46.992 232.984 3.80889 1 0.20056
5467 45.5531 230.327 47.3358 231.188 3.78411 1 -0.15803
5471 45.5531 230.327 47.3188 234.466 3.88943 1 -1.34921
5473 45.5531 230.327 47.5096 233.585 3.7971 1 0.41349
5475 45.5531 230.327 47.8725 231.803 3.78827 1 -0.20653
5477 45.5531 230.327 48.2065 229.997 3.73292 1 0.32344
5500 45.5531 230.327 44.8987 234.883 3.83364 1 0.23245
5515 45.5519 230.328 45.4995 233.732 3.90198 1 -0.65453
5517 45.5519 230.328 45.6865 232.875 3.87364 1 -0.06511
5527 45.5519 230.328 45.9323 234.701 3.8282 1 0.04165
5529 45.5519 230.328 46.137 233.827 3.83712 1 0.19168
5531 45.5519 230.328 46.324 232.959 3.90344 1 -0.85526
5533 45.5519 230.328 46.5209 232.095 3.86766 1 -0.50424
5546 45.5519 230.328 46.992 232.984 3.8324 1 -0.21678
5550 45.5519 230.328 47.3358 231.189 3.76652 1 0.10142
5554 45.5519 230.328 47.3178 234.465 3.84735 1 -0.29513
5556 45.5519 230.328 47.5111 233.583 3.86803 1 -1.18746
5558 45.5519 230.328 47.8728 231.803 3.76283 1 0.29773
5565 45.5519 230.328 48.151 232.913 3.77609 1 0.48135
5581 45.5519 230.328 45.5287 235.074 3.87089 1 -1.03012
5596 45.7145 229.397 45.4995 233.732 3.86556 1 -0.46741
5602 45.7145 229.397 46.0389 231.146 3.80082 1 -0.21741
5608 45.7145 229.397 45.9323 234.701 3.84693 1 -0.95751
5610 45.7145 229.397 46.137 233.827 3.78944 1 0.76674
5612 45.7145 229.397 46.324 232.959 3.74624 1 1.37953
5627 45.7145 229.397 46.992 232.984 3.79438 1 -0.03437
5629 45.7145 229.397 47.1643 232.078 3.70422 1 1.30049
5631 45.7145 229.397 47.3358 231.189 3.70023 1 0.76202
5633 45.7145 229.397 47.5315 230.292 3.66802 1 1.1867
5635 45.7145 229.397 47.3178 234.465 3.80175 1 0.13065
5639 45.7145 229.397 47.8728 231.803 3.67344 1 1.66895
5642 45.7145 229.397 48.2047 229.995 3.67411 1 1.51685
5646 45.7145 229.397 48.151 232.913 3.70436 1 1.61523
5648 45.7145 229.397 48.4811 232.171 3.69994 1 1.33164
5649 45.7145 229.397 48.627 231.261 3.69449 1 1.15111
6068 45.4989 233.733 46.176 230.356 3.85702 1 -0.22129
6082 45.4989 233.733 46.8433 230.286 3.8355 1 -0.15331
6091 45.4989 233.733 46.992 232.984 3.78788 1 0.35959
6095 45.4989 233.733 47.3358 231.188 3.88884 1 -1.28641
6097 45.4989 233.733 47.5305 230.292 3.87562 1 -1.44126
6103 45.4989 233.733 47.8725 231.803 3.76015 1 0.90969
6105 45.4989 233.733 48.2065 229.997 3.83825 1 -1.37677
6120 45.4989 233.733 47.8883 233.896 3.82927 1 -0.35749
6139 45.4995 233.732 45.8635 232.015 4.00972 1 -1.20735
6141 45.4995 233.732 46.0389 231.146 3.96733 1 -1.42647
6143 45.4995 233.732 46.1761 230.356 3.88061 1 -0.6521
6155 45.4995 233.732 46.6645 231.211 3.8692 1 -0.29317
6157 45.4995 233.732 46.844 230.286 3.82479 1 0.06962
6160 45.4995 233.732 47.1295 229.349 3.82941 1 -0.47452
6168 45.4995 233.732 47.1643 232.078 3.86352 1 -0.7391
6170 45.4995 233.732 47.3358 231.189 3.87238 1 -0.97638
6172 45.4995 233.732 47.5315 230.292 3.84889 1 -0.81942
6178 45.4995 233.732 47.8728 231.803 3.83768 1 -0.71507
6181 45.4995 233.732 48.2047 229.995 3.86203 1 -2.04045
6187 45.4995 233.732 48.4811 232.171 3.83221 1 -0.65861
6188 45.4995 233.732 48.627 231.261 3.79901 1 -0.13887
6219 45.6855 232.877 45.9331 234.7 4.13256 1 -3.15663
6229 45.6855 232.877 46.8433 230.286 3.83776 1 -0.23978
6244 45.6855 232.877 47.5305 230.292 3.8209 1 -0.27101
6252 45.6855 232.877 48.2065 229.997 3.77264 1 0.53526
6267 45.6855 232.877 47.8883 233.896 3.90024 1 -1.05493
6286 45.6865 232.875 46.0389 231.146 3.98871 1 -1.1404
6288 45.6865 232.875 46.1761 230.356 3.87868 1 -0.55564
6302 45.6865 232.875 46.844 230.286 3.84175 1 -0.30569
6305 45.6865 232.875 47.1295 229.349 3.79669 1 0.17666
6315 45.6865 232.875 47.3358 231.189 3.84998 1 -0.27277
6317 45.6865 232.875 47.5315 230.292 3.84383 1 -0.71817
6326 45.6865 232.875 48.2047 229.995 3.79688 1 -0.06612
6330 45.6865 232.875 48.151 232.913 3.78776 1 0.78722
6337 45.6865 232.875 49.1504 233.278 3.72747 1 2.48708
6358 45.8642 232.015 46.176 230.356 3.83489 1 -0.19295
6372 45.8642 232.015 46.8433 230.286 3.85677 1 -0.66387
6377 45.8642 232.015 46.6402 234.701 3.97473 1 -2.02343
6387 45.8642 232.015 47.5305 230.292 3.73053 1 0.94095
6393 45.8642 232.015 47.8725 231.803 3.73587 1 1.27267
6395 45.8642 232.015 48.2065 229.997 3.72807 1 0.99622
6418 45.8642 232.015 44.8987 234.883 3.86618 1 -0.48529
6429 45.8635 232.015 46.1761 230.356 3.87703 1 -0.57009
6443 45.8635 232.015 46.844 230.286 3.83191 1 -0.37468
6446 45.8635 232.015 47.1295 229.349 3.83445 1 -0.83292
6456 45.8635 232.015 47.3358 231.189 3.82986 1 -0.14518
6458 45.8635 232.015 47.5315 230.292 3.80723 1 -0.28791
6460 45.8635 232.015 47.3178 234.465 3.90867 1 -0.99557
6467 45.8635 232.015 48.2047 229.995 3.72172 1 1.13496
6473 45.8635 232.015 48.4811 232.171 3.81685 1 -0.18362
6474 45.8635 232.015 48.627 231.261 3.80086 1 -0.12866
6478 45.8635 232.015 49.1504 233.278 3.85354 1 -1.22735
6481 45.8635 232.015 47.8884 233.895 3.85248 1 -0.33962
6487 45.8635 232.015 45.5287 235.074 3.91338 1 -1.92911
6503 46.0395 231.147 46.1378 233.828 3.89063 1 -0.59565
6518 46.0395 231.147 46.797 233.836 3.92683 1 -1.12568
6534 46.0395 231.147 48.2065 229.997 3.77761 1 -0.39073
6539 46.0395 231.147 48.15 232.916 3.84392 1 -0.6073
6557 46.0395 231.147 44.8987 234.883 3.87432 1 -0.68329
6570 46.0389 231.146 45.9323 234.701 3.9096 1 -1.58667
6572 46.0389 231.146 46.137 233.827 3.89993 1 -0.72345
6583 46.0389 231.146 47.1295 229.349 3.82142 1 -0.73554
6589 46.0389 231.146 46.992 232.984 3.88159 1 -0.4301
6597 46.0389 231.146 47.3178 234.465 3.89922 1 -1.18767
6608 46.0389 231.146 48.151 232.913 3.81028 1 0.01283
6615 46.0389 231.146 49.1504 233.278 3.76072 1 1.06062
6624 46.0389 231.146 45.5287 235.074 3.8673 1 -1.49941
6636 46.176 230.356 45.9331 234.7 3.85338 1 -0.75016
6638 46.176 230.356 46.1378 233.828 3.85589 1 -0.39914
6640 46.176 230.356 46.323 232.961 3.80791 1 0.37061
6651 46.176 230.356 46.6402 234.701 3.84312 1 -0.30312
6653 46.176 230.356 46.797 233.836 3.82692 1 0.0255
6665 46.176 230.356 47.5096 233.585 3.83713 1 -0.64382
6667 46.176 230.356 47.8725 231.803 3.78819 1 -0.43191
6669 46.176 230.356 48.2065 229.997 3.73497 1 0.07857
6674 46.176 230.356 48.15 232.916 3.76848 1 0.24737
6676 46.176 230.356 48.481 232.171 3.763 1 -0.07642
6684 46.176 230.356 47.8883 233.896 3.79851 1 0.01291
6692 46.176 230.356 44.8987 234.883 3.83583 1 -0.02075
6703 46.1761 230.356 45.9323 234.701 3.86906 1 -1.10628
6705 46.1761 230.356 46.137 233.827 3.88292 1 -0.88316
6707 46.1761 230.356 46.324 232.959 3.82076 1 0.19219
6709 46.1761 230.356 46.5209 232.095 3.87479 1 -0.57571
6722 46.1761 230.356 46.992 232.984 3.83395 1 -0.31782
6724 46.1761 230.356 47.1643 232.078 3.80406 1 -0.19664
6726 46.1761 230.356 47.3358 231.189 3.86638 1 -1.05329
6730 46.1761 230.356 47.3178 234.465 3.817 1 0.12157
6734 46.1761 230.356 47.8728 231.803 3.74369 1 0.25342
6737 46.1761 230.356 48.2047 229.995 3.77578 1 -0.57901
6741 46.1761 230.356 48.151 232.913 3.79846 1 -0.36786
6743 46.1761 230.356 48.4811 232.171 3.73704 1 0.46037
6751 46.1761 230.356 47.8884 233.895 3.81645 1 -0.39535
6753 46.1761 230.356 45.5584 234.808 3.50069 1 7.88028
6757 46.1761 230.356 45.5287 235.074 3.82313 1 -0.71072
6900 45.9331 234.7 46.5209 232.095 3.83763 1 -0.2508
6904 45.9331 234.7 46.8433 230.286 3.81323 1 -0.04476
6915 45.9331 234.7 47.1642 232.078 3.88301 1 -1.01688
6917 45.9331 234.7 47.3358 231.188 3.84965 1 -0.86437
6927 45.9331 234.7 48.2065 229.997 3.83161 1 -1.28626
6932 45.9331 234.7 48.15 232.916 3.82214 1 -0.32897
6961 45.9323 234.701 46.324 232.959 3.92702 1 -1.18295
6976 45.9323 234.701 46.992 232.984 3.90041 1 -0.92994
6978 45.9323 234.701 47.1643 232.078 3.89838 1 -1.2652
6980 45.9323 234.701 47.3358 231.189 3.83894 1 -0.63931
6988 45.9323 234.701 47.8728 231.803 3.86198 1 -1.11713
7025 46.1378 233.828 46.6639 231.212 3.90214 1 -0.82657
7027 46.1378 233.828 46.8433 230.286 3.8492 1 -0.51807
7042 46.1378 233.828 47.5305 230.292 3.86647 1 -1.65019
7048 46.1378 233.828 47.8725 231.803 3.89025 1 -1.17668
7050 46.1378 233.828 48.2065 229.997 3.85727 1 -1.80096
7055 46.1378 233.828 48.15 232.916 3.82627 1 -0.1152
7073 46.1378 233.828 44.8987 234.883 3.85912 1 -1.22109
7086 46.137 233.827 46.6645 231.211 3.87328 1 -0.42663
7088 46.137 233.827 46.844 230.286 3.82901 1 -0.13002
7091 46.137 233.827 47.1295 229.349 3.79786 1 0.16467
7099 46.137 233.827 47.1643 232.078 3.93259 1 -1.18318
7101 46.137 233.827 47.3358 231.189 3.8691 1 -0.94977
7103 46.137 233.827 47.5315 230.292 3.81088 1 -0.47696
7109 46.137 233.827 47.8728 231.803 3.9387 1 -1.95824
7112 46.137 233.827 48.2047 229.995 3.80732 1 -0.54361
7116 46.137 233.827 48.151 232.913 3.78537 1 0.54714
7118 46.137 233.827 48.4811 232.171 3.75357 1 1.17807
7119 46.137 233.827 48.627 231.261 3.77349 1 0.72148
7146 46.323 232.961 46.8433 230.286 3.85607 1 -0.52076
7161 46.323 232.961 47.5305 230.292 3.81582 1 -0.54287
7169 46.323 232.961 48.2065 229.997 3.8257 1 -1.20118
7192 46.323 232.961 44.8987 234.883 3.85292 1 -1.23181
7203 46.324 232.959 46.6645 231.211 3.92464 1 -0.69701
7208 46.324 232.959 47.1295 229.349 3.79606 1 0.08957
7218 46.324 232.959 47.3358 231.189 3.92128 1 -1.4512
7220 46.324 232.959 47.5315 230.292 3.83909 1 -0.93161
7222 46.324 232.959 47.3178 234.465 4.02493 1 -1.95327
7229 46.324 232.959 48.2047 229.995 3.86323 1 -1.98366
7249 46.324 232.959 45.5287 235.074 3.7978 1 -0.24871
7266 46.5209 232.095 46.6402 234.701 3.87497 1 -0.60031
7276 46.5209 232.095 47.5305 230.292 3.8196 1 -0.53335
7284 46.5209 232.095 48.2065 229.997 3.78205 1 -0.37347
7318 46.5209 232.095 46.844 230.286 3.80322 1 -0.0316
7321 46.5209 232.095 47.1295 229.349 3.78165 1 -0.02515
7342 46.5209 232.095 48.2047 229.995 3.81208 1 -0.88492
7349 46.5209 232.095 48.627 231.261 3.78329 1 -0.1322
7377 46.6639 231.212 46.6402 234.701 3.85292 1 -0.4686
7395 46.6639 231.212 48.2065 229.997 3.65347 1 1.22333
7400 46.6639 231.212 48.15 232.916 3.84909 1 -0.85053
7418 46.6639 231.212 44.8987 234.883 3.8652 1 -0.899
7430 46.6645 231.211 47.1295 229.349 3.80408 1 -0.52395
7444 46.6645 231.211 47.3178 234.465 3.82697 1 -0.06879
7457 46.6645 231.211 48.4811 232.171 3.82651 1 -0.82714
7471 46.6645 231.211 45.5287 235.074 3.80894 1 -0.07708
7486 46.8433 230.286 46.797 233.836 3.86246 1 -0.99714
7490 46.8433 230.286 47.1642 232.078 3.90181 1 -1.27846
7502 46.8433 230.286 48.2065 229.997 3.74906 1 -0.15514
7507 46.8433 230.286 48.15 232.916 3.74296 1 0.26331
7509 46.8433 230.286 48.481 232.171 3.77847 1 -0.56342
7517 46.8433 230.286 47.8883 233.896 3.8261 1 -0.92043
7525 46.8433 230.286 44.8987 234.883 3.84411 1 -0.75979
7541 46.844 230.286 46.992 232.984 3.81668 1 -0.42325
7549 46.844 230.286 47.3178 234.465 3.79086 1 0.17665
7560 46.844 230.286 48.151 232.913 3.79464 1 -0.63284
7562 46.844 230.286 48.4811 232.171 3.7565 1 -0.20611
7567 46.844 230.286 49.1504 233.278 3.69118 1 1.63275
7570 46.844 230.286 47.8884 233.895 3.81223 1 -0.63955
7691 47.1295 229.349 46.992 232.984 3.79669 1 -0.54558
7693 47.1295 229.349 47.1643 232.078 3.76251 1 -0.12723
7695 47.1295 229.349 47.3358 231.189 3.85693 1 -1.17792
7699 47.1295 229.349 47.3178 234.465 3.82053 1 -1.05888
7703 47.1295 229.349 47.8728 231.803 3.72173 1 0.24947
7710 47.1295 229.349 48.151 232.913 3.7724 1 -0.43768
7712 47.1295 229.349 48.4811 232.171 3.77059 1 -0.5154
7717 47.1295 229.349 49.1504 233.278 3.7123 1 1.18911
7720 47.1295 229.349 47.8884 233.895 3.75691 1 0.16816
7724 47.1295 229.349 46.1735 235.065 3.78715 1 0.17955
7744 46.6402 234.701 47.5305 230.292 3.7959 1 -0.2697
7750 46.6402 234.701 47.8725 231.803 3.82213 1 -0.2726
7752 46.6402 234.701 48.2065 229.997 3.7682 1 0.44252
7764 46.6402 234.701 49.1504 233.278 3.65229 1 3.304
7845 46.797 233.836 48.2065 229.997 3.77169 1 0.15689
7908 46.7957 233.837 45.5584 234.808 3.4505 1 4.02495
7934 46.992 232.984 48.2065 229.997 3.80951 1 -0.77676
7941 46.992 232.984 48.481 232.171 3.77633 1 0.19158
7957 46.992 232.984 44.8987 234.883 3.75015 1 0.73426
7970 46.992 232.984 47.5315 230.292 3.75816 1 0.09334
7976 46.992 232.984 47.8728 231.803 3.94103 1 -1.27748
7979 46.992 232.984 48.2047 229.995 3.75087 1 0.29806
7986 46.992 232.984 48.627 231.261 3.80268 1 -0.32369
7997 46.992 232.984 46.1735 235.065 3.833 1 -0.26067
7999 46.992 232.984 45.5287 235.074 3.83162 1 -0.45222
8019 47.1642 232.078 48.2065 229.997 3.81879 1 -0.96533
8031 47.1642 232.078 49.1504 233.278 3.79778 1 -0.1801
8042 47.1642 232.078 44.8987 234.883 3.78571 1 -0.01707
8053 47.1643 232.078 47.5315 230.292 3.77296 1 -0.30794
8062 47.1643 232.078 48.2047 229.995 3.78748 1 -0.54532
8073 47.1643 232.078 49.1504 233.278 3.74835 1 0.64757
8080 47.1643 232.078 46.1735 235.065 3.79681 1 0.3543
8082 47.1643 232.078 45.5287 235.074 3.85846 1 -1.09469
8134 47.3358 231.189 47.3178 234.465 3.85616 1 -0.93168
8145 47.3358 231.189 48.151 232.913 3.87779 1 -1.14486
8148 47.3358 231.189 48.627 231.261 3.78753 1 -0.4134
8157 47.3358 231.189 45.5584 234.808 3.41359 1 9.87272
8159 47.3358 231.189 46.1735 235.065 3.81377 1 -0.1269
8161 47.3358 231.189 45.5287 235.074 3.82769 1 -0.93924
8173 47.5305 230.292 47.5096 233.585 3.77708 1 -0.10238
8182 47.5305 230.292 48.15 232.916 3.83062 1 -1.0727
8189 47.5305 230.292 49.1504 233.278 3.65843 1 2.08261
8192 47.5305 230.292 47.8883 233.896 3.83564 1 -1.21515
8200 47.5305 230.292 44.8987 234.883 3.85751 1 -1.9232
8209 47.5315 230.292 47.3178 234.465 3.80195 1 -0.40639
8220 47.5315 230.292 48.151 232.913 3.78283 1 -0.38621
8222 47.5315 230.292 48.4811 232.171 3.78482 1 -0.52463
8227 47.5315 230.292 49.1504 233.278 3.72914 1 0.60218
8230 47.5315 230.292 47.8884 233.895 3.79564 1 -0.46356
8232 47.5315 230.292 45.5584 234.808 3.53038 1 7.5333
8234 47.5315 230.292 46.1735 235.065 3.77042 1 0.59656
8250 47.3188 234.466 48.2065 229.997 3.82119 1 -1.01925
8284 47.3178 234.465 47.8728 231.803 3.82602 1 -0.34982
8291 47.3178 234.465 48.151 232.913 3.78397 1 0.25942
8293 47.3178 234.465 48.4811 232.171 3.78343 1 0.2396
8319 47.5096 233.585 48.2065 229.997 3.73939 1 0.60204
8407 47.8725 231.803 44.8987 234.883 3.83788 1 -1.36248
8417 47.8728 231.803 48.2047 229.995 3.79783 1 -0.49419
8428 47.8728 231.803 49.1504 233.278 3.79845 1 -0.23384
8435 47.8728 231.803 46.1735 235.065 3.82265 1 -0.45219
8437 47.8728 231.803 45.5287 235.074 3.82151 1 -0.53326
8450 48.2065 229.997 48.15 232.916 3.74361 1 0.2636
8468 48.2065 229.997 44.8987 234.883 3.79382 1 -0.94441
8508 48.2047 229.995 48.151 232.913 3.78082 1 -0.30833
8515 48.2047 229.995 49.1504 233.278 3.74113 1 0.65719
8518 48.2047 229.995 47.8884 233.895 3.79332 1 -0.47731
8522 48.2047 229.995 46.1735 235.065 3.78142 1 0.11042
8524 48.2047 229.995 45.5287 235.074 3.79747 1 -0.54573
8603 48.15 232.916 44.8987 234.883 3.79027 1 -0.08555
8626 48.151 232.913 45.5287 235.074 3.73257 1 1.49721
8650 48.481 232.171 44.8987 234.883 3.79241 1 -0.18783
8671 48.4811 232.171 45.5287 235.074 3.7181 1 2.10922
