1074 46.8981 235.006 45.1731 231.994 3.79857 1 0.04827
1111 46.8981 235.006 47.1295 229.349 3.75514 1 1.17913
1475 46.8887 234.881 46.6645 231.211 3.83248 1 -0.44365
1477 46.8887 234.881 46.844 230.286 3.84494 1 -1.05349
1545 47.0004 234.699 44.5342 231.962 3.87402 1 -1.48023
1564 47.0004 234.699 45.1731 231.994 3.92807 1 -2.3508
1569 47.0004 234.699 45.7145 229.397 3.81345 1 -0.69714
1582 47.0004 234.699 46.0389 231.146 3.89822 1 -1.59579
1584 47.0004 234.699 46.1761 230.356 3.81505 1 -0.27359
1598 47.0004 234.699 46.844 230.286 3.82775 1 -0.52797
1601 47.0004 234.699 47.1295 229.349 3.81276 1 -0.50654
1611 47.0004 234.699 47.3358 231.189 3.87352 1 -1.21089
1613 47.0004 234.699 47.5315 230.292 3.80095 1 -0.10569
1628 47.0004 234.699 48.4811 232.171 3.79095 1 0.02267
1636 47.0004 234.699 47.8884 233.895 3.98573 1 -1.53144
1703 46.0248 235.035 46.176 230.356 3.69373 1 2.62504
1715 46.0248 235.035 46.6639 231.212 3.96463 1 -3.20414
1763 46.0248 235.035 44.8987 234.883 3.24511 1 5.16071
2201 46.6816 235 47.3358 231.189 3.81731 1 -0.38339
2921 44.1777 233.728 44.8459 230.318 3.81441 1 0.05042
2974 44.1777 233.728 47.1282 229.362 3.87625 1 -2.14834
2995 44.1777 233.728 48.2054 229.998 3.79556 1 0.55739
3031 44.179 233.729 44.8274 230.32 3.89832 1 -1.54553
3136 44.3542 232.905 44.8459 230.318 3.88517 1 -0.87308
3189 44.3542 232.905 47.1282 229.362 3.83566 1 -0.82902
3210 44.3542 232.905 48.2054 229.998 3.81758 1 -0.30446
3244 44.3604 232.892 44.8274 230.32 3.93544 1 -1.56218
3369 44.5342 231.962 45.7145 229.397 3.79679 1 0.02405
3396 44.5342 231.962 46.6645 231.211 3.94798 1 -1.85335
3398 44.5342 231.962 46.844 230.286 3.68894 1 2.48374
3401 44.5342 231.962 47.1295 229.349 3.77011 1 0.41643
3403 44.5342 231.962 46.6411 234.701 3.89411 1 -1.83784
3413 44.5342 231.962 47.5315 230.292 3.77415 1 0.82322
3436 44.5342 231.962 47.8884 233.895 3.89887 1 -1.66543
3463 44.844 230.317 45.0636 232.844 3.92669 1 -1.11213
3479 44.844 230.317 45.4989 233.733 3.83042 1 0.04013
3499 44.844 230.317 46.6639 231.212 3.88452 1 -1.41511
3506 44.844 230.317 46.6402 234.701 3.89382 1 -2.05433
3508 44.844 230.317 46.797 233.836 3.86462 1 -0.89367
3510 44.844 230.317 46.992 232.984 3.80384 1 0.41891
3514 44.844 230.317 47.3358 231.188 3.78838 1 -0.15985
3520 44.844 230.317 47.5096 233.585 3.83621 1 -0.40466
3522 44.844 230.317 47.8725 231.803 3.81787 1 -0.70075
3524 44.844 230.317 48.2065 229.997 3.67578 1 2.31205
3529 44.844 230.317 48.15 232.916 3.81865 1 -0.4793
3547 44.844 230.317 44.8987 234.883 3.89867 1 -1.98898
3564 44.8459 230.318 44.8476 233.693 3.93218 1 -1.65588
3567 44.8459 230.318 45.0631 232.845 3.90974 1 -0.89092
3607 44.8459 230.318 47.1282 229.362 3.6855 1 1.4279
3670 44.8438 230.319 45.0617 232.843 3.91714 1 -0.98546
3673 44.8438 230.319 45.1731 231.994 4.02268 1 -1.75613
3685 44.8438 230.319 45.4995 233.732 3.82138 1 0.21388
3687 44.8438 230.319 45.6865 232.875 3.82661 1 0.12546
3689 44.8438 230.319 45.8635 232.015 3.90127 1 -0.89597
3693 44.8438 230.319 46.1761 230.356 3.93279 1 -1.71556
3697 44.8438 230.319 45.9323 234.701 3.84879 1 -1.07413
3699 44.8438 230.319 46.137 233.827 3.88774 1 -1.29417
3701 44.8438 230.319 46.324 232.959 3.87395 1 -0.70052
3716 44.8438 230.319 46.992 232.984 3.81864 1 0.09693
3718 44.8438 230.319 47.1643 232.078 3.81241 1 -0.20501
3720 44.8438 230.319 47.3358 231.189 3.81048 1 -0.59443
3722 44.8438 230.319 47.5315 230.292 3.66444 1 2.07211
3724 44.8438 230.319 47.3178 234.465 3.86241 1 -1.14444
3737 44.8438 230.319 48.4811 232.171 3.7823 1 0.21249
3745 44.8438 230.319 47.8884 233.895 3.76554 1 1.55054
3749 44.8438 230.319 46.1735 235.065 3.87255 1 -1.82127
3751 44.8438 230.319 45.5287 235.074 3.81778 1 -0.41241
3766 44.8274 230.32 44.6577 234.533 3.89677 1 -1.59829
3768 44.8274 230.32 44.8489 233.692 3.88728 1 -0.87176
3772 44.8274 230.32 45.0301 232.844 3.88115 1 -0.4892
4582 44.8476 233.693 47.1282 229.362 3.8477 1 -1.11569
4603 44.8476 233.693 48.2054 229.998 3.79957 1 0.36381
4732 45.0636 232.844 45.5531 230.327 3.89007 1 -0.96187
4748 45.0636 232.844 46.176 230.356 3.88129 1 -0.89497
4762 45.0636 232.844 46.8433 230.286 3.84142 1 -0.35173
4775 45.0636 232.844 47.3358 231.188 3.85689 1 -0.40175
4777 45.0636 232.844 47.5305 230.292 3.79216 1 0.52028
4783 45.0636 232.844 47.8725 231.803 3.86034 1 -0.5503
4785 45.0636 232.844 48.2065 229.997 3.81072 1 -0.05027
4792 45.0636 232.844 48.481 232.171 3.82389 1 0.03569
4855 45.0631 232.845 47.1282 229.362 3.85528 1 -1.04541
4876 45.0631 232.845 48.2054 229.998 3.77985 1 0.83402
4912 45.0617 232.843 45.5519 230.328 3.88656 1 -0.91031
4913 45.0617 232.843 45.7145 229.397 3.80968 1 -0.22676
4928 45.0617 232.843 46.1761 230.356 3.86152 1 -0.5925
4940 45.0617 232.843 46.6645 231.211 3.89157 1 -0.77698
4942 45.0617 232.843 46.844 230.286 3.81367 1 0.18043
4945 45.0617 232.843 47.1295 229.349 3.85811 1 -1.12001
4951 45.0617 232.843 46.992 232.984 3.97344 1 -1.97773
4955 45.0617 232.843 47.3358 231.189 3.80267 1 0.64826
4957 45.0617 232.843 47.5315 230.292 3.7667 1 1.12397
4959 45.0617 232.843 47.3178 234.465 3.89208 1 -1.78773
4963 45.0617 232.843 47.8728 231.803 3.87396 1 -0.84256
4966 45.0617 232.843 48.2047 229.995 3.74412 1 1.87223
4970 45.0617 232.843 48.151 232.913 3.87281 1 -1.10204
4972 45.0617 232.843 48.4811 232.171 3.85438 1 -0.75731
4977 45.0617 232.843 49.1504 233.278 3.80557 1 0.28913
4980 45.0617 232.843 47.8884 233.895 3.94156 1 -2.65218
4984 45.0617 232.843 46.1735 235.065 3.94722 1 -2.61621
4986 45.0617 232.843 45.5287 235.074 3.98362 1 -2.6331
5129 45.1757 231.992 47.3358 231.188 3.78774 1 0.43809
5137 45.1757 231.992 47.8725 231.803 3.73332 1 1.80923
5139 45.1757 231.992 48.2065 229.997 3.74084 1 1.35004
5162 45.1757 231.992 44.8987 234.883 3.85344 1 -0.82511
5173 45.1731 231.994 45.5519 230.328 4.00142 1 -1.7593
5174 45.1731 231.994 45.7145 229.397 3.82192 1 -0.55873
5193 45.1731 231.994 45.9323 234.701 3.96288 1 -2.55314
5206 45.1731 231.994 47.1295 229.349 3.81471 1 -0.48029
5218 45.1731 231.994 47.5315 230.292 3.73667 1 1.27288
5220 45.1731 231.994 47.3178 234.465 3.91955 1 -2.07579
5224 45.1731 231.994 47.8728 231.803 3.77291 1 0.96366
5245 45.1731 231.994 46.1735 235.065 3.89446 1 -1.88814
5277 45.4242 231.093 45.9331 234.7 3.94004 1 -2.62728
5292 45.4242 231.093 46.6402 234.701 3.91387 1 -2.21589
5294 45.4242 231.093 46.797 233.836 3.91866 1 -1.49258
5296 45.4242 231.093 46.992 232.984 3.84752 1 -0.13745
5298 45.4242 231.093 47.1642 232.078 3.91345 1 -1.18191
5302 45.4242 231.093 47.5305 230.292 3.80438 1 -0.41705
5306 45.4242 231.093 47.5096 233.585 3.85636 1 -0.49843
5310 45.4242 231.093 48.2065 229.997 3.7765 1 0.00085
5325 45.4242 231.093 47.8883 233.896 3.85303 1 -0.61985
5343 45.4261 231.09 45.7145 229.397 3.82164 1 -0.63686
5362 45.4261 231.09 45.9323 234.701 3.92167 1 -2.28792
5375 45.4261 231.09 47.1295 229.349 3.71816 1 0.8232
5389 45.4261 231.09 47.3178 234.465 3.87782 1 -1.19329
5393 45.4261 231.09 47.8728 231.803 3.87042 1 -1.15378
5396 45.4261 231.09 48.2047 229.995 3.79404 1 -0.39084
5400 45.4261 231.09 48.151 232.913 3.83702 1 -0.3923
5402 45.4261 231.09 48.4811 232.171 3.86866 1 -1.48908
5407 45.4261 231.09 49.1504 233.278 3.80008 1 0.24176
5416 45.4261 231.09 45.5287 235.074 3.86955 1 -1.55696
5432 45.5531 230.327 45.4989 233.733 3.85465 1 -0.43781
5459 45.5531 230.327 46.6402 234.701 3.87467 1 -1.52415
5461 45.5531 230.327 46.797 233.836 3.84662 1 -0.52132
5473 45.5531 230.327 47.5096 233.585 3.80123 1 0.15017
5477 45.5531 230.327 48.2065 229.997 3.70841 1 1.05298
5500 45.5531 230.327 44.8987 234.883 3.8337 1 -1.07299
5515 45.5519 230.328 45.4995 233.732 3.90063 1 -1.25225
5517 45.5519 230.328 45.6865 232.875 3.91843 1 -1.13382
5527 45.5519 230.328 45.9323 234.701 3.81715 1 -0.42966
5529 45.5519 230.328 46.137 233.827 3.87031 1 -0.992
5546 45.5519 230.328 46.992 232.984 3.86093 1 -0.92338
5550 45.5519 230.328 47.3358 231.189 3.7769 1 -0.05724
5565 45.5519 230.328 48.151 232.913 3.76412 1 0.81869
5581 45.5519 230.328 45.5287 235.074 3.87157 1 -1.77247
5596 45.7145 229.397 45.4995 233.732 3.87784 1 -1.44598
5602 45.7145 229.397 46.0389 231.146 3.87231 1 -1.21133
5608 45.7145 229.397 45.9323 234.701 3.84861 1 -1.84082
5610 45.7145 229.397 46.137 233.827 3.79538 1 0.03177
5612 45.7145 229.397 46.324 232.959 3.77527 1 0.41947
5629 45.7145 229.397 47.1643 232.078 3.72821 1 0.88973
5631 45.7145 229.397 47.3358 231.189 3.73248 1 0.4083
5633 45.7145 229.397 47.5315 230.292 3.66793 1 1.37804
5635 45.7145 229.397 47.3178 234.465 3.80998 1 -0.48938
5639 45.7145 229.397 47.8728 231.803 3.70075 1 1.3758
5646 45.7145 229.397 48.151 232.913 3.70652 1 1.8107
5648 45.7145 229.397 48.4811 232.171 3.70028 1 1.76864
6068 45.4989 233.733 46.176 230.356 3.8708 1 -0.86334
6082 45.4989 233.733 46.8433 230.286 3.84468 1 -0.61612
6095 45.4989 233.733 47.3358 231.188 3.85863 1 -0.71695
6097 45.4989 233.733 47.5305 230.292 3.86517 1 -1.24186
6120 45.4989 233.733 47.8883 233.896 3.83836 1 -1.0572
6143 45.4995 233.732 46.1761 230.356 3.88561 1 -1.13198
6155 45.4995 233.732 46.6645 231.211 3.88778 1 -0.87893
6157 45.4995 233.732 46.844 230.286 3.81661 1 -0.03077
6160 45.4995 233.732 47.1295 229.349 3.82329 1 -0.46968
6172 45.4995 233.732 47.5315 230.292 3.84532 1 -0.77837
6178 45.4995 233.732 47.8728 231.803 3.88153 1 -1.604
6188 45.4995 233.732 48.627 231.261 3.79239 1 0.12829
6229 45.6855 232.877 46.8433 230.286 3.87 1 -0.83165
6244 45.6855 232.877 47.5305 230.292 3.8222 1 -0.22237
6252 45.6855 232.877 48.2065 229.997 3.77538 1 0.77913
6288 45.6865 232.875 46.1761 230.356 3.89973 1 -1.10221
6302 45.6865 232.875 46.844 230.286 3.8682 1 -0.80336
6305 45.6865 232.875 47.1295 229.349 3.80209 1 0.09407
6315 45.6865 232.875 47.3358 231.189 3.85197 1 -0.28716
6317 45.6865 232.875 47.5315 230.292 3.84144 1 -0.5986
6326 45.6865 232.875 48.2047 229.995 3.81207 1 -0.13032
6337 45.6865 232.875 49.1504 233.278 3.75717 1 1.46227
6358 45.8642 232.015 46.176 230.356 3.94928 1 -1.33532
6372 45.8642 232.015 46.8433 230.286 3.85565 1 -0.62483
6377 45.8642 232.015 46.6402 234.701 3.99811 1 -2.76172
6393 45.8642 232.015 47.8725 231.803 3.7382 1 1.30348
6395 45.8642 232.015 48.2065 229.997 3.72294 1 1.44096
6429 45.8635 232.015 46.1761 230.356 3.95187 1 -1.35764
6443 45.8635 232.015 46.844 230.286 3.87176 1 -0.81086
6446 45.8635 232.015 47.1295 229.349 3.84952 1 -0.96665
6458 45.8635 232.015 47.5315 230.292 3.82854 1 -0.50105
6460 45.8635 232.015 47.3178 234.465 3.93915 1 -1.91585
6467 45.8635 232.015 48.2047 229.995 3.74974 1 0.85909
6478 45.8635 232.015 49.1504 233.278 3.86448 1 -1.27596
6487 45.8635 232.015 45.5287 235.074 3.95447 1 -2.95985
6518 46.0395 231.147 46.797 233.836 3.91759 1 -1.30015
6534 46.0395 231.147 48.2065 229.997 3.75054 1 0.45
6557 46.0395 231.147 44.8987 234.883 3.89216 1 -1.77569
6570 46.0389 231.146 45.9323 234.701 3.90239 1 -1.86857
6572 46.0389 231.146 46.137 233.827 3.91422 1 -1.23948
6597 46.0389 231.146 47.3178 234.465 3.9046 1 -1.67492
6615 46.0389 231.146 49.1504 233.278 3.71649 1 2.21185
6636 46.176 230.356 45.9331 234.7 3.86578 1 -1.54807
6651 46.176 230.356 46.6402 234.701 3.84967 1 -1.03954
6653 46.176 230.356 46.797 233.836 3.836 1 -0.43059
6665 46.176 230.356 47.5096 233.585 3.82866 1 -0.28516
6667 46.176 230.356 47.8725 231.803 3.83481 1 -0.76608
6684 46.176 230.356 47.8883 233.896 3.81515 1 -0.2314
6692 46.176 230.356 44.8987 234.883 3.84937 1 -1.19852
6703 46.1761 230.356 45.9323 234.701 3.88074 1 -1.88538
6705 46.1761 230.356 46.137 233.827 3.88692 1 -1.27133
6726 46.1761 230.356 47.3358 231.189 3.98553 1 -1.9642
6730 46.1761 230.356 47.3178 234.465 3.82537 1 -0.30298
6741 46.1761 230.356 48.151 232.913 3.80483 1 -0.21157
6751 46.1761 230.356 47.8884 233.895 3.82111 1 -0.3664
6753 46.1761 230.356 45.5584 234.808 3.51833 1 6.94659
6757 46.1761 230.356 45.5287 235.074 3.80983 1 -0.81744
6904 45.9331 234.7 46.8433 230.286 3.80528 1 -0.17349
6915 45.9331 234.7 47.1642 232.078 3.89951 1 -1.75706
6980 45.9323 234.701 47.3358 231.189 3.84244 1 -0.98545
7025 46.1378 233.828 46.6639 231.212 3.9166 1 -1.22815
7027 46.1378 233.828 46.8433 230.286 3.84873 1 -0.59748
7042 46.1378 233.828 47.5305 230.292 3.88312 1 -1.70367
7048 46.1378 233.828 47.8725 231.803 3.87662 1 -1.19965
7050 46.1378 233.828 48.2065 229.997 3.86869 1 -1.76853
7088 46.137 233.827 46.844 230.286 3.84104 1 -0.44987
7091 46.137 233.827 47.1295 229.349 3.8127 1 -0.13936
7101 46.137 233.827 47.3358 231.189 3.871 1 -0.90939
7103 46.137 233.827 47.5315 230.292 3.80592 1 -0.07795
7116 46.137 233.827 48.151 232.913 3.81732 1 -0.28413
7146 46.323 232.961 46.8433 230.286 3.89023 1 -0.95869
7161 46.323 232.961 47.5305 230.292 3.81969 1 -0.26511
7208 46.324 232.959 47.1295 229.349 3.78719 1 0.42419
7220 46.324 232.959 47.5315 230.292 3.85638 1 -0.87226
7229 46.324 232.959 48.2047 229.995 3.86141 1 -1.24828
7266 46.5209 232.095 46.6402 234.701 3.91181 1 -1.40159
7276 46.5209 232.095 47.5305 230.292 3.85777 1 -0.81627
7321 46.5209 232.095 47.1295 229.349 3.80444 1 -0.1513
7377 46.6639 231.212 46.6402 234.701 3.84133 1 -0.48109
7418 46.6639 231.212 44.8987 234.883 3.866 1 -1.47031
7457 46.6645 231.211 48.4811 232.171 3.8107 1 -0.2901
7486 46.8433 230.286 46.797 233.836 3.84761 1 -0.67591
7507 46.8433 230.286 48.15 232.916 3.75099 1 0.55867
7517 46.8433 230.286 47.8883 233.896 3.82579 1 -0.68354
7525 46.8433 230.286 44.8987 234.883 3.83155 1 -0.91782
7541 46.844 230.286 46.992 232.984 3.82963 1 -0.29999
7549 46.844 230.286 47.3178 234.465 3.8001 1 0.077
7560 46.844 230.286 48.151 232.913 3.80098 1 -0.30458
7562 46.844 230.286 48.4811 232.171 3.79053 1 -0.27605
7567 46.844 230.286 49.1504 233.278 3.73743 1 0.99499
7570 46.844 230.286 47.8884 233.895 3.81316 1 -0.42716
7691 47.1295 229.349 46.992 232.984 3.79942 1 -0.12907
7693 47.1295 229.349 47.1643 232.078 3.74548 1 0.47688
7695 47.1295 229.349 47.3358 231.189 3.93053 1 -1.58379
7699 47.1295 229.349 47.3178 234.465 3.80798 1 -0.48349
7703 47.1295 229.349 47.8728 231.803 3.74648 1 0.30422
7710 47.1295 229.349 48.151 232.913 3.79003 1 -0.31837
7712 47.1295 229.349 48.4811 232.171 3.79453 1 -0.44135
7717 47.1295 229.349 49.1504 233.278 3.73281 1 1.14574
7720 47.1295 229.349 47.8884 233.895 3.76722 1 0.34664
7724 47.1295 229.349 46.1735 235.065 3.80327 1 -0.45092
7744 46.6402 234.701 47.5305 230.292 3.8061 1 -0.34551
7750 46.6402 234.701 47.8725 231.803 3.8193 1 -0.42491
7752 46.6402 234.701 48.2065 229.997 3.78062 1 0.17843
7764 46.6402 234.701 49.1504 233.278 3.62875 1 3.34263
7845 46.797 233.836 48.2065 229.997 3.78337 1 0.17185
7934 46.992 232.984 48.2065 229.997 3.82337 1 -0.58974
7957 46.992 232.984 44.8987 234.883 3.7611 1 -0.04761
7979 46.992 232.984 48.2047 229.995 3.7482 1 0.78548
7986 46.992 232.984 48.627 231.261 3.84139 1 -0.76529
8031 47.1642 232.078 49.1504 233.278 3.83027 1 -0.58728
8042 47.1642 232.078 44.8987 234.883 3.80869 1 -0.62805
8073 47.1643 232.078 49.1504 233.278 3.75973 1 0.58033
8080 47.1643 232.078 46.1735 235.065 3.79119 1 0.06453
8082 47.1643 232.078 45.5287 235.074 3.86658 1 -1.72077
8134 47.3358 231.189 47.3178 234.465 3.86053 1 -0.98545
8145 47.3358 231.189 48.151 232.913 3.89885 1 -1.17095
8159 47.3358 231.189 46.1735 235.065 3.81855 1 -0.47491
8161 47.3358 231.189 45.5287 235.074 3.8227 1 -0.93142
8173 47.5305 230.292 47.5096 233.585 3.78087 1 0.10576
8182 47.5305 230.292 48.15 232.916 3.85284 1 -1.02207
8189 47.5305 230.292 49.1504 233.278 3.69525 1 1.70785
8192 47.5305 230.292 47.8883 233.896 3.87251 1 -1.63307
8200 47.5305 230.292 44.8987 234.883 3.85126 1 -1.97693
8209 47.5315 230.292 47.3178 234.465 3.7996 1 -0.23039
8220 47.5315 230.292 48.151 232.913 3.80304 1 -0.31465
8227 47.5315 230.292 49.1504 233.278 3.77152 1 0.145
8230 47.5315 230.292 47.8884 233.895 3.80364 1 -0.35323
8232 47.5315 230.292 45.5584 234.808 3.4665 1 9.79624
8234 47.5315 230.292 46.1735 235.065 3.78283 1 0.15759
8284 47.3178 234.465 47.8728 231.803 3.86998 1 -1.10722
8291 47.3178 234.465 48.151 232.913 3.81588 1 -0.25952
8319 47.5096 233.585 48.2065 229.997 3.73127 1 1.09661
8407 47.8725 231.803 44.8987 234.883 3.83992 1 -2.07676
8417 47.8728 231.803 48.2047 229.995 3.8518 1 -0.74216
8435 47.8728 231.803 46.1735 235.065 3.79443 1 -0.16344
8437 47.8728 231.803 45.5287 235.074 3.85683 1 -1.96717
8468 48.2065 229.997 44.8987 234.883 3.81753 1 -1.17212
8508 48.2047 229.995 48.151 232.913 3.78757 1 -0.08754
8515 48.2047 229.995 49.1504 233.278 3.78945 1 -0.04678
8518 48.2047 229.995 47.8884 233.895 3.78786 1 -0.05319
8522 48.2047 229.995 46.1735 235.065 3.79057 1 -0.17462
8524 48.2047 229.995 45.5287 235.074 3.78696 1 -0.24491
8603 48.15 232.916 44.8987 234.883 3.7968 1 -0.97604
8650 48.481 232.171 44.8987 234.883 3.8107 1 -1.3886
