1055 46.8981 235.006 44.5342 231.962 3.8737 1 -1.14117
1071 46.8981 235.006 45.0617 232.843 3.92974 1 -2.13934
1074 46.8981 235.006 45.1731 231.994 3.86213 1 -0.64697
1088 46.8981 235.006 45.6865 232.875 3.91092 1 -1.45381
1090 46.8981 235.006 45.8635 232.015 3.97871 1 -2.42721
1106 46.8981 235.006 46.6645 231.211 3.86415 1 -0.93326
1111 46.8981 235.006 47.1295 229.349 3.8353 1 -1.74842
1121 46.8981 235.006 47.3358 231.189 3.81653 1 -0.54871
1123 46.8981 235.006 47.5315 230.292 3.80709 1 -0.82789
1129 46.8981 235.006 47.8728 231.803 3.74436 1 0.71837
1136 46.8981 235.006 48.151 232.913 3.78736 1 -0.10203
1138 46.8981 235.006 48.4811 232.171 3.79664 1 -0.57887
1182 46.8205 234.955 44.8438 230.319 3.91825 1 -2.41169
1218 46.8205 234.955 46.1761 230.356 3.8533 1 -0.968
1230 46.8205 234.955 46.6645 231.211 3.9581 1 -2.70117
1235 46.8205 234.955 47.1295 229.349 3.84671 1 -2.14613
1263 46.8205 234.955 48.627 231.261 3.83948 1 -1.83372
1443 46.8887 234.881 45.1731 231.994 3.90215 1 -1.30543
1461 46.8887 234.881 46.0389 231.146 3.87713 1 -0.9023
1473 46.8887 234.881 46.5209 232.095 3.91803 1 -1.366
1475 46.8887 234.881 46.6645 231.211 3.9381 1 -2.27904
1477 46.8887 234.881 46.844 230.286 3.86 1 -1.74523
1488 46.8887 234.881 47.1643 232.078 3.87167 1 -0.98547
1490 46.8887 234.881 47.3358 231.189 3.83175 1 -0.82321
1492 46.8887 234.881 47.5315 230.292 3.82123 1 -1.17563
1507 46.8887 234.881 48.4811 232.171 3.80931 1 -0.79005
1545 47.0004 234.699 44.5342 231.962 3.84633 1 -0.15753
1561 47.0004 234.699 45.0617 232.843 3.83604 1 -0.23426
1564 47.0004 234.699 45.1731 231.994 3.85641 1 -0.25052
1566 47.0004 234.699 45.4261 231.09 3.87566 1 -0.59291
1569 47.0004 234.699 45.7145 229.397 3.77446 1 0.7855
1582 47.0004 234.699 46.0389 231.146 3.84067 1 -0.08093
1584 47.0004 234.699 46.1761 230.356 3.78095 1 0.78127
1598 47.0004 234.699 46.844 230.286 3.81981 1 -0.6995
1601 47.0004 234.699 47.1295 229.349 3.79834 1 -0.70884
1609 47.0004 234.699 47.1643 232.078 3.83284 1 -0.37838
1611 47.0004 234.699 47.3358 231.189 3.80503 1 -0.28891
1613 47.0004 234.699 47.5315 230.292 3.77996 1 -0.16903
1626 47.0004 234.699 48.151 232.913 3.70421 1 1.00526
1628 47.0004 234.699 48.4811 232.171 3.78522 1 -0.34707
1629 47.0004 234.699 48.627 231.261 3.78564 1 -0.62644
1636 47.0004 234.699 47.8884 233.895 3.78537 1 0.07421
1683 46.0248 235.035 45.1757 231.992 4.01897 1 -3.45037
1695 46.0248 235.035 45.4989 233.733 3.59673 1 1.14788
1703 46.0248 235.035 46.176 230.356 3.67378 1 3.51988
1715 46.0248 235.035 46.6639 231.212 3.89859 1 -1.5056
1738 46.0248 235.035 47.8725 231.803 3.60808 1 3.96972
2921 44.1777 233.728 44.8459 230.318 3.85755 1 -0.83267
2974 44.1777 233.728 47.1282 229.362 3.82726 1 -0.96317
2995 44.1777 233.728 48.2054 229.998 3.79854 1 0.2004
3031 44.179 233.729 44.8274 230.32 3.86879 1 -1.04746
3136 44.3542 232.905 44.8459 230.318 3.8299 1 -0.15289
3189 44.3542 232.905 47.1282 229.362 3.83463 1 -1.31651
3210 44.3542 232.905 48.2054 229.998 3.78885 1 0.24671
3244 44.3604 232.892 44.8274 230.32 3.83443 1 -0.21675
3366 44.5342 231.962 45.4261 231.09 3.95516 1 -0.96802
3369 44.5342 231.962 45.7145 229.397 3.7961 1 -0.15958
3376 44.5342 231.962 45.4995 233.732 3.92739 1 -1.01731
3384 44.5342 231.962 46.1761 230.356 3.81691 1 -0.22851
3390 44.5342 231.962 46.137 233.827 3.87346 1 -0.37683
3396 44.5342 231.962 46.6645 231.211 3.94374 1 -1.64784
3398 44.5342 231.962 46.844 230.286 3.7034 1 1.79838
3401 44.5342 231.962 47.1295 229.349 3.73295 1 0.86448
3403 44.5342 231.962 46.6411 234.701 3.82966 1 -0.08323
3407 44.5342 231.962 46.992 232.984 3.90174 1 -0.64366
3409 44.5342 231.962 47.1643 232.078 3.79794 1 1.14755
3411 44.5342 231.962 47.3358 231.189 3.9231 1 -2.03574
3413 44.5342 231.962 47.5315 230.292 3.76238 1 0.60086
3415 44.5342 231.962 47.3178 234.465 3.8358 1 0.32281
3419 44.5342 231.962 47.8728 231.803 3.84036 1 -0.27817
3433 44.5342 231.962 49.1504 233.278 3.73449 1 2.8271
3436 44.5342 231.962 47.8884 233.895 3.8744 1 -0.72766
3440 44.5342 231.962 46.1735 235.065 3.85422 1 -1.19546
3442 44.5342 231.962 45.5287 235.074 3.88143 1 -1.60111
3463 44.844 230.317 45.0636 232.844 3.85765 1 -0.27035
3479 44.844 230.317 45.4989 233.733 3.81481 1 0.55413
3481 44.844 230.317 45.6855 232.877 3.87455 1 -0.42219
3483 44.844 230.317 45.8642 232.015 3.82008 1 0.05633
3487 44.844 230.317 46.176 230.356 3.83346 1 -0.90823
3491 44.844 230.317 45.9331 234.7 3.86071 1 -0.99447
3493 44.844 230.317 46.1378 233.828 3.92405 1 -1.63389
3495 44.844 230.317 46.323 232.961 3.82727 1 0.1691
3499 44.844 230.317 46.6639 231.212 3.78109 1 -0.15021
3501 44.844 230.317 46.8433 230.286 3.6087 1 1.98374
3506 44.844 230.317 46.6402 234.701 3.89131 1 -1.45082
3508 44.844 230.317 46.797 233.836 3.83881 1 0.02171
3510 44.844 230.317 46.992 232.984 3.79915 1 0.6498
3512 44.844 230.317 47.1642 232.078 3.80727 1 -0.15075
3514 44.844 230.317 47.3358 231.188 3.77776 1 -0.47952
3516 44.844 230.317 47.5305 230.292 3.6913 1 0.69759
3518 44.844 230.317 47.3188 234.466 3.80426 1 0.8205
3520 44.844 230.317 47.5096 233.585 3.79695 1 0.67472
3522 44.844 230.317 47.8725 231.803 3.78628 1 -0.50929
3524 44.844 230.317 48.2065 229.997 3.66075 1 1.78623
3529 44.844 230.317 48.15 232.916 3.79042 1 -0.09944
3531 44.844 230.317 48.481 232.171 3.81497 1 -1.66737
3536 44.844 230.317 49.1504 233.278 3.78816 1 -0.78535
3539 44.844 230.317 47.8883 233.896 3.79874 1 0.45984
3547 44.844 230.317 44.8987 234.883 3.86058 1 -1.03682
3564 44.8459 230.318 44.8476 233.693 3.89147 1 -1.05385
3567 44.8459 230.318 45.0631 232.845 3.89024 1 -0.70724
3607 44.8459 230.318 47.1282 229.362 3.63858 1 1.75928
3628 44.8459 230.318 48.2054 229.998 3.67588 1 1.36193
3670 44.8438 230.319 45.0617 232.843 3.86854 1 -0.41666
3673 44.8438 230.319 45.1731 231.994 3.89208 1 -0.66441
3678 44.8438 230.319 45.7145 229.397 3.76441 1 -0.06389
3685 44.8438 230.319 45.4995 233.732 3.82081 1 0.44045
3687 44.8438 230.319 45.6865 232.875 3.8515 1 -0.07846
3689 44.8438 230.319 45.8635 232.015 3.82005 1 0.05773
3693 44.8438 230.319 46.1761 230.356 3.84831 1 -1.0573
3697 44.8438 230.319 45.9323 234.701 3.84657 1 -0.64799
3699 44.8438 230.319 46.137 233.827 3.86845 1 -0.49662
3701 44.8438 230.319 46.324 232.959 3.85516 1 -0.32876
3703 44.8438 230.319 46.5209 232.095 3.7861 1 0.50539
3705 44.8438 230.319 46.6645 231.211 3.78294 1 -0.17753
3710 44.8438 230.319 47.1295 229.349 3.64134 1 1.71044
3716 44.8438 230.319 46.992 232.984 3.80483 1 0.52695
3718 44.8438 230.319 47.1643 232.078 3.79938 1 0.00974
3720 44.8438 230.319 47.3358 231.189 3.75887 1 -0.09726
3722 44.8438 230.319 47.5315 230.292 3.69678 1 0.57851
3724 44.8438 230.319 47.3178 234.465 3.82113 1 0.33197
3728 44.8438 230.319 47.8728 231.803 3.78349 1 -0.43762
3731 44.8438 230.319 48.2047 229.995 3.64678 1 2.17801
3735 44.8438 230.319 48.151 232.913 3.79141 1 -0.12899
3737 44.8438 230.319 48.4811 232.171 3.80353 1 -1.32644
3738 44.8438 230.319 48.627 231.261 3.64307 1 2.8778
3745 44.8438 230.319 47.8884 233.895 3.80341 1 0.31954
3749 44.8438 230.319 46.1735 235.065 3.81956 1 -0.03506
3751 44.8438 230.319 45.5287 235.074 3.81374 1 -0.0847
3766 44.8274 230.32 44.6577 234.533 3.8734 1 -1.17624
3768 44.8274 230.32 44.8489 233.692 3.88153 1 -0.87596
3772 44.8274 230.32 45.0301 232.844 3.84991 1 -0.16142
4363 44.6534 234.535 45.5519 230.328 3.81975 1 0.11086
4389 44.6534 234.535 46.5209 232.095 3.74522 1 1.75492
4396 44.6534 234.535 47.1295 229.349 3.76989 1 0.81232
4402 44.6534 234.535 46.992 232.984 3.71796 1 1.6476
4414 44.6534 234.535 47.8728 231.803 3.80048 1 -0.08391
4451 44.6577 234.533 45.0301 232.844 3.9228 1 -1.08091
4582 44.8476 233.693 47.1282 229.362 3.80088 1 -0.02448
4603 44.8476 233.693 48.2054 229.998 3.80326 1 -0.03454
4730 45.0636 232.844 45.4242 231.093 3.87171 1 -0.07187
4732 45.0636 232.844 45.5531 230.327 3.82644 1 0.16438
4744 45.0636 232.844 45.8642 232.015 3.9128 1 -0.16514
4746 45.0636 232.844 46.0395 231.147 3.9384 1 -0.83897
4748 45.0636 232.844 46.176 230.356 3.8089 1 0.37399
4756 45.0636 232.844 46.323 232.961 4.11965 1 -2.21493
4758 45.0636 232.844 46.5209 232.095 3.8572 1 0.25185
4760 45.0636 232.844 46.6639 231.212 3.91146 1 -0.77034
4762 45.0636 232.844 46.8433 230.286 3.86136 1 -0.90326
4767 45.0636 232.844 46.6402 234.701 3.82764 1 -0.31649
4773 45.0636 232.844 47.1642 232.078 3.90886 1 -0.75552
4775 45.0636 232.844 47.3358 231.188 3.84785 1 -0.03164
4777 45.0636 232.844 47.5305 230.292 3.77467 1 0.79258
4779 45.0636 232.844 47.3188 234.466 3.86914 1 -0.78222
4783 45.0636 232.844 47.8725 231.803 3.79391 1 0.89094
4785 45.0636 232.844 48.2065 229.997 3.78562 1 0.44017
4790 45.0636 232.844 48.15 232.916 3.83265 1 -0.11158
4792 45.0636 232.844 48.481 232.171 3.84092 1 -0.66285
4800 45.0636 232.844 47.8883 233.896 3.9154 1 -1.70907
4808 45.0636 232.844 44.8987 234.883 3.82995 1 -0.35118
4855 45.0631 232.845 47.1282 229.362 3.8391 1 -1.14023
4876 45.0631 232.845 48.2054 229.998 3.76834 1 0.93938
4910 45.0617 232.843 45.4261 231.09 3.89878 1 -0.3308
4912 45.0617 232.843 45.5519 230.328 3.85057 1 -0.17184
4913 45.0617 232.843 45.7145 229.397 3.78534 1 0.45635
4928 45.0617 232.843 46.1761 230.356 3.82269 1 0.15517
4934 45.0617 232.843 46.137 233.827 3.91597 1 -0.77263
4940 45.0617 232.843 46.6645 231.211 3.90493 1 -0.67978
4942 45.0617 232.843 46.844 230.286 3.8515 1 -0.71877
4945 45.0617 232.843 47.1295 229.349 3.82783 1 -0.87408
4947 45.0617 232.843 46.6411 234.701 3.82201 1 -0.22618
4951 45.0617 232.843 46.992 232.984 4.00203 1 -1.92955
4953 45.0617 232.843 47.1643 232.078 3.90348 1 -0.66856
4955 45.0617 232.843 47.3358 231.189 3.8105 1 0.69074
4957 45.0617 232.843 47.5315 230.292 3.7692 1 0.92094
4959 45.0617 232.843 47.3178 234.465 3.84336 1 -0.29183
4963 45.0617 232.843 47.8728 231.803 3.82048 1 0.30346
4966 45.0617 232.843 48.2047 229.995 3.77218 1 0.82405
4970 45.0617 232.843 48.151 232.913 3.81917 1 0.20718
4972 45.0617 232.843 48.4811 232.171 3.83391 1 -0.47847
4973 45.0617 232.843 48.627 231.261 3.77742 1 0.86668
4977 45.0617 232.843 49.1504 233.278 3.7751 1 0.92973
4980 45.0617 232.843 47.8884 233.895 3.90937 1 -1.57963
4984 45.0617 232.843 46.1735 235.065 3.83531 1 -0.80417
4986 45.0617 232.843 45.5287 235.074 3.84095 1 -0.72431
5086 45.1757 231.992 45.5531 230.327 3.88114 1 -0.57519
5102 45.1757 231.992 46.176 230.356 3.87341 1 -0.73982
5114 45.1757 231.992 46.6639 231.212 3.88558 1 -0.52581
5116 45.1757 231.992 46.8433 230.286 3.78715 1 0.13203
5121 45.1757 231.992 46.6402 234.701 3.85086 1 -0.08187
5129 45.1757 231.992 47.3358 231.188 3.92048 1 -1.6139
5131 45.1757 231.992 47.5305 230.292 3.74336 1 0.88121
5137 45.1757 231.992 47.8725 231.803 3.81004 1 0.23454
5139 45.1757 231.992 48.2065 229.997 3.78703 1 -0.26369
5146 45.1757 231.992 48.481 232.171 3.81005 1 -0.09276
5162 45.1757 231.992 44.8987 234.883 3.88078 1 -0.91783
5173 45.1731 231.994 45.5519 230.328 3.89298 1 -0.68228
5174 45.1731 231.994 45.7145 229.397 3.75197 1 0.5454
5189 45.1731 231.994 46.1761 230.356 3.87836 1 -0.79672
5193 45.1731 231.994 45.9323 234.701 3.89195 1 -1.10986
5195 45.1731 231.994 46.137 233.827 3.89464 1 -0.30956
5197 45.1731 231.994 46.324 232.959 3.87528 1 0.01625
5203 45.1731 231.994 46.844 230.286 3.79229 1 0.05217
5206 45.1731 231.994 47.1295 229.349 3.8146 1 -0.94607
5212 45.1731 231.994 46.992 232.984 3.86595 1 -0.00926
5216 45.1731 231.994 47.3358 231.189 3.92851 1 -1.74053
5218 45.1731 231.994 47.5315 230.292 3.73173 1 1.13102
5220 45.1731 231.994 47.3178 234.465 3.83737 1 0.34476
5224 45.1731 231.994 47.8728 231.803 3.81737 1 0.08685
5227 45.1731 231.994 48.2047 229.995 3.81605 1 -1.00026
5233 45.1731 231.994 48.4811 232.171 3.79745 1 0.23228
5234 45.1731 231.994 48.627 231.261 3.75161 1 1.08909
5245 45.1731 231.994 46.1735 235.065 3.84061 1 -0.60069
5277 45.4242 231.093 45.9331 234.7 3.83586 1 -0.17291
5279 45.4242 231.093 46.1378 233.828 3.91519 1 -0.88521
5281 45.4242 231.093 46.323 232.961 3.89891 1 -0.39938
5292 45.4242 231.093 46.6402 234.701 3.93404 1 -1.69027
5294 45.4242 231.093 46.797 233.836 3.85665 1 0.01598
5296 45.4242 231.093 46.992 232.984 3.82842 1 0.19769
5298 45.4242 231.093 47.1642 232.078 3.82971 1 -0.08005
5300 45.4242 231.093 47.3358 231.188 3.85238 1 -1.00569
5302 45.4242 231.093 47.5305 230.292 3.77615 1 -0.60783
5306 45.4242 231.093 47.5096 233.585 3.8142 1 0.31933
5308 45.4242 231.093 47.8725 231.803 3.86171 1 -1.29883
5310 45.4242 231.093 48.2065 229.997 3.73605 1 0.05257
5317 45.4242 231.093 48.481 232.171 3.82735 1 -1.08741
5325 45.4242 231.093 47.8883 233.896 3.80564 1 0.37206
5343 45.4261 231.09 45.7145 229.397 3.7195 1 0.32892
5348 45.4261 231.09 45.307 234.585 4.01849 1 -3.17922
5350 45.4261 231.09 45.4995 233.732 3.9106 1 -0.62724
5362 45.4261 231.09 45.9323 234.701 3.85647 1 -0.57419
5364 45.4261 231.09 46.137 233.827 3.87092 1 -0.2221
5366 45.4261 231.09 46.324 232.959 3.89789 1 -0.39125
5372 45.4261 231.09 46.844 230.286 3.78181 1 -0.40893
5375 45.4261 231.09 47.1295 229.349 3.68744 1 0.76966
5381 45.4261 231.09 46.992 232.984 3.82293 1 0.28181
5383 45.4261 231.09 47.1643 232.078 3.83697 1 -0.18322
5389 45.4261 231.09 47.3178 234.465 3.84439 1 -0.08226
5393 45.4261 231.09 47.8728 231.803 3.83851 1 -0.86735
5396 45.4261 231.09 48.2047 229.995 3.73622 1 0.04457
5400 45.4261 231.09 48.151 232.913 3.81102 1 -0.23852
5402 45.4261 231.09 48.4811 232.171 3.82573 1 -1.05121
5403 45.4261 231.09 48.627 231.261 3.72784 1 0.75989
5407 45.4261 231.09 49.1504 233.278 3.76444 1 0.44048
5410 45.4261 231.09 47.8884 233.895 3.80747 1 0.32619
5416 45.4261 231.09 45.5287 235.074 3.85737 1 -0.84975
5432 45.5531 230.327 45.4989 233.733 3.88102 1 -0.66766
5434 45.5531 230.327 45.6855 232.877 3.82907 1 0.17881
5446 45.5531 230.327 46.1378 233.828 3.79745 1 0.75941
5448 45.5531 230.327 46.323 232.961 3.92075 1 -1.34818
5450 45.5531 230.327 46.5209 232.095 3.79349 1 0.09006
5454 45.5531 230.327 46.8433 230.286 3.70078 1 0.15357
5459 45.5531 230.327 46.6402 234.701 3.84663 1 -0.39927
5461 45.5531 230.327 46.797 233.836 3.88735 1 -1.12136
5463 45.5531 230.327 46.992 232.984 3.79784 1 0.24851
5467 45.5531 230.327 47.3358 231.188 3.69071 1 0.66515
5469 45.5531 230.327 47.5305 230.292 3.61605 1 1.54022
5471 45.5531 230.327 47.3188 234.466 3.85983 1 -1.02973
5473 45.5531 230.327 47.5096 233.585 3.79524 1 0.20321
5475 45.5531 230.327 47.8725 231.803 3.73596 1 0.22596
5477 45.5531 230.327 48.2065 229.997 3.73274 1 -0.33872
5482 45.5531 230.327 48.15 232.916 3.75282 1 0.42506
5500 45.5531 230.327 44.8987 234.883 3.8294 1 -0.12806
5515 45.5519 230.328 45.4995 233.732 3.88768 1 -0.78357
5517 45.5519 230.328 45.6865 232.875 3.8396 1 0.03564
5527 45.5519 230.328 45.9323 234.701 3.84944 1 -0.75979
5529 45.5519 230.328 46.137 233.827 3.81008 1 0.5159
5531 45.5519 230.328 46.324 232.959 3.88087 1 -0.76699
5533 45.5519 230.328 46.5209 232.095 3.78367 1 0.21025
5546 45.5519 230.328 46.992 232.984 3.80924 1 0.04502
5548 45.5519 230.328 47.1643 232.078 3.75532 1 0.4642
5550 45.5519 230.328 47.3358 231.189 3.70643 1 0.4279
5552 45.5519 230.328 47.5315 230.292 3.59776 1 1.85287
5554 45.5519 230.328 47.3178 234.465 3.84353 1 -0.61637
5556 45.5519 230.328 47.5111 233.583 3.86484 1 -1.37025
5558 45.5519 230.328 47.8728 231.803 3.73189 1 0.31097
5561 45.5519 230.328 48.2047 229.995 3.7148 1 0.0444
5565 45.5519 230.328 48.151 232.913 3.7685 1 0.03699
5577 45.5519 230.328 45.5584 234.808 3.65205 1 4.0682
5581 45.5519 230.328 45.5287 235.074 3.83089 1 -0.55625
5596 45.7145 229.397 45.4995 233.732 3.83848 1 -0.45899
5602 45.7145 229.397 46.0389 231.146 3.70528 1 0.32591
5608 45.7145 229.397 45.9323 234.701 3.80652 1 -0.30605
5610 45.7145 229.397 46.137 233.827 3.78422 1 0.5299
5612 45.7145 229.397 46.324 232.959 3.75138 1 0.82708
5621 45.7145 229.397 47.1295 229.349 3.76361 1 -0.37012
5627 45.7145 229.397 46.992 232.984 3.76952 1 0.13512
5629 45.7145 229.397 47.1643 232.078 3.67446 1 1.34242
5631 45.7145 229.397 47.3358 231.189 3.63235 1 1.33856
5633 45.7145 229.397 47.5315 230.292 3.63617 1 1.15473
5635 45.7145 229.397 47.3178 234.465 3.77569 1 0.37952
5639 45.7145 229.397 47.8728 231.803 3.6392 1 1.78516
5642 45.7145 229.397 48.2047 229.995 3.66802 1 1.15765
5646 45.7145 229.397 48.151 232.913 3.68745 1 1.20345
5648 45.7145 229.397 48.4811 232.171 3.66657 1 1.32644
5649 45.7145 229.397 48.627 231.261 3.63481 1 1.99941
5931 45.3057 234.585 46.8433 230.286 3.94095 1 -3.38027
6066 45.4989 233.733 46.0395 231.147 3.90576 1 -0.85139
6068 45.4989 233.733 46.176 230.356 3.84611 1 -0.46531
6078 45.4989 233.733 46.5209 232.095 3.97681 1 -1.28469
6080 45.4989 233.733 46.6639 231.212 3.83874 1 0.14805
6082 45.4989 233.733 46.8433 230.286 3.80418 1 0.25378
6091 45.4989 233.733 46.992 232.984 3.81664 1 0.07796
6093 45.4989 233.733 47.1642 232.078 3.91189 1 -1.11449
6095 45.4989 233.733 47.3358 231.188 3.901 1 -1.29013
6097 45.4989 233.733 47.5305 230.292 3.88044 1 -1.60059
6103 45.4989 233.733 47.8725 231.803 3.78943 1 0.47244
6105 45.4989 233.733 48.2065 229.997 3.8045 1 -0.15497
6120 45.4989 233.733 47.8883 233.896 3.7551 1 0.80706
6139 45.4995 233.732 45.8635 232.015 3.90726 1 -0.41937
6141 45.4995 233.732 46.0389 231.146 3.91789 1 -1.01701
6143 45.4995 233.732 46.1761 230.356 3.8612 1 -0.74345
6153 45.4995 233.732 46.5209 232.095 3.94477 1 -0.93564
6155 45.4995 233.732 46.6645 231.211 3.8342 1 0.22008
6157 45.4995 233.732 46.844 230.286 3.81293 1 0.06959
6160 45.4995 233.732 47.1295 229.349 3.80422 1 -0.25713
6168 45.4995 233.732 47.1643 232.078 3.90635 1 -1.03263
6170 45.4995 233.732 47.3358 231.189 3.90644 1 -1.39035
6172 45.4995 233.732 47.5315 230.292 3.84751 1 -0.83448
6174 45.4995 233.732 47.3178 234.465 3.85153 1 -0.95297
6178 45.4995 233.732 47.8728 231.803 3.78253 1 0.61775
6181 45.4995 233.732 48.2047 229.995 3.90477 1 -2.9523
6187 45.4995 233.732 48.4811 232.171 3.81717 1 -0.69417
6188 45.4995 233.732 48.627 231.261 3.78442 1 0.10883
6199 45.4995 233.732 46.1735 235.065 3.7625 1 -0.27589
6213 45.6855 232.877 46.0395 231.147 3.89136 1 -0.48233
6215 45.6855 232.877 46.176 230.356 3.8354 1 -0.36922
6219 45.6855 232.877 45.9331 234.7 3.96816 1 -1.72091
6229 45.6855 232.877 46.8433 230.286 3.80546 1 -0.02756
6240 45.6855 232.877 47.1642 232.078 3.83398 1 0.20329
6242 45.6855 232.877 47.3358 231.188 3.86947 1 -0.56995
6244 45.6855 232.877 47.5305 230.292 3.81987 1 -0.48097
6246 45.6855 232.877 47.3188 234.466 3.84313 1 -0.14116
6252 45.6855 232.877 48.2065 229.997 3.78686 1 0.11834
6257 45.6855 232.877 48.15 232.916 3.72875 1 1.70022
6259 45.6855 232.877 48.481 232.171 3.81611 1 -0.21732
6267 45.6855 232.877 47.8883 233.896 3.86643 1 -0.67604
6286 45.6865 232.875 46.0389 231.146 3.91136 1 -0.66618
6288 45.6865 232.875 46.1761 230.356 3.86155 1 -0.72913
6300 45.6865 232.875 46.6645 231.211 3.91707 1 -0.83402
6302 45.6865 232.875 46.844 230.286 3.80906 1 -0.08881
6305 45.6865 232.875 47.1295 229.349 3.78505 1 -0.10192
6315 45.6865 232.875 47.3358 231.189 3.86197 1 -0.4555
6317 45.6865 232.875 47.5315 230.292 3.8392 1 -0.85792
6319 45.6865 232.875 47.3178 234.465 3.85572 1 -0.3254
6326 45.6865 232.875 48.2047 229.995 3.78153 1 0.25029
6330 45.6865 232.875 48.151 232.913 3.77301 1 0.83741
6333 45.6865 232.875 48.627 231.261 3.78624 1 0.17497
6337 45.6865 232.875 49.1504 233.278 3.68761 1 2.92087
6340 45.6865 232.875 47.8884 233.895 3.85897 1 -0.54671
6358 45.8642 232.015 46.176 230.356 3.75295 1 0.25142
6364 45.8642 232.015 46.1378 233.828 3.92526 1 -0.69608
6370 45.8642 232.015 46.6639 231.212 3.89716 1 -0.52892
6372 45.8642 232.015 46.8433 230.286 3.81666 1 -0.51763
6377 45.8642 232.015 46.6402 234.701 3.92221 1 -1.22944
6385 45.8642 232.015 47.3358 231.188 3.82482 1 -0.18676
6387 45.8642 232.015 47.5305 230.292 3.7339 1 0.55869
6393 45.8642 232.015 47.8725 231.803 3.75479 1 0.86982
6395 45.8642 232.015 48.2065 229.997 3.74085 1 0.50605
6418 45.8642 232.015 44.8987 234.883 3.79424 1 0.46213
6429 45.8635 232.015 46.1761 230.356 3.78559 1 -0.0541
6443 45.8635 232.015 46.844 230.286 3.79801 1 -0.29663
6446 45.8635 232.015 47.1295 229.349 3.7968 1 -0.73137
6456 45.8635 232.015 47.3358 231.189 3.85814 1 -0.58328
6458 45.8635 232.015 47.5315 230.292 3.77181 1 -0.05405
6460 45.8635 232.015 47.3178 234.465 3.83911 1 0.07107
6467 45.8635 232.015 48.2047 229.995 3.71527 1 1.06149
6473 45.8635 232.015 48.4811 232.171 3.78397 1 0.1616
6474 45.8635 232.015 48.627 231.261 3.75728 1 0.49838
6478 45.8635 232.015 49.1504 233.278 3.79216 1 -0.23315
6481 45.8635 232.015 47.8884 233.895 3.8223 1 0.06071
6487 45.8635 232.015 45.5287 235.074 3.8263 1 -0.85661
6503 46.0395 231.147 46.1378 233.828 3.84297 1 0.09788
6518 46.0395 231.147 46.797 233.836 3.91227 1 -0.96127
6520 46.0395 231.147 46.992 232.984 3.8544 1 -0.19986
6528 46.0395 231.147 47.3188 234.466 3.88258 1 -1.03772
6532 46.0395 231.147 47.8725 231.803 3.81517 1 -0.60053
6534 46.0395 231.147 48.2065 229.997 3.74582 1 -0.21389
6539 46.0395 231.147 48.15 232.916 3.7961 1 -0.11346
6541 46.0395 231.147 48.481 232.171 3.78857 1 -0.50221
6557 46.0395 231.147 44.8987 234.883 3.83478 1 -0.23232
6570 46.0389 231.146 45.9323 234.701 3.89949 1 -1.42577
6572 46.0389 231.146 46.137 233.827 3.85422 1 -0.06112
6583 46.0389 231.146 47.1295 229.349 3.74416 1 -0.24421
6589 46.0389 231.146 46.992 232.984 3.84928 1 -0.13987
6591 46.0389 231.146 47.1643 232.078 3.84574 1 -0.2351
6595 46.0389 231.146 47.5315 230.292 3.82415 1 -1.14188
6597 46.0389 231.146 47.3178 234.465 3.87112 1 -0.81561
6601 46.0389 231.146 47.8728 231.803 3.80503 1 -0.45457
6604 46.0389 231.146 48.2047 229.995 3.77476 1 -0.7402
6608 46.0389 231.146 48.151 232.913 3.79976 1 -0.18371
6610 46.0389 231.146 48.4811 232.171 3.78081 1 -0.34979
6611 46.0389 231.146 48.627 231.261 3.67787 1 1.35797
6615 46.0389 231.146 49.1504 233.278 3.72969 1 0.99461
6624 46.0389 231.146 45.5287 235.074 3.81267 1 -0.81796
6636 46.176 230.356 45.9331 234.7 3.82805 1 -0.32757
6638 46.176 230.356 46.1378 233.828 3.85381 1 -0.47799
6640 46.176 230.356 46.323 232.961 3.80058 1 0.29473
6651 46.176 230.356 46.6402 234.701 3.84891 1 -0.6401
6653 46.176 230.356 46.797 233.836 3.80242 1 0.29085
6655 46.176 230.356 46.992 232.984 3.8498 1 -0.72737
6657 46.176 230.356 47.1642 232.078 3.73781 1 0.35384
6663 46.176 230.356 47.3188 234.466 3.79057 1 0.36722
6665 46.176 230.356 47.5096 233.585 3.8248 1 -0.68611
6667 46.176 230.356 47.8725 231.803 3.7017 1 0.40971
6669 46.176 230.356 48.2065 229.997 3.73765 1 -0.38959
6674 46.176 230.356 48.15 232.916 3.73223 1 0.37083
6676 46.176 230.356 48.481 232.171 3.71376 1 0.17281
6684 46.176 230.356 47.8883 233.896 3.79061 1 -0.33525
6692 46.176 230.356 44.8987 234.883 3.79603 1 0.45057
6703 46.1761 230.356 45.9323 234.701 3.84978 1 -0.82626
6705 46.1761 230.356 46.137 233.827 3.85926 1 -0.57608
6707 46.1761 230.356 46.324 232.959 3.80567 1 0.22328
6709 46.1761 230.356 46.5209 232.095 3.83146 1 -0.39907
6722 46.1761 230.356 46.992 232.984 3.81976 1 -0.27587
6724 46.1761 230.356 47.1643 232.078 3.74322 1 0.28742
6726 46.1761 230.356 47.3358 231.189 3.69299 1 0.30525
6730 46.1761 230.356 47.3178 234.465 3.79824 1 0.18704
6734 46.1761 230.356 47.8728 231.803 3.70322 1 0.38529
6737 46.1761 230.356 48.2047 229.995 3.72233 1 -0.13917
6741 46.1761 230.356 48.151 232.913 3.73711 1 0.26617
6743 46.1761 230.356 48.4811 232.171 3.71186 1 0.21284
6751 46.1761 230.356 47.8884 233.895 3.80663 1 -0.70185
6757 46.1761 230.356 45.5287 235.074 3.81028 1 -0.99993
6900 45.9331 234.7 46.5209 232.095 3.82463 1 0.06205
6904 45.9331 234.7 46.8433 230.286 3.79355 1 0.31847
6913 45.9331 234.7 46.992 232.984 3.83465 1 -0.29398
6915 45.9331 234.7 47.1642 232.078 3.87726 1 -0.97517
6917 45.9331 234.7 47.3358 231.188 3.82982 1 -0.44026
6927 45.9331 234.7 48.2065 229.997 3.81661 1 -1.04584
6932 45.9331 234.7 48.15 232.916 3.73375 1 0.86729
6961 45.9323 234.701 46.324 232.959 3.82816 1 -0.21661
6976 45.9323 234.701 46.992 232.984 3.85778 1 -0.57173
6978 45.9323 234.701 47.1643 232.078 3.86167 1 -0.72306
6980 45.9323 234.701 47.3358 231.189 3.82531 1 -0.34514
6988 45.9323 234.701 47.8728 231.803 3.82084 1 -0.65205
6991 45.9323 234.701 48.2047 229.995 3.87932 1 -2.90019
6995 45.9323 234.701 48.151 232.913 3.68209 1 1.92602
7025 46.1378 233.828 46.6639 231.212 3.87622 1 -0.30708
7027 46.1378 233.828 46.8433 230.286 3.84603 1 -0.50906
7032 46.1378 233.828 46.6402 234.701 3.96299 1 -0.96656
7042 46.1378 233.828 47.5305 230.292 3.80159 1 -0.09327
7044 46.1378 233.828 47.3188 234.466 3.822 1 -0.134
7048 46.1378 233.828 47.8725 231.803 3.82932 1 -0.38131
7050 46.1378 233.828 48.2065 229.997 3.82459 1 -0.93907
7055 46.1378 233.828 48.15 232.916 3.83555 1 -0.62883
7065 46.1378 233.828 47.8883 233.896 3.78352 1 0.28716
7073 46.1378 233.828 44.8987 234.883 3.7543 1 -0.06789
7084 46.137 233.827 46.5209 232.095 3.89059 1 -0.2427
7086 46.137 233.827 46.6645 231.211 3.87956 1 -0.35392
7088 46.137 233.827 46.844 230.286 3.82486 1 -0.1017
7091 46.137 233.827 47.1295 229.349 3.79844 1 -0.05017
7099 46.137 233.827 47.1643 232.078 3.91945 1 -0.93364
7101 46.137 233.827 47.3358 231.189 3.82768 1 -0.07987
7103 46.137 233.827 47.5315 230.292 3.79763 1 -0.00808
7105 46.137 233.827 47.3178 234.465 3.86974 1 -0.58684
7109 46.137 233.827 47.8728 231.803 3.8453 1 -0.6492
7112 46.137 233.827 48.2047 229.995 3.81561 1 -0.70988
7116 46.137 233.827 48.151 232.913 3.77755 1 0.30982
7118 46.137 233.827 48.4811 232.171 3.77656 1 0.19906
7119 46.137 233.827 48.627 231.261 3.73646 1 1.01779
7132 46.137 233.827 45.5287 235.074 3.77256 1 -0.31511
7146 46.323 232.961 46.8433 230.286 3.82331 1 -0.22057
7159 46.323 232.961 47.3358 231.188 3.95178 1 -1.55586
7161 46.323 232.961 47.5305 230.292 3.82278 1 -0.56014
7169 46.323 232.961 48.2065 229.997 3.86597 1 -1.8122
7192 46.323 232.961 44.8987 234.883 3.82351 1 -0.51205
7203 46.324 232.959 46.6645 231.211 3.85204 1 0.01986
7208 46.324 232.959 47.1295 229.349 3.81308 1 -0.59238
7218 46.324 232.959 47.3358 231.189 3.89585 1 -0.91591
7220 46.324 232.959 47.5315 230.292 3.80961 1 -0.34177
7222 46.324 232.959 47.3178 234.465 3.87445 1 -0.54242
7229 46.324 232.959 48.2047 229.995 3.84109 1 -1.29858
7249 46.324 232.959 45.5287 235.074 3.73477 1 0.56965
7261 46.5209 232.095 46.8433 230.286 3.75099 1 0.23134
7266 46.5209 232.095 46.6402 234.701 3.82615 1 0.08621
7276 46.5209 232.095 47.5305 230.292 3.78298 1 -0.21069
7284 46.5209 232.095 48.2065 229.997 3.76227 1 -0.00864
7299 46.5209 232.095 47.8883 233.896 3.78235 1 0.26529
7307 46.5209 232.095 44.8987 234.883 3.86756 1 -0.97982
7318 46.5209 232.095 46.844 230.286 3.76218 1 0.11765
7321 46.5209 232.095 47.1295 229.349 3.75561 1 -0.05298
7333 46.5209 232.095 47.5315 230.292 3.79428 1 -0.35089
7339 46.5209 232.095 47.8728 231.803 3.8396 1 -0.58278
7342 46.5209 232.095 48.2047 229.995 3.79051 1 -0.49563
7349 46.5209 232.095 48.627 231.261 3.77263 1 -0.25785
7356 46.5209 232.095 47.8884 233.895 3.8249 1 -0.33601
7377 46.6639 231.212 46.6402 234.701 3.83998 1 -0.27308
7395 46.6639 231.212 48.2065 229.997 3.64821 1 1.10997
7400 46.6639 231.212 48.15 232.916 3.78835 1 -0.36335
7402 46.6639 231.212 48.481 232.171 3.76916 1 -0.39105
7407 46.6639 231.212 49.1504 233.278 3.71242 1 0.75423
7418 46.6639 231.212 44.8987 234.883 3.82484 1 -0.06097
7430 46.6645 231.211 47.1295 229.349 3.77125 1 -0.57975
7436 46.6645 231.211 46.992 232.984 3.92056 1 -0.95115
7444 46.6645 231.211 47.3178 234.465 3.80195 1 0.18073
7448 46.6645 231.211 47.8728 231.803 3.77382 1 -0.19489
7455 46.6645 231.211 48.151 232.913 3.78644 1 -0.3376
7457 46.6645 231.211 48.4811 232.171 3.78075 1 -0.56638
7471 46.6645 231.211 45.5287 235.074 3.80904 1 -0.01626
7486 46.8433 230.286 46.797 233.836 3.81166 1 -0.36777
7488 46.8433 230.286 46.992 232.984 3.78539 1 -0.12115
7490 46.8433 230.286 47.1642 232.078 3.7802 1 -0.29836
7502 46.8433 230.286 48.2065 229.997 3.73587 1 -0.15054
7507 46.8433 230.286 48.15 232.916 3.72171 1 0.11601
7509 46.8433 230.286 48.481 232.171 3.69692 1 0.27761
7514 46.8433 230.286 49.1504 233.278 3.64365 1 1.8454
7517 46.8433 230.286 47.8883 233.896 3.7761 1 -0.43873
7525 46.8433 230.286 44.8987 234.883 3.81015 1 -0.22286
7541 46.844 230.286 46.992 232.984 3.79574 1 -0.26995
7543 46.844 230.286 47.1643 232.078 3.77037 1 -0.20137
7549 46.844 230.286 47.3178 234.465 3.76587 1 0.38696
7553 46.844 230.286 47.8728 231.803 3.67237 1 0.50314
7556 46.844 230.286 48.2047 229.995 3.74127 1 -0.20957
7560 46.844 230.286 48.151 232.913 3.75033 1 -0.39004
7562 46.844 230.286 48.4811 232.171 3.70098 1 0.20927
7567 46.844 230.286 49.1504 233.278 3.63133 1 2.162
7570 46.844 230.286 47.8884 233.895 3.76671 1 -0.24407
7572 46.844 230.286 45.5584 234.808 3.73711 1 1.56576
7576 46.844 230.286 45.5287 235.074 3.79681 1 -0.12011
7691 47.1295 229.349 46.992 232.984 3.80675 1 -0.90382
7693 47.1295 229.349 47.1643 232.078 3.75338 1 -0.22051
7695 47.1295 229.349 47.3358 231.189 3.74486 1 -0.28356
7699 47.1295 229.349 47.3178 234.465 3.81082 1 -1.30618
7703 47.1295 229.349 47.8728 231.803 3.69249 1 0.392
7710 47.1295 229.349 48.151 232.913 3.74114 1 -0.39166
7712 47.1295 229.349 48.4811 232.171 3.71884 1 -0.03112
7713 47.1295 229.349 48.627 231.261 3.70719 1 0.35809
7717 47.1295 229.349 49.1504 233.278 3.67562 1 1.28843
7720 47.1295 229.349 47.8884 233.895 3.73044 1 0.19087
7724 47.1295 229.349 46.1735 235.065 3.78441 1 0.06079
7726 47.1295 229.349 45.5287 235.074 3.79473 1 -0.45899
7744 46.6402 234.701 47.5305 230.292 3.7752 1 -0.19964
7750 46.6402 234.701 47.8725 231.803 3.79639 1 -0.31592
7752 46.6402 234.701 48.2065 229.997 3.75902 1 0.11249
7764 46.6402 234.701 49.1504 233.278 3.66455 1 2.36009
7767 46.6402 234.701 47.8883 233.896 3.81265 1 -0.20206
7792 46.6411 234.701 47.5315 230.292 3.76013 1 0.16979
7798 46.6411 234.701 47.8728 231.803 3.83468 1 -0.99592
7843 46.797 233.836 47.8725 231.803 3.78553 1 -0.08558
7845 46.797 233.836 48.2065 229.997 3.76721 1 -0.12454
7852 46.797 233.836 48.481 232.171 3.80557 1 -0.67114
7857 46.797 233.836 49.1504 233.278 3.75002 1 0.3598
7932 46.992 232.984 47.8725 231.803 3.91489 1 -1.28359
7934 46.992 232.984 48.2065 229.997 3.78879 1 -0.61046
7941 46.992 232.984 48.481 232.171 3.78193 1 -0.32827
7957 46.992 232.984 44.8987 234.883 3.76069 1 0.48106
7968 46.992 232.984 47.3358 231.189 3.82511 1 -0.40324
7970 46.992 232.984 47.5315 230.292 3.75516 1 0.00785
7972 46.992 232.984 47.3178 234.465 3.86329 1 -0.43413
7976 46.992 232.984 47.8728 231.803 3.91392 1 -1.27557
7979 46.992 232.984 48.2047 229.995 3.75664 1 -0.01757
7986 46.992 232.984 48.627 231.261 3.77024 1 -0.35392
7993 46.992 232.984 47.8884 233.895 3.83881 1 -0.40267
7997 46.992 232.984 46.1735 235.065 3.77922 1 0.16612
7999 46.992 232.984 45.5287 235.074 3.79286 1 -0.04974
8019 47.1642 232.078 48.2065 229.997 3.81162 1 -0.97809
8026 47.1642 232.078 48.481 232.171 3.86431 1 -1.21466
8031 47.1642 232.078 49.1504 233.278 3.71227 1 0.49279
8042 47.1642 232.078 44.8987 234.883 3.7924 1 0.30493
8053 47.1643 232.078 47.5315 230.292 3.73395 1 -0.03523
8062 47.1643 232.078 48.2047 229.995 3.78221 1 -0.58089
8073 47.1643 232.078 49.1504 233.278 3.6872 1 0.92927
8080 47.1643 232.078 46.1735 235.065 3.76173 1 0.76427
8082 47.1643 232.078 45.5287 235.074 3.81406 1 -0.27659
8094 47.3358 231.188 47.3188 234.466 3.82395 1 -0.71434
8100 47.3358 231.188 48.2065 229.997 3.70295 1 0.26226
8112 47.3358 231.188 49.1504 233.278 3.67641 1 1.02244
8134 47.3358 231.189 47.3178 234.465 3.82219 1 -0.68295
8145 47.3358 231.189 48.151 232.913 3.7952 1 -0.60947
8148 47.3358 231.189 48.627 231.261 3.75 1 -0.27836
8152 47.3358 231.189 49.1504 233.278 3.66268 1 1.28209
8157 47.3358 231.189 45.5584 234.808 3.51779 1 7.08985
8159 47.3358 231.189 46.1735 235.065 3.78742 1 0.266
8161 47.3358 231.189 45.5287 235.074 3.80143 1 -0.19677
8173 47.5305 230.292 47.5096 233.585 3.7672 1 -0.28654
8182 47.5305 230.292 48.15 232.916 3.75571 1 -0.4649
8189 47.5305 230.292 49.1504 233.278 3.61263 1 2.29317
8192 47.5305 230.292 47.8883 233.896 3.7591 1 -0.35886
8200 47.5305 230.292 44.8987 234.883 3.80692 1 -0.32803
8209 47.5315 230.292 47.3178 234.465 3.78555 1 -0.44556
8220 47.5315 230.292 48.151 232.913 3.73087 1 -0.096
8222 47.5315 230.292 48.4811 232.171 3.70675 1 0.10762
8227 47.5315 230.292 49.1504 233.278 3.65939 1 1.28305
8230 47.5315 230.292 47.8884 233.895 3.75101 1 -0.20235
8232 47.5315 230.292 45.5584 234.808 3.58892 1 5.80104
8234 47.5315 230.292 46.1735 235.065 3.75911 1 0.65671
8250 47.3188 234.466 48.2065 229.997 3.74285 1 0.2263
8284 47.3178 234.465 47.8728 231.803 3.7734 1 -0.07704
8291 47.3178 234.465 48.151 232.913 3.75145 1 0.22099
8293 47.3178 234.465 48.4811 232.171 3.77394 1 -0.24668
8319 47.5096 233.585 48.2065 229.997 3.77117 1 -0.58871
8342 47.5096 233.585 44.8987 234.883 3.81569 1 -0.85212
8396 47.8725 231.803 49.1504 233.278 3.62209 1 1.33915
8407 47.8725 231.803 44.8987 234.883 3.77728 1 0.10529
8417 47.8728 231.803 48.2047 229.995 3.72297 1 0.05838
8428 47.8728 231.803 49.1504 233.278 3.6662 1 0.74363
8435 47.8728 231.803 46.1735 235.065 3.82394 1 -1.01837
8437 47.8728 231.803 45.5287 235.074 3.78955 1 -0.23179
8450 48.2065 229.997 48.15 232.916 3.72524 1 0.01741
8468 48.2065 229.997 44.8987 234.883 3.78099 1 0.11536
8508 48.2047 229.995 48.151 232.913 3.74546 1 -0.29745
8515 48.2047 229.995 49.1504 233.278 3.68229 1 1.09788
8518 48.2047 229.995 47.8884 233.895 3.75618 1 -0.46541
8522 48.2047 229.995 46.1735 235.065 3.74952 1 0.6241
8524 48.2047 229.995 45.5287 235.074 3.78148 1 -0.19814
8603 48.15 232.916 44.8987 234.883 3.77766 1 -0.42474
8626 48.151 232.913 45.5287 235.074 3.70837 1 1.41617
8650 48.481 232.171 44.8987 234.883 3.76797 1 -0.1311
8662 48.4811 232.171 49.1504 233.278 3.57877 1 1.21684
8671 48.4811 232.171 45.5287 235.074 3.68291 1 2.28288
8798 47.8883 233.896 44.8987 234.883 3.8004 1 -0.83519
8811 47.8884 233.895 45.5287 235.074 3.76894 1 -0.03476
