1569 47.0004 234.699 45.7145 229.397 3.81879 1 -0.03301
1582 47.0004 234.699 46.0389 231.146 3.91092 1 -1.5076
1584 47.0004 234.699 46.1761 230.356 3.82729 1 -0.09478
1598 47.0004 234.699 46.844 230.286 3.82269 1 0.02626
1601 47.0004 234.699 47.1295 229.349 3.81749 1 -0.04356
1611 47.0004 234.699 47.3358 231.189 3.89805 1 -1.15906
1613 47.0004 234.699 47.5315 230.292 3.82152 1 -0.01187
1703 46.0248 235.035 46.176 230.356 3.69585 1 2.87919
1715 46.0248 235.035 46.6639 231.212 3.98699 1 -3.20056
2201 46.6816 235 47.3358 231.189 4.09437 1 -5.03393
2974 44.1777 233.728 47.1282 229.362 3.85206 1 -1.05649
2995 44.1777 233.728 48.2054 229.998 3.80046 1 0.69695
3031 44.179 233.729 44.8274 230.32 3.90413 1 -1.41108
3136 44.3542 232.905 44.8459 230.318 3.92521 1 -1.28384
3189 44.3542 232.905 47.1282 229.362 3.84462 1 -0.78565
3244 44.3604 232.892 44.8274 230.32 3.94638 1 -1.57025
3369 44.5342 231.962 45.7145 229.397 3.79343 1 0.58259
3401 44.5342 231.962 47.1295 229.349 3.78532 1 0.58403
3436 44.5342 231.962 47.8884 233.895 3.88749 1 -1.1208
3463 44.844 230.317 45.0636 232.844 3.95945 1 -1.31535
3506 44.844 230.317 46.6402 234.701 3.86345 1 -0.82691
3508 44.844 230.317 46.797 233.836 3.86697 1 -0.7176
3510 44.844 230.317 46.992 232.984 3.7942 1 0.89463
3520 44.844 230.317 47.5096 233.585 3.87097 1 -0.93229
3522 44.844 230.317 47.8725 231.803 3.84033 1 -0.83806
3524 44.844 230.317 48.2065 229.997 3.68988 1 2.6406
3529 44.844 230.317 48.15 232.916 3.82194 1 -0.04988
3547 44.844 230.317 44.8987 234.883 3.89134 1 -1.1735
3564 44.8459 230.318 44.8476 233.693 3.96471 1 -1.9701
3567 44.8459 230.318 45.0631 232.845 3.94608 1 -1.14347
3607 44.8459 230.318 47.1282 229.362 3.70631 1 1.66521
3670 44.8438 230.319 45.0617 232.843 3.94867 1 -1.17477
3685 44.8438 230.319 45.4995 233.732 3.81171 1 0.76678
3697 44.8438 230.319 45.9323 234.701 3.83446 1 0.05407
3699 44.8438 230.319 46.137 233.827 3.87769 1 -0.79394
3701 44.8438 230.319 46.324 232.959 3.88412 1 -0.8273
3716 44.8438 230.319 46.992 232.984 3.82536 1 0.21643
3718 44.8438 230.319 47.1643 232.078 3.82142 1 -0.0177
3720 44.8438 230.319 47.3358 231.189 3.81437 1 -0.29596
3722 44.8438 230.319 47.5315 230.292 3.66247 1 2.67573
3724 44.8438 230.319 47.3178 234.465 3.86536 1 -0.78483
3749 44.8438 230.319 46.1735 235.065 3.88004 1 -1.19918
3766 44.8274 230.32 44.6577 234.533 3.90264 1 -1.38983
3768 44.8274 230.32 44.8489 233.692 3.88956 1 -0.67822
3772 44.8274 230.32 45.0301 232.844 3.92048 1 -0.8048
4335 44.6547 234.534 47.8883 233.896 3.61795 1 5.03906
4603 44.8476 233.693 48.2054 229.998 3.80588 1 0.43249
4748 45.0636 232.844 46.176 230.356 3.91824 1 -1.2552
4775 45.0636 232.844 47.3358 231.188 3.83422 1 -0.0129
4783 45.0636 232.844 47.8725 231.803 3.91578 1 -1.5888
4785 45.0636 232.844 48.2065 229.997 3.81956 1 -0.10621
4792 45.0636 232.844 48.481 232.171 3.82757 1 0.13964
4855 45.0631 232.845 47.1282 229.362 3.84861 1 -0.84494
4876 45.0631 232.845 48.2054 229.998 3.79239 1 0.66713
4912 45.0617 232.843 45.5519 230.328 3.90194 1 -0.77078
4913 45.0617 232.843 45.7145 229.397 3.83189 1 0.01539
4928 45.0617 232.843 46.1761 230.356 3.87572 1 -0.61065
4942 45.0617 232.843 46.844 230.286 3.79338 1 0.48015
4945 45.0617 232.843 47.1295 229.349 3.85633 1 -1.03051
4951 45.0617 232.843 46.992 232.984 3.94669 1 -1.53089
4955 45.0617 232.843 47.3358 231.189 3.82053 1 0.25275
4957 45.0617 232.843 47.5315 230.292 3.7786 1 0.86842
4963 45.0617 232.843 47.8728 231.803 3.88742 1 -0.98665
4966 45.0617 232.843 48.2047 229.995 3.7457 1 2.01983
4970 45.0617 232.843 48.151 232.913 3.87337 1 -0.92597
4972 45.0617 232.843 48.4811 232.171 3.86842 1 -0.9167
4977 45.0617 232.843 49.1504 233.278 3.78186 1 1.466
4980 45.0617 232.843 47.8884 233.895 3.9491 1 -2.48826
4984 45.0617 232.843 46.1735 235.065 3.96136 1 -2.03552
5162 45.1757 231.992 44.8987 234.883 3.81736 1 0.27577
5174 45.1731 231.994 45.7145 229.397 3.8526 1 -0.39545
5206 45.1731 231.994 47.1295 229.349 3.79899 1 0.13037
5220 45.1731 231.994 47.3178 234.465 3.91577 1 -1.60386
5245 45.1731 231.994 46.1735 235.065 3.89421 1 -1.27066
5277 45.4242 231.093 45.9331 234.7 3.95945 1 -2.52735
5298 45.4242 231.093 47.1642 232.078 3.94631 1 -1.63909
5302 45.4242 231.093 47.5305 230.292 3.79032 1 -0.01684
5306 45.4242 231.093 47.5096 233.585 3.81976 1 0.32158
5310 45.4242 231.093 48.2065 229.997 3.78346 1 0.14276
5325 45.4242 231.093 47.8883 233.896 3.88057 1 -1.11641
5343 45.4261 231.09 45.7145 229.397 3.88559 1 -0.72101
5375 45.4261 231.09 47.1295 229.349 3.72906 1 0.98906
5389 45.4261 231.09 47.3178 234.465 3.90386 1 -1.52455
5393 45.4261 231.09 47.8728 231.803 3.88231 1 -1.25902
5402 45.4261 231.09 48.4811 232.171 3.8682 1 -1.26601
5407 45.4261 231.09 49.1504 233.278 3.79366 1 0.76633
5459 45.5531 230.327 46.6402 234.701 3.84523 1 -0.57904
5473 45.5531 230.327 47.5096 233.585 3.80306 1 0.48204
5477 45.5531 230.327 48.2065 229.997 3.69563 1 1.81535
5500 45.5531 230.327 44.8987 234.883 3.84215 1 -0.21035
5515 45.5519 230.328 45.4995 233.732 3.8982 1 -0.97963
5517 45.5519 230.328 45.6865 232.875 3.97561 1 -1.78104
5529 45.5519 230.328 46.137 233.827 3.9022 1 -1.54163
5550 45.5519 230.328 47.3358 231.189 3.78152 1 0.0949
5565 45.5519 230.328 48.151 232.913 3.72311 1 2.10255
5596 45.7145 229.397 45.4995 233.732 3.8833 1 -1.1548
5602 45.7145 229.397 46.0389 231.146 3.95104 1 -1.49232
5608 45.7145 229.397 45.9323 234.701 3.83491 1 -0.77695
5610 45.7145 229.397 46.137 233.827 3.8024 1 0.15789
5612 45.7145 229.397 46.324 232.959 3.81716 1 -0.11978
5625 45.7145 229.397 46.7957 233.837 3.67578 1 3.61409
5633 45.7145 229.397 47.5315 230.292 3.67116 1 1.69133
5635 45.7145 229.397 47.3178 234.465 3.81094 1 0.18858
5639 45.7145 229.397 47.8728 231.803 3.73187 1 1.12707
5646 45.7145 229.397 48.151 232.913 3.7039 1 2.4079
5648 45.7145 229.397 48.4811 232.171 3.69312 1 2.51856
5664 45.7145 229.397 44.8988 234.883 3.77043 1 1.7204
6082 45.4989 233.733 46.8433 230.286 3.84578 1 -0.73409
6095 45.4989 233.733 47.3358 231.188 3.83526 1 -0.14991
6120 45.4989 233.733 47.8883 233.896 3.81132 1 0.04762
6143 45.4995 233.732 46.1761 230.356 3.88804 1 -1.29131
6157 45.4995 233.732 46.844 230.286 3.80826 1 0.04859
6160 45.4995 233.732 47.1295 229.349 3.81165 1 -0.19663
6172 45.4995 233.732 47.5315 230.292 3.84918 1 -0.77581
6178 45.4995 233.732 47.8728 231.803 3.91262 1 -1.86142
6252 45.6855 232.877 48.2065 229.997 3.78897 1 0.60225
6288 45.6865 232.875 46.1761 230.356 3.92635 1 -1.60639
6302 45.6865 232.875 46.844 230.286 3.89856 1 -1.44733
6326 45.6865 232.875 48.2047 229.995 3.82856 1 -0.37054
6337 45.6865 232.875 49.1504 233.278 3.79575 1 0.78522
6377 45.8642 232.015 46.6402 234.701 4.01928 1 -2.93901
6393 45.8642 232.015 47.8725 231.803 3.73401 1 1.40995
6443 45.8635 232.015 46.844 230.286 3.92368 1 -1.49983
6460 45.8635 232.015 47.3178 234.465 3.97013 1 -2.16171
6467 45.8635 232.015 48.2047 229.995 3.78805 1 0.25146
6487 45.8635 232.015 45.5287 235.074 3.9944 1 -3.15685
6557 46.0395 231.147 44.8987 234.883 3.88732 1 -1.31272
6653 46.176 230.356 46.797 233.836 3.82491 1 -0.02104
6665 46.176 230.356 47.5096 233.585 3.81334 1 0.14329
6684 46.176 230.356 47.8883 233.896 3.83886 1 -0.50475
6692 46.176 230.356 44.8987 234.883 3.85403 1 -0.85343
6705 46.1761 230.356 46.137 233.827 3.89587 1 -1.50042
6730 46.1761 230.356 47.3178 234.465 3.83851 1 -0.32538
6741 46.1761 230.356 48.151 232.913 3.79162 1 0.21341
6751 46.1761 230.356 47.8884 233.895 3.82804 1 -0.26209
6753 46.1761 230.356 45.5584 234.808 3.5104 1 7.40178
6904 45.9331 234.7 46.8433 230.286 3.79433 1 0.47175
6915 45.9331 234.7 47.1642 232.078 3.92253 1 -1.61111
7042 46.1378 233.828 47.5305 230.292 3.86135 1 -0.82177
7050 46.1378 233.828 48.2065 229.997 3.88214 1 -1.55487
7088 46.137 233.827 46.844 230.286 3.85553 1 -0.6657
7091 46.137 233.827 47.1295 229.349 3.83149 1 -0.42837
7103 46.137 233.827 47.5315 230.292 3.79727 1 0.53833
7116 46.137 233.827 48.151 232.913 3.8605 1 -0.59115
7208 46.324 232.959 47.1295 229.349 3.7777 1 0.68375
7220 46.324 232.959 47.5315 230.292 3.86339 1 -0.6961
7229 46.324 232.959 48.2047 229.995 3.85703 1 -0.74424
7266 46.5209 232.095 46.6402 234.701 3.96483 1 -1.7261
7276 46.5209 232.095 47.5305 230.292 3.88803 1 -1.00238
7321 46.5209 232.095 47.1295 229.349 3.83421 1 -0.56873
7377 46.6639 231.212 46.6402 234.701 3.83833 1 -0.10048
7418 46.6639 231.212 44.8987 234.883 3.85932 1 -0.95497
7457 46.6645 231.211 48.4811 232.171 3.76834 1 0.56648
7507 46.8433 230.286 48.15 232.916 3.76012 1 0.65081
7525 46.8433 230.286 44.8987 234.883 3.80751 1 0.1377
7541 46.844 230.286 46.992 232.984 3.85716 1 -0.5716
7549 46.844 230.286 47.3178 234.465 3.82365 1 -0.06296
7560 46.844 230.286 48.151 232.913 3.82666 1 -0.48634
7562 46.844 230.286 48.4811 232.171 3.81841 1 -0.39903
7567 46.844 230.286 49.1504 233.278 3.78027 1 0.47538
7570 46.844 230.286 47.8884 233.895 3.80682 1 0.04043
7691 47.1295 229.349 46.992 232.984 3.8041 1 0.03983
7693 47.1295 229.349 47.1643 232.078 3.73748 1 0.82803
7695 47.1295 229.349 47.3358 231.189 3.99059 1 -1.92575
7703 47.1295 229.349 47.8728 231.803 3.79334 1 -0.02825
7710 47.1295 229.349 48.151 232.913 3.81006 1 -0.28151
7717 47.1295 229.349 49.1504 233.278 3.75174 1 1.26537
7720 47.1295 229.349 47.8884 233.895 3.77289 1 0.68849
7724 47.1295 229.349 46.1735 235.065 3.8154 1 -0.17433
7744 46.6402 234.701 47.5305 230.292 3.81026 1 0.27789
7752 46.6402 234.701 48.2065 229.997 3.79327 1 0.606
7957 46.992 232.984 44.8987 234.883 3.78443 1 0.4561
7986 46.992 232.984 48.627 231.261 3.90328 1 -1.32551
8031 47.1642 232.078 49.1504 233.278 3.8654 1 -0.84749
8042 47.1642 232.078 44.8987 234.883 3.83381 1 -0.32391
8080 47.1643 232.078 46.1735 235.065 3.78085 1 0.76522
8134 47.3358 231.189 47.3178 234.465 3.86785 1 -0.71281
8159 47.3358 231.189 46.1735 235.065 3.81992 1 0.06294
8173 47.5305 230.292 47.5096 233.585 3.78721 1 0.33108
8182 47.5305 230.292 48.15 232.916 3.87072 1 -0.98558
8192 47.5305 230.292 47.8883 233.896 3.90207 1 -1.78688
8200 47.5305 230.292 44.8987 234.883 3.83795 1 -0.82984
8209 47.5315 230.292 47.3178 234.465 3.8 1 0.27087
8220 47.5315 230.292 48.151 232.913 3.82708 1 -0.37174
8227 47.5315 230.292 49.1504 233.278 3.81078 1 -0.1303
8230 47.5315 230.292 47.8884 233.895 3.80365 1 0.02713
8234 47.5315 230.292 46.1735 235.065 3.80278 1 0.33419
8319 47.5096 233.585 48.2065 229.997 3.7416 1 1.27747
8407 47.8725 231.803 44.8987 234.883 3.82892 1 -0.61009
8417 47.8728 231.803 48.2047 229.995 3.91192 1 -1.06177
8468 48.2065 229.997 44.8987 234.883 3.85379 1 -1.39583
8508 48.2047 229.995 48.151 232.913 3.78503 1 0.29547
8515 48.2047 229.995 49.1504 233.278 3.84199 1 -0.53475
8518 48.2047 229.995 47.8884 233.895 3.76649 1 0.82256
8522 48.2047 229.995 46.1735 235.065 3.79064 1 0.71521
