1058 46.8981 235.006 44.8438 230.319 1.67816 1 0.91248
1071 46.8981 235.006 45.0617 232.843 1.45715 1 -1.73519
1079 46.8981 235.006 45.7145 229.397 1.7018 1 1.72396
1084 46.8981 235.006 45.307 234.585 1.46588 1 -0.67034
1090 46.8981 235.006 45.8635 232.015 1.4942 1 1.90704
1106 46.8981 235.006 46.6645 231.211 1.52586 1 0.02691
1129 46.8981 235.006 47.8728 231.803 1.51203 1 -2.06115
1136 46.8981 235.006 48.151 232.913 1.54902 1 -1.46203
1195 46.8205 234.955 45.0617 232.843 1.43799 1 0.95464
1214 46.8205 234.955 45.8635 232.015 1.54499 1 -1.30861
1241 46.8205 234.955 46.992 232.984 1.32272 1 2.24982
1245 46.8205 234.955 47.3358 231.189 1.53548 1 0.82096
1260 46.8205 234.955 48.151 232.913 1.49195 1 -0.1015
1443 46.8887 234.881 45.1731 231.994 1.55372 1 -1.03232
1453 46.8887 234.881 45.307 234.585 1.46334 1 -2.01328
1473 46.8887 234.881 46.5209 232.095 1.46528 1 -2.43805
1490 46.8887 234.881 47.3358 231.189 1.52932 1 2.10294
1492 46.8887 234.881 47.5315 230.292 1.68316 1 -2.24407
1501 46.8887 234.881 48.2047 229.995 1.64607 1 -2.99123
1576 47.0004 234.699 45.4995 233.732 1.42275 1 -2.78028
1578 47.0004 234.699 45.6865 232.875 1.46572 1 -2.79276
1609 47.0004 234.699 47.1643 232.078 1.4798 1 -1.27452
1699 46.0248 235.035 45.8642 232.015 1.46367 1 2.94645
1932 46.7996 234.484 45.4989 233.733 1.32328 1 2.53852
1954 46.7996 234.484 46.8433 230.286 1.6842 1 -0.42977
1969 46.7996 234.484 47.5305 230.292 1.69705 1 -1.01463
2000 46.7996 234.484 44.8987 234.883 1.36948 1 1.9993
2698 44.0083 234.534 44.3542 232.905 1.55154 1 1.97256
2823 43.9772 234.519 44.8489 233.692 1.3523 1 2.98199
2934 44.1777 233.728 45.0631 232.845 1.57613 1 -0.77226
3210 44.3542 232.905 48.2054 229.998 2.04098 1 -0.81403
3236 44.3542 232.905 44.2497 234.941 1.52075 1 0.47102
3348 44.5342 231.962 44.8438 230.319 1.98318 1 0.33042
3355 44.5342 231.962 44.6534 234.535 1.49107 1 2.46817
3366 44.5342 231.962 45.4261 231.09 1.9211 1 2.0744
3368 44.5342 231.962 45.5519 230.328 2.0182 1 1.9432
3382 44.5342 231.962 46.0389 231.146 1.96445 1 0.85135
3384 44.5342 231.962 46.1761 230.356 2.05177 1 -0.44955
3394 44.5342 231.962 46.5209 232.095 1.92627 1 -2.18338
3396 44.5342 231.962 46.6645 231.211 1.9852 1 2.25227
3398 44.5342 231.962 46.844 230.286 2.09615 1 2.64771
3407 44.5342 231.962 46.992 232.984 1.71069 1 0.19616
3419 44.5342 231.962 47.8728 231.803 1.9283 1 0.82494
3467 44.844 230.317 45.1757 231.992 2.05438 1 0.66333
3469 44.844 230.317 45.4242 231.093 2.16253 1 -1.4858
3481 44.844 230.317 45.6855 232.877 1.93538 1 -0.28244
3483 44.844 230.317 45.8642 232.015 2.10425 1 -2.05806
3499 44.844 230.317 46.6639 231.212 2.20471 1 -0.30109
3529 44.844 230.317 48.15 232.916 1.95326 1 -2.29184
3547 44.844 230.317 44.8987 234.883 1.62527 1 -0.54508
3567 44.8459 230.318 45.0631 232.845 1.94073 1 1.32508
3664 44.8438 230.319 44.6534 234.535 1.64761 1 -1.39982
3670 44.8438 230.319 45.0617 232.843 1.95634 1 0.50735
3673 44.8438 230.319 45.1731 231.994 2.05343 1 0.68155
3675 44.8438 230.319 45.4261 231.09 2.15811 1 -1.4094
3687 44.8438 230.319 45.6865 232.875 1.93874 1 -0.46068
3701 44.8438 230.319 46.324 232.959 1.97705 1 -1.11338
3703 44.8438 230.319 46.5209 232.095 2.07423 1 -1.14516
3705 44.8438 230.319 46.6645 231.211 2.2025 1 -0.19183
3718 44.8438 230.319 47.1643 232.078 2.07682 1 -0.15258
3772 44.8274 230.32 45.0301 232.844 2.01594 1 -2.94918
4295 44.6547 234.534 46.6639 231.212 1.58486 1 2.278
4356 44.6534 234.535 45.0617 232.843 1.31499 1 1.12341
4364 44.6534 234.535 45.7145 229.397 1.67564 1 1.03079
4375 44.6534 234.535 45.8635 232.015 1.48907 1 -2.13057
4377 44.6534 234.535 46.0389 231.146 1.5624 1 1.67828
4417 44.6534 234.535 48.2047 229.995 1.72883 1 -1.41325
4740 45.0636 232.844 45.4989 233.733 1.4406 1 1.89795
4742 45.0636 232.844 45.6855 232.877 1.68844 1 -0.72968
4744 45.0636 232.844 45.8642 232.015 1.8213 1 -0.81339
4746 45.0636 232.844 46.0395 231.147 1.91231 1 -0.20594
4748 45.0636 232.844 46.176 230.356 2.01541 1 -0.96282
4752 45.0636 232.844 45.9331 234.7 1.41903 1 -2.9611
4758 45.0636 232.844 46.5209 232.095 1.77383 1 1.75406
4760 45.0636 232.844 46.6639 231.212 1.91843 1 1.71968
4762 45.0636 232.844 46.8433 230.286 2.02719 1 1.29306
4781 45.0636 232.844 47.5096 233.585 1.49917 1 1.3479
4902 45.0631 232.845 44.2497 234.941 1.44298 1 -2.63468
4918 45.0617 232.843 45.307 234.585 1.42055 1 0.6035
4922 45.0617 232.843 45.6865 232.875 1.67866 1 -0.46222
4924 45.0617 232.843 45.8635 232.015 1.82222 1 -0.86251
4926 45.0617 232.843 46.0389 231.146 1.91245 1 -0.21319
4928 45.0617 232.843 46.1761 230.356 2.00293 1 -0.26283
4938 45.0617 232.843 46.5209 232.095 1.83026 1 -1.2039
4940 45.0617 232.843 46.6645 231.211 1.92029 1 1.60514
4942 45.0617 232.843 46.844 230.286 2.00914 1 2.51449
4955 45.0617 232.843 47.3358 231.189 1.93279 1 0.17743
4973 45.0617 232.843 48.627 231.261 1.94068 1 -2.90158
5098 45.1757 231.992 45.8642 232.015 1.81503 1 1.74129
5100 45.1757 231.992 46.0395 231.147 2.01741 1 -0.42506
5102 45.1757 231.992 46.176 230.356 2.12173 1 -2.30994
5106 45.1757 231.992 45.9331 234.7 1.48748 1 0.57345
5110 45.1757 231.992 46.323 232.961 1.75462 1 1.16882
5112 45.1757 231.992 46.5209 232.095 1.86044 1 2.26422
5116 45.1757 231.992 46.8433 230.286 2.13237 1 1.06824
5127 45.1757 231.992 47.1642 232.078 1.88366 1 2.04839
5131 45.1757 231.992 47.5305 230.292 2.14864 1 -0.44597
5135 45.1757 231.992 47.5096 233.585 1.59196 1 0.67078
5137 45.1757 231.992 47.8725 231.803 1.98152 1 -1.19612
5146 45.1757 231.992 48.481 232.171 1.93125 1 -0.89642
5185 45.1731 231.994 45.8635 232.015 1.8153 1 1.7324
5187 45.1731 231.994 46.0389 231.146 2.01583 1 -0.3575
5189 45.1731 231.994 46.1761 230.356 2.12469 1 -2.42314
5197 45.1731 231.994 46.324 232.959 1.74901 1 1.45999
5199 45.1731 231.994 46.5209 232.095 1.86193 1 2.17735
5203 45.1731 231.994 46.844 230.286 2.13225 1 1.11135
5216 45.1731 231.994 47.3358 231.189 2.03005 1 1.06507
5218 45.1731 231.994 47.5315 230.292 2.17823 1 -2.3195
5267 45.4242 231.093 45.6855 232.877 1.86741 1 -1.66554
5273 45.4242 231.093 46.176 230.356 2.22854 1 -1.92773
5279 45.4242 231.093 46.1378 233.828 1.73857 1 -1.24148
5281 45.4242 231.093 46.323 232.961 1.90395 1 -0.3978
5285 45.4242 231.093 46.6639 231.212 2.12997 1 1.76975
5287 45.4242 231.093 46.8433 230.286 2.25424 1 0.41318
5294 45.4242 231.093 46.797 233.836 1.685 1 1.39732
5296 45.4242 231.093 46.992 232.984 1.88027 1 -2.95246
5298 45.4242 231.093 47.1642 232.078 2.03857 1 1.40927
5300 45.4242 231.093 47.3358 231.188 2.16892 1 1.18385
5302 45.4242 231.093 47.5305 230.292 2.23346 1 0.18714
5304 45.4242 231.093 47.3188 234.466 1.66828 1 -1.76805
5308 45.4242 231.093 47.8725 231.803 2.08977 1 2.18359
5310 45.4242 231.093 48.2065 229.997 2.22597 1 0.34148
5317 45.4242 231.093 48.481 232.171 2.07243 1 -0.11613
5348 45.4261 231.09 45.307 234.585 1.60328 1 -2.73485
5354 45.4261 231.09 45.8635 232.015 2.06814 1 -1.38633
5358 45.4261 231.09 46.1761 230.356 2.22821 1 -1.88695
5366 45.4261 231.09 46.324 232.959 1.90617 1 -0.45597
5368 45.4261 231.09 46.5209 232.095 2.02132 1 0.96744
5370 45.4261 231.09 46.6645 231.211 2.14041 1 1.45076
5372 45.4261 231.09 46.844 230.286 2.25575 1 0.37355
5385 45.4261 231.09 47.3358 231.189 2.16836 1 1.22556
5387 45.4261 231.09 47.5315 230.292 2.23349 1 0.20897
5393 45.4261 231.09 47.8728 231.803 2.11272 1 0.76748
5402 45.4261 231.09 48.4811 232.171 2.07872 1 -0.61093
5434 45.5531 230.327 45.6855 232.877 1.95762 1 0.64832
5436 45.5531 230.327 45.8642 232.015 2.12942 1 -0.55686
5440 45.5531 230.327 46.176 230.356 1.9894 1 2.20331
5446 45.5531 230.327 46.1378 233.828 1.83895 1 -0.03994
5450 45.5531 230.327 46.5209 232.095 2.08737 1 1.03887
5465 45.5531 230.327 47.1642 232.078 2.12471 1 1.03929
5517 45.5519 230.328 45.6865 232.875 1.96327 1 0.35369
5519 45.5519 230.328 45.8635 232.015 2.12608 1 -0.45624
5529 45.5519 230.328 46.137 233.827 1.83976 1 -0.10065
5531 45.5519 230.328 46.324 232.959 1.97542 1 0.65782
5546 45.5519 230.328 46.992 232.984 1.95208 1 -0.43088
5568 45.5519 230.328 48.627 231.261 2.22608 1 1.74497
5594 45.7145 229.397 45.307 234.585 1.68848 1 2.56965
5911 45.3057 234.585 45.6855 232.877 1.36636 1 -0.61511
5925 45.3057 234.585 46.323 232.961 1.34043 1 0.89512
5944 45.3057 234.585 47.3358 231.188 1.56191 1 1.61964
5946 45.3057 234.585 47.5305 230.292 1.64272 1 0.35795
5952 45.3057 234.585 47.8725 231.803 1.44954 1 0.76461
5990 45.307 234.585 45.8635 232.015 1.47266 1 2.36419
6002 45.307 234.585 46.324 232.959 1.34437 1 0.56492
6029 45.307 234.585 47.8728 231.803 1.43954 1 2.45843
6066 45.4989 233.733 46.0395 231.147 1.75646 1 1.26927
6068 45.4989 233.733 46.176 230.356 1.92067 1 -2.79025
6072 45.4989 233.733 45.9331 234.7 1.28979 1 1.12195
6074 45.4989 233.733 46.1378 233.828 1.30264 1 0.17955
6099 45.4989 233.733 47.3188 234.466 1.41931 1 -1.17182
6139 45.4995 233.732 45.8635 232.015 1.64613 1 -0.99712
6141 45.4995 233.732 46.0389 231.146 1.75916 1 1.11001
6147 45.4995 233.732 45.9323 234.701 1.28924 1 1.17393
6149 45.4995 233.732 46.137 233.827 1.30078 1 0.26149
6157 45.4995 233.732 46.844 230.286 1.902 1 -1.85737
6195 45.4995 233.732 47.8884 233.895 1.4384 1 -1.62278
6219 45.6855 232.877 45.9331 234.7 1.42988 1 -1.47008
6223 45.6855 232.877 46.323 232.961 1.58925 1 2.43404
6225 45.6855 232.877 46.5209 232.095 1.77265 1 1.13653
6227 45.6855 232.877 46.6639 231.212 2.00821 1 -1.58279
6229 45.6855 232.877 46.8433 230.286 2.09442 1 -0.89955
6238 45.6855 232.877 46.992 232.984 1.5846 1 -2.22152
6240 45.6855 232.877 47.1642 232.078 1.79559 1 -2.93543
6242 45.6855 232.877 47.3358 231.188 1.905 1 1.15318
6246 45.6855 232.877 47.3188 234.466 1.48039 1 -1.14275
6252 45.6855 232.877 48.2065 229.997 2.08843 1 -2.99732
6294 45.6865 232.875 46.137 233.827 1.49647 1 0.85038
6298 45.6865 232.875 46.5209 232.095 1.77025 1 1.22939
6300 45.6865 232.875 46.6645 231.211 2.01118 1 -1.67497
6305 45.6865 232.875 47.1295 229.349 2.13454 1 -1.50422
6313 45.6865 232.875 47.1643 232.078 1.78762 1 -2.46033
6319 45.6865 232.875 47.3178 234.465 1.49041 1 -2.15534
6326 45.6865 232.875 48.2047 229.995 2.02063 1 2.72595
6364 45.8642 232.015 46.1378 233.828 1.61899 1 0.54031
6366 45.8642 232.015 46.323 232.961 1.76945 1 0.81974
6368 45.8642 232.015 46.5209 232.095 1.90234 1 0.80313
6370 45.8642 232.015 46.6639 231.212 2.02156 1 2.71339
6372 45.8642 232.015 46.8433 230.286 2.15434 1 2.74391
6385 45.8642 232.015 47.3358 231.188 2.06177 1 0.79834
6387 45.8642 232.015 47.5305 230.292 2.15643 1 1.11334
6389 45.8642 232.015 47.3188 234.466 1.54675 1 -0.67881
6393 45.8642 232.015 47.8725 231.803 1.94446 1 1.51655
6402 45.8642 232.015 48.481 232.171 1.86154 1 2.7729
6416 45.8642 232.015 45.5295 235.073 1.49651 1 -2.45891
6418 45.8642 232.015 44.8987 234.883 1.49182 1 2.56581
6429 45.8635 232.015 46.1761 230.356 2.27984 1 -0.22937
6435 45.8635 232.015 46.137 233.827 1.62625 1 0.14186
6437 45.8635 232.015 46.324 232.959 1.76817 1 0.86196
6441 45.8635 232.015 46.6645 231.211 2.0235 1 2.67501
6454 45.8635 232.015 47.1643 232.078 1.89471 1 1.84315
6456 45.8635 232.015 47.3358 231.189 2.0678 1 0.55287
6458 45.8635 232.015 47.5315 230.292 2.1542 1 1.22143
6460 45.8635 232.015 47.3178 234.465 1.54698 1 -0.69709
6464 45.8635 232.015 47.8728 231.803 1.94654 1 1.41509
6485 45.8635 232.015 46.1735 235.065 1.50841 1 2.44688
6501 46.0395 231.147 45.9331 234.7 1.58729 1 2.53951
6503 46.0395 231.147 46.1378 233.828 1.73189 1 2.86597
6505 46.0395 231.147 46.323 232.961 1.87066 1 1.69668
6507 46.0395 231.147 46.5209 232.095 1.95216 1 2.55986
6509 46.0395 231.147 46.6639 231.212 2.11465 1 1.98157
6511 46.0395 231.147 46.8433 230.286 2.25474 1 1.13626
6516 46.0395 231.147 46.6402 234.701 1.6408 1 -1.54349
6520 46.0395 231.147 46.992 232.984 1.83949 1 -0.64515
6524 46.0395 231.147 47.3358 231.188 2.15755 1 2.30744
6526 46.0395 231.147 47.5305 230.292 2.26114 1 0.25455
6530 46.0395 231.147 47.5096 233.585 1.67458 1 0.70659
6541 46.0395 231.147 48.481 232.171 2.06783 1 0.19595
6546 46.0395 231.147 49.1504 233.278 1.81526 1 2.02964
6572 46.0389 231.146 46.137 233.827 1.76526 1 0.63608
6574 46.0389 231.146 46.324 232.959 1.8699 1 1.74425
6580 46.0389 231.146 46.844 230.286 2.25565 1 1.12557
6583 46.0389 231.146 47.1295 229.349 2.29362 1 0.34063
6589 46.0389 231.146 46.992 232.984 1.84026 1 -0.66302
6591 46.0389 231.146 47.1643 232.078 2.03119 1 1.6945
6593 46.0389 231.146 47.3358 231.189 2.17388 1 1.80969
6595 46.0389 231.146 47.5315 230.292 2.25805 1 0.35855
6599 46.0389 231.146 47.5111 233.583 1.67399 1 0.75773
6601 46.0389 231.146 47.8728 231.803 2.09119 1 2.31507
6640 46.176 230.356 46.323 232.961 1.96878 1 1.71867
6642 46.176 230.356 46.5209 232.095 2.10737 1 2.0501
6644 46.176 230.356 46.6639 231.212 2.27742 1 1.22752
6653 46.176 230.356 46.797 233.836 1.76763 1 2.23043
6657 46.176 230.356 47.1642 232.078 2.14606 1 2.31552
6665 46.176 230.356 47.5096 233.585 1.79271 1 0.59599
6667 46.176 230.356 47.8725 231.803 2.27697 1 -0.16258
6669 46.176 230.356 48.2065 229.997 2.2999 1 -0.61084
6674 46.176 230.356 48.15 232.916 2.0483 1 1.02248
6709 46.1761 230.356 46.5209 232.095 2.10547 1 2.10954
6711 46.1761 230.356 46.6645 231.211 2.27163 1 1.32502
6722 46.1761 230.356 46.992 232.984 1.97996 1 0.02896
6724 46.1761 230.356 47.1643 232.078 2.14022 1 2.53555
6728 46.1761 230.356 47.5315 230.292 2.3096 1 1.24603
6732 46.1761 230.356 47.5111 233.583 1.79089 1 0.74858
6737 46.1761 230.356 48.2047 229.995 2.29541 1 -0.41358
6741 46.1761 230.356 48.151 232.913 2.06174 1 0.11787
6898 45.9331 234.7 46.323 232.961 1.36471 1 0.21926
6915 45.9331 234.7 47.1642 232.078 1.44741 1 0.81562
6961 45.9323 234.701 46.324 232.959 1.36659 1 0.06578
6965 45.9323 234.701 46.6645 231.211 1.62459 1 -2.89925
6972 45.9323 234.701 46.6411 234.701 1.5651 1 -2.08816
6978 45.9323 234.701 47.1643 232.078 1.44657 1 0.88903
6991 45.9323 234.701 48.2047 229.995 1.71226 1 -2.98069
7021 46.1378 233.828 46.323 232.961 1.51508 1 -1.65336
7040 46.1378 233.828 47.3358 231.188 1.66009 1 1.19392
7044 46.1378 233.828 47.3188 234.466 1.43592 1 -1.82886
7048 46.1378 233.828 47.8725 231.803 1.51801 1 1.88243
7082 46.137 233.827 46.324 232.959 1.51448 1 -1.62235
7084 46.137 233.827 46.5209 232.095 1.62162 1 -2.53727
7105 46.137 233.827 47.3178 234.465 1.4509 1 -2.80793
7118 46.137 233.827 48.4811 232.171 1.48751 1 1.34672
7130 46.137 233.827 46.1735 235.065 1.50508 1 -1.36449
7144 46.323 232.961 46.6639 231.212 1.84821 1 2.55185
7146 46.323 232.961 46.8433 230.286 2.08572 1 -0.73993
7153 46.323 232.961 46.797 233.836 1.39969 1 -0.48299
7159 46.323 232.961 47.3358 231.188 1.86879 1 0.17011
7161 46.323 232.961 47.5305 230.292 1.97384 1 -1.92855
7190 46.323 232.961 45.5295 235.073 1.44014 1 -0.17509
7203 46.324 232.959 46.6645 231.211 1.85046 1 2.48075
7205 46.324 232.959 46.844 230.286 2.08316 1 -0.59006
7218 46.324 232.959 47.3358 231.189 1.86962 1 0.15428
7220 46.324 232.959 47.5315 230.292 1.9709 1 -1.70351
7266 46.5209 232.095 46.6402 234.701 1.5015 1 -1.85808
7268 46.5209 232.095 46.797 233.836 1.49465 1 1.96161
7276 46.5209 232.095 47.5305 230.292 2.1279 1 -2.11739
7278 46.5209 232.095 47.3188 234.466 1.53397 1 2.32437
7284 46.5209 232.095 48.2065 229.997 2.23814 1 -2.72849
7291 46.5209 232.095 48.481 232.171 1.86768 1 0.50931
7305 46.5209 232.095 45.5295 235.073 1.48263 1 1.88259
7316 46.5209 232.095 46.6645 231.211 1.9821 1 2.84284
7329 46.5209 232.095 47.1643 232.078 1.90653 1 -0.13427
7333 46.5209 232.095 47.5315 230.292 2.12557 1 -2.0262
7342 46.5209 232.095 48.2047 229.995 2.12988 1 2.84094
7348 46.5209 232.095 48.4811 232.171 1.87882 1 -0.18269
7372 46.6639 231.212 46.8433 230.286 2.26743 1 2.19094
7387 46.6639 231.212 47.5305 230.292 2.27906 1 -1.2401
7389 46.6639 231.212 47.3188 234.466 1.66985 1 -0.92679
7393 46.6639 231.212 47.8725 231.803 2.078 1 1.03835
7395 46.6639 231.212 48.2065 229.997 2.17973 1 1.74669
7402 46.6639 231.212 48.481 232.171 2.06357 1 -0.1456
7427 46.6645 231.211 46.844 230.286 2.26444 1 2.2344
7432 46.6645 231.211 46.6411 234.701 1.59674 1 0.41007
7438 46.6645 231.211 47.1643 232.078 2.01454 1 0.32032
7440 46.6645 231.211 47.3358 231.189 2.18579 1 -0.73089
7442 46.6645 231.211 47.5315 230.292 2.27412 1 -1.13334
7448 46.6645 231.211 47.8728 231.803 2.08311 1 0.87695
7451 46.6645 231.211 48.2047 229.995 2.17697 1 1.84843
7458 46.6645 231.211 48.627 231.261 2.1662 1 1.06757
7484 46.8433 230.286 46.6402 234.701 1.69866 1 -0.89774
7490 46.8433 230.286 47.1642 232.078 2.16786 1 -1.27348
7502 46.8433 230.286 48.2065 229.997 2.20174 1 -1.18097
7507 46.8433 230.286 48.15 232.916 2.02652 1 0.92937
7523 46.8433 230.286 45.5295 235.073 1.7277 1 -1.85306
7535 46.844 230.286 47.1295 229.349 2.27047 1 -1.70068
7537 46.844 230.286 46.6411 234.701 1.69963 1 -1.06208
7543 46.844 230.286 47.1643 232.078 2.1681 1 -1.28784
7545 46.844 230.286 47.3358 231.189 2.28445 1 -1.20537
7556 46.844 230.286 48.2047 229.995 2.1874 1 -0.73009
7560 46.844 230.286 48.151 232.913 2.03436 1 0.47381
7656 47.1282 229.362 48.2054 229.998 2.0959 1 -1.55351
7687 47.1295 229.349 46.6411 234.701 1.68493 1 0.69417
7695 47.1295 229.349 47.3358 231.189 2.22664 1 -2.7324
7697 47.1295 229.349 47.5315 230.292 2.1925 1 -1.07096
7703 47.1295 229.349 47.8728 231.803 2.20172 1 -0.52176
7706 47.1295 229.349 48.2047 229.995 2.08289 1 -1.28763
7710 47.1295 229.349 48.151 232.913 2.0689 1 -0.49513
7738 46.6402 234.701 46.992 232.984 1.37614 1 -1.78546
7742 46.6402 234.701 47.3358 231.188 1.54833 1 1.22537
7744 46.6402 234.701 47.5305 230.292 1.66169 1 -0.26444
7767 46.6402 234.701 47.8883 233.896 1.46593 1 1.38649
7792 46.6411 234.701 47.5315 230.292 1.66906 1 -1.17555
7794 46.6411 234.701 47.3178 234.465 1.42907 1 -2.37974
7801 46.6411 234.701 48.2047 229.995 1.69485 1 -0.84659
7821 46.6411 234.701 45.5287 235.074 1.42901 1 1.16931
7833 46.797 233.836 47.1642 232.078 1.50339 1 -2.72829
7835 46.797 233.836 47.3358 231.188 1.63688 1 -0.54171
7860 46.797 233.836 47.8883 233.896 1.4562 1 0.32362
7924 46.992 232.984 47.3358 231.188 1.86433 1 -1.72946
7966 46.992 232.984 47.1643 232.078 1.53829 1 2.33919
7970 46.992 232.984 47.5315 230.292 1.98116 1 -1.46014
7972 46.992 232.984 47.3178 234.465 1.55777 1 0.15323
8011 47.1642 232.078 47.5305 230.292 2.11152 1 2.18827
8013 47.1642 232.078 47.3188 234.466 1.47866 1 2.03464
8017 47.1642 232.078 47.8725 231.803 2.04466 1 -2.04449
8019 47.1642 232.078 48.2065 229.997 2.1506 1 0.73618
8026 47.1642 232.078 48.481 232.171 1.99573 1 -2.29398
8031 47.1642 232.078 49.1504 233.278 1.72002 1 -1.04431
8040 47.1642 232.078 45.5295 235.073 1.46754 1 2.98651
8053 47.1643 232.078 47.5315 230.292 2.10768 1 2.32087
8055 47.1643 232.078 47.3178 234.465 1.47743 1 2.15776
8062 47.1643 232.078 48.2047 229.995 2.15009 1 0.82415
8066 47.1643 232.078 48.151 232.913 1.82814 1 -1.97422
8068 47.1643 232.078 48.4811 232.171 1.9994 1 -2.42698
8069 47.1643 232.078 48.627 231.261 2.08803 1 -1.69268
8092 47.3358 231.188 47.5305 230.292 2.22853 1 0.45301
8100 47.3358 231.188 48.2065 229.997 2.23078 1 2.73111
8105 47.3358 231.188 48.15 232.916 1.94569 1 0.87097
8112 47.3358 231.188 49.1504 233.278 1.84571 1 1.0808
8132 47.3358 231.189 47.5315 230.292 2.22823 1 0.46526
8141 47.3358 231.189 48.2047 229.995 2.22933 1 2.77807
8145 47.3358 231.189 48.151 232.913 1.95759 1 0.40429
8147 47.3358 231.189 48.4811 232.171 2.08714 1 1.78603
8152 47.3358 231.189 49.1504 233.278 1.84144 1 1.38745
8173 47.5305 230.292 47.5096 233.585 1.74313 1 0.09391
8175 47.5305 230.292 47.8725 231.803 2.20367 1 0.87997
8177 47.5305 230.292 48.2065 229.997 2.2035 1 -0.15689
8211 47.5315 230.292 47.5111 233.583 1.74209 1 0.15568
8213 47.5315 230.292 47.8728 231.803 2.20071 1 0.95509
8216 47.5315 230.292 48.2047 229.995 2.20731 1 -0.21399
8223 47.5315 230.292 48.627 231.261 2.16907 1 2.17506
8230 47.5315 230.292 47.8884 233.895 1.8662 1 0.27847
8246 47.3188 234.466 47.5096 233.585 1.48738 1 0.74365
8257 47.3188 234.466 48.481 232.171 1.62514 1 -1.56485
8384 47.8725 231.803 48.2065 229.997 1.99876 1 1.01008
8389 47.8725 231.803 48.15 232.916 1.79913 1 1.02851
8405 47.8725 231.803 45.5295 235.073 1.49904 1 -2.8205
8421 47.8728 231.803 48.151 232.913 1.80211 1 0.96022
8620 48.151 232.913 47.8884 233.895 1.3839 1 1.13309
8857 46.1735 235.065 45.5287 235.074 1.51775 1 -1.70211
