1055 46.8981 235.006 44.5342 231.962 3.88004 1 -1.60813
1071 46.8981 235.006 45.0617 232.843 3.90206 1 -1.83581
1074 46.8981 235.006 45.1731 231.994 3.8433 1 -0.44738
1086 46.8981 235.006 45.4995 233.732 3.85405 1 -1.04505
1088 46.8981 235.006 45.6865 232.875 3.83914 1 -0.4701
1090 46.8981 235.006 45.8635 232.015 3.90268 1 -1.19444
1106 46.8981 235.006 46.6645 231.211 3.82764 1 -0.05239
1111 46.8981 235.006 47.1295 229.349 3.83706 1 -1.85336
1121 46.8981 235.006 47.3358 231.189 3.82724 1 -0.64735
1123 46.8981 235.006 47.5315 230.292 3.79313 1 -0.54577
1129 46.8981 235.006 47.8728 231.803 3.73879 1 0.48284
1136 46.8981 235.006 48.151 232.913 3.73383 1 0.3044
1138 46.8981 235.006 48.4811 232.171 3.73683 1 0.06592
1182 46.8205 234.955 44.8438 230.319 3.91043 1 -2.34539
1195 46.8205 234.955 45.0617 232.843 3.92632 1 -2.2536
1198 46.8205 234.955 45.1731 231.994 3.8923 1 -1.30789
1218 46.8205 234.955 46.1761 230.356 3.85491 1 -0.99706
1230 46.8205 234.955 46.6645 231.211 3.92995 1 -1.94793
1235 46.8205 234.955 47.1295 229.349 3.86503 1 -2.56472
1263 46.8205 234.955 48.627 231.261 3.86589 1 -3.0129
1384 46.8885 234.881 48.481 232.171 3.76401 1 -0.43435
1427 46.8887 234.881 44.8438 230.319 3.87959 1 -1.37387
1440 46.8887 234.881 45.0617 232.843 3.91384 1 -1.89084
1443 46.8887 234.881 45.1731 231.994 3.86765 1 -0.75022
1461 46.8887 234.881 46.0389 231.146 3.87928 1 -0.92532
1469 46.8887 234.881 46.137 233.827 3.71667 1 0.7656
1473 46.8887 234.881 46.5209 232.095 3.9047 1 -1.08083
1475 46.8887 234.881 46.6645 231.211 3.90724 1 -1.52584
1477 46.8887 234.881 46.844 230.286 3.84159 1 -1.134
1488 46.8887 234.881 47.1643 232.078 3.88027 1 -1.01224
1490 46.8887 234.881 47.3358 231.189 3.84752 1 -0.99541
1492 46.8887 234.881 47.5315 230.292 3.82648 1 -1.3403
1507 46.8887 234.881 48.4811 232.171 3.78772 1 -0.88329
1545 47.0004 234.699 44.5342 231.962 3.83066 1 -0.13328
1561 47.0004 234.699 45.0617 232.843 3.80897 1 0.04737
1564 47.0004 234.699 45.1731 231.994 3.82765 1 0.0867
1566 47.0004 234.699 45.4261 231.09 3.85725 1 -0.29888
1569 47.0004 234.699 45.7145 229.397 3.75107 1 1.25908
1582 47.0004 234.699 46.0389 231.146 3.80654 1 0.54163
1584 47.0004 234.699 46.1761 230.356 3.76484 1 1.08234
1598 47.0004 234.699 46.844 230.286 3.79272 1 -0.01865
1601 47.0004 234.699 47.1295 229.349 3.77876 1 -0.26544
1609 47.0004 234.699 47.1643 232.078 3.80943 1 -0.01793
1611 47.0004 234.699 47.3358 231.189 3.78111 1 0.22612
1613 47.0004 234.699 47.5315 230.292 3.77641 1 -0.23651
1626 47.0004 234.699 48.151 232.913 3.67551 1 1.01699
1628 47.0004 234.699 48.4811 232.171 3.73948 1 -0.03915
1629 47.0004 234.699 48.627 231.261 3.74938 1 -0.38831
1636 47.0004 234.699 47.8884 233.895 3.70981 1 0.48663
1683 46.0248 235.035 45.1757 231.992 3.8682 1 -1.53871
1695 46.0248 235.035 45.4989 233.733 3.28078 1 4.0036
1703 46.0248 235.035 46.176 230.356 3.64864 1 3.8153
1715 46.0248 235.035 46.6639 231.212 3.86878 1 -1.07961
1738 46.0248 235.035 47.8725 231.803 3.67884 1 2.26572
2921 44.1777 233.728 44.8459 230.318 3.87216 1 -1.35132
2974 44.1777 233.728 47.1282 229.362 3.80686 1 -0.91648
2995 44.1777 233.728 48.2054 229.998 3.79132 1 -0.13772
3031 44.179 233.729 44.8274 230.32 3.87645 1 -1.4312
3136 44.3542 232.905 44.8459 230.318 3.83772 1 -0.44852
3189 44.3542 232.905 47.1282 229.362 3.81694 1 -1.32073
3210 44.3542 232.905 48.2054 229.998 3.78103 1 -0.00866
3244 44.3604 232.892 44.8274 230.32 3.84394 1 -0.53338
3366 44.5342 231.962 45.4261 231.09 3.91439 1 -0.7463
3369 44.5342 231.962 45.7145 229.397 3.80481 1 -0.5663
3376 44.5342 231.962 45.4995 233.732 3.89264 1 -1.0632
3384 44.5342 231.962 46.1761 230.356 3.83091 1 -0.66498
3390 44.5342 231.962 46.137 233.827 3.85055 1 -0.48848
3392 44.5342 231.962 46.324 232.959 3.82809 1 0.38943
3396 44.5342 231.962 46.6645 231.211 3.92004 1 -1.45104
3398 44.5342 231.962 46.844 230.286 3.72255 1 1.12261
3401 44.5342 231.962 47.1295 229.349 3.75382 1 -0.04603
3403 44.5342 231.962 46.6411 234.701 3.81814 1 -0.36374
3407 44.5342 231.962 46.992 232.984 3.86412 1 -0.20332
3409 44.5342 231.962 47.1643 232.078 3.8237 1 0.53117
3411 44.5342 231.962 47.3358 231.189 3.87554 1 -1.23303
3413 44.5342 231.962 47.5315 230.292 3.75915 1 0.3569
3415 44.5342 231.962 47.3178 234.465 3.81587 1 0.35814
3419 44.5342 231.962 47.8728 231.803 3.83643 1 -0.2749
3429 44.5342 231.962 48.627 231.261 3.80984 1 -0.61957
3433 44.5342 231.962 49.1504 233.278 3.72287 1 2.74934
3436 44.5342 231.962 47.8884 233.895 3.84196 1 -0.3635
3440 44.5342 231.962 46.1735 235.065 3.84284 1 -1.61482
3442 44.5342 231.962 45.5287 235.074 3.85304 1 -1.73842
3463 44.844 230.317 45.0636 232.844 3.84734 1 -0.36746
3479 44.844 230.317 45.4989 233.733 3.81347 1 0.1075
3481 44.844 230.317 45.6855 232.877 3.84788 1 -0.26386
3483 44.844 230.317 45.8642 232.015 3.78416 1 0.34421
3487 44.844 230.317 46.176 230.356 3.75985 1 -0.37853
3491 44.844 230.317 45.9331 234.7 3.8385 1 -1.04498
3493 44.844 230.317 46.1378 233.828 3.89705 1 -1.46812
3495 44.844 230.317 46.323 232.961 3.81704 1 0.13353
3499 44.844 230.317 46.6639 231.212 3.72351 1 0.49219
3501 44.844 230.317 46.8433 230.286 3.61453 1 1.5804
3506 44.844 230.317 46.6402 234.701 3.84798 1 -0.67396
3508 44.844 230.317 46.797 233.836 3.82216 1 0.13151
3510 44.844 230.317 46.992 232.984 3.80034 1 0.49339
3512 44.844 230.317 47.1642 232.078 3.78034 1 0.25319
3514 44.844 230.317 47.3358 231.188 3.7126 1 0.53744
3516 44.844 230.317 47.5305 230.292 3.68292 1 0.50208
3518 44.844 230.317 47.3188 234.466 3.79915 1 0.66977
3520 44.844 230.317 47.5096 233.585 3.80391 1 0.32191
3522 44.844 230.317 47.8725 231.803 3.76383 1 -0.27956
3524 44.844 230.317 48.2065 229.997 3.66711 1 1.1364
3529 44.844 230.317 48.15 232.916 3.79257 1 -0.34939
3531 44.844 230.317 48.481 232.171 3.79624 1 -1.56274
3536 44.844 230.317 49.1504 233.278 3.75741 1 -0.15592
3539 44.844 230.317 47.8883 233.896 3.79228 1 0.3958
3547 44.844 230.317 44.8987 234.883 3.83559 1 -1.0262
3564 44.8459 230.318 44.8476 233.693 3.87168 1 -1.10602
3567 44.8459 230.318 45.0631 232.845 3.87159 1 -0.69544
3607 44.8459 230.318 47.1282 229.362 3.62856 1 1.62859
3628 44.8459 230.318 48.2054 229.998 3.66835 1 1.09887
3670 44.8438 230.319 45.0617 232.843 3.85436 1 -0.46206
3673 44.8438 230.319 45.1731 231.994 3.87132 1 -0.58251
3678 44.8438 230.319 45.7145 229.397 3.72461 1 0.12004
3685 44.8438 230.319 45.4995 233.732 3.81849 1 0.01268
3687 44.8438 230.319 45.6865 232.875 3.83708 1 -0.10023
3689 44.8438 230.319 45.8635 232.015 3.79344 1 0.23214
3693 44.8438 230.319 46.1761 230.356 3.76078 1 -0.3881
3697 44.8438 230.319 45.9323 234.701 3.83856 1 -1.0472
3699 44.8438 230.319 46.137 233.827 3.85108 1 -0.51666
3701 44.8438 230.319 46.324 232.959 3.83577 1 -0.20245
3703 44.8438 230.319 46.5209 232.095 3.76067 1 0.77713
3705 44.8438 230.319 46.6645 231.211 3.74527 1 0.15874
3707 44.8438 230.319 46.844 230.286 3.59905 1 1.84638
3710 44.8438 230.319 47.1295 229.349 3.63544 1 1.49611
3716 44.8438 230.319 46.992 232.984 3.80094 1 0.48203
3718 44.8438 230.319 47.1643 232.078 3.78494 1 0.16107
3720 44.8438 230.319 47.3358 231.189 3.70806 1 0.6348
3722 44.8438 230.319 47.5315 230.292 3.68623 1 0.43005
3724 44.8438 230.319 47.3178 234.465 3.80182 1 0.59354
3728 44.8438 230.319 47.8728 231.803 3.76947 1 -0.41823
3731 44.8438 230.319 48.2047 229.995 3.65722 1 1.41277
3735 44.8438 230.319 48.151 232.913 3.7924 1 -0.34522
3737 44.8438 230.319 48.4811 232.171 3.78514 1 -1.22822
3738 44.8438 230.319 48.627 231.261 3.64896 1 2.09912
3745 44.8438 230.319 47.8884 233.895 3.79666 1 0.26443
3749 44.8438 230.319 46.1735 235.065 3.78435 1 0.40839
3751 44.8438 230.319 45.5287 235.074 3.82228 1 -1.06289
3766 44.8274 230.32 44.6577 234.533 3.85271 1 -1.1835
3768 44.8274 230.32 44.8489 233.692 3.86984 1 -1.06727
3772 44.8274 230.32 45.0301 232.844 3.84522 1 -0.33391
4363 44.6534 234.535 45.5519 230.328 3.80496 1 -0.14433
4389 44.6534 234.535 46.5209 232.095 3.74267 1 1.27167
4396 44.6534 234.535 47.1295 229.349 3.76942 1 0.14421
4402 44.6534 234.535 46.992 232.984 3.68634 1 1.79686
4414 44.6534 234.535 47.8728 231.803 3.76584 1 0.31925
4424 44.6534 234.535 48.627 231.261 3.77216 1 -0.41625
4451 44.6577 234.533 45.0301 232.844 3.88912 1 -1.07757
4582 44.8476 233.693 47.1282 229.362 3.79526 1 -0.38523
4603 44.8476 233.693 48.2054 229.998 3.80243 1 -0.60724
4730 45.0636 232.844 45.4242 231.093 3.86256 1 -0.19462
4732 45.0636 232.844 45.5531 230.327 3.81577 1 0.01917
4744 45.0636 232.844 45.8642 232.015 3.90784 1 -0.29595
4746 45.0636 232.844 46.0395 231.147 3.95335 1 -1.21098
4748 45.0636 232.844 46.176 230.356 3.80634 1 0.11145
4756 45.0636 232.844 46.323 232.961 4.05305 1 -1.95653
4758 45.0636 232.844 46.5209 232.095 3.83919 1 0.26997
4760 45.0636 232.844 46.6639 231.212 3.9007 1 -0.78611
4762 45.0636 232.844 46.8433 230.286 3.85396 1 -1.05812
4767 45.0636 232.844 46.6402 234.701 3.79685 1 -0.25484
4773 45.0636 232.844 47.1642 232.078 3.89695 1 -0.73317
4775 45.0636 232.844 47.3358 231.188 3.82359 1 0.23395
4777 45.0636 232.844 47.5305 230.292 3.77303 1 0.57326
4779 45.0636 232.844 47.3188 234.466 3.82943 1 -0.52917
4783 45.0636 232.844 47.8725 231.803 3.80509 1 0.47343
4785 45.0636 232.844 48.2065 229.997 3.77221 1 0.44323
4790 45.0636 232.844 48.15 232.916 3.81591 1 -0.14367
4792 45.0636 232.844 48.481 232.171 3.84838 1 -1.19279
4800 45.0636 232.844 47.8883 233.896 3.83933 1 -0.67013
4808 45.0636 232.844 44.8987 234.883 3.77904 1 -0.14061
4855 45.0631 232.845 47.1282 229.362 3.81901 1 -1.06167
4876 45.0631 232.845 48.2054 229.998 3.76286 1 0.71501
4910 45.0617 232.843 45.4261 231.09 3.86161 1 -0.1869
4912 45.0617 232.843 45.5519 230.328 3.83972 1 -0.31656
4913 45.0617 232.843 45.7145 229.397 3.7751 1 0.25748
4926 45.0617 232.843 46.0389 231.146 3.9494 1 -1.16822
4928 45.0617 232.843 46.1761 230.356 3.81581 1 -0.03966
4934 45.0617 232.843 46.137 233.827 3.83758 1 -0.40213
4936 45.0617 232.843 46.324 232.959 4.00814 1 -1.56868
4938 45.0617 232.843 46.5209 232.095 3.80802 1 0.64003
4940 45.0617 232.843 46.6645 231.211 3.90581 1 -0.8625
4942 45.0617 232.843 46.844 230.286 3.85069 1 -0.99834
4945 45.0617 232.843 47.1295 229.349 3.8131 1 -0.92372
4947 45.0617 232.843 46.6411 234.701 3.77323 1 0.12403
4951 45.0617 232.843 46.992 232.984 3.94229 1 -1.43478
4953 45.0617 232.843 47.1643 232.078 3.88828 1 -0.59331
4955 45.0617 232.843 47.3358 231.189 3.81323 1 0.4362
4957 45.0617 232.843 47.5315 230.292 3.77263 1 0.58089
4959 45.0617 232.843 47.3178 234.465 3.81704 1 -0.28734
4963 45.0617 232.843 47.8728 231.803 3.81281 1 0.30442
4966 45.0617 232.843 48.2047 229.995 3.76811 1 0.55904
4970 45.0617 232.843 48.151 232.913 3.80114 1 0.21031
4972 45.0617 232.843 48.4811 232.171 3.84132 1 -1.0077
4973 45.0617 232.843 48.627 231.261 3.77505 1 0.57098
4977 45.0617 232.843 49.1504 233.278 3.71682 1 2.07329
4980 45.0617 232.843 47.8884 233.895 3.84743 1 -0.8461
4984 45.0617 232.843 46.1735 235.065 3.79827 1 -0.69707
4986 45.0617 232.843 45.5287 235.074 3.79004 1 -0.60008
5086 45.1757 231.992 45.5531 230.327 3.86478 1 -0.56806
5102 45.1757 231.992 46.176 230.356 3.8646 1 -0.81715
5114 45.1757 231.992 46.6639 231.212 3.88321 1 -0.5833
5116 45.1757 231.992 46.8433 230.286 3.77746 1 0.06808
5121 45.1757 231.992 46.6402 234.701 3.83034 1 -0.0309
5129 45.1757 231.992 47.3358 231.188 3.89191 1 -1.23345
5131 45.1757 231.992 47.5305 230.292 3.74249 1 0.68225
5137 45.1757 231.992 47.8725 231.803 3.82839 1 -0.22919
5139 45.1757 231.992 48.2065 229.997 3.77454 1 -0.25368
5146 45.1757 231.992 48.481 232.171 3.79911 1 -0.01304
5154 45.1757 231.992 47.8883 233.896 3.8154 1 0.23256
5162 45.1757 231.992 44.8987 234.883 3.85139 1 -0.99327
5173 45.1731 231.994 45.5519 230.328 3.87342 1 -0.64657
5174 45.1731 231.994 45.7145 229.397 3.73633 1 0.5421
5189 45.1731 231.994 46.1761 230.356 3.8728 1 -0.91178
5193 45.1731 231.994 45.9323 234.701 3.85043 1 -0.97802
5195 45.1731 231.994 46.137 233.827 3.84028 1 0.03878
5197 45.1731 231.994 46.324 232.959 3.7793 1 0.80398
5199 45.1731 231.994 46.5209 232.095 3.97584 1 -1.2082
5201 45.1731 231.994 46.6645 231.211 3.89993 1 -0.77691
5203 45.1731 231.994 46.844 230.286 3.77792 1 0.06293
5206 45.1731 231.994 47.1295 229.349 3.79752 1 -0.89231
5212 45.1731 231.994 46.992 232.984 3.84583 1 0.149
5216 45.1731 231.994 47.3358 231.189 3.8894 1 -1.18924
5218 45.1731 231.994 47.5315 230.292 3.73742 1 0.79338
5220 45.1731 231.994 47.3178 234.465 3.80369 1 0.70933
5224 45.1731 231.994 47.8728 231.803 3.82625 1 -0.18015
5227 45.1731 231.994 48.2047 229.995 3.78957 1 -0.63677
5233 45.1731 231.994 48.4811 232.171 3.77705 1 0.55973
5234 45.1731 231.994 48.627 231.261 3.78175 1 0.0162
5245 45.1731 231.994 46.1735 235.065 3.80636 1 -0.4557
5265 45.4242 231.093 45.4989 233.733 3.89167 1 -0.72945
5277 45.4242 231.093 45.9331 234.7 3.8274 1 -0.44433
5279 45.4242 231.093 46.1378 233.828 3.89177 1 -0.77748
5281 45.4242 231.093 46.323 232.961 3.86389 1 -0.0868
5285 45.4242 231.093 46.6639 231.212 3.93018 1 -1.27537
5292 45.4242 231.093 46.6402 234.701 3.90126 1 -1.24561
5294 45.4242 231.093 46.797 233.836 3.83927 1 0.16356
5296 45.4242 231.093 46.992 232.984 3.81764 1 0.34541
5298 45.4242 231.093 47.1642 232.078 3.80188 1 0.26553
5300 45.4242 231.093 47.3358 231.188 3.83941 1 -0.97875
5302 45.4242 231.093 47.5305 230.292 3.73157 1 -0.10844
5306 45.4242 231.093 47.5096 233.585 3.80182 1 0.54341
5308 45.4242 231.093 47.8725 231.803 3.82262 1 -0.76071
5310 45.4242 231.093 48.2065 229.997 3.71526 1 0.1595
5317 45.4242 231.093 48.481 232.171 3.78912 1 -0.47983
5325 45.4242 231.093 47.8883 233.896 3.80023 1 0.36793
5343 45.4261 231.09 45.7145 229.397 3.71553 1 0.1737
5348 45.4261 231.09 45.307 234.585 3.96687 1 -2.8808
5350 45.4261 231.09 45.4995 233.732 3.92784 1 -1.21907
5362 45.4261 231.09 45.9323 234.701 3.84393 1 -0.7676
5364 45.4261 231.09 46.137 233.827 3.84635 1 -0.08787
5366 45.4261 231.09 46.324 232.959 3.8607 1 -0.05252
5370 45.4261 231.09 46.6645 231.211 3.92177 1 -1.20121
5372 45.4261 231.09 46.844 230.286 3.78379 1 -0.62208
5375 45.4261 231.09 47.1295 229.349 3.69448 1 0.38325
5381 45.4261 231.09 46.992 232.984 3.82226 1 0.27237
5383 45.4261 231.09 47.1643 232.078 3.81942 1 0.01346
5389 45.4261 231.09 47.3178 234.465 3.82496 1 0.18565
5391 45.4261 231.09 47.5111 233.583 3.87545 1 -0.96184
5393 45.4261 231.09 47.8728 231.803 3.81865 1 -0.68835
5396 45.4261 231.09 48.2047 229.995 3.73135 1 -0.21714
5400 45.4261 231.09 48.151 232.913 3.7951 1 -0.04713
5402 45.4261 231.09 48.4811 232.171 3.80485 1 -0.86419
5403 45.4261 231.09 48.627 231.261 3.70645 1 0.90178
5407 45.4261 231.09 49.1504 233.278 3.73155 1 1.01244
5410 45.4261 231.09 47.8884 233.895 3.81217 1 0.07867
5416 45.4261 231.09 45.5287 235.074 3.81909 1 -0.66708
5432 45.5531 230.327 45.4989 233.733 3.87135 1 -0.93207
5434 45.5531 230.327 45.6855 232.877 3.84195 1 -0.20141
5446 45.5531 230.327 46.1378 233.828 3.80333 1 0.34607
5448 45.5531 230.327 46.323 232.961 3.90051 1 -1.19125
5450 45.5531 230.327 46.5209 232.095 3.75299 1 0.47547
5454 45.5531 230.327 46.8433 230.286 3.63548 1 0.60039
5459 45.5531 230.327 46.6402 234.701 3.83356 1 -0.32095
5461 45.5531 230.327 46.797 233.836 3.86314 1 -0.82387
5463 45.5531 230.327 46.992 232.984 3.79013 1 0.30165
5467 45.5531 230.327 47.3358 231.188 3.65519 1 0.93859
5469 45.5531 230.327 47.5305 230.292 3.61175 1 1.29187
5471 45.5531 230.327 47.3188 234.466 3.82948 1 -0.46804
5473 45.5531 230.327 47.5096 233.585 3.79768 1 0.04841
5475 45.5531 230.327 47.8725 231.803 3.70317 1 0.5589
5477 45.5531 230.327 48.2065 229.997 3.69465 1 0.05192
5482 45.5531 230.327 48.15 232.916 3.7599 1 -0.02871
5500 45.5531 230.327 44.8987 234.883 3.80865 1 -0.30579
5515 45.5519 230.328 45.4995 233.732 3.87282 1 -0.95615
5517 45.5519 230.328 45.6865 232.875 3.8338 1 -0.09082
5527 45.5519 230.328 45.9323 234.701 3.85628 1 -1.37606
5529 45.5519 230.328 46.137 233.827 3.80321 1 0.34901
5531 45.5519 230.328 46.324 232.959 3.86425 1 -0.65744
5533 45.5519 230.328 46.5209 232.095 3.7453 1 0.57193
5535 45.5519 230.328 46.6645 231.211 3.68633 1 0.5366
5540 45.5519 230.328 47.1295 229.349 3.56666 1 1.85716
5546 45.5519 230.328 46.992 232.984 3.79688 1 0.18119
5548 45.5519 230.328 47.1643 232.078 3.74622 1 0.489
5550 45.5519 230.328 47.3358 231.189 3.66099 1 0.85164
5552 45.5519 230.328 47.5315 230.292 3.59959 1 1.50036
5554 45.5519 230.328 47.3178 234.465 3.819 1 -0.19756
5556 45.5519 230.328 47.5111 233.583 3.84794 1 -1.09188
5558 45.5519 230.328 47.8728 231.803 3.70439 1 0.5368
5561 45.5519 230.328 48.2047 229.995 3.67855 1 0.40274
5565 45.5519 230.328 48.151 232.913 3.77011 1 -0.28083
5568 45.5519 230.328 48.627 231.261 3.59735 1 2.64801
5577 45.5519 230.328 45.5584 234.808 3.51916 1 7.04058
5581 45.5519 230.328 45.5287 235.074 3.80068 1 -0.47058
5596 45.7145 229.397 45.4995 233.732 3.83107 1 -0.82432
5602 45.7145 229.397 46.0389 231.146 3.67078 1 0.47993
5608 45.7145 229.397 45.9323 234.701 3.79092 1 -0.37058
5610 45.7145 229.397 46.137 233.827 3.77841 1 0.28481
5612 45.7145 229.397 46.324 232.959 3.7644 1 0.31582
5621 45.7145 229.397 47.1295 229.349 3.73253 1 -0.20865
5627 45.7145 229.397 46.992 232.984 3.73924 1 0.63603
5629 45.7145 229.397 47.1643 232.078 3.66595 1 1.3006
5631 45.7145 229.397 47.3358 231.189 3.59564 1 1.68734
5633 45.7145 229.397 47.5315 230.292 3.59916 1 1.51203
5635 45.7145 229.397 47.3178 234.465 3.74953 1 0.86719
5637 45.7145 229.397 47.5111 233.583 3.81186 1 -1.22258
5639 45.7145 229.397 47.8728 231.803 3.62628 1 1.68975
5642 45.7145 229.397 48.2047 229.995 3.67557 1 0.66976
5646 45.7145 229.397 48.151 232.913 3.67382 1 1.19881
5648 45.7145 229.397 48.4811 232.171 3.65183 1 1.19551
5649 45.7145 229.397 48.627 231.261 3.61121 1 2.12615
5662 45.7145 229.397 45.5287 235.074 3.78502 1 -0.53104
5917 45.3057 234.585 46.176 230.356 3.96544 1 -4.05224
5929 45.3057 234.585 46.6639 231.212 3.94117 1 -2.76495
5931 45.3057 234.585 46.8433 230.286 3.93399 1 -3.70329
5940 45.3057 234.585 46.992 232.984 3.90515 1 -2.02791
6066 45.4989 233.733 46.0395 231.147 3.88575 1 -0.83095
6068 45.4989 233.733 46.176 230.356 3.83245 1 -0.53807
6078 45.4989 233.733 46.5209 232.095 3.94079 1 -1.13823
6080 45.4989 233.733 46.6639 231.212 3.81641 1 0.2514
6082 45.4989 233.733 46.8433 230.286 3.7894 1 0.24365
6091 45.4989 233.733 46.992 232.984 3.81043 1 -0.1222
6093 45.4989 233.733 47.1642 232.078 3.87852 1 -0.84167
6095 45.4989 233.733 47.3358 231.188 3.85947 1 -0.77647
6097 45.4989 233.733 47.5305 230.292 3.85024 1 -1.25141
6103 45.4989 233.733 47.8725 231.803 3.79348 1 0.07745
6105 45.4989 233.733 48.2065 229.997 3.78868 1 -0.15913
6120 45.4989 233.733 47.8883 233.896 3.73596 1 0.73311
6139 45.4995 233.732 45.8635 232.015 3.88299 1 -0.44385
6141 45.4995 233.732 46.0389 231.146 3.89461 1 -0.95267
6143 45.4995 233.732 46.1761 230.356 3.84246 1 -0.72421
6153 45.4995 233.732 46.5209 232.095 3.92454 1 -0.95803
6155 45.4995 233.732 46.6645 231.211 3.81577 1 0.26194
6157 45.4995 233.732 46.844 230.286 3.80014 1 0.01657
6160 45.4995 233.732 47.1295 229.349 3.79461 1 -0.39669
6168 45.4995 233.732 47.1643 232.078 3.89983 1 -1.15803
6170 45.4995 233.732 47.3358 231.189 3.86546 1 -0.8892
6172 45.4995 233.732 47.5315 230.292 3.83068 1 -0.79097
6174 45.4995 233.732 47.3178 234.465 3.81206 1 -0.58672
6178 45.4995 233.732 47.8728 231.803 3.7767 1 0.43169
6181 45.4995 233.732 48.2047 229.995 3.86817 1 -2.40729
6187 45.4995 233.732 48.4811 232.171 3.80297 1 -0.75422
6188 45.4995 233.732 48.627 231.261 3.77467 1 -0.0932
6199 45.4995 233.732 46.1735 235.065 3.68827 1 0.14985
6201 45.4995 233.732 45.5287 235.074 3.68966 1 0.01724
6213 45.6855 232.877 46.0395 231.147 3.87527 1 -0.40149
6215 45.6855 232.877 46.176 230.356 3.83541 1 -0.50675
6219 45.6855 232.877 45.9331 234.7 3.88868 1 -1.28768
6227 45.6855 232.877 46.6639 231.212 3.9331 1 -1.07877
6229 45.6855 232.877 46.8433 230.286 3.78928 1 0.09888
6240 45.6855 232.877 47.1642 232.078 3.83393 1 0.15526
6242 45.6855 232.877 47.3358 231.188 3.86352 1 -0.59209
6244 45.6855 232.877 47.5305 230.292 3.8141 1 -0.54524
6246 45.6855 232.877 47.3188 234.466 3.80952 1 0.09688
6252 45.6855 232.877 48.2065 229.997 3.79029 1 -0.2726
6257 45.6855 232.877 48.15 232.916 3.74175 1 1.18605
6259 45.6855 232.877 48.481 232.171 3.82487 1 -0.66926
6267 45.6855 232.877 47.8883 233.896 3.81678 1 -0.12492
6286 45.6865 232.875 46.0389 231.146 3.88948 1 -0.53313
6288 45.6865 232.875 46.1761 230.356 3.85663 1 -0.79922
6300 45.6865 232.875 46.6645 231.211 3.91496 1 -0.88104
6302 45.6865 232.875 46.844 230.286 3.79678 1 -0.02675
6305 45.6865 232.875 47.1295 229.349 3.7834 1 -0.28423
6315 45.6865 232.875 47.3358 231.189 3.86613 1 -0.62954
6317 45.6865 232.875 47.5315 230.292 3.8277 1 -0.81193
6319 45.6865 232.875 47.3178 234.465 3.80201 1 0.21234
6326 45.6865 232.875 48.2047 229.995 3.77762 1 0.04214
6330 45.6865 232.875 48.151 232.913 3.76737 1 0.68838
6333 45.6865 232.875 48.627 231.261 3.75572 1 0.68816
6337 45.6865 232.875 49.1504 233.278 3.67696 1 2.68332
6340 45.6865 232.875 47.8884 233.895 3.8103 1 -0.00887
6358 45.8642 232.015 46.176 230.356 3.74 1 0.30053
6364 45.8642 232.015 46.1378 233.828 3.88414 1 -0.48406
6370 45.8642 232.015 46.6639 231.212 3.89921 1 -0.54553
6372 45.8642 232.015 46.8433 230.286 3.79797 1 -0.38586
6377 45.8642 232.015 46.6402 234.701 3.88615 1 -0.89434
6379 45.8642 232.015 46.797 233.836 3.83078 1 0.20057
6385 45.8642 232.015 47.3358 231.188 3.82276 1 -0.18945
6387 45.8642 232.015 47.5305 230.292 3.75112 1 0.18826
6389 45.8642 232.015 47.3188 234.466 3.80903 1 0.39733
6393 45.8642 232.015 47.8725 231.803 3.79916 1 0.10606
6395 45.8642 232.015 48.2065 229.997 3.73837 1 0.35297
6418 45.8642 232.015 44.8987 234.883 3.76689 1 0.4171
6429 45.8635 232.015 46.1761 230.356 3.76911 1 0.02596
6443 45.8635 232.015 46.844 230.286 3.78756 1 -0.26147
6446 45.8635 232.015 47.1295 229.349 3.77754 1 -0.56777
6456 45.8635 232.015 47.3358 231.189 3.85272 1 -0.54638
6458 45.8635 232.015 47.5315 230.292 3.77761 1 -0.23748
6460 45.8635 232.015 47.3178 234.465 3.80206 1 0.51652
6464 45.8635 232.015 47.8728 231.803 3.77557 1 0.47466
6467 45.8635 232.015 48.2047 229.995 3.72528 1 0.636
6473 45.8635 232.015 48.4811 232.171 3.76435 1 0.39554
6474 45.8635 232.015 48.627 231.261 3.76408 1 0.11002
6478 45.8635 232.015 49.1504 233.278 3.76926 1 0.03738
6481 45.8635 232.015 47.8884 233.895 3.80055 1 0.27724
6487 45.8635 232.015 45.5287 235.074 3.76965 1 -0.44425
6503 46.0395 231.147 46.1378 233.828 3.84537 1 -0.12138
6518 46.0395 231.147 46.797 233.836 3.89681 1 -0.83011
6520 46.0395 231.147 46.992 232.984 3.83402 1 0.03934
6528 46.0395 231.147 47.3188 234.466 3.83996 1 -0.33139
6532 46.0395 231.147 47.8725 231.803 3.768 1 -0.00528
6534 46.0395 231.147 48.2065 229.997 3.7205 1 -0.03893
6539 46.0395 231.147 48.15 232.916 3.78523 1 -0.0616
6541 46.0395 231.147 48.481 232.171 3.77439 1 -0.4397
6557 46.0395 231.147 44.8987 234.883 3.80914 1 -0.19211
6570 46.0389 231.146 45.9323 234.701 3.88251 1 -1.40855
6572 46.0389 231.146 46.137 233.827 3.84315 1 -0.09123
6583 46.0389 231.146 47.1295 229.349 3.73127 1 -0.28295
6589 46.0389 231.146 46.992 232.984 3.81527 1 0.26487
6591 46.0389 231.146 47.1643 232.078 3.78019 1 0.39052
6593 46.0389 231.146 47.3358 231.189 3.82094 1 -0.61172
6595 46.0389 231.146 47.5315 230.292 3.78031 1 -0.78114
6597 46.0389 231.146 47.3178 234.465 3.83494 1 -0.23207
6601 46.0389 231.146 47.8728 231.803 3.75943 1 0.12077
6604 46.0389 231.146 48.2047 229.995 3.76124 1 -0.78697
6608 46.0389 231.146 48.151 232.913 3.79574 1 -0.26183
6610 46.0389 231.146 48.4811 232.171 3.77283 1 -0.41001
6611 46.0389 231.146 48.627 231.261 3.68289 1 0.95403
6615 46.0389 231.146 49.1504 233.278 3.69226 1 1.6152
6624 46.0389 231.146 45.5287 235.074 3.77522 1 -0.55451
6636 46.176 230.356 45.9331 234.7 3.82267 1 -0.59911
6638 46.176 230.356 46.1378 233.828 3.82032 1 -0.14423
6640 46.176 230.356 46.323 232.961 3.81182 1 -0.01843
6642 46.176 230.356 46.5209 232.095 3.77705 1 0.00827
6651 46.176 230.356 46.6402 234.701 3.83486 1 -0.5159
6653 46.176 230.356 46.797 233.836 3.79884 1 0.20704
6655 46.176 230.356 46.992 232.984 3.79324 1 0.06021
6657 46.176 230.356 47.1642 232.078 3.72285 1 0.46667
6663 46.176 230.356 47.3188 234.466 3.77636 1 0.50174
6665 46.176 230.356 47.5096 233.585 3.80284 1 -0.30529
6667 46.176 230.356 47.8725 231.803 3.66572 1 0.79585
6669 46.176 230.356 48.2065 229.997 3.69726 1 0.00137
6674 46.176 230.356 48.15 232.916 3.71697 1 0.41824
6676 46.176 230.356 48.481 232.171 3.67798 1 0.60177
6684 46.176 230.356 47.8883 233.896 3.77183 1 -0.05644
6692 46.176 230.356 44.8987 234.883 3.77326 1 0.46758
6703 46.1761 230.356 45.9323 234.701 3.83865 1 -0.96766
6705 46.1761 230.356 46.137 233.827 3.82537 1 -0.23692
6707 46.1761 230.356 46.324 232.959 3.80442 1 0.08424
6709 46.1761 230.356 46.5209 232.095 3.77467 1 0.03153
6722 46.1761 230.356 46.992 232.984 3.78059 1 0.25519
6724 46.1761 230.356 47.1643 232.078 3.71253 1 0.59483
6726 46.1761 230.356 47.3358 231.189 3.61891 1 0.97615
6728 46.1761 230.356 47.5315 230.292 3.66385 1 0.25932
6730 46.1761 230.356 47.3178 234.465 3.77998 1 0.41627
6732 46.1761 230.356 47.5111 233.583 3.86306 1 -1.48679
6734 46.1761 230.356 47.8728 231.803 3.67767 1 0.602
6737 46.1761 230.356 48.2047 229.995 3.68496 1 0.20656
6741 46.1761 230.356 48.151 232.913 3.71305 1 0.49878
6743 46.1761 230.356 48.4811 232.171 3.675 1 0.66587
6751 46.1761 230.356 47.8884 233.895 3.79482 1 -0.58647
6757 46.1761 230.356 45.5287 235.074 3.78008 1 -0.83734
6900 45.9331 234.7 46.5209 232.095 3.82358 1 -0.18779
6904 45.9331 234.7 46.8433 230.286 3.77021 1 0.62761
6913 45.9331 234.7 46.992 232.984 3.81166 1 -0.12603
6915 45.9331 234.7 47.1642 232.078 3.89098 1 -1.31933
6917 45.9331 234.7 47.3358 231.188 3.81681 1 -0.34231
6927 45.9331 234.7 48.2065 229.997 3.79917 1 -0.80323
6932 45.9331 234.7 48.15 232.916 3.7034 1 1.21913
6961 45.9323 234.701 46.324 232.959 3.73221 1 0.50317
6963 45.9323 234.701 46.5209 232.095 3.84513 1 -0.49922
6976 45.9323 234.701 46.992 232.984 3.84205 1 -0.49443
6978 45.9323 234.701 47.1643 232.078 3.86554 1 -0.90938
6980 45.9323 234.701 47.3358 231.189 3.81723 1 -0.35209
6988 45.9323 234.701 47.8728 231.803 3.80602 1 -0.44344
6991 45.9323 234.701 48.2047 229.995 3.84867 1 -2.28513
6995 45.9323 234.701 48.151 232.913 3.66936 1 1.92534
7025 46.1378 233.828 46.6639 231.212 3.8845 1 -0.54061
7027 46.1378 233.828 46.8433 230.286 3.84212 1 -0.57313
7032 46.1378 233.828 46.6402 234.701 3.71036 1 0.50679
7042 46.1378 233.828 47.5305 230.292 3.77744 1 0.22262
7044 46.1378 233.828 47.3188 234.466 3.75586 1 0.50887
7046 46.1378 233.828 47.5096 233.585 3.90095 1 -0.96617
7048 46.1378 233.828 47.8725 231.803 3.79607 1 0.08126
7050 46.1378 233.828 48.2065 229.997 3.79203 1 -0.3749
7055 46.1378 233.828 48.15 232.916 3.81863 1 -0.57409
7065 46.1378 233.828 47.8883 233.896 3.74594 1 0.63448
7073 46.1378 233.828 44.8987 234.883 3.71067 1 0.13491
7084 46.137 233.827 46.5209 232.095 3.8703 1 -0.19454
7086 46.137 233.827 46.6645 231.211 3.9002 1 -0.75799
7088 46.137 233.827 46.844 230.286 3.82894 1 -0.31929
7091 46.137 233.827 47.1295 229.349 3.81687 1 -0.69348
7099 46.137 233.827 47.1643 232.078 3.90255 1 -0.81105
7101 46.137 233.827 47.3358 231.189 3.79507 1 0.34973
7103 46.137 233.827 47.5315 230.292 3.78447 1 0.0696
7105 46.137 233.827 47.3178 234.465 3.77816 1 0.28881
7109 46.137 233.827 47.8728 231.803 3.81143 1 -0.18105
7112 46.137 233.827 48.2047 229.995 3.78895 1 -0.29536
7116 46.137 233.827 48.151 232.913 3.78355 1 -0.00541
7118 46.137 233.827 48.4811 232.171 3.7748 1 -0.02767
7119 46.137 233.827 48.627 231.261 3.73346 1 0.82764
7126 46.137 233.827 47.8884 233.895 3.78572 1 0.08802
7132 46.137 233.827 45.5287 235.074 3.75732 1 -0.3837
7144 46.323 232.961 46.6639 231.212 3.85754 1 -0.04091
7146 46.323 232.961 46.8433 230.286 3.84539 1 -0.5672
7159 46.323 232.961 47.3358 231.188 3.94346 1 -1.47997
7161 46.323 232.961 47.5305 230.292 3.81909 1 -0.62664
7169 46.323 232.961 48.2065 229.997 3.82733 1 -1.2046
7192 46.323 232.961 44.8987 234.883 3.78039 1 -0.32728
7203 46.324 232.959 46.6645 231.211 3.85965 1 -0.06188
7205 46.324 232.959 46.844 230.286 3.809 1 -0.039
7208 46.324 232.959 47.1295 229.349 3.81618 1 -0.73329
7218 46.324 232.959 47.3358 231.189 3.88221 1 -0.77457
7220 46.324 232.959 47.5315 230.292 3.79748 1 -0.26495
7222 46.324 232.959 47.3178 234.465 3.8064 1 0.10302
7229 46.324 232.959 48.2047 229.995 3.8096 1 -0.83195
7249 46.324 232.959 45.5287 235.074 3.71634 1 0.52277
7261 46.5209 232.095 46.8433 230.286 3.75887 1 0.15078
7266 46.5209 232.095 46.6402 234.701 3.8171 1 0.17626
7276 46.5209 232.095 47.5305 230.292 3.78069 1 -0.29139
7284 46.5209 232.095 48.2065 229.997 3.75212 1 -0.06101
7299 46.5209 232.095 47.8883 233.896 3.76426 1 0.44571
7307 46.5209 232.095 44.8987 234.883 3.84114 1 -1.00336
7318 46.5209 232.095 46.844 230.286 3.76338 1 0.10503
7321 46.5209 232.095 47.1295 229.349 3.74833 1 0.00453
7333 46.5209 232.095 47.5315 230.292 3.77876 1 -0.26815
7339 46.5209 232.095 47.8728 231.803 3.84617 1 -0.61323
7342 46.5209 232.095 48.2047 229.995 3.7737 1 -0.43579
7349 46.5209 232.095 48.627 231.261 3.75112 1 -0.04499
7356 46.5209 232.095 47.8884 233.895 3.7987 1 -0.04666
7377 46.6639 231.212 46.6402 234.701 3.82046 1 0.1285
7381 46.6639 231.212 46.992 232.984 3.87634 1 -0.45194
7395 46.6639 231.212 48.2065 229.997 3.66504 1 0.64903
7400 46.6639 231.212 48.15 232.916 3.76721 1 -0.15263
7402 46.6639 231.212 48.481 232.171 3.73789 1 -0.09496
7407 46.6639 231.212 49.1504 233.278 3.69834 1 0.7213
7418 46.6639 231.212 44.8987 234.883 3.79398 1 0.13881
7430 46.6645 231.211 47.1295 229.349 3.77027 1 -0.64326
7436 46.6645 231.211 46.992 232.984 3.87852 1 -0.47328
7444 46.6645 231.211 47.3178 234.465 3.77939 1 0.56928
7448 46.6645 231.211 47.8728 231.803 3.71057 1 0.38241
7455 46.6645 231.211 48.151 232.913 3.77091 1 -0.20927
7457 46.6645 231.211 48.4811 232.171 3.73276 1 -0.01719
7458 46.6645 231.211 48.627 231.261 3.64497 1 1.16526
7471 46.6645 231.211 45.5287 235.074 3.80631 1 -0.25414
7486 46.8433 230.286 46.797 233.836 3.78641 1 0.18758
7488 46.8433 230.286 46.992 232.984 3.7762 1 0.06355
7490 46.8433 230.286 47.1642 232.078 3.72205 1 0.23
7496 46.8433 230.286 47.3188 234.466 3.73013 1 1.09017
7502 46.8433 230.286 48.2065 229.997 3.72567 1 -0.21275
7507 46.8433 230.286 48.15 232.916 3.7136 1 -0.01267
7509 46.8433 230.286 48.481 232.171 3.66739 1 0.45543
7514 46.8433 230.286 49.1504 233.278 3.627 1 1.72662
7517 46.8433 230.286 47.8883 233.896 3.74845 1 -0.13001
7525 46.8433 230.286 44.8987 234.883 3.78222 1 -0.01393
7535 46.844 230.286 47.1295 229.349 3.93081 1 -1.18867
7541 46.844 230.286 46.992 232.984 3.78413 1 -0.05141
7543 46.844 230.286 47.1643 232.078 3.724 1 0.20973
7549 46.844 230.286 47.3178 234.465 3.74033 1 0.8546
7553 46.844 230.286 47.8728 231.803 3.61835 1 0.9954
7556 46.844 230.286 48.2047 229.995 3.73184 1 -0.28036
7560 46.844 230.286 48.151 232.913 3.71198 1 0.01362
7562 46.844 230.286 48.4811 232.171 3.67952 1 0.2479
7567 46.844 230.286 49.1504 233.278 3.61167 1 2.12437
7570 46.844 230.286 47.8884 233.895 3.74777 1 -0.11721
7572 46.844 230.286 45.5584 234.808 3.7349 1 1.29391
7576 46.844 230.286 45.5287 235.074 3.79709 1 -0.46192
7691 47.1295 229.349 46.992 232.984 3.80974 1 -1.03775
7693 47.1295 229.349 47.1643 232.078 3.72872 1 -0.0049
7695 47.1295 229.349 47.3358 231.189 3.71026 1 -0.06024
7699 47.1295 229.349 47.3178 234.465 3.78849 1 -0.93237
7703 47.1295 229.349 47.8728 231.803 3.68565 1 0.22216
7710 47.1295 229.349 48.151 232.913 3.72525 1 -0.48626
7712 47.1295 229.349 48.4811 232.171 3.69408 1 0.03885
7713 47.1295 229.349 48.627 231.261 3.66979 1 0.64989
7717 47.1295 229.349 49.1504 233.278 3.65904 1 1.13092
7720 47.1295 229.349 47.8884 233.895 3.71525 1 0.13363
7724 47.1295 229.349 46.1735 235.065 3.78304 1 -0.1076
7726 47.1295 229.349 45.5287 235.074 3.77963 1 -0.32648
7744 46.6402 234.701 47.5305 230.292 3.76294 1 0.43514
7750 46.6402 234.701 47.8725 231.803 3.78614 1 -0.13635
7752 46.6402 234.701 48.2065 229.997 3.75935 1 0.0062
7764 46.6402 234.701 49.1504 233.278 3.60291 1 3.31086
7767 46.6402 234.701 47.8883 233.896 3.77718 1 0.02831
7775 46.6402 234.701 44.8987 234.883 3.73116 1 -0.03666
7792 46.6411 234.701 47.5315 230.292 3.75708 1 0.5792
7798 46.6411 234.701 47.8728 231.803 3.80495 1 -0.47552
7805 46.6411 234.701 48.151 232.913 3.59532 1 2.71488
7843 46.797 233.836 47.8725 231.803 3.77096 1 0.05269
7845 46.797 233.836 48.2065 229.997 3.75958 1 -0.11379
7852 46.797 233.836 48.481 232.171 3.77279 1 -0.41854
7857 46.797 233.836 49.1504 233.278 3.67038 1 1.42416
7924 46.992 232.984 47.3358 231.188 3.82513 1 -0.27623
7932 46.992 232.984 47.8725 231.803 3.89341 1 -1.10527
7934 46.992 232.984 48.2065 229.997 3.7788 1 -0.60297
7939 46.992 232.984 48.15 232.916 3.89709 1 -1.20843
7941 46.992 232.984 48.481 232.171 3.7744 1 -0.37171
7957 46.992 232.984 44.8987 234.883 3.75037 1 0.29417
7968 46.992 232.984 47.3358 231.189 3.85721 1 -0.58331
7970 46.992 232.984 47.5315 230.292 3.76256 1 -0.02999
7972 46.992 232.984 47.3178 234.465 3.76754 1 0.21572
7976 46.992 232.984 47.8728 231.803 3.88317 1 -1.01594
7979 46.992 232.984 48.2047 229.995 3.75542 1 -0.16996
7986 46.992 232.984 48.627 231.261 3.75931 1 -0.3754
7993 46.992 232.984 47.8884 233.895 3.76664 1 0.06184
7997 46.992 232.984 46.1735 235.065 3.75045 1 0.55722
7999 46.992 232.984 45.5287 235.074 3.74934 1 0.4471
8019 47.1642 232.078 48.2065 229.997 3.79094 1 -0.88702
8026 47.1642 232.078 48.481 232.171 3.8554 1 -1.29437
8031 47.1642 232.078 49.1504 233.278 3.64259 1 1.34321
8042 47.1642 232.078 44.8987 234.883 3.78068 1 0.16067
8053 47.1643 232.078 47.5315 230.292 3.75204 1 -0.23802
8062 47.1643 232.078 48.2047 229.995 3.76573 1 -0.54304
8066 47.1643 232.078 48.151 232.913 3.84011 1 -0.83828
8068 47.1643 232.078 48.4811 232.171 3.86643 1 -1.40303
8069 47.1643 232.078 48.627 231.261 3.72863 1 -0.08494
8073 47.1643 232.078 49.1504 233.278 3.62622 1 1.6384
8080 47.1643 232.078 46.1735 235.065 3.73763 1 1.25676
8082 47.1643 232.078 45.5287 235.074 3.78263 1 0.14601
8094 47.3358 231.188 47.3188 234.466 3.80655 1 -0.57092
8100 47.3358 231.188 48.2065 229.997 3.69056 1 0.17416
8112 47.3358 231.188 49.1504 233.278 3.66023 1 0.87555
8134 47.3358 231.189 47.3178 234.465 3.80052 1 -0.4658
8141 47.3358 231.189 48.2047 229.995 3.68222 1 0.25489
8145 47.3358 231.189 48.151 232.913 3.74635 1 -0.28373
8148 47.3358 231.189 48.627 231.261 3.71718 1 -0.17644
8152 47.3358 231.189 49.1504 233.278 3.64452 1 1.17544
8157 47.3358 231.189 45.5584 234.808 3.55912 1 5.70871
8159 47.3358 231.189 46.1735 235.065 3.77824 1 0.50183
8161 47.3358 231.189 45.5287 235.074 3.7685 1 0.37935
8171 47.5305 230.292 47.3188 234.466 3.74137 1 0.1619
8173 47.5305 230.292 47.5096 233.585 3.75547 1 -0.37461
8182 47.5305 230.292 48.15 232.916 3.72602 1 -0.37944
8189 47.5305 230.292 49.1504 233.278 3.59376 1 2.17624
8192 47.5305 230.292 47.8883 233.896 3.72923 1 -0.24562
8200 47.5305 230.292 44.8987 234.883 3.77143 1 0.19627
8209 47.5315 230.292 47.3178 234.465 3.76513 1 -0.37014
8220 47.5315 230.292 48.151 232.913 3.71435 1 -0.20425
8222 47.5315 230.292 48.4811 232.171 3.67545 1 0.19894
8223 47.5315 230.292 48.627 231.261 3.63089 1 0.73562
8227 47.5315 230.292 49.1504 233.278 3.62602 1 1.46906
8230 47.5315 230.292 47.8884 233.895 3.72159 1 -0.09568
8232 47.5315 230.292 45.5584 234.808 3.59929 1 5.09135
8234 47.5315 230.292 46.1735 235.065 3.76065 1 0.53786
8250 47.3188 234.466 48.2065 229.997 3.71956 1 0.26598
8284 47.3178 234.465 47.8728 231.803 3.75251 1 -0.0812
8291 47.3178 234.465 48.151 232.913 3.74104 1 -0.01167
8293 47.3178 234.465 48.4811 232.171 3.76187 1 -0.54909
8307 47.3178 234.465 45.5287 235.074 3.7085 1 0.7652
8319 47.5096 233.585 48.2065 229.997 3.7777 1 -1.12698
8342 47.5096 233.585 44.8987 234.883 3.7539 1 0.15611
8396 47.8725 231.803 49.1504 233.278 3.59882 1 1.29448
8407 47.8725 231.803 44.8987 234.883 3.74802 1 0.49398
8417 47.8728 231.803 48.2047 229.995 3.71464 1 -0.08668
8428 47.8728 231.803 49.1504 233.278 3.61835 1 1.0254
8435 47.8728 231.803 46.1735 235.065 3.79021 1 -0.29983
8437 47.8728 231.803 45.5287 235.074 3.76776 1 0.08278
8450 48.2065 229.997 48.15 232.916 3.71757 1 -0.25808
8468 48.2065 229.997 44.8987 234.883 3.77122 1 -0.1393
8508 48.2047 229.995 48.151 232.913 3.72024 1 -0.29975
8515 48.2047 229.995 49.1504 233.278 3.64996 1 1.28225
8518 48.2047 229.995 47.8884 233.895 3.73504 1 -0.58351
8522 48.2047 229.995 46.1735 235.065 3.73104 1 1.06494
8524 48.2047 229.995 45.5287 235.074 3.75708 1 0.18184
8603 48.15 232.916 44.8987 234.883 3.75425 1 -0.31774
8626 48.151 232.913 45.5287 235.074 3.69384 1 1.43525
8650 48.481 232.171 44.8987 234.883 3.74705 1 -0.05275
8662 48.4811 232.171 49.1504 233.278 3.51117 1 1.58021
8671 48.4811 232.171 45.5287 235.074 3.67421 1 2.13535
8798 47.8883 233.896 44.8987 234.883 3.7734 1 -0.5565
8811 47.8884 233.895 45.5287 235.074 3.74225 1 0.39806
